Log file open, 01/27/19 11:14:46
LogWindows: Failed to load 'aqProf.dll' (GetLastError=126)
LogWindows: File 'aqProf.dll' does not exist
LogWindows: Failed to load 'VtuneApi.dll' (GetLastError=126)
LogWindows: File 'VtuneApi.dll' does not exist
LogWindows: Failed to load 'VtuneApi32e.dll' (GetLastError=126)
LogWindows: File 'VtuneApi32e.dll' does not exist
LogConsoleResponse: Display: Failed to find resolution value strings in scalability ini. Falling back to default.
LogInit: Display: Running engine for game: PathSearch
LogPakFile: Registered encryption key '00000000000000000000000000000000': 0 pak files mounted, 0 remain pending
LogPlatformFile: Not using cached read wrapper
LogTaskGraph: Started task graph with 5 named threads and 23 total threads with 3 sets of task threads.
LogStats: Stats thread started at 0.513355
LogD3D11RHI: Loaded GFSDK_Aftermath_Lib.x64.dll
LogICUInternationalization: ICU TimeZone Detection - Raw Offset: -6:00, Platform Override: ''
LogPluginManager: Mounting plugin Paper2D
LogPluginManager: Mounting plugin AISupport
LogPluginManager: Mounting plugin LightPropagationVolume
LogPluginManager: Mounting plugin ActorLayerUtilities
LogPluginManager: Mounting plugin CLionSourceCodeAccess
LogPluginManager: Mounting plugin CodeLiteSourceCodeAccess
LogPluginManager: Mounting plugin GitSourceControl
LogPluginManager: Mounting plugin KDevelopSourceCodeAccess
LogPluginManager: Mounting plugin NullSourceCodeAccess
LogPluginManager: Mounting plugin PerforceSourceControl
LogPluginManager: Mounting plugin SubversionSourceControl
LogPluginManager: Mounting plugin UObjectPlugin
LogPluginManager: Mounting plugin VisualStudioCodeSourceCodeAccess
LogPluginManager: Mounting plugin VisualStudioSourceCodeAccess
LogPluginManager: Mounting plugin XCodeSourceCodeAccess
LogPluginManager: Mounting plugin AssetManagerEditor
LogPluginManager: Mounting plugin CryptoKeys
LogPluginManager: Mounting plugin DataValidation
LogPluginManager: Mounting plugin FacialAnimation
LogPluginManager: Mounting plugin GameplayTagsEditor
LogPluginManager: Mounting plugin MacGraphicsSwitching
LogPluginManager: Mounting plugin MeshEditor
LogPluginManager: Mounting plugin MobileLauncherProfileWizard
LogPluginManager: Mounting plugin PluginBrowser
LogPluginManager: Mounting plugin SpeedTreeImporter
LogPluginManager: Mounting plugin DatasmithContent
LogPluginManager: Mounting plugin VariantManagerContent
LogPluginManager: Mounting plugin AlembicImporter
LogPluginManager: Mounting plugin AppleImageUtils
LogPluginManager: Mounting plugin AppleVision
LogPluginManager: Mounting plugin BackChannel
LogPluginManager: Mounting plugin CharacterAI
LogPluginManager: Mounting plugin GeometryCache
LogPluginManager: Mounting plugin HTML5Networking
LogPluginManager: Mounting plugin ProxyLODPlugin
LogPluginManager: Mounting plugin MagicLeap
LogPluginManager: Mounting plugin MagicLeapMedia
LogPluginManager: Mounting plugin AndroidMedia
LogPluginManager: Mounting plugin AvfMedia
LogPluginManager: Mounting plugin ImgMedia
LogPluginManager: Mounting plugin LinearTimecode
LogPluginManager: Mounting plugin MediaCompositing
LogPluginManager: Mounting plugin MediaPlayerEditor
LogPluginManager: Mounting plugin WebMMedia
LogPluginManager: Mounting plugin WmfMedia
LogPluginManager: Mounting plugin TcpMessaging
LogPluginManager: Mounting plugin UdpMessaging
LogPluginManager: Mounting plugin ActorSequence
LogPluginManager: Mounting plugin LevelSequenceEditor
LogPluginManager: Mounting plugin MatineeToLevelSequence
LogPluginManager: Mounting plugin NetcodeUnitTest
LogPluginManager: Mounting plugin NUTUnrealEngine4
LogPluginManager: Mounting plugin OnlineSubsystemGooglePlay
LogPluginManager: Mounting plugin OnlineSubsystemIOS
LogPluginManager: Mounting plugin OnlineSubsystem
LogPluginManager: Mounting plugin OnlineSubsystemNull
LogPluginManager: Mounting plugin OnlineSubsystemUtils
LogPluginManager: Mounting plugin LauncherChunkInstaller
LogPluginManager: Mounting plugin AndroidDeviceProfileSelector
LogPluginManager: Mounting plugin AndroidMoviePlayer
LogPluginManager: Mounting plugin AndroidPermission
LogPluginManager: Mounting plugin AppleMoviePlayer
LogPluginManager: Mounting plugin ArchVisCharacter
LogPluginManager: Mounting plugin AudioCapture
LogPluginManager: Mounting plugin CableComponent
LogPluginManager: Mounting plugin CustomMeshComponent
LogPluginManager: Mounting plugin EditableMesh
LogPluginManager: Mounting plugin ExampleDeviceProfileSelector
LogPluginManager: Mounting plugin Firebase
LogPluginManager: Mounting plugin GoogleCloudMessaging
LogPluginManager: Mounting plugin IOSDeviceProfileSelector
LogPluginManager: Mounting plugin LinuxDeviceProfileSelector
LogPluginManager: Mounting plugin LocationServicesBPLibrary
LogPluginManager: Mounting plugin MobilePatchingUtils
LogPluginManager: Mounting plugin OculusVR
LogPluginManager: Mounting plugin PhysXVehicles
LogPluginManager: Mounting plugin ProceduralMeshComponent
LogPluginManager: Mounting plugin RuntimePhysXCooking
LogPluginManager: Mounting plugin SteamVR
LogPluginManager: Mounting plugin WebMMoviePlayer
LogPluginManager: Mounting plugin WindowsMoviePlayer
LogStreaming: Display: Took  0.193s to configure plugins.
LogInit: Using libcurl 7.55.1-DEV
LogInit:  - built for x86_64-pc-win32
LogInit:  - supports SSL with OpenSSL/1.0.2h
LogInit:  - supports HTTP deflate (compression) using libz 1.2.8
LogInit:  - other features:
LogInit:      CURL_VERSION_SSL
LogInit:      CURL_VERSION_LIBZ
LogInit:      CURL_VERSION_IPV6
LogInit:      CURL_VERSION_ASYNCHDNS
LogInit:      CURL_VERSION_LARGEFILE
LogInit:      CURL_VERSION_IDN
LogInit:  CurlRequestOptions (configurable via config and command line):
LogInit:  - bVerifyPeer = true  - Libcurl will verify peer certificate
LogInit:  - bUseHttpProxy = false  - Libcurl will NOT use HTTP proxy
LogInit:  - bDontReuseConnections = false  - Libcurl will reuse connections
LogInit:  - MaxHostConnections = 16  - Libcurl will limit the number of connections to a host
LogInit:  - LocalHostAddr = Default
LogInit:  - BufferSize = 65536
LogInit: WinSock: version 1.1 (2.2), MaxSocks=32767, MaxUdp=65467
LogInit: Build: ++UE4+Release-4.21-CL-4753647
LogInit: Engine Version: 4.21.2-4753647+++UE4+Release-4.21
LogInit: Compatible Engine Version: 4.21.0-4541578+++UE4+Release-4.21
LogInit: Net CL: 4541578
LogInit: OS: Windows 10 (), CPU: Intel(R) Core(TM) i7-6700HQ CPU @ 2.60GHz, GPU: Intel(R) HD Graphics 530
LogInit: Compiled (64-bit): Jan 19 2019 02:07:31
LogInit: Compiled with Visual C++: 19.13.26129.00
LogInit: Build Configuration: Development
LogInit: Branch Name: ++UE4+Release-4.21
LogInit: Command Line:  -skipcompile
LogInit: Base Directory: C:/Program Files/Epic Games/UE_4.21/Engine/Binaries/Win64/
LogInit: Installed Engine Build: 1
LogDevObjectVersion: Number of dev versions registered: 22
LogDevObjectVersion:   Dev-Blueprints (B0D832E4-1F89-4F0D-ACCF-7EB736FD4AA2): 10
LogDevObjectVersion:   Dev-Build (E1C64328-A22C-4D53-A36C-8E866417BD8C): 0
LogDevObjectVersion:   Dev-Core (375EC13C-06E4-48FB-B500-84F0262A717E): 2
LogDevObjectVersion:   Dev-Editor (E4B068ED-F494-42E9-A231-DA0B2E46BB41): 26
LogDevObjectVersion:   Dev-Framework (CFFC743F-43B0-4480-9391-14DF171D2073): 34
LogDevObjectVersion:   Dev-Mobile (B02B49B5-BB20-44E9-A304-32B752E40360): 2
LogDevObjectVersion:   Dev-Networking (A4E4105C-59A1-49B5-A7C5-40C4547EDFEE): 0
LogDevObjectVersion:   Dev-Online (39C831C9-5AE6-47DC-9A44-9C173E1C8E7C): 0
LogDevObjectVersion:   Dev-Physics (78F01B33-EBEA-4F98-B9B4-84EACCB95AA2): 0
LogDevObjectVersion:   Dev-Platform (6631380F-2D4D-43E0-8009-CF276956A95A): 0
LogDevObjectVersion:   Dev-Rendering (12F88B9F-8875-4AFC-A67C-D90C383ABD29): 27
LogDevObjectVersion:   Dev-Sequencer (7B5AE74C-D270-4C10-A958-57980B212A5A): 9
LogDevObjectVersion:   Dev-VR (D7296918-1DD6-4BDD-9DE2-64A83CC13884): 2
LogDevObjectVersion:   Dev-LoadTimes (C2A15278-BFE7-4AFE-6C17-90FF531DF755): 1
LogDevObjectVersion:   Private-Geometry (6EACA3D4-40EC-4CC1-B786-8BED09428FC5): 3
LogDevObjectVersion:   Dev-AnimPhys (29E575DD-E0A3-4627-9D10-D276232CDCEA): 17
LogDevObjectVersion:   Dev-Anim (AF43A65D-7FD3-4947-9873-3E8ED9C1BB05): 2
LogDevObjectVersion:   Dev-ReflectionCapture (6B266CEC-1EC7-4B8F-A30B-E4D90942FC07): 1
LogDevObjectVersion:   Dev-Automation (0DF73D61-A23F-47EA-B727-89E90C41499A): 1
LogDevObjectVersion:   FortniteMain (601D1886-AC64-4F84-AA16-D3DE0DEAC7D6): 17
LogDevObjectVersion:   Dev-Enterprise (9DFFBCD6-494F-0158-E221-12823C92A888): 4
LogDevObjectVersion:   Dev-Niagara (F2AED0AC-9AFE-416F-8664-AA7FFA26D6FC): 1
LogStreaming: Display: Took  0.009s to delete old logs.
LogInit: Presizing for max 8388607 objects, including 0 objects not considered by GC, pre-allocating 0 bytes for permanent pool.
LogInit: Object subsystem initialized
LogConfig: Setting CVar [[con.DebugEarlyDefault:1]]
LogConfig: Setting CVar [[r.setres:1280x720]]
[2019.01.27-17.14.47:553][  0]LogConfig: Setting CVar [[r.VSync:0]]
[2019.01.27-17.14.47:553][  0]LogConfig: Setting CVar [[r.RHICmdBypass:0]]
[2019.01.27-17.14.47:553][  0]LogConfig: Applying CVar settings from Section [/Script/Engine.RendererSettings] File [C:/Users/Juan Pablo/Documents/Unreal Projects/AI/PathSearch/Saved/Config/Windows/Engine.ini]
[2019.01.27-17.14.47:553][  0]LogConfig: Setting CVar [[r.GPUCrashDebugging:0]]
[2019.01.27-17.14.47:553][  0]LogConfig: Applying CVar settings from Section [/Script/Engine.RendererOverrideSettings] File [C:/Users/Juan Pablo/Documents/Unreal Projects/AI/PathSearch/Saved/Config/Windows/Engine.ini]
[2019.01.27-17.14.47:553][  0]LogConfig: Applying CVar settings from Section [/Script/Engine.StreamingSettings] File [C:/Users/Juan Pablo/Documents/Unreal Projects/AI/PathSearch/Saved/Config/Windows/Engine.ini]
[2019.01.27-17.14.47:553][  0]LogConfig: Setting CVar [[s.MinBulkDataSizeForAsyncLoading:131072]]
[2019.01.27-17.14.47:554][  0]LogConfig: Setting CVar [[s.AsyncLoadingThreadEnabled:0]]
[2019.01.27-17.14.47:554][  0]LogConfig: Setting CVar [[s.EventDrivenLoaderEnabled:1]]
[2019.01.27-17.14.47:554][  0]LogConfig: Setting CVar [[s.WarnIfTimeLimitExceeded:0]]
[2019.01.27-17.14.47:554][  0]LogConfig: Setting CVar [[s.TimeLimitExceededMultiplier:1.5]]
[2019.01.27-17.14.47:554][  0]LogConfig: Setting CVar [[s.TimeLimitExceededMinTime:0.005]]
[2019.01.27-17.14.47:554][  0]LogConfig: Setting CVar [[s.UseBackgroundLevelStreaming:1]]
[2019.01.27-17.14.47:554][  0]LogConfig: Setting CVar [[s.PriorityAsyncLoadingExtraTime:15.0]]
[2019.01.27-17.14.47:554][  0]LogConfig: Setting CVar [[s.LevelStreamingActorsUpdateTimeLimit:5.0]]
[2019.01.27-17.14.47:555][  0]LogConfig: Setting CVar [[s.PriorityLevelStreamingActorsUpdateExtraTime:5.0]]
[2019.01.27-17.14.47:555][  0]LogConfig: Setting CVar [[s.LevelStreamingComponentsRegistrationGranularity:10]]
[2019.01.27-17.14.47:555][  0]LogConfig: Setting CVar [[s.UnregisterComponentsTimeLimit:1.0]]
[2019.01.27-17.14.47:555][  0]LogConfig: Setting CVar [[s.LevelStreamingComponentsUnregistrationGranularity:5]]
[2019.01.27-17.14.47:555][  0]LogConfig: Applying CVar settings from Section [/Script/Engine.GarbageCollectionSettings] File [C:/Users/Juan Pablo/Documents/Unreal Projects/AI/PathSearch/Saved/Config/Windows/Engine.ini]
[2019.01.27-17.14.47:555][  0]LogConfig: Setting CVar [[gc.MaxObjectsNotConsideredByGC:1]]
[2019.01.27-17.14.47:555][  0]LogConfig: Setting CVar [[gc.SizeOfPermanentObjectPool:0]]
[2019.01.27-17.14.47:555][  0]LogConfig: Setting CVar [[gc.FlushStreamingOnGC:0]]
[2019.01.27-17.14.47:556][  0]LogConfig: Setting CVar [[gc.NumRetriesBeforeForcingGC:10]]
[2019.01.27-17.14.47:556][  0]LogConfig: Setting CVar [[gc.AllowParallelGC:1]]
[2019.01.27-17.14.47:556][  0]LogConfig: Setting CVar [[gc.TimeBetweenPurgingPendingKillObjects:61.1]]
[2019.01.27-17.14.47:556][  0]LogConfig: Setting CVar [[gc.MaxObjectsInEditor:8388607]]
[2019.01.27-17.14.47:556][  0]LogConfig: Setting CVar [[gc.IncrementalBeginDestroyEnabled:1]]
[2019.01.27-17.14.47:556][  0]LogConfig: Setting CVar [[gc.CreateGCClusters:1]]
[2019.01.27-17.14.47:556][  0]LogConfig: Setting CVar [[gc.MergeGCClusters:0]]
[2019.01.27-17.14.47:556][  0]LogConfig: Setting CVar [[gc.MinGCClusterSize:5]]
[2019.01.27-17.14.47:556][  0]LogConfig: Setting CVar [[gc.ActorClusteringEnabled:0]]
[2019.01.27-17.14.47:556][  0]LogConfig: Setting CVar [[gc.BlueprintClusteringEnabled:0]]
[2019.01.27-17.14.47:557][  0]LogConfig: Setting CVar [[gc.UseDisregardForGCOnDedicatedServers:0]]
[2019.01.27-17.14.47:557][  0]LogConfig: Applying CVar settings from Section [/Script/Engine.NetworkSettings] File [C:/Users/Juan Pablo/Documents/Unreal Projects/AI/PathSearch/Saved/Config/Windows/Engine.ini]
[2019.01.27-17.14.47:557][  0]LogConfig: Applying CVar settings from Section [/Script/UnrealEd.CookerSettings] File [C:/Users/Juan Pablo/Documents/Unreal Projects/AI/PathSearch/Saved/Config/Windows/Engine.ini]
[2019.01.27-17.14.47:575][  0]LogConfig: Applying CVar settings from Section [ViewDistanceQuality@3] File [C:/Users/Juan Pablo/Documents/Unreal Projects/AI/PathSearch/Saved/Config/Windows/Scalability.ini]
[2019.01.27-17.14.47:575][  0]LogConfig: Setting CVar [[r.SkeletalMeshLODBias:0]]
[2019.01.27-17.14.47:575][  0]LogConfig: Setting CVar [[r.ViewDistanceScale:1.0]]
[2019.01.27-17.14.47:576][  0]LogConfig: Applying CVar settings from Section [AntiAliasingQuality@3] File [C:/Users/Juan Pablo/Documents/Unreal Projects/AI/PathSearch/Saved/Config/Windows/Scalability.ini]
[2019.01.27-17.14.47:576][  0]LogConfig: Setting CVar [[r.PostProcessAAQuality:4]]
[2019.01.27-17.14.47:576][  0]LogConfig: Applying CVar settings from Section [ShadowQuality@3] File [C:/Users/Juan Pablo/Documents/Unreal Projects/AI/PathSearch/Saved/Config/Windows/Scalability.ini]
[2019.01.27-17.14.47:576][  0]LogConfig: Setting CVar [[r.LightFunctionQuality:1]]
[2019.01.27-17.14.47:576][  0]LogConfig: Setting CVar [[r.ShadowQuality:5]]
[2019.01.27-17.14.47:576][  0]LogConfig: Setting CVar [[r.Shadow.CSM.MaxCascades:10]]
[2019.01.27-17.14.47:576][  0]LogConfig: Setting CVar [[r.Shadow.MaxResolution:2048]]
[2019.01.27-17.14.47:577][  0]LogConfig: Setting CVar [[r.Shadow.MaxCSMResolution:2048]]
[2019.01.27-17.14.47:577][  0]LogConfig: Setting CVar [[r.Shadow.RadiusThreshold:0.01]]
[2019.01.27-17.14.47:577][  0]LogConfig: Setting CVar [[r.Shadow.DistanceScale:1.0]]
[2019.01.27-17.14.47:577][  0]LogConfig: Setting CVar [[r.Shadow.CSM.TransitionScale:1.0]]
[2019.01.27-17.14.47:577][  0]LogConfig: Setting CVar [[r.Shadow.PreShadowResolutionFactor:1.0]]
[2019.01.27-17.14.47:577][  0]LogConfig: Setting CVar [[r.DistanceFieldShadowing:1]]
[2019.01.27-17.14.47:577][  0]LogConfig: Setting CVar [[r.DistanceFieldAO:1]]
[2019.01.27-17.14.47:577][  0]LogConfig: Setting CVar [[r.AOQuality:2]]
[2019.01.27-17.14.47:577][  0]LogConfig: Setting CVar [[r.VolumetricFog:1]]
[2019.01.27-17.14.47:577][  0]LogConfig: Setting CVar [[r.VolumetricFog.GridPixelSize:8]]
[2019.01.27-17.14.47:578][  0]LogConfig: Setting CVar [[r.VolumetricFog.GridSizeZ:128]]
[2019.01.27-17.14.47:578][  0]LogConfig: Setting CVar [[r.VolumetricFog.HistoryMissSupersampleCount:4]]
[2019.01.27-17.14.47:578][  0]LogConfig: Setting CVar [[r.LightMaxDrawDistanceScale:1]]
[2019.01.27-17.14.47:578][  0]LogConfig: Setting CVar [[r.CapsuleShadows:1]]
[2019.01.27-17.14.47:578][  0]LogConfig: Applying CVar settings from Section [PostProcessQuality@3] File [C:/Users/Juan Pablo/Documents/Unreal Projects/AI/PathSearch/Saved/Config/Windows/Scalability.ini]
[2019.01.27-17.14.47:578][  0]LogConfig: Setting CVar [[r.MotionBlurQuality:4]]
[2019.01.27-17.14.47:578][  0]LogConfig: Setting CVar [[r.AmbientOcclusionMipLevelFactor:0.4]]
[2019.01.27-17.14.47:578][  0]LogConfig: Setting CVar [[r.AmbientOcclusionMaxQuality:100]]
[2019.01.27-17.14.47:578][  0]LogConfig: Setting CVar [[r.AmbientOcclusionLevels:-1]]
[2019.01.27-17.14.47:578][  0]LogConfig: Setting CVar [[r.AmbientOcclusionRadiusScale:1.0]]
[2019.01.27-17.14.47:578][  0]LogConfig: Setting CVar [[r.DepthOfFieldQuality:2]]
[2019.01.27-17.14.47:578][  0]LogConfig: Setting CVar [[r.RenderTargetPoolMin:400]]
[2019.01.27-17.14.47:578][  0]LogConfig: Setting CVar [[r.LensFlareQuality:2]]
[2019.01.27-17.14.47:578][  0]LogConfig: Setting CVar [[r.SceneColorFringeQuality:1]]
[2019.01.27-17.14.47:578][  0]LogConfig: Setting CVar [[r.EyeAdaptationQuality:2]]
[2019.01.27-17.14.47:578][  0]LogConfig: Setting CVar [[r.BloomQuality:5]]
[2019.01.27-17.14.47:578][  0]LogConfig: Setting CVar [[r.FastBlurThreshold:100]]
[2019.01.27-17.14.47:578][  0]LogConfig: Setting CVar [[r.Upscale.Quality:3]]
[2019.01.27-17.14.47:578][  0]LogConfig: Setting CVar [[r.Tonemapper.GrainQuantization:1]]
[2019.01.27-17.14.47:578][  0]LogConfig: Setting CVar [[r.LightShaftQuality:1]]
[2019.01.27-17.14.47:578][  0]LogConfig: Setting CVar [[r.Filter.SizeScale:1]]
[2019.01.27-17.14.47:579][  0]LogConfig: Setting CVar [[r.Tonemapper.Quality:5]]
[2019.01.27-17.14.47:579][  0]LogConfig: Setting CVar [[r.DOF.Gather.AccumulatorQuality:1        ; higher gathering accumulator quality]]
[2019.01.27-17.14.47:579][  0]LogConfig: Setting CVar [[r.DOF.Gather.PostfilterMethod:1          ; Median3x3 postfilering method]]
[2019.01.27-17.14.47:579][  0]LogConfig: Setting CVar [[r.DOF.Gather.EnableBokehSettings:0       ; no bokeh simulation when gathering]]
[2019.01.27-17.14.47:579][  0]LogConfig: Setting CVar [[r.DOF.Gather.RingCount:4                 ; medium number of samples when gathering]]
[2019.01.27-17.14.47:579][  0]LogConfig: Setting CVar [[r.DOF.Scatter.ForegroundCompositing:1    ; additive foreground scattering]]
[2019.01.27-17.14.47:579][  0]LogConfig: Setting CVar [[r.DOF.Scatter.BackgroundCompositing:2    ; additive background scattering]]
[2019.01.27-17.14.47:579][  0]LogConfig: Setting CVar [[r.DOF.Scatter.EnableBokehSettings:1      ; bokeh simulation when scattering]]
[2019.01.27-17.14.47:579][  0]LogConfig: Setting CVar [[r.DOF.Scatter.MaxSpriteRatio:0.1         ; only a maximum of 10% of scattered bokeh]]
[2019.01.27-17.14.47:579][  0]LogConfig: Setting CVar [[r.DOF.Recombine.Quality:1                ; cheap slight out of focus]]
[2019.01.27-17.14.47:579][  0]LogConfig: Setting CVar [[r.DOF.Recombine.EnableBokehSettings:0    ; no bokeh simulation on slight out of focus]]
[2019.01.27-17.14.47:580][  0]LogConfig: Setting CVar [[r.DOF.TemporalAAQuality:1                ; more stable temporal accumulation]]
[2019.01.27-17.14.47:580][  0]LogConfig: Setting CVar [[r.DOF.Kernel.MaxForegroundRadius:0.025]]
[2019.01.27-17.14.47:580][  0]LogConfig: Setting CVar [[r.DOF.Kernel.MaxBackgroundRadius:0.025]]
[2019.01.27-17.14.47:580][  0]LogConfig: Applying CVar settings from Section [TextureQuality@3] File [C:/Users/Juan Pablo/Documents/Unreal Projects/AI/PathSearch/Saved/Config/Windows/Scalability.ini]
[2019.01.27-17.14.47:580][  0]LogConfig: Setting CVar [[r.Streaming.MipBias:0]]
[2019.01.27-17.14.47:580][  0]LogConfig: Setting CVar [[r.Streaming.AmortizeCPUToGPUCopy:0]]
[2019.01.27-17.14.47:580][  0]LogConfig: Setting CVar [[r.Streaming.MaxNumTexturesToStreamPerFrame:0]]
[2019.01.27-17.14.47:580][  0]LogConfig: Setting CVar [[r.Streaming.Boost:1]]
[2019.01.27-17.14.47:580][  0]LogConfig: Setting CVar [[r.MaxAnisotropy:8]]
[2019.01.27-17.14.47:580][  0]LogConfig: Setting CVar [[r.Streaming.LimitPoolSizeToVRAM:0]]
[2019.01.27-17.14.47:580][  0]LogConfig: Setting CVar [[r.Streaming.PoolSize:1000]]
[2019.01.27-17.14.47:581][  0]LogConfig: Setting CVar [[r.Streaming.MaxEffectiveScreenSize:0]]
[2019.01.27-17.14.47:581][  0]LogConfig: Applying CVar settings from Section [EffectsQuality@3] File [C:/Users/Juan Pablo/Documents/Unreal Projects/AI/PathSearch/Saved/Config/Windows/Scalability.ini]
[2019.01.27-17.14.47:581][  0]LogConfig: Setting CVar [[r.TranslucencyLightingVolumeDim:64]]
[2019.01.27-17.14.47:581][  0]LogConfig: Setting CVar [[r.RefractionQuality:2]]
[2019.01.27-17.14.47:581][  0]LogConfig: Setting CVar [[r.SSR.Quality:3]]
[2019.01.27-17.14.47:581][  0]LogConfig: Setting CVar [[r.SceneColorFormat:4]]
[2019.01.27-17.14.47:581][  0]LogConfig: Setting CVar [[r.DetailMode:2]]
[2019.01.27-17.14.47:581][  0]LogConfig: Setting CVar [[r.TranslucencyVolumeBlur:1]]
[2019.01.27-17.14.47:581][  0]LogConfig: Setting CVar [[r.MaterialQualityLevel:1 ; High quality]]
[2019.01.27-17.14.47:581][  0]LogConfig: Setting CVar [[r.SSS.Scale:1]]
[2019.01.27-17.14.47:581][  0]LogConfig: Setting CVar [[r.SSS.SampleSet:2]]
[2019.01.27-17.14.47:581][  0]LogConfig: Setting CVar [[r.SSS.Quality:1]]
[2019.01.27-17.14.47:582][  0]LogConfig: Setting CVar [[r.SSS.HalfRes:1]]
[2019.01.27-17.14.47:582][  0]LogConfig: Setting CVar [[r.EmitterSpawnRateScale:1.0]]
[2019.01.27-17.14.47:582][  0]LogConfig: Setting CVar [[r.ParticleLightQuality:2]]
[2019.01.27-17.14.47:582][  0]LogConfig: Applying CVar settings from Section [FoliageQuality@3] File [C:/Users/Juan Pablo/Documents/Unreal Projects/AI/PathSearch/Saved/Config/Windows/Scalability.ini]
[2019.01.27-17.14.47:582][  0]LogConfig: Setting CVar [[foliage.DensityScale:1.0]]
[2019.01.27-17.14.47:582][  0]LogConfig: Setting CVar [[grass.DensityScale:1.0]]
[2019.01.27-17.14.47:582][  0]LogInit: Selected Device Profile: [Windows]
[2019.01.27-17.14.47:582][  0]LogInit: Applying CVar settings loaded from the selected device profile: [Windows]
[2019.01.27-17.14.47:597][  0]LogHAL: Display: Platform has ~ 12 GB [12744183808 / 17179869184 / 12], which maps to Larger [LargestMinGB=32, LargerMinGB=12, DefaultMinGB=8, SmallerMinGB=6, SmallestMinGB=0)
[2019.01.27-17.14.47:597][  0]LogConfig: Setting CVar [[r.Vulkan.UseRealUBs:1]]
[2019.01.27-17.14.47:598][  0]LogInit: Going up to parent DeviceProfile []
[2019.01.27-17.14.47:598][  0]LogConfig: Applying CVar settings from Section [ViewDistanceQuality@2] File [C:/Users/Juan Pablo/Documents/Unreal Projects/AI/PathSearch/Saved/Config/Windows/Scalability.ini]
[2019.01.27-17.14.47:598][  0]LogConfig: Setting CVar [[r.SkeletalMeshLODBias:0]]
[2019.01.27-17.14.47:598][  0]LogConfig: Setting CVar [[r.ViewDistanceScale:0.8]]
[2019.01.27-17.14.47:598][  0]LogConfig: Applying CVar settings from Section [AntiAliasingQuality@2] File [C:/Users/Juan Pablo/Documents/Unreal Projects/AI/PathSearch/Saved/Config/Windows/Scalability.ini]
[2019.01.27-17.14.47:598][  0]LogConfig: Setting CVar [[r.PostProcessAAQuality:3]]
[2019.01.27-17.14.47:598][  0]LogConfig: Applying CVar settings from Section [ShadowQuality@2] File [C:/Users/Juan Pablo/Documents/Unreal Projects/AI/PathSearch/Saved/Config/Windows/Scalability.ini]
[2019.01.27-17.14.47:598][  0]LogConfig: Setting CVar [[r.LightFunctionQuality:1]]
[2019.01.27-17.14.47:599][  0]LogConfig: Setting CVar [[r.ShadowQuality:5]]
[2019.01.27-17.14.47:599][  0]LogConfig: Setting CVar [[r.Shadow.CSM.MaxCascades:4]]
[2019.01.27-17.14.47:599][  0]LogConfig: Setting CVar [[r.Shadow.MaxResolution:1024]]
[2019.01.27-17.14.47:599][  0]LogConfig: Setting CVar [[r.Shadow.MaxCSMResolution:2048]]
[2019.01.27-17.14.47:599][  0]LogConfig: Setting CVar [[r.Shadow.RadiusThreshold:0.04]]
[2019.01.27-17.14.47:599][  0]LogConfig: Setting CVar [[r.Shadow.DistanceScale:0.85]]
[2019.01.27-17.14.47:599][  0]LogConfig: Setting CVar [[r.Shadow.CSM.TransitionScale:0.8]]
[2019.01.27-17.14.47:599][  0]LogConfig: Setting CVar [[r.Shadow.PreShadowResolutionFactor:0.5]]
[2019.01.27-17.14.47:599][  0]LogConfig: Setting CVar [[r.DistanceFieldShadowing:1]]
[2019.01.27-17.14.47:600][  0]LogConfig: Setting CVar [[r.DistanceFieldAO:1]]
[2019.01.27-17.14.47:600][  0]LogConfig: Setting CVar [[r.AOQuality:1]]
[2019.01.27-17.14.47:600][  0]LogConfig: Setting CVar [[r.VolumetricFog:1]]
[2019.01.27-17.14.47:600][  0]LogConfig: Setting CVar [[r.VolumetricFog.GridPixelSize:16]]
[2019.01.27-17.14.47:600][  0]LogConfig: Setting CVar [[r.VolumetricFog.GridSizeZ:64]]
[2019.01.27-17.14.47:600][  0]LogConfig: Setting CVar [[r.VolumetricFog.HistoryMissSupersampleCount:4]]
[2019.01.27-17.14.47:600][  0]LogConfig: Setting CVar [[r.LightMaxDrawDistanceScale:1]]
[2019.01.27-17.14.47:600][  0]LogConfig: Setting CVar [[r.CapsuleShadows:1]]
[2019.01.27-17.14.47:600][  0]LogConfig: Applying CVar settings from Section [PostProcessQuality@2] File [C:/Users/Juan Pablo/Documents/Unreal Projects/AI/PathSearch/Saved/Config/Windows/Scalability.ini]
[2019.01.27-17.14.47:601][  0]LogConfig: Setting CVar [[r.MotionBlurQuality:3]]
[2019.01.27-17.14.47:601][  0]LogConfig: Setting CVar [[r.AmbientOcclusionMipLevelFactor:0.6]]
[2019.01.27-17.14.47:601][  0]LogConfig: Setting CVar [[r.AmbientOcclusionMaxQuality:100]]
[2019.01.27-17.14.47:601][  0]LogConfig: Setting CVar [[r.AmbientOcclusionLevels:-1]]
[2019.01.27-17.14.47:601][  0]LogConfig: Setting CVar [[r.AmbientOcclusionRadiusScale:1.5]]
[2019.01.27-17.14.47:601][  0]LogConfig: Setting CVar [[r.DepthOfFieldQuality:2]]
[2019.01.27-17.14.47:601][  0]LogConfig: Setting CVar [[r.RenderTargetPoolMin:400]]
[2019.01.27-17.14.47:601][  0]LogConfig: Setting CVar [[r.LensFlareQuality:2]]
[2019.01.27-17.14.47:601][  0]LogConfig: Setting CVar [[r.SceneColorFringeQuality:1]]
[2019.01.27-17.14.47:601][  0]LogConfig: Setting CVar [[r.EyeAdaptationQuality:2]]
[2019.01.27-17.14.47:602][  0]LogConfig: Setting CVar [[r.BloomQuality:5]]
[2019.01.27-17.14.47:602][  0]LogConfig: Setting CVar [[r.FastBlurThreshold:3]]
[2019.01.27-17.14.47:602][  0]LogConfig: Setting CVar [[r.Upscale.Quality:2]]
[2019.01.27-17.14.47:602][  0]LogConfig: Setting CVar [[r.Tonemapper.GrainQuantization:1]]
[2019.01.27-17.14.47:602][  0]LogConfig: Setting CVar [[r.LightShaftQuality:1]]
[2019.01.27-17.14.47:602][  0]LogConfig: Setting CVar [[r.Filter.SizeScale:0.8]]
[2019.01.27-17.14.47:602][  0]LogConfig: Setting CVar [[r.Tonemapper.Quality:5]]
[2019.01.27-17.14.47:602][  0]LogConfig: Setting CVar [[r.DOF.Gather.AccumulatorQuality:0        ; lower gathering accumulator quality]]
[2019.01.27-17.14.47:602][  0]LogConfig: Setting CVar [[r.DOF.Gather.PostfilterMethod:2          ; Max3x3 postfilering method]]
[2019.01.27-17.14.47:603][  0]LogConfig: Setting CVar [[r.DOF.Gather.EnableBokehSettings:0       ; no bokeh simulation when gathering]]
[2019.01.27-17.14.47:603][  0]LogConfig: Setting CVar [[r.DOF.Gather.RingCount:4                 ; medium number of samples when gathering]]
[2019.01.27-17.14.47:603][  0]LogConfig: Setting CVar [[r.DOF.Scatter.ForegroundCompositing:1    ; additive foreground scattering]]
[2019.01.27-17.14.47:603][  0]LogConfig: Setting CVar [[r.DOF.Scatter.BackgroundCompositing:1    ; no background occlusion]]
[2019.01.27-17.14.47:603][  0]LogConfig: Setting CVar [[r.DOF.Scatter.EnableBokehSettings:0      ; no bokeh simulation when scattering]]
[2019.01.27-17.14.47:603][  0]LogConfig: Setting CVar [[r.DOF.Scatter.MaxSpriteRatio:0.04        ; only a maximum of 4% of scattered bokeh]]
[2019.01.27-17.14.47:603][  0]LogConfig: Setting CVar [[r.DOF.Recombine.Quality:0                ; no slight out of focus]]
[2019.01.27-17.14.47:603][  0]LogConfig: Setting CVar [[r.DOF.TemporalAAQuality:0                ; faster temporal accumulation]]
[2019.01.27-17.14.47:603][  0]LogConfig: Setting CVar [[r.DOF.Kernel.MaxForegroundRadius:0.012   ; required because of AccumulatorQuality=0]]
[2019.01.27-17.14.47:603][  0]LogConfig: Setting CVar [[r.DOF.Kernel.MaxBackgroundRadius:0.012   ; required because of AccumulatorQuality=0]]
[2019.01.27-17.14.47:604][  0]LogConfig: Applying CVar settings from Section [TextureQuality@2] File [C:/Users/Juan Pablo/Documents/Unreal Projects/AI/PathSearch/Saved/Config/Windows/Scalability.ini]
[2019.01.27-17.14.47:604][  0]LogConfig: Setting CVar [[r.Streaming.MipBias:0]]
[2019.01.27-17.14.47:604][  0]LogConfig: Setting CVar [[r.Streaming.AmortizeCPUToGPUCopy:0]]
[2019.01.27-17.14.47:604][  0]LogConfig: Setting CVar [[r.Streaming.MaxNumTexturesToStreamPerFrame:0]]
[2019.01.27-17.14.47:604][  0]LogConfig: Setting CVar [[r.Streaming.Boost:1]]
[2019.01.27-17.14.47:604][  0]LogConfig: Setting CVar [[r.MaxAnisotropy:4]]
[2019.01.27-17.14.47:604][  0]LogConfig: Setting CVar [[r.Streaming.LimitPoolSizeToVRAM:1]]
[2019.01.27-17.14.47:604][  0]LogConfig: Setting CVar [[r.Streaming.PoolSize:800]]
[2019.01.27-17.14.47:604][  0]LogConfig: Setting CVar [[r.Streaming.MaxEffectiveScreenSize:0]]
[2019.01.27-17.14.47:604][  0]LogConfig: Applying CVar settings from Section [EffectsQuality@2] File [C:/Users/Juan Pablo/Documents/Unreal Projects/AI/PathSearch/Saved/Config/Windows/Scalability.ini]
[2019.01.27-17.14.47:605][  0]LogConfig: Setting CVar [[r.TranslucencyLightingVolumeDim:48]]
[2019.01.27-17.14.47:605][  0]LogConfig: Setting CVar [[r.RefractionQuality:2]]
[2019.01.27-17.14.47:605][  0]LogConfig: Setting CVar [[r.SSR.Quality:2]]
[2019.01.27-17.14.47:605][  0]LogConfig: Setting CVar [[r.SceneColorFormat:3]]
[2019.01.27-17.14.47:605][  0]LogConfig: Setting CVar [[r.DetailMode:1]]
[2019.01.27-17.14.47:605][  0]LogConfig: Setting CVar [[r.TranslucencyVolumeBlur:1]]
[2019.01.27-17.14.47:605][  0]LogConfig: Setting CVar [[r.MaterialQualityLevel:1 ; High quality]]
[2019.01.27-17.14.47:605][  0]LogConfig: Setting CVar [[r.SSS.Scale:1]]
[2019.01.27-17.14.47:605][  0]LogConfig: Setting CVar [[r.SSS.SampleSet:1]]
[2019.01.27-17.14.47:605][  0]LogConfig: Setting CVar [[r.SSS.Quality:-1]]
[2019.01.27-17.14.47:605][  0]LogConfig: Setting CVar [[r.SSS.HalfRes:1]]
[2019.01.27-17.14.47:605][  0]LogConfig: Setting CVar [[r.EmitterSpawnRateScale:0.5]]
[2019.01.27-17.14.47:605][  0]LogConfig: Setting CVar [[r.ParticleLightQuality:1]]
[2019.01.27-17.14.47:606][  0]LogConfig: Applying CVar settings from Section [FoliageQuality@2] File [C:/Users/Juan Pablo/Documents/Unreal Projects/AI/PathSearch/Saved/Config/Windows/Scalability.ini]
[2019.01.27-17.14.47:606][  0]LogConfig: Setting CVar [[foliage.DensityScale:0.8]]
[2019.01.27-17.14.47:606][  0]LogConfig: Setting CVar [[grass.DensityScale:0.8]]
[2019.01.27-17.14.47:606][  0]LogConfig: Applying CVar settings from Section [Startup] File [../../../Engine/Config/ConsoleVariables.ini]
[2019.01.27-17.14.47:606][  0]LogConfig: Setting CVar [[net.UseAdaptiveNetUpdateFrequency:0]]
[2019.01.27-17.14.47:607][  0]LogConfig: Applying CVar settings from Section [ConsoleVariables] File [C:/Users/Juan Pablo/Documents/Unreal Projects/AI/PathSearch/Saved/Config/Windows/Engine.ini]
[2019.01.27-17.14.47:607][  0]LogInit: Computer: DESKTOP-1MK8LI7
[2019.01.27-17.14.47:607][  0]LogInit: User: JuanPablo
[2019.01.27-17.14.47:607][  0]LogInit: CPU Page size=4096, Cores=4
[2019.01.27-17.14.47:607][  0]LogInit: High frequency timer resolution =2.531254 MHz
[2019.01.27-17.14.47:608][  0]LogMemory: Memory total: Physical=11.9GB (12GB approx)
[2019.01.27-17.14.47:608][  0]LogMemory: Platform Memory Stats for Windows
[2019.01.27-17.14.47:608][  0]LogMemory: Process Physical Memory: 103.22 MB used, 103.22 MB peak
[2019.01.27-17.14.47:608][  0]LogMemory: Process Virtual Memory: 90.21 MB used, 90.21 MB peak
[2019.01.27-17.14.47:608][  0]LogMemory: Physical Memory: 7398.23 MB used,  4755.57 MB free, 12153.80 MB total
[2019.01.27-17.14.47:608][  0]LogMemory: Virtual Memory: 4652.17 MB used,  134213072.00 MB free, 134217728.00 MB total
[2019.01.27-17.14.47:810][  0]LogInit: Overriding language with editor language configuration option (en).
[2019.01.27-17.14.47:810][  0]LogInit: Overriding locale with editor culture configuration option ().
[2019.01.27-17.14.47:810][  0]LogInit: Using OS detected locale (es-MX).
[2019.01.27-17.14.48:288][  0]LogStreaming: Display: Took  0.478s to InitEngineTextLocalization.
[2019.01.27-17.14.48:293][  0]LogInit: Setting process to per monitor DPI aware
[2019.01.27-17.14.48:390][  0]LogSlate: New Slate User Created.  User Index 0, Is Virtual User: 0
[2019.01.27-17.14.48:390][  0]LogSlate: Slate User Registered.  User Index 0, Is Virtual User: 0
[2019.01.27-17.14.48:869][  0]LogHMD: Failed to initialize OpenVR with code 110
[2019.01.27-17.14.48:869][  0]LogD3D11RHI: D3D11 adapters:
[2019.01.27-17.14.49:016][  0]LogD3D11RHI:    0. 'NVIDIA GeForce GTX 970M' (Feature Level 11_0)
[2019.01.27-17.14.49:016][  0]LogD3D11RHI:       3029/0/6076 MB DedicatedVideo/DedicatedSystem/SharedSystem, Outputs:2, VendorId:0x10de
[2019.01.27-17.14.49:055][  0]LogD3D11RHI:    1. 'Intel(R) HD Graphics 530' (Feature Level 11_0)
[2019.01.27-17.14.49:055][  0]LogD3D11RHI:       128/0/6076 MB DedicatedVideo/DedicatedSystem/SharedSystem, Outputs:0, VendorId:0x8086
[2019.01.27-17.14.49:066][  0]LogD3D11RHI:    2. 'Microsoft Basic Render Driver' (Feature Level 11_0)
[2019.01.27-17.14.49:066][  0]LogD3D11RHI:       0/0/6076 MB DedicatedVideo/DedicatedSystem/SharedSystem, Outputs:0, VendorId:0x1414
[2019.01.27-17.14.49:067][  0]LogD3D11RHI: Chosen D3D11 Adapter: 0
[2019.01.27-17.14.49:119][  0]LogD3D11RHI: Creating new Direct3DDevice
[2019.01.27-17.14.49:119][  0]LogD3D11RHI:     GPU DeviceId: 0x13d8 (for the marketing name, search the web for "GPU Device Id")
[2019.01.27-17.14.49:119][  0]LogWindows: EnumDisplayDevices:
[2019.01.27-17.14.49:120][  0]LogWindows:    0. 'Intel(R) HD Graphics 530' (P:1 D:1)
[2019.01.27-17.14.49:120][  0]LogWindows:    1. 'Intel(R) HD Graphics 530' (P:0 D:0)
[2019.01.27-17.14.49:121][  0]LogWindows:    2. 'Intel(R) HD Graphics 530' (P:0 D:0)
[2019.01.27-17.14.49:122][  0]LogWindows:    3. 'NVIDIA GeForce GTX 970M' (P:0 D:1)
[2019.01.27-17.14.49:122][  0]LogWindows: DebugString: PrimaryIsNotTheChoosenAdapter PrimaryIsNotTheChoosenAdapter PrimaryIsNotTheChoosenAdapter 
[2019.01.27-17.14.49:122][  0]LogD3D11RHI:     Adapter Name: NVIDIA GeForce GTX 970M
[2019.01.27-17.14.49:122][  0]LogD3D11RHI:   Driver Version: 417.35 (internal:25.21.14.1735, unified:417.35)
[2019.01.27-17.14.49:123][  0]LogD3D11RHI:      Driver Date: 12-11-2018
[2019.01.27-17.14.49:123][  0]LogRHI: Texture pool is 2120 MB (70% of 3029 MB)
[2019.01.27-17.14.49:192][  0]LogD3D11RHI: Async texture creation enabled
[2019.01.27-17.14.49:210][  0]LogD3D11RHI: GPU Timing Frequency: 1000.000000 (Debug: 2 2)
[2019.01.27-17.14.49:719][  0]LogTemp: Display: Loaded TP AllDesktopTargetPlatform
[2019.01.27-17.14.49:745][  0]LogTemp: Display: Loaded TP MacClientTargetPlatform
[2019.01.27-17.14.49:770][  0]LogTemp: Display: Loaded TP MacNoEditorTargetPlatform
[2019.01.27-17.14.49:793][  0]LogTemp: Display: Loaded TP MacServerTargetPlatform
[2019.01.27-17.14.49:817][  0]LogTemp: Display: Loaded TP MacTargetPlatform
[2019.01.27-17.14.49:839][  0]LogTemp: Display: Loaded TP WindowsClientTargetPlatform
[2019.01.27-17.14.49:860][  0]LogTemp: Display: Loaded TP WindowsNoEditorTargetPlatform
[2019.01.27-17.14.49:883][  0]LogTemp: Display: Loaded TP WindowsServerTargetPlatform
[2019.01.27-17.14.49:897][  0]LogTemp: Display: Loaded TP WindowsTargetPlatform
[2019.01.27-17.14.50:003][  0]LogTemp: Display: Loaded TP AndroidTargetPlatform
[2019.01.27-17.14.50:004][  0]LogTemp: Display: Loaded TP AndroidTargetPlatform
[2019.01.27-17.14.50:004][  0]LogTemp: Display: Loaded TP AndroidTargetPlatform
[2019.01.27-17.14.50:004][  0]LogTemp: Display: Loaded TP AndroidTargetPlatform
[2019.01.27-17.14.50:004][  0]LogTemp: Display: Loaded TP AndroidTargetPlatform
[2019.01.27-17.14.50:004][  0]LogTemp: Display: Loaded TP AndroidTargetPlatform
[2019.01.27-17.14.50:004][  0]LogTemp: Display: Loaded TP AndroidTargetPlatform
[2019.01.27-17.14.50:005][  0]LogTemp: Display: Loaded TP AndroidTargetPlatform
[2019.01.27-17.14.50:005][  0]LogTemp: Display: Loaded TP AndroidTargetPlatform
[2019.01.27-17.14.50:005][  0]LogTemp: Display: Loaded TP AndroidTargetPlatform
[2019.01.27-17.14.50:005][  0]LogTemp: Display: Loaded TP AndroidTargetPlatform
[2019.01.27-17.14.50:005][  0]LogTemp: Display: Loaded TP AndroidTargetPlatform
[2019.01.27-17.14.50:005][  0]LogTemp: Display: Loaded TP AndroidTargetPlatform
[2019.01.27-17.14.50:005][  0]LogTemp: Display: Loaded TP AndroidTargetPlatform
[2019.01.27-17.14.50:006][  0]LogTemp: Display: Loaded TP AndroidTargetPlatform
[2019.01.27-17.14.50:006][  0]LogTemp: Display: Loaded TP AndroidTargetPlatform
[2019.01.27-17.14.50:006][  0]LogTemp: Display: Loaded TP AndroidTargetPlatform
[2019.01.27-17.14.50:006][  0]LogTemp: Display: Loaded TP AndroidTargetPlatform
[2019.01.27-17.14.50:014][  0]LogTemp: Display: Loaded TP HTML5TargetPlatform
[2019.01.27-17.14.50:114][  0]LogTemp: Display: Loaded TP IOSTargetPlatform
[2019.01.27-17.14.50:114][  0]LogTemp: Display: Loaded TP IOSTargetPlatform
[2019.01.27-17.14.50:151][  0]LogTemp: Display: Loaded TP TVOSTargetPlatform
[2019.01.27-17.14.50:152][  0]LogTemp: Display: Loaded TP TVOSTargetPlatform
[2019.01.27-17.14.50:173][  0]LogTemp: Display: Loaded TP LinuxClientTargetPlatform
[2019.01.27-17.14.50:194][  0]LogTemp: Display: Loaded TP LinuxNoEditorTargetPlatform
[2019.01.27-17.14.50:215][  0]LogTemp: Display: Loaded TP LinuxServerTargetPlatform
[2019.01.27-17.14.50:241][  0]LogTemp: Display: Loaded TP LinuxTargetPlatform
[2019.01.27-17.14.50:313][  0]LogTemp: Display: Loaded TP LuminTargetPlatform
[2019.01.27-17.14.50:314][  0]LogTemp: Display: Loaded TP LuminTargetPlatform
[2019.01.27-17.14.50:316][  0]LogTargetPlatformManager: Display: Building Assets For Windows
[2019.01.27-17.14.50:533][  0]LogShaderCompilers: Guid format shader working directory is -24 characters bigger than the processId version (../../../../../../Users/Juan Pablo/Documents/Unreal Projects/AI/PathSearch/Intermediate/Shaders/WorkingDirectory/14108/).
[2019.01.27-17.14.50:534][  0]LogShaderCompilers: Cleaned the shader compiler working directory 'C:/Users/Juan Pablo/AppData/Local/Temp/UnrealShaderWorkingDir/424CEBF34BC812E47D3FE9B1D2D1DF40/'.
[2019.01.27-17.14.50:537][  0]LogXGEController: Cleaning working directory: C:/Users/Juan Pablo/AppData/Local/Temp/UnrealXGEWorkingDir/
[2019.01.27-17.14.50:538][  0]LogXGEController: Cannot use XGE Controller as Incredibuild is not installed on this machine.
[2019.01.27-17.14.50:538][  0]LogShaderCompilers: Cannot use XGE Shader Compiler as Incredibuild is not installed on this machine.
[2019.01.27-17.14.50:538][  0]LogShaderCompilers: Display: Using Local Shader Compiler.
[2019.01.27-17.14.51:260][  0]LogDerivedDataCache: Display: Max Cache Size: 512 MB
[2019.01.27-17.14.51:321][  0]LogDerivedDataCache: Loaded boot cache 0.06s 71MB C:/Users/Juan Pablo/AppData/Local/UnrealEngine/4.21/DerivedDataCache/Boot.ddc.
[2019.01.27-17.14.51:321][  0]LogDerivedDataCache: Display: Loaded Boot cache: C:/Users/Juan Pablo/AppData/Local/UnrealEngine/4.21/DerivedDataCache/Boot.ddc
[2019.01.27-17.14.51:321][  0]LogDerivedDataCache: FDerivedDataBackendGraph:  Pak pak cache file ../../../../../../Users/Juan Pablo/Documents/Unreal Projects/AI/PathSearch/DerivedDataCache/DDC.ddp not found, will not use a pak cache.
[2019.01.27-17.14.51:321][  0]LogDerivedDataCache: Unable to find inner node Pak for hierarchical cache Hierarchy.
[2019.01.27-17.14.51:321][  0]LogDerivedDataCache: FDerivedDataBackendGraph:  CompressedPak pak cache file ../../../../../../Users/Juan Pablo/Documents/Unreal Projects/AI/PathSearch/DerivedDataCache/Compressed.ddp not found, will not use a pak cache.
[2019.01.27-17.14.51:322][  0]LogDerivedDataCache: Unable to find inner node CompressedPak for hierarchical cache Hierarchy.
[2019.01.27-17.14.51:339][  0]LogDerivedDataCache: Display: Pak cache opened for reading ../../../Engine/DerivedDataCache/Compressed.ddp.
[2019.01.27-17.14.51:339][  0]LogDerivedDataCache: FDerivedDataBackendGraph:  EnterprisePak pak cache file ../../../Enterprise/DerivedDataCache/Compressed.ddp not found, will not use a pak cache.
[2019.01.27-17.14.51:339][  0]LogDerivedDataCache: Unable to find inner node EnterprisePak for hierarchical cache Hierarchy.
[2019.01.27-17.14.51:356][  0]LogDerivedDataCache: Using Local data cache path C:/Users/Juan Pablo/AppData/Local/UnrealEngine/Common/DerivedDataCache: Writable
[2019.01.27-17.14.51:356][  0]LogDerivedDataCache: Shared data cache path not found in *engine.ini, will not use an Shared cache.
[2019.01.27-17.14.51:357][  0]LogDerivedDataCache: Unable to find inner node Shared for hierarchical cache Hierarchy.
[2019.01.27-17.14.51:389][  0]LogMaterial: Verifying Global Shaders for PCD3D_SM5
[2019.01.27-17.14.51:391][  0]LogSlate: Using FreeType 2.6.0
[2019.01.27-17.14.51:393][  0]LogSlate: SlateFontServices - WITH_FREETYPE: 1, WITH_HARFBUZZ: 1
[2019.01.27-17.14.51:547][  0]LogAssetRegistry: FAssetRegistry took 0.0424 seconds to start up
[2019.01.27-17.14.51:979][  0]LogInit: Selected Device Profile: [Windows]
[2019.01.27-17.14.52:223][  0]LogSimplygon: Simplygon DLL not present - disabling.
[2019.01.27-17.14.52:241][  0]LogMeshReduction: Using SimplygonSwarm for distributed automatic mesh merging
[2019.01.27-17.14.52:241][  0]LogMeshReduction: Using ProxyLODMeshReduction for automatic mesh merging
[2019.01.27-17.14.52:241][  0]LogMeshReduction: Using QuadricMeshReduction for automatic static mesh reduction
[2019.01.27-17.14.52:241][  0]LogMeshReduction: No automatic skeletal mesh reduction module available
[2019.01.27-17.14.52:258][  0]LogNetVersion: PathSearch 1.0.0, NetCL: 4541578, EngineNetVer: 5, GameNetVer: 0 (Checksum: 4271065824)
[2019.01.27-17.14.52:879][  0]LogPackageLocalizationCache: Processed 11 localized package path(s) for 1 prioritized culture(s) in 0.058584 seconds
[2019.01.27-17.14.52:887][  0]LogUObjectArray: 39775 objects as part of root set at end of initial load.
[2019.01.27-17.14.52:888][  0]LogUObjectAllocator: 6914656 out of 0 bytes used by permanent object pool.
[2019.01.27-17.14.52:888][  0]LogUObjectArray: CloseDisregardForGC: 0/0 objects in disregard for GC pool
[2019.01.27-17.14.54:723][  0]LogTcpMessaging: Initializing TcpMessaging bridge
[2019.01.27-17.14.54:746][  0]LogUdpMessaging: Initializing bridge on interface 0.0.0.0:0 to multicast group 230.0.0.1:6666.
[2019.01.27-17.14.56:062][  0]SourceControl: Source control is disabled
[2019.01.27-17.14.56:062][  0]SourceControl: Source control is disabled
[2019.01.27-17.14.56:072][  0]SourceControl: Source control is disabled
[2019.01.27-17.14.56:079][  0]SourceControl: Source control is disabled
[2019.01.27-17.14.56:528][  0]LogAndroidPermission: UAndroidPermissionCallbackProxy::GetInstance
[2019.01.27-17.14.56:745][  0]LogOcInput: OculusInput pre-init called
[2019.01.27-17.14.56:952][  0]LogEngine: Initializing Engine...
[2019.01.27-17.14.56:954][  0]LogHMD: Failed to initialize OpenVR with code 110
[2019.01.27-17.14.56:956][  0]LogStats: UGameplayTagsManager::ConstructGameplayTagTree: ImportINI prefixes -  0.000 s
[2019.01.27-17.14.56:956][  0]LogStats: UGameplayTagsManager::ConstructGameplayTagTree: Construct from data asset -  0.000 s
[2019.01.27-17.14.56:957][  0]LogStats: UGameplayTagsManager::ConstructGameplayTagTree: ImportINI -  0.000 s
[2019.01.27-17.14.56:957][  0]LogStats: UGameplayTagsManager::ConstructGameplayTagTree: GameplayTagTreeChangedEvent.Broadcast -  0.000 s
[2019.01.27-17.14.57:256][  0]LogInit: Initializing FReadOnlyCVARCache
[2019.01.27-17.14.57:282][  0]LogAIModule: Creating AISystem for world Untitled
[2019.01.27-17.14.57:307][  0]LogInit: XAudio2 using 'Altavoces (Sound Blaster Recon3Di)' : 2 channels at 48 kHz using 32 bits per sample (channel mask 0x3)
[2019.01.27-17.14.57:498][  0]LogInit: FAudioDevice initialized.
[2019.01.27-17.14.57:499][  0]LogNetVersion: Set ProjectVersion to 1.0.0.0. Version Checksum will be recalculated on next use.
[2019.01.27-17.14.57:662][  0]LogDerivedDataCache: Saved boot cache 0.16s 71MB C:/Users/Juan Pablo/AppData/Local/UnrealEngine/4.21/DerivedDataCache/Boot.ddc.
[2019.01.27-17.14.57:664][  0]LogInit: Texture streaming: Enabled
[2019.01.27-17.14.57:734][  0]LogEngineSessionManager: EngineSessionManager initialized
[2019.01.27-17.14.57:734][  0]LogEngineSessionManager: EngineSessionManager sent abnormal shutdown report. Type=Debugger, SessionId={34BB6CE1-4BE0-B7ED-2649-97B4DD12D945}
[2019.01.27-17.14.57:753][  0]LogInit: Transaction tracking system initialized
[2019.01.27-17.14.57:821][  0]BlueprintLog: New page: Editor Load
[2019.01.27-17.14.58:077][  0]LocalizationService: Localization service is disabled
[2019.01.27-17.14.59:120][  0]LogFileCache: Scanning file cache for directory 'C:/Users/Juan Pablo/Documents/Unreal Projects/AI/PathSearch/Content/' took 0.02s
[2019.01.27-17.14.59:121][  0]LogCook: Display: Max memory allowance for cook 16384mb min free memory 0mb
[2019.01.27-17.14.59:121][  0]LogCook: Display: Mobile HDR setting 1
[2019.01.27-17.14.59:121][  0]LogGameplayTags: Display: UGameplayTagsManager::DoneAddingNativeTags. DelegateIsBound: 0
[2019.01.27-17.14.59:121][  0]LogStats: UGameplayTagsManager::ConstructGameplayTagTree: ImportINI prefixes -  0.000 s
[2019.01.27-17.14.59:121][  0]LogStats: UGameplayTagsManager::ConstructGameplayTagTree: Construct from data asset -  0.000 s
[2019.01.27-17.14.59:122][  0]LogStats: UGameplayTagsManager::ConstructGameplayTagTree: ImportINI -  0.000 s
[2019.01.27-17.14.59:122][  0]LogStats: UGameplayTagsManager::ConstructGameplayTagTree: GameplayTagTreeChangedEvent.Broadcast -  0.000 s
[2019.01.27-17.14.59:466][  0]SourceControl: Source control is disabled
[2019.01.27-17.14.59:467][  0]Cmd: MAP LOAD FILE="../../../../../../Users/Juan Pablo/Documents/Unreal Projects/AI/PathSearch/Content/Levels/PathSearch.umap" TEMPLATE=0 SHOWPROGRESS=1 FEATURELEVEL=3
[2019.01.27-17.14.59:475][  0]LightingResults: New page: Lighting Build
[2019.01.27-17.14.59:481][  0]MapCheck: New page: Map Check
[2019.01.27-17.14.59:481][  0]LightingResults: New page: Lighting Build
[2019.01.27-17.14.59:675][  0]LogAIModule: Creating AISystem for world PathSearch
[2019.01.27-17.14.59:692][  0]LogEditorServer: Finished looking for orphan Actors (0.000 secs)
[2019.01.27-17.14.59:719][  0]Cmd: MAP CHECKDEP NOCLEARLOG
[2019.01.27-17.14.59:720][  0]MapCheck: Map check complete: 0 Error(s), 0 Warning(s), took 0.392ms to complete.
[2019.01.27-17.14.59:720][  0]LogFileHelpers: Loading map 'PathSearch' took 0.253
[2019.01.27-17.14.59:919][  0]LogSlate: Updating window title bar state: overlay mode, drag disabled, window buttons hidden, title bar hidden
[2019.01.27-17.14.59:928][  0]LogSlate: Updating window title bar state: overlay mode, drag disabled, window buttons hidden, title bar hidden
[2019.01.27-17.14.59:936][  0]LogSlate: Updating window title bar state: overlay mode, drag disabled, window buttons hidden, title bar hidden
[2019.01.27-17.14.59:944][  0]LogSlate: Updating window title bar state: overlay mode, drag disabled, window buttons hidden, title bar hidden
[2019.01.27-17.14.59:960][  0]LogCollectionManager: Loaded 0 collections in 0.003582 seconds
[2019.01.27-17.15.00:001][  0]LogFileCache: Scanning file cache for directory 'C:/Users/Juan Pablo/Documents/Unreal Projects/AI/PathSearch/Saved/Collections/' took 0.02s
[2019.01.27-17.15.00:001][  0]LogFileCache: Scanning file cache for directory 'C:/Users/Juan Pablo/Documents/Unreal Projects/AI/PathSearch/Content/Developers/JuanPablo/Collections/' took 0.02s
[2019.01.27-17.15.00:001][  0]LogFileCache: Scanning file cache for directory 'C:/Users/Juan Pablo/Documents/Unreal Projects/AI/PathSearch/Content/Collections/' took 0.00s
[2019.01.27-17.15.00:001][  0]LogCollectionManager: Rebuilt the GUID cache for 0 collections in 0.000000 seconds
[2019.01.27-17.15.00:014][  0]LogContentBrowser: Native class hierarchy populated in 0.0124 seconds. Added 2661 classes and 625 folders.
[2019.01.27-17.15.00:027][  0]LogContentBrowser: Native class hierarchy updated for 'WidgetCarousel' in 0.0004 seconds. Added 0 classes and 0 folders.
[2019.01.27-17.15.00:032][  0]LogPakFile: Registered encryption key '00000000000000000000000000000000': 0 pak files mounted, 0 remain pending
[2019.01.27-17.15.00:034][  0]LogPakFile: Registered encryption key '00000000000000000000000000000000': 0 pak files mounted, 0 remain pending
[2019.01.27-17.15.00:036][  0]LogPakFile: Registered encryption key '00000000000000000000000000000000': 0 pak files mounted, 0 remain pending
[2019.01.27-17.15.00:038][  0]LogPakFile: Registered encryption key '00000000000000000000000000000000': 0 pak files mounted, 0 remain pending
[2019.01.27-17.15.00:039][  0]LogPakFile: Registered encryption key '00000000000000000000000000000000': 0 pak files mounted, 0 remain pending
[2019.01.27-17.15.00:041][  0]LogPakFile: Registered encryption key '00000000000000000000000000000000': 0 pak files mounted, 0 remain pending
[2019.01.27-17.15.00:043][  0]LogPakFile: Registered encryption key '00000000000000000000000000000000': 0 pak files mounted, 0 remain pending
[2019.01.27-17.15.00:045][  0]LogPakFile: Registered encryption key '00000000000000000000000000000000': 0 pak files mounted, 0 remain pending
[2019.01.27-17.15.00:047][  0]LogPakFile: Registered encryption key '00000000000000000000000000000000': 0 pak files mounted, 0 remain pending
[2019.01.27-17.15.00:048][  0]LogPakFile: Registered encryption key '00000000000000000000000000000000': 0 pak files mounted, 0 remain pending
[2019.01.27-17.15.00:049][  0]LogPakFile: Registered encryption key '00000000000000000000000000000000': 0 pak files mounted, 0 remain pending
[2019.01.27-17.15.00:050][  0]LogPakFile: Registered encryption key '00000000000000000000000000000000': 0 pak files mounted, 0 remain pending
[2019.01.27-17.15.00:052][  0]LogPakFile: Registered encryption key '00000000000000000000000000000000': 0 pak files mounted, 0 remain pending
[2019.01.27-17.15.00:054][  0]LogPakFile: Registered encryption key '00000000000000000000000000000000': 0 pak files mounted, 0 remain pending
[2019.01.27-17.15.00:056][  0]LogPakFile: Registered encryption key '00000000000000000000000000000000': 0 pak files mounted, 0 remain pending
[2019.01.27-17.15.00:057][  0]LogPakFile: Registered encryption key '00000000000000000000000000000000': 0 pak files mounted, 0 remain pending
[2019.01.27-17.15.00:058][  0]LogPakFile: Registered encryption key '00000000000000000000000000000000': 0 pak files mounted, 0 remain pending
[2019.01.27-17.15.00:060][  0]LogPakFile: Registered encryption key '00000000000000000000000000000000': 0 pak files mounted, 0 remain pending
[2019.01.27-17.15.00:061][  0]LogPakFile: Registered encryption key '00000000000000000000000000000000': 0 pak files mounted, 0 remain pending
[2019.01.27-17.15.00:062][  0]LogPakFile: Registered encryption key '00000000000000000000000000000000': 0 pak files mounted, 0 remain pending
[2019.01.27-17.15.00:064][  0]LogPakFile: Registered encryption key '00000000000000000000000000000000': 0 pak files mounted, 0 remain pending
[2019.01.27-17.15.00:065][  0]LogPakFile: Registered encryption key '00000000000000000000000000000000': 0 pak files mounted, 0 remain pending
[2019.01.27-17.15.00:066][  0]LogPakFile: Registered encryption key '00000000000000000000000000000000': 0 pak files mounted, 0 remain pending
[2019.01.27-17.15.00:068][  0]LogPakFile: Registered encryption key '00000000000000000000000000000000': 0 pak files mounted, 0 remain pending
[2019.01.27-17.15.00:070][  0]LogPakFile: Registered encryption key '00000000000000000000000000000000': 0 pak files mounted, 0 remain pending
[2019.01.27-17.15.00:072][  0]LogPakFile: Registered encryption key '00000000000000000000000000000000': 0 pak files mounted, 0 remain pending
[2019.01.27-17.15.00:130][  0]LogContentBrowser: Native class hierarchy updated for 'AddContentDialog' in 0.0004 seconds. Added 0 classes and 0 folders.
[2019.01.27-17.15.00:222][  0]LogSlate: Took 0.000789 seconds to synchronously load lazily loaded font '../../../Engine/Content/Slate/Fonts/Roboto-Regular.ttf' (155K)
[2019.01.27-17.15.00:228][  0]LogSlate: Took 0.000282 seconds to synchronously load lazily loaded font '../../../Engine/Content/Slate/Fonts/Roboto-Bold.ttf' (160K)
[2019.01.27-17.15.00:232][  0]LogSlate: Took 0.000499 seconds to synchronously load lazily loaded font '../../../Engine/Content/Editor/Slate/Fonts/FontAwesome.ttf' (139K)
[2019.01.27-17.15.00:353][  0]LogRenderer: Reallocating scene render targets to support 1172x592 Format 9 NumSamples 1 (Frame:1).
[2019.01.27-17.15.00:416][  0]LogSlate: Took 0.000374 seconds to synchronously load lazily loaded font '../../../Engine/Content/Slate/Fonts/Roboto-Light.ttf' (167K)
[2019.01.27-17.15.00:585][  0]LogContentBrowser: Native class hierarchy updated for 'HierarchicalLODOutliner' in 0.0006 seconds. Added 0 classes and 0 folders.
[2019.01.27-17.15.00:585][  0]LogLoad: (Engine Initialization) Total time: 16.01 seconds
[2019.01.27-17.15.00:585][  0]LogLoad: (Engine Initialization) Total Blueprint compile time: 0.00 seconds
[2019.01.27-17.15.00:611][  0]LogWindowsTextInputMethodSystem: Display: IME system now deactivated.
[2019.01.27-17.15.00:655][  0]LogAssetRegistry: Asset discovery search completed in 9.1360 seconds
[2019.01.27-17.15.00:657][  0]LogCollectionManager: Rebuilt the object cache for 0 collections in 0.000000 seconds (found 0 objects)
[2019.01.27-17.15.00:657][  0]LogCollectionManager: Fixed up redirectors for 0 collections in 0.000245 seconds (updated 0 objects)
[2019.01.27-17.15.00:659][  0]LogContentStreaming: Texture pool size now 800 MB
[2019.01.27-17.15.02:851][113]LogSlate: FSceneViewport::OnFocusLost() reason 0
[2019.01.27-17.15.07:910][412]LogSlate: Took 0.000253 seconds to synchronously load lazily loaded font '../../../Engine/Content/Slate/Fonts/Roboto-Light.ttf' (167K)
[2019.01.27-17.15.07:992][412]LogSlate: Took 0.000323 seconds to synchronously load lazily loaded font '../../../Engine/Content/Slate/Fonts/Roboto-BoldCondensed.ttf' (158K)
[2019.01.27-17.15.15:333][850]LogAssetEditorManager: Opening Asset editor for Blueprint /Game/BP/BP_BeamSearch.BP_BeamSearch
[2019.01.27-17.15.15:935][850]LogContentBrowser: Native class hierarchy updated for 'BlueprintGraph' in 0.0007 seconds. Added 117 classes and 0 folders.
[2019.01.27-17.15.16:864][850]LogSlate: Window 'Add Blueprint Class' being destroyed
[2019.01.27-17.15.18:868][957]LogSlate: Prevented a slow task dialog from being summoned while a context menu was open
[2019.01.27-17.15.32:500][754]BlueprintLog: New page: Compile BP_BeamSearch
[2019.01.27-17.15.33:152][778]Cmd: OBJ SAVEPACKAGE PACKAGE="/Game/BP/BP_BeamSearch" FILE="../../../../../../Users/Juan Pablo/Documents/Unreal Projects/AI/PathSearch/Content/BP/BP_BeamSearch.uasset" SILENT=true
[2019.01.27-17.15.33:163][778]LogSavePackage: Moving '../../../../../../Users/Juan Pablo/Documents/Unreal Projects/AI/PathSearch/Saved/BP_BeamSearchB2C7721E4F8146C7D2562BA35A1CAB0D.tmp' to '../../../../../../Users/Juan Pablo/Documents/Unreal Projects/AI/PathSearch/Content/BP/BP_BeamSearch.uasset'
[2019.01.27-17.15.57:636][233]BlueprintLog: New page: Compile BP_BeamSearch
[2019.01.27-17.15.59:331][322]Cmd: OBJ SAVEPACKAGE PACKAGE="/Game/BP/BP_BeamSearch" FILE="../../../../../../Users/Juan Pablo/Documents/Unreal Projects/AI/PathSearch/Content/BP/BP_BeamSearch.uasset" SILENT=true
[2019.01.27-17.15.59:350][322]LogSavePackage: Moving '../../../../../../Users/Juan Pablo/Documents/Unreal Projects/AI/PathSearch/Saved/BP_BeamSearch3C7DC93C4963D520C1802E8F4F592B43.tmp' to '../../../../../../Users/Juan Pablo/Documents/Unreal Projects/AI/PathSearch/Content/BP/BP_BeamSearch.uasset'
[2019.01.27-17.16.00:508][389]LogSlate: Window 'BP_BeamSearch' being destroyed
[2019.01.27-17.16.03:964][558]LogSlate: FSceneViewport::OnFocusLost() reason 0
[2019.01.27-17.17.17:856][ 62]Candidate modules for hot reload:
[2019.01.27-17.17.17:857][ 62]  PathSearch
[2019.01.27-17.17.17:857][ 62]Launching UnrealBuildTool... [C:/Program Files/Epic Games/UE_4.21/Engine/Binaries/DotNET/UnrealBuildTool.exe  -ModuleWithSuffix=PathSearch,2726 Win64 Development -TargetType=Editor -Project="../../../../../../Users/Juan Pablo/Documents/Unreal Projects/AI/PathSearch/PathSearch.uproject" -canskiplink "C:/Users/Juan Pablo/Documents/Unreal Projects/AI/PathSearch/PathSearch.uproject" ]
[2019.01.27-17.17.17:860][ 62]Warning: Starting HotReload took  0.0s.
[2019.01.27-17.18.03:332][474]CompilerResultsLog: New page: Compilation - 27/01/2019 05:18:03
[2019.01.27-17.18.03:332][474]CompilerResultsLog: Using 'git status' to determine working set for adaptive non-unity build (C:\Users\Juan Pablo\Documents\Unreal Projects\AI).
[2019.01.27-17.18.03:333][474]CompilerResultsLog: Creating makefile for hot reloading PathSearchEditor (source directory changed)
[2019.01.27-17.18.03:333][474]CompilerResultsLog: Compiling game modules for hot reload
[2019.01.27-17.18.03:333][474]CompilerResultsLog: Using Visual Studio 2017 14.16.27023 toolchain (C:\Program Files (x86)\Microsoft Visual Studio\2017\Community\VC\Tools\MSVC\14.16.27023) and Windows 10.0.16299.0 SDK (C:\Program Files (x86)\Windows Kits\10).
[2019.01.27-17.18.03:333][474]CompilerResultsLog: Parsing headers for PathSearchEditor
[2019.01.27-17.18.03:333][474]CompilerResultsLog:   Running UnrealHeaderTool "C:\Users\Juan Pablo\Documents\Unreal Projects\AI\PathSearch\PathSearch.uproject" "C:\Users\Juan Pablo\Documents\Unreal Projects\AI\PathSearch\Intermediate\Build\Win64\PathSearchEditor\Development\PathSearchEditor.uhtmanifest" -LogCmds="loginit warning, logexit warning, logdatabase error" -Unattended -WarningsAsErrors -installed
[2019.01.27-17.18.03:334][474]CompilerResultsLog: Reflection code generated for PathSearchEditor in 16.7019619 seconds
[2019.01.27-17.18.03:334][474]CompilerResultsLog: Building 5 actions with 8 processes...
[2019.01.27-17.18.03:334][474]CompilerResultsLog:   [1/5] PathSearch.init.gen.cpp
[2019.01.27-17.18.03:334][474]CompilerResultsLog:   [2/5] LevelManager.gen.cpp
[2019.01.27-17.18.03:334][474]LogMainFrame: MainFrame: Module compiling took 45.482 seconds
[2019.01.27-17.18.03:334][474]Warning: HotReload failed, recompile failed
[2019.01.27-17.18.28:838][660]Candidate modules for hot reload:
[2019.01.27-17.18.28:838][660]  PathSearch
[2019.01.27-17.18.28:839][660]Launching UnrealBuildTool... [C:/Program Files/Epic Games/UE_4.21/Engine/Binaries/DotNET/UnrealBuildTool.exe  -ModuleWithSuffix=PathSearch,5574 Win64 Development -TargetType=Editor -Project="../../../../../../Users/Juan Pablo/Documents/Unreal Projects/AI/PathSearch/PathSearch.uproject" -canskiplink "C:/Users/Juan Pablo/Documents/Unreal Projects/AI/PathSearch/PathSearch.uproject" ]
[2019.01.27-17.18.28:841][660]Warning: Starting HotReload took  0.0s.
[2019.01.27-17.18.46:765][729]CompilerResultsLog: New page: Compilation - 27/01/2019 05:18:46
[2019.01.27-17.18.46:765][729]CompilerResultsLog: Using 'git status' to determine working set for adaptive non-unity build (C:\Users\Juan Pablo\Documents\Unreal Projects\AI).
[2019.01.27-17.18.46:765][729]CompilerResultsLog: Creating makefile for hot reloading PathSearchEditor (source directory changed)
[2019.01.27-17.18.46:765][729]CompilerResultsLog: Compiling game modules for hot reload
[2019.01.27-17.18.46:765][729]CompilerResultsLog: Performing full C++ include scan (no include cache file)
[2019.01.27-17.18.46:766][729]CompilerResultsLog: Using Visual Studio 2017 14.16.27023 toolchain (C:\Program Files (x86)\Microsoft Visual Studio\2017\Community\VC\Tools\MSVC\14.16.27023) and Windows 10.0.16299.0 SDK (C:\Program Files (x86)\Windows Kits\10).
[2019.01.27-17.18.46:766][729]CompilerResultsLog: Building 3 actions with 8 processes...
[2019.01.27-17.18.46:766][729]CompilerResultsLog:   [1/3] LevelManager.cpp
[2019.01.27-17.18.46:766][729]CompilerResultsLog:   [2/3] UE4Editor-PathSearch-5574.lib
[2019.01.27-17.18.46:766][729]CompilerResultsLog:      Creating library C:\Users\Juan Pablo\Documents\Unreal Projects\AI\PathSearch\Intermediate\Build\Win64\UE4Editor\Development\PathSearch\UE4Editor-PathSearch-5574.lib and object C:\Users\Juan Pablo\Documents\Unreal Projects\AI\PathSearch\Intermediate\Build\Win64\UE4Editor\Development\PathSearch\UE4Editor-PathSearch-5574.exp
[2019.01.27-17.18.46:766][729]CompilerResultsLog:   [3/3] UE4Editor-PathSearch-5574.dll
[2019.01.27-17.18.46:766][729]CompilerResultsLog:      Creating library C:\Users\Juan Pablo\Documents\Unreal Projects\AI\PathSearch\Intermediate\Build\Win64\UE4Editor\Development\PathSearch\UE4Editor-PathSearch-5574.suppressed.lib and object C:\Users\Juan Pablo\Documents\Unreal Projects\AI\PathSearch\Intermediate\Build\Win64\UE4Editor\Development\PathSearch\UE4Editor-PathSearch-5574.suppressed.exp
[2019.01.27-17.18.46:767][729]CompilerResultsLog: Total build time: 17.45 seconds (Parallel executor: 3.81 seconds)
[2019.01.27-17.18.46:767][729]LogMainFrame: MainFrame: Module compiling took 17.931 seconds
[2019.01.27-17.18.46:858][729]LogClass: Could not find existing class LevelManager in package /Script/PathSearch for HotReload, assuming new class
[2019.01.27-17.18.46:858][729]LogClass: Function DrawPath is new.
[2019.01.27-17.18.46:858][729]LogClass: Function DrawPathBeamSearch is new.
[2019.01.27-17.18.46:858][729]LogClass: Function DrawPathBestFirst is new.
[2019.01.27-17.18.46:858][729]LogClass: Function DrawPathBFS is new.
[2019.01.27-17.18.46:859][729]LogClass: Function DrawPathDFS is new.
[2019.01.27-17.18.46:859][729]LogClass: Function DrawPathDLFS is new.
[2019.01.27-17.18.46:859][729]LogClass: Function DrawPathHill is new.
[2019.01.27-17.18.46:859][729]LogClass: Function DrawPathIDDS is new.
[2019.01.27-17.18.46:871][729]LogHotReload: Re-instancing LevelManager after hot-reload.
[2019.01.27-17.18.47:136][729]LogContentBrowser: Native class hierarchy updated for 'PathSearch' in 0.0005 seconds. Added 9 classes and 3 folders.
[2019.01.27-17.18.47:141][729]Display: HotReload successful (0 functions remapped  0 scriptstructs remapped)
[2019.01.27-17.18.47:652][729]LogContentBrowser: Native class hierarchy populated in 0.0090 seconds. Added 2661 classes and 625 folders.
[2019.01.27-17.18.47:652][729]Display: HotReload took 18.8s.
[2019.01.27-17.18.54:205][115]LogAssetEditorManager: Opening Asset editor for LevelScriptBlueprint /Game/Levels/PathSearch.PathSearch:PersistentLevel.PathSearch
[2019.01.27-17.18.54:745][116]LogSlate: Took 0.001465 seconds to synchronously load lazily loaded font '../../../Engine/Content/Slate/Fonts/Roboto-Italic.ttf' (157K)
[2019.01.27-17.19.00:994][484]BlueprintLog: New page: Compile PathSearch
[2019.01.27-17.19.04:255][657]LogAssetEditorManager: Opening Asset editor for WidgetBlueprint /Game/BP/WBP_Menu.WBP_Menu
[2019.01.27-17.19.06:890][775]LogSlate: Window 'WBP_Menu' being destroyed
[2019.01.27-17.19.11:465][ 42]LogUObjectHash: Warning: Ambiguous search, could be CanvasPanel /Game/BP/WBP_Menu.WBP_Menu:WidgetTree.CanvasPanel_0 or CanvasPanel /Game/BP/WBP_Menu.WBP_Menu_C:WidgetTree.CanvasPanel_0
[2019.01.27-17.19.11:465][ 42]LogUObjectHash: Warning: Ambiguous search, could be CanvasPanel /Game/BP/WBP_Menu.WBP_Menu:WidgetTree.CanvasPanel_0 or CanvasPanel /Engine/Transient.World_8:WBP_Menu_C_0.WidgetTree_0.CanvasPanel_0
[2019.01.27-17.19.11:466][ 42]LogUObjectHash: Warning: Ambiguous search, could be CanvasPanel /Game/BP/WBP_Menu.WBP_Menu:WidgetTree.CanvasPanel_0 or CanvasPanel /Engine/Transient.World_8:WBP_Menu_C_1.WidgetTree_0.CanvasPanel_0
[2019.01.27-17.19.11:466][ 42]LogProperty: Warning: Illegal TEXT reference to a private object in external package (CanvasPanelSlot /Game/BP/WBP_Menu.WBP_Menu:WidgetTree.CanvasPanel_0.CanvasPanelSlot_5) from referencer (Button /Engine/UMG/Editor/Transient.BestFirst).  Import failed...
[2019.01.27-17.19.11:466][ 42]LogProperty: Warning: ObjectProperty /Script/UMG.Widget:Slot: unresolved reference to 'CanvasPanelSlot'"CanvasPanel_0.CanvasPanelSlot_5"''
[2019.01.27-17.19.35:888][290]BlueprintLog: New page: Compile WBP_Menu
[2019.01.27-17.19.36:482][311]Cmd: OBJ SAVEPACKAGE PACKAGE="/Game/BP/WBP_Menu" FILE="../../../../../../Users/Juan Pablo/Documents/Unreal Projects/AI/PathSearch/Content/BP/WBP_Menu.uasset" SILENT=true
[2019.01.27-17.19.36:509][311]LogSavePackage: Moving '../../../../../../Users/Juan Pablo/Documents/Unreal Projects/AI/PathSearch/Saved/WBP_Menu9187C53E461F8FA218723C8D2D8CC924.tmp' to '../../../../../../Users/Juan Pablo/Documents/Unreal Projects/AI/PathSearch/Content/BP/WBP_Menu.uasset'
[2019.01.27-17.20.18:996][808]BlueprintLog: New page: Compile PathSearch
[2019.01.27-17.20.19:958][830]LogSavePackage: Moving '../../../../../../Users/Juan Pablo/Documents/Unreal Projects/AI/PathSearch/Saved/PathSearch776C91E24AFC2274B02246B62926AB43.tmp' to '../../../../../../Users/Juan Pablo/Documents/Unreal Projects/AI/PathSearch/Content/Levels/PathSearch.umap'
[2019.01.27-17.20.19:984][830]LogFileHelpers: Saving map 'PathSearch' took 0.318
[2019.01.27-17.20.27:243][  9]LogTemp: Repeating last play command: Selected Viewport
[2019.01.27-17.20.27:261][  9]LogBlueprintUserMessages: Early PlayInEditor Detection: Level '/Game/Levels/PathSearch.PathSearch:PersistentLevel' has LevelScriptBlueprint '/Game/Levels/PathSearch.PathSearch:PersistentLevel.PathSearch' with GeneratedClass '/Game/Levels/PathSearch.PathSearch_C' with ClassGeneratedBy '/Game/Levels/PathSearch.PathSearch:PersistentLevel.PathSearch'
[2019.01.27-17.20.27:262][  9]LogPlayLevel: PlayLevel: No blueprints needed recompiling
[2019.01.27-17.20.27:262][  9]PIE: New page: PIE session: PathSearch (27/01/2019 05:20:27)
[2019.01.27-17.20.27:281][  9]LogPlayLevel: Creating play world package: /Game/Levels/UEDPIE_0_PathSearch
[2019.01.27-17.20.27:285][  9]LogPlayLevel: PIE: StaticDuplicateObject took: (0.004075s)
[2019.01.27-17.20.27:286][  9]LogAIModule: Creating AISystem for world PathSearch
[2019.01.27-17.20.27:287][  9]LogPlayLevel: PIE: World Init took: (0.001481s)
[2019.01.27-17.20.27:287][  9]LogPlayLevel: PIE: Created PIE world by copying editor world from /Game/Levels/PathSearch.PathSearch to /Game/Levels/UEDPIE_0_PathSearch.PathSearch (0.006701s)
[2019.01.27-17.20.27:333][  9]LogInit: XAudio2 using 'Altavoces (Sound Blaster Recon3Di)' : 2 channels at 48 kHz using 32 bits per sample (channel mask 0x3)
[2019.01.27-17.20.27:352][  9]LogInit: FAudioDevice initialized.
[2019.01.27-17.20.27:409][  9]LogLoad: Game class is 'BP_GameMode_C'
[2019.01.27-17.20.27:411][  9]LogWorld: Bringing World /Game/Levels/UEDPIE_0_PathSearch.PathSearch up for play (max tick rate 60) at 2019.01.27-11.20.27
[2019.01.27-17.20.27:412][  9]LogWorld: Bringing up level for play took: 0.001039
[2019.01.27-17.20.27:442][  9]LogContentBrowser: Native class hierarchy updated for 'MovieSceneCapture' in 0.0005 seconds. Added 20 classes and 0 folders.
[2019.01.27-17.20.27:445][  9]LogTemp: Warning: Prob: 2
[2019.01.27-17.20.27:445][  9]LogTemp: Warning: Prob: 2
[2019.01.27-17.20.27:446][  9]LogTemp: Warning: Prob: 0
[2019.01.27-17.20.27:446][  9]LogTemp: Warning: Prob: 1
[2019.01.27-17.20.27:447][  9]LogTemp: Warning: Prob: 10
[2019.01.27-17.20.27:448][  9]LogTemp: Warning: Prob: 1
[2019.01.27-17.20.27:448][  9]LogTemp: Warning: Prob: 8
[2019.01.27-17.20.27:449][  9]LogTemp: Warning: Prob: 3
[2019.01.27-17.20.27:449][  9]LogTemp: Warning: Prob: 3
[2019.01.27-17.20.27:450][  9]LogTemp: Warning: Prob: 2
[2019.01.27-17.20.27:450][  9]LogTemp: Warning: Prob: 8
[2019.01.27-17.20.27:451][  9]LogTemp: Warning: Prob: 3
[2019.01.27-17.20.27:451][  9]LogTemp: Warning: Prob: 1
[2019.01.27-17.20.27:452][  9]LogTemp: Warning: Prob: 9
[2019.01.27-17.20.27:452][  9]LogTemp: Warning: Prob: 8
[2019.01.27-17.20.27:453][  9]LogTemp: Warning: Prob: 1
[2019.01.27-17.20.27:453][  9]LogTemp: Warning: Prob: 3
[2019.01.27-17.20.27:454][  9]LogTemp: Warning: Prob: 9
[2019.01.27-17.20.27:455][  9]LogTemp: Warning: Prob: 7
[2019.01.27-17.20.27:455][  9]LogTemp: Warning: Prob: 8
[2019.01.27-17.20.27:456][  9]LogTemp: Warning: Prob: 7
[2019.01.27-17.20.27:457][  9]LogTemp: Warning: Prob: 4
[2019.01.27-17.20.27:457][  9]LogTemp: Warning: Prob: 5
[2019.01.27-17.20.27:458][  9]LogTemp: Warning: Prob: 5
[2019.01.27-17.20.27:459][  9]LogTemp: Warning: Prob: 5
[2019.01.27-17.20.27:459][  9]LogTemp: Warning: Prob: 5
[2019.01.27-17.20.27:460][  9]LogTemp: Warning: Prob: 4
[2019.01.27-17.20.27:460][  9]LogTemp: Warning: Prob: 9
[2019.01.27-17.20.27:461][  9]LogTemp: Warning: Prob: 10
[2019.01.27-17.20.27:461][  9]LogTemp: Warning: Prob: 4
[2019.01.27-17.20.27:462][  9]LogTemp: Warning: Prob: 7
[2019.01.27-17.20.27:462][  9]LogTemp: Warning: Prob: 0
[2019.01.27-17.20.27:463][  9]LogTemp: Warning: Prob: 6
[2019.01.27-17.20.27:464][  9]LogTemp: Warning: Prob: 8
[2019.01.27-17.20.27:464][  9]LogTemp: Warning: Prob: 0
[2019.01.27-17.20.27:465][  9]LogTemp: Warning: Prob: 1
[2019.01.27-17.20.27:465][  9]LogTemp: Warning: Prob: 2
[2019.01.27-17.20.27:466][  9]LogTemp: Warning: Prob: 2
[2019.01.27-17.20.27:466][  9]LogTemp: Warning: Prob: 7
[2019.01.27-17.20.27:467][  9]LogTemp: Warning: Prob: 8
[2019.01.27-17.20.27:467][  9]LogTemp: Warning: Prob: 5
[2019.01.27-17.20.27:468][  9]LogTemp: Warning: Prob: 2
[2019.01.27-17.20.27:468][  9]LogTemp: Warning: Prob: 3
[2019.01.27-17.20.27:469][  9]LogTemp: Warning: Prob: 0
[2019.01.27-17.20.27:469][  9]LogTemp: Warning: Prob: 8
[2019.01.27-17.20.27:470][  9]LogTemp: Warning: Prob: 7
[2019.01.27-17.20.27:470][  9]LogTemp: Warning: Prob: 0
[2019.01.27-17.20.27:470][  9]LogTemp: Warning: Prob: 9
[2019.01.27-17.20.27:470][  9]LogTemp: Warning: Prob: 10
[2019.01.27-17.20.27:471][  9]LogTemp: Warning: Prob: 3
[2019.01.27-17.20.27:472][  9]LogTemp: Warning: Prob: 5
[2019.01.27-17.20.27:472][  9]LogTemp: Warning: Prob: 3
[2019.01.27-17.20.27:473][  9]LogTemp: Warning: Prob: 7
[2019.01.27-17.20.27:474][  9]LogTemp: Warning: Prob: 7
[2019.01.27-17.20.27:474][  9]LogTemp: Warning: Prob: 7
[2019.01.27-17.20.27:475][  9]LogTemp: Warning: Prob: 5
[2019.01.27-17.20.27:475][  9]LogTemp: Warning: Prob: 8
[2019.01.27-17.20.27:476][  9]LogTemp: Warning: Prob: 6
[2019.01.27-17.20.27:476][  9]LogTemp: Warning: Prob: 4
[2019.01.27-17.20.27:477][  9]LogTemp: Warning: Prob: 6
[2019.01.27-17.20.27:477][  9]LogTemp: Warning: Prob: 3
[2019.01.27-17.20.27:478][  9]LogTemp: Warning: Prob: 6
[2019.01.27-17.20.27:478][  9]LogTemp: Warning: Prob: 3
[2019.01.27-17.20.27:479][  9]LogTemp: Warning: Prob: 7
[2019.01.27-17.20.27:479][  9]PIE: Play in editor start time for /Game/Levels/UEDPIE_0_PathSearch 0.064
[2019.01.27-17.20.27:480][  9]LogBlueprintUserMessages: Late PlayInEditor Detection: Level '/Game/Levels/PathSearch.PathSearch:PersistentLevel' has LevelScriptBlueprint '/Game/Levels/PathSearch.PathSearch:PersistentLevel.PathSearch' with GeneratedClass '/Game/Levels/PathSearch.PathSearch_C' with ClassGeneratedBy '/Game/Levels/PathSearch.PathSearch:PersistentLevel.PathSearch'
[2019.01.27-17.22.20:505][211]LogUnrealEdMisc: Warning: Heartbeat event firing too frequently (0.000 sec). This should never happen. Something is wrong with the timer delegate!
[2019.01.27-17.22.56:625][312]LogTemp: Warning: Parents do not contain goal
[2019.01.27-17.23.00:608][550]LogUnrealEdMisc: Warning: Heartbeat event firing too frequently (40.104 sec). This should never happen. Something is wrong with the timer delegate!
[2019.01.27-17.25.08:001][365]LogBlueprintUserMessages: Early EndPlayMap Detection: Level '/Game/Levels/PathSearch.PathSearch:PersistentLevel' has LevelScriptBlueprint '/Game/Levels/PathSearch.PathSearch:PersistentLevel.PathSearch' with GeneratedClass '/Game/Levels/PathSearch.PathSearch_C' with ClassGeneratedBy '/Game/Levels/PathSearch.PathSearch:PersistentLevel.PathSearch'
[2019.01.27-17.25.08:001][365]LogSlate: Updating window title bar state: overlay mode, drag disabled, window buttons hidden, title bar hidden
[2019.01.27-17.25.08:056][365]LogPlayLevel: Display: Shutting down PIE online subsystems
[2019.01.27-17.25.08:057][365]LogBlueprintUserMessages: Late EndPlayMap Detection: Level '/Game/Levels/PathSearch.PathSearch:PersistentLevel' has LevelScriptBlueprint '/Game/Levels/PathSearch.PathSearch:PersistentLevel.PathSearch' with GeneratedClass '/Game/Levels/PathSearch.PathSearch_C' with ClassGeneratedBy '/Game/Levels/PathSearch.PathSearch:PersistentLevel.PathSearch'
[2019.01.27-17.25.08:096][365]LogSlate: Updating window title bar state: overlay mode, drag disabled, window buttons hidden, title bar hidden
[2019.01.27-17.25.08:120][366]LogPlayLevel: Display: Destroying online subsystem :Context_10
[2019.01.27-17.26.58:119][349]Running C:/Program Files/Epic Games/UE_4.21/Engine/Binaries/DotNET/UnrealBuildTool.exe Win64 Development -TargetType=Editor -Project="C:/Users/Juan Pablo/Documents/Unreal Projects/AI/PathSearch/PathSearch.uproject" -invalidatemakefilesonly
[2019.01.27-17.26.59:431][349]Invalidating makefiles only in this run.
[2019.01.27-17.26.59:565][349]Candidate modules for hot reload:
[2019.01.27-17.26.59:565][349]  PathSearch
[2019.01.27-17.26.59:566][349]Launching UnrealBuildTool... [C:/Program Files/Epic Games/UE_4.21/Engine/Binaries/DotNET/UnrealBuildTool.exe  -ModuleWithSuffix=PathSearch,9553 Win64 Development -TargetType=Editor -Project="../../../../../../Users/Juan Pablo/Documents/Unreal Projects/AI/PathSearch/PathSearch.uproject" -canskiplink "C:/Users/Juan Pablo/Documents/Unreal Projects/AI/PathSearch/PathSearch.uproject" ]
