Log file open, 02/02/19 17:22:01
LogWindows: Failed to load 'aqProf.dll' (GetLastError=126)
LogWindows: File 'aqProf.dll' does not exist
LogWindows: Failed to load 'VtuneApi.dll' (GetLastError=126)
LogWindows: File 'VtuneApi.dll' does not exist
LogWindows: Failed to load 'VtuneApi32e.dll' (GetLastError=126)
LogWindows: File 'VtuneApi32e.dll' does not exist
LogConsoleResponse: Display: Failed to find resolution value strings in scalability ini. Falling back to default.
LogInit: Display: Running engine for game: PathSearch
LogPakFile: Registered encryption key '00000000000000000000000000000000': 0 pak files mounted, 0 remain pending
LogPlatformFile: Not using cached read wrapper
LogTaskGraph: Started task graph with 5 named threads and 23 total threads with 3 sets of task threads.
LogStats: Stats thread started at 0.456977
LogD3D11RHI: Loaded GFSDK_Aftermath_Lib.x64.dll
LogICUInternationalization: ICU TimeZone Detection - Raw Offset: -6:00, Platform Override: ''
LogPluginManager: Mounting plugin Paper2D
LogPluginManager: Mounting plugin AISupport
LogPluginManager: Mounting plugin LightPropagationVolume
LogPluginManager: Mounting plugin ActorLayerUtilities
LogPluginManager: Mounting plugin CLionSourceCodeAccess
LogPluginManager: Mounting plugin CodeLiteSourceCodeAccess
LogPluginManager: Mounting plugin GitSourceControl
LogPluginManager: Mounting plugin KDevelopSourceCodeAccess
LogPluginManager: Mounting plugin NullSourceCodeAccess
LogPluginManager: Mounting plugin PerforceSourceControl
LogPluginManager: Mounting plugin SubversionSourceControl
LogPluginManager: Mounting plugin UObjectPlugin
LogPluginManager: Mounting plugin VisualStudioCodeSourceCodeAccess
LogPluginManager: Mounting plugin VisualStudioSourceCodeAccess
LogPluginManager: Mounting plugin XCodeSourceCodeAccess
LogPluginManager: Mounting plugin AssetManagerEditor
LogPluginManager: Mounting plugin CryptoKeys
LogPluginManager: Mounting plugin DataValidation
LogPluginManager: Mounting plugin FacialAnimation
LogPluginManager: Mounting plugin GameplayTagsEditor
LogPluginManager: Mounting plugin MacGraphicsSwitching
LogPluginManager: Mounting plugin MeshEditor
LogPluginManager: Mounting plugin MobileLauncherProfileWizard
LogPluginManager: Mounting plugin PluginBrowser
LogPluginManager: Mounting plugin SpeedTreeImporter
LogPluginManager: Mounting plugin DatasmithContent
LogPluginManager: Mounting plugin VariantManagerContent
LogPluginManager: Mounting plugin AlembicImporter
LogPluginManager: Mounting plugin AppleImageUtils
LogPluginManager: Mounting plugin AppleVision
LogPluginManager: Mounting plugin BackChannel
LogPluginManager: Mounting plugin CharacterAI
LogPluginManager: Mounting plugin GeometryCache
LogPluginManager: Mounting plugin HTML5Networking
LogPluginManager: Mounting plugin ProxyLODPlugin
LogPluginManager: Mounting plugin MagicLeap
LogPluginManager: Mounting plugin MagicLeapMedia
LogPluginManager: Mounting plugin AndroidMedia
LogPluginManager: Mounting plugin AvfMedia
LogPluginManager: Mounting plugin ImgMedia
LogPluginManager: Mounting plugin LinearTimecode
LogPluginManager: Mounting plugin MediaCompositing
LogPluginManager: Mounting plugin MediaPlayerEditor
LogPluginManager: Mounting plugin WebMMedia
LogPluginManager: Mounting plugin WmfMedia
LogPluginManager: Mounting plugin TcpMessaging
LogPluginManager: Mounting plugin UdpMessaging
LogPluginManager: Mounting plugin ActorSequence
LogPluginManager: Mounting plugin LevelSequenceEditor
LogPluginManager: Mounting plugin MatineeToLevelSequence
LogPluginManager: Mounting plugin NetcodeUnitTest
LogPluginManager: Mounting plugin NUTUnrealEngine4
LogPluginManager: Mounting plugin OnlineSubsystemGooglePlay
LogPluginManager: Mounting plugin OnlineSubsystemIOS
LogPluginManager: Mounting plugin OnlineSubsystem
LogPluginManager: Mounting plugin OnlineSubsystemNull
LogPluginManager: Mounting plugin OnlineSubsystemUtils
LogPluginManager: Mounting plugin LauncherChunkInstaller
LogPluginManager: Mounting plugin AndroidDeviceProfileSelector
LogPluginManager: Mounting plugin AndroidMoviePlayer
LogPluginManager: Mounting plugin AndroidPermission
LogPluginManager: Mounting plugin AppleMoviePlayer
LogPluginManager: Mounting plugin ArchVisCharacter
LogPluginManager: Mounting plugin AudioCapture
LogPluginManager: Mounting plugin CableComponent
LogPluginManager: Mounting plugin CustomMeshComponent
LogPluginManager: Mounting plugin EditableMesh
LogPluginManager: Mounting plugin ExampleDeviceProfileSelector
LogPluginManager: Mounting plugin Firebase
LogPluginManager: Mounting plugin GoogleCloudMessaging
LogPluginManager: Mounting plugin IOSDeviceProfileSelector
LogPluginManager: Mounting plugin LinuxDeviceProfileSelector
LogPluginManager: Mounting plugin LocationServicesBPLibrary
LogPluginManager: Mounting plugin MobilePatchingUtils
LogPluginManager: Mounting plugin OculusVR
LogPluginManager: Mounting plugin PhysXVehicles
LogPluginManager: Mounting plugin ProceduralMeshComponent
LogPluginManager: Mounting plugin RuntimePhysXCooking
LogPluginManager: Mounting plugin SteamVR
LogPluginManager: Mounting plugin WebMMoviePlayer
LogPluginManager: Mounting plugin WindowsMoviePlayer
LogStreaming: Display: Took  0.207s to configure plugins.
LogInit: Using libcurl 7.55.1-DEV
LogInit:  - built for x86_64-pc-win32
LogInit:  - supports SSL with OpenSSL/1.0.2h
LogInit:  - supports HTTP deflate (compression) using libz 1.2.8
LogInit:  - other features:
LogInit:      CURL_VERSION_SSL
LogInit:      CURL_VERSION_LIBZ
LogInit:      CURL_VERSION_IPV6
LogInit:      CURL_VERSION_ASYNCHDNS
LogInit:      CURL_VERSION_LARGEFILE
LogInit:      CURL_VERSION_IDN
LogInit:  CurlRequestOptions (configurable via config and command line):
LogInit:  - bVerifyPeer = true  - Libcurl will verify peer certificate
LogInit:  - bUseHttpProxy = false  - Libcurl will NOT use HTTP proxy
LogInit:  - bDontReuseConnections = false  - Libcurl will reuse connections
LogInit:  - MaxHostConnections = 16  - Libcurl will limit the number of connections to a host
LogInit:  - LocalHostAddr = Default
LogInit:  - BufferSize = 65536
LogInit: WinSock: version 1.1 (2.2), MaxSocks=32767, MaxUdp=65467
LogInit: Build: ++UE4+Release-4.21-CL-4753647
LogInit: Engine Version: 4.21.2-4753647+++UE4+Release-4.21
LogInit: Compatible Engine Version: 4.21.0-4541578+++UE4+Release-4.21
LogInit: Net CL: 4541578
LogInit: OS: Windows 10 (), CPU: Intel(R) Core(TM) i7-6700HQ CPU @ 2.60GHz, GPU: Intel(R) HD Graphics 530
LogInit: Compiled (64-bit): Jan 19 2019 02:07:31
LogInit: Compiled with Visual C++: 19.13.26129.00
LogInit: Build Configuration: Development
LogInit: Branch Name: ++UE4+Release-4.21
LogInit: Command Line:  -skipcompile
LogInit: Base Directory: C:/Program Files/Epic Games/UE_4.21/Engine/Binaries/Win64/
LogInit: Installed Engine Build: 1
LogDevObjectVersion: Number of dev versions registered: 22
LogDevObjectVersion:   Dev-Blueprints (B0D832E4-1F89-4F0D-ACCF-7EB736FD4AA2): 10
LogDevObjectVersion:   Dev-Build (E1C64328-A22C-4D53-A36C-8E866417BD8C): 0
LogDevObjectVersion:   Dev-Core (375EC13C-06E4-48FB-B500-84F0262A717E): 2
LogDevObjectVersion:   Dev-Editor (E4B068ED-F494-42E9-A231-DA0B2E46BB41): 26
LogDevObjectVersion:   Dev-Framework (CFFC743F-43B0-4480-9391-14DF171D2073): 34
LogDevObjectVersion:   Dev-Mobile (B02B49B5-BB20-44E9-A304-32B752E40360): 2
LogDevObjectVersion:   Dev-Networking (A4E4105C-59A1-49B5-A7C5-40C4547EDFEE): 0
LogDevObjectVersion:   Dev-Online (39C831C9-5AE6-47DC-9A44-9C173E1C8E7C): 0
LogDevObjectVersion:   Dev-Physics (78F01B33-EBEA-4F98-B9B4-84EACCB95AA2): 0
LogDevObjectVersion:   Dev-Platform (6631380F-2D4D-43E0-8009-CF276956A95A): 0
LogDevObjectVersion:   Dev-Rendering (12F88B9F-8875-4AFC-A67C-D90C383ABD29): 27
LogDevObjectVersion:   Dev-Sequencer (7B5AE74C-D270-4C10-A958-57980B212A5A): 9
LogDevObjectVersion:   Dev-VR (D7296918-1DD6-4BDD-9DE2-64A83CC13884): 2
LogDevObjectVersion:   Dev-LoadTimes (C2A15278-BFE7-4AFE-6C17-90FF531DF755): 1
LogDevObjectVersion:   Private-Geometry (6EACA3D4-40EC-4CC1-B786-8BED09428FC5): 3
LogDevObjectVersion:   Dev-AnimPhys (29E575DD-E0A3-4627-9D10-D276232CDCEA): 17
LogDevObjectVersion:   Dev-Anim (AF43A65D-7FD3-4947-9873-3E8ED9C1BB05): 2
LogDevObjectVersion:   Dev-ReflectionCapture (6B266CEC-1EC7-4B8F-A30B-E4D90942FC07): 1
LogDevObjectVersion:   Dev-Automation (0DF73D61-A23F-47EA-B727-89E90C41499A): 1
LogDevObjectVersion:   FortniteMain (601D1886-AC64-4F84-AA16-D3DE0DEAC7D6): 17
LogDevObjectVersion:   Dev-Enterprise (9DFFBCD6-494F-0158-E221-12823C92A888): 4
LogDevObjectVersion:   Dev-Niagara (F2AED0AC-9AFE-416F-8664-AA7FFA26D6FC): 1
LogStreaming: Display: Took  0.008s to delete old logs.
LogInit: Presizing for max 8388607 objects, including 0 objects not considered by GC, pre-allocating 0 bytes for permanent pool.
LogInit: Object subsystem initialized
LogConfig: Setting CVar [[con.DebugEarlyDefault:1]]
LogConfig: Setting CVar [[r.setres:1280x720]]
[2019.02.02-23.22.02:415][  0]LogConfig: Setting CVar [[r.VSync:0]]
[2019.02.02-23.22.02:415][  0]LogConfig: Setting CVar [[r.RHICmdBypass:0]]
[2019.02.02-23.22.02:415][  0]LogConfig: Applying CVar settings from Section [/Script/Engine.RendererSettings] File [C:/Users/Juan Pablo/Documents/Unreal Projects/AI/PathSearch/Saved/Config/Windows/Engine.ini]
[2019.02.02-23.22.02:415][  0]LogConfig: Setting CVar [[r.GPUCrashDebugging:0]]
[2019.02.02-23.22.02:415][  0]LogConfig: Applying CVar settings from Section [/Script/Engine.RendererOverrideSettings] File [C:/Users/Juan Pablo/Documents/Unreal Projects/AI/PathSearch/Saved/Config/Windows/Engine.ini]
[2019.02.02-23.22.02:415][  0]LogConfig: Applying CVar settings from Section [/Script/Engine.StreamingSettings] File [C:/Users/Juan Pablo/Documents/Unreal Projects/AI/PathSearch/Saved/Config/Windows/Engine.ini]
[2019.02.02-23.22.02:415][  0]LogConfig: Setting CVar [[s.MinBulkDataSizeForAsyncLoading:131072]]
[2019.02.02-23.22.02:415][  0]LogConfig: Setting CVar [[s.AsyncLoadingThreadEnabled:0]]
[2019.02.02-23.22.02:417][  0]LogConfig: Setting CVar [[s.EventDrivenLoaderEnabled:1]]
[2019.02.02-23.22.02:417][  0]LogConfig: Setting CVar [[s.WarnIfTimeLimitExceeded:0]]
[2019.02.02-23.22.02:417][  0]LogConfig: Setting CVar [[s.TimeLimitExceededMultiplier:1.5]]
[2019.02.02-23.22.02:417][  0]LogConfig: Setting CVar [[s.TimeLimitExceededMinTime:0.005]]
[2019.02.02-23.22.02:417][  0]LogConfig: Setting CVar [[s.UseBackgroundLevelStreaming:1]]
[2019.02.02-23.22.02:417][  0]LogConfig: Setting CVar [[s.PriorityAsyncLoadingExtraTime:15.0]]
[2019.02.02-23.22.02:417][  0]LogConfig: Setting CVar [[s.LevelStreamingActorsUpdateTimeLimit:5.0]]
[2019.02.02-23.22.02:417][  0]LogConfig: Setting CVar [[s.PriorityLevelStreamingActorsUpdateExtraTime:5.0]]
[2019.02.02-23.22.02:417][  0]LogConfig: Setting CVar [[s.LevelStreamingComponentsRegistrationGranularity:10]]
[2019.02.02-23.22.02:417][  0]LogConfig: Setting CVar [[s.UnregisterComponentsTimeLimit:1.0]]
[2019.02.02-23.22.02:417][  0]LogConfig: Setting CVar [[s.LevelStreamingComponentsUnregistrationGranularity:5]]
[2019.02.02-23.22.02:417][  0]LogConfig: Applying CVar settings from Section [/Script/Engine.GarbageCollectionSettings] File [C:/Users/Juan Pablo/Documents/Unreal Projects/AI/PathSearch/Saved/Config/Windows/Engine.ini]
[2019.02.02-23.22.02:418][  0]LogConfig: Setting CVar [[gc.MaxObjectsNotConsideredByGC:1]]
[2019.02.02-23.22.02:418][  0]LogConfig: Setting CVar [[gc.SizeOfPermanentObjectPool:0]]
[2019.02.02-23.22.02:418][  0]LogConfig: Setting CVar [[gc.FlushStreamingOnGC:0]]
[2019.02.02-23.22.02:418][  0]LogConfig: Setting CVar [[gc.NumRetriesBeforeForcingGC:10]]
[2019.02.02-23.22.02:419][  0]LogConfig: Setting CVar [[gc.AllowParallelGC:1]]
[2019.02.02-23.22.02:419][  0]LogConfig: Setting CVar [[gc.TimeBetweenPurgingPendingKillObjects:61.1]]
[2019.02.02-23.22.02:419][  0]LogConfig: Setting CVar [[gc.MaxObjectsInEditor:8388607]]
[2019.02.02-23.22.02:419][  0]LogConfig: Setting CVar [[gc.IncrementalBeginDestroyEnabled:1]]
[2019.02.02-23.22.02:419][  0]LogConfig: Setting CVar [[gc.CreateGCClusters:1]]
[2019.02.02-23.22.02:420][  0]LogConfig: Setting CVar [[gc.MergeGCClusters:0]]
[2019.02.02-23.22.02:420][  0]LogConfig: Setting CVar [[gc.MinGCClusterSize:5]]
[2019.02.02-23.22.02:420][  0]LogConfig: Setting CVar [[gc.ActorClusteringEnabled:0]]
[2019.02.02-23.22.02:420][  0]LogConfig: Setting CVar [[gc.BlueprintClusteringEnabled:0]]
[2019.02.02-23.22.02:420][  0]LogConfig: Setting CVar [[gc.UseDisregardForGCOnDedicatedServers:0]]
[2019.02.02-23.22.02:420][  0]LogConfig: Applying CVar settings from Section [/Script/Engine.NetworkSettings] File [C:/Users/Juan Pablo/Documents/Unreal Projects/AI/PathSearch/Saved/Config/Windows/Engine.ini]
[2019.02.02-23.22.02:420][  0]LogConfig: Applying CVar settings from Section [/Script/UnrealEd.CookerSettings] File [C:/Users/Juan Pablo/Documents/Unreal Projects/AI/PathSearch/Saved/Config/Windows/Engine.ini]
[2019.02.02-23.22.02:437][  0]LogConfig: Applying CVar settings from Section [ViewDistanceQuality@3] File [C:/Users/Juan Pablo/Documents/Unreal Projects/AI/PathSearch/Saved/Config/Windows/Scalability.ini]
[2019.02.02-23.22.02:437][  0]LogConfig: Setting CVar [[r.SkeletalMeshLODBias:0]]
[2019.02.02-23.22.02:437][  0]LogConfig: Setting CVar [[r.ViewDistanceScale:1.0]]
[2019.02.02-23.22.02:437][  0]LogConfig: Applying CVar settings from Section [AntiAliasingQuality@3] File [C:/Users/Juan Pablo/Documents/Unreal Projects/AI/PathSearch/Saved/Config/Windows/Scalability.ini]
[2019.02.02-23.22.02:437][  0]LogConfig: Setting CVar [[r.PostProcessAAQuality:4]]
[2019.02.02-23.22.02:437][  0]LogConfig: Applying CVar settings from Section [ShadowQuality@3] File [C:/Users/Juan Pablo/Documents/Unreal Projects/AI/PathSearch/Saved/Config/Windows/Scalability.ini]
[2019.02.02-23.22.02:437][  0]LogConfig: Setting CVar [[r.LightFunctionQuality:1]]
[2019.02.02-23.22.02:437][  0]LogConfig: Setting CVar [[r.ShadowQuality:5]]
[2019.02.02-23.22.02:438][  0]LogConfig: Setting CVar [[r.Shadow.CSM.MaxCascades:10]]
[2019.02.02-23.22.02:438][  0]LogConfig: Setting CVar [[r.Shadow.MaxResolution:2048]]
[2019.02.02-23.22.02:438][  0]LogConfig: Setting CVar [[r.Shadow.MaxCSMResolution:2048]]
[2019.02.02-23.22.02:438][  0]LogConfig: Setting CVar [[r.Shadow.RadiusThreshold:0.01]]
[2019.02.02-23.22.02:438][  0]LogConfig: Setting CVar [[r.Shadow.DistanceScale:1.0]]
[2019.02.02-23.22.02:438][  0]LogConfig: Setting CVar [[r.Shadow.CSM.TransitionScale:1.0]]
[2019.02.02-23.22.02:438][  0]LogConfig: Setting CVar [[r.Shadow.PreShadowResolutionFactor:1.0]]
[2019.02.02-23.22.02:438][  0]LogConfig: Setting CVar [[r.DistanceFieldShadowing:1]]
[2019.02.02-23.22.02:438][  0]LogConfig: Setting CVar [[r.DistanceFieldAO:1]]
[2019.02.02-23.22.02:438][  0]LogConfig: Setting CVar [[r.AOQuality:2]]
[2019.02.02-23.22.02:438][  0]LogConfig: Setting CVar [[r.VolumetricFog:1]]
[2019.02.02-23.22.02:439][  0]LogConfig: Setting CVar [[r.VolumetricFog.GridPixelSize:8]]
[2019.02.02-23.22.02:439][  0]LogConfig: Setting CVar [[r.VolumetricFog.GridSizeZ:128]]
[2019.02.02-23.22.02:439][  0]LogConfig: Setting CVar [[r.VolumetricFog.HistoryMissSupersampleCount:4]]
[2019.02.02-23.22.02:439][  0]LogConfig: Setting CVar [[r.LightMaxDrawDistanceScale:1]]
[2019.02.02-23.22.02:439][  0]LogConfig: Setting CVar [[r.CapsuleShadows:1]]
[2019.02.02-23.22.02:439][  0]LogConfig: Applying CVar settings from Section [PostProcessQuality@3] File [C:/Users/Juan Pablo/Documents/Unreal Projects/AI/PathSearch/Saved/Config/Windows/Scalability.ini]
[2019.02.02-23.22.02:439][  0]LogConfig: Setting CVar [[r.MotionBlurQuality:4]]
[2019.02.02-23.22.02:439][  0]LogConfig: Setting CVar [[r.AmbientOcclusionMipLevelFactor:0.4]]
[2019.02.02-23.22.02:439][  0]LogConfig: Setting CVar [[r.AmbientOcclusionMaxQuality:100]]
[2019.02.02-23.22.02:439][  0]LogConfig: Setting CVar [[r.AmbientOcclusionLevels:-1]]
[2019.02.02-23.22.02:439][  0]LogConfig: Setting CVar [[r.AmbientOcclusionRadiusScale:1.0]]
[2019.02.02-23.22.02:439][  0]LogConfig: Setting CVar [[r.DepthOfFieldQuality:2]]
[2019.02.02-23.22.02:440][  0]LogConfig: Setting CVar [[r.RenderTargetPoolMin:400]]
[2019.02.02-23.22.02:440][  0]LogConfig: Setting CVar [[r.LensFlareQuality:2]]
[2019.02.02-23.22.02:440][  0]LogConfig: Setting CVar [[r.SceneColorFringeQuality:1]]
[2019.02.02-23.22.02:440][  0]LogConfig: Setting CVar [[r.EyeAdaptationQuality:2]]
[2019.02.02-23.22.02:440][  0]LogConfig: Setting CVar [[r.BloomQuality:5]]
[2019.02.02-23.22.02:440][  0]LogConfig: Setting CVar [[r.FastBlurThreshold:100]]
[2019.02.02-23.22.02:440][  0]LogConfig: Setting CVar [[r.Upscale.Quality:3]]
[2019.02.02-23.22.02:440][  0]LogConfig: Setting CVar [[r.Tonemapper.GrainQuantization:1]]
[2019.02.02-23.22.02:440][  0]LogConfig: Setting CVar [[r.LightShaftQuality:1]]
[2019.02.02-23.22.02:440][  0]LogConfig: Setting CVar [[r.Filter.SizeScale:1]]
[2019.02.02-23.22.02:440][  0]LogConfig: Setting CVar [[r.Tonemapper.Quality:5]]
[2019.02.02-23.22.02:440][  0]LogConfig: Setting CVar [[r.DOF.Gather.AccumulatorQuality:1        ; higher gathering accumulator quality]]
[2019.02.02-23.22.02:441][  0]LogConfig: Setting CVar [[r.DOF.Gather.PostfilterMethod:1          ; Median3x3 postfilering method]]
[2019.02.02-23.22.02:441][  0]LogConfig: Setting CVar [[r.DOF.Gather.EnableBokehSettings:0       ; no bokeh simulation when gathering]]
[2019.02.02-23.22.02:441][  0]LogConfig: Setting CVar [[r.DOF.Gather.RingCount:4                 ; medium number of samples when gathering]]
[2019.02.02-23.22.02:441][  0]LogConfig: Setting CVar [[r.DOF.Scatter.ForegroundCompositing:1    ; additive foreground scattering]]
[2019.02.02-23.22.02:441][  0]LogConfig: Setting CVar [[r.DOF.Scatter.BackgroundCompositing:2    ; additive background scattering]]
[2019.02.02-23.22.02:441][  0]LogConfig: Setting CVar [[r.DOF.Scatter.EnableBokehSettings:1      ; bokeh simulation when scattering]]
[2019.02.02-23.22.02:441][  0]LogConfig: Setting CVar [[r.DOF.Scatter.MaxSpriteRatio:0.1         ; only a maximum of 10% of scattered bokeh]]
[2019.02.02-23.22.02:441][  0]LogConfig: Setting CVar [[r.DOF.Recombine.Quality:1                ; cheap slight out of focus]]
[2019.02.02-23.22.02:441][  0]LogConfig: Setting CVar [[r.DOF.Recombine.EnableBokehSettings:0    ; no bokeh simulation on slight out of focus]]
[2019.02.02-23.22.02:441][  0]LogConfig: Setting CVar [[r.DOF.TemporalAAQuality:1                ; more stable temporal accumulation]]
[2019.02.02-23.22.02:441][  0]LogConfig: Setting CVar [[r.DOF.Kernel.MaxForegroundRadius:0.025]]
[2019.02.02-23.22.02:442][  0]LogConfig: Setting CVar [[r.DOF.Kernel.MaxBackgroundRadius:0.025]]
[2019.02.02-23.22.02:442][  0]LogConfig: Applying CVar settings from Section [TextureQuality@3] File [C:/Users/Juan Pablo/Documents/Unreal Projects/AI/PathSearch/Saved/Config/Windows/Scalability.ini]
[2019.02.02-23.22.02:442][  0]LogConfig: Setting CVar [[r.Streaming.MipBias:0]]
[2019.02.02-23.22.02:442][  0]LogConfig: Setting CVar [[r.Streaming.AmortizeCPUToGPUCopy:0]]
[2019.02.02-23.22.02:442][  0]LogConfig: Setting CVar [[r.Streaming.MaxNumTexturesToStreamPerFrame:0]]
[2019.02.02-23.22.02:442][  0]LogConfig: Setting CVar [[r.Streaming.Boost:1]]
[2019.02.02-23.22.02:443][  0]LogConfig: Setting CVar [[r.MaxAnisotropy:8]]
[2019.02.02-23.22.02:443][  0]LogConfig: Setting CVar [[r.Streaming.LimitPoolSizeToVRAM:0]]
[2019.02.02-23.22.02:443][  0]LogConfig: Setting CVar [[r.Streaming.PoolSize:1000]]
[2019.02.02-23.22.02:443][  0]LogConfig: Setting CVar [[r.Streaming.MaxEffectiveScreenSize:0]]
[2019.02.02-23.22.02:443][  0]LogConfig: Applying CVar settings from Section [EffectsQuality@3] File [C:/Users/Juan Pablo/Documents/Unreal Projects/AI/PathSearch/Saved/Config/Windows/Scalability.ini]
[2019.02.02-23.22.02:443][  0]LogConfig: Setting CVar [[r.TranslucencyLightingVolumeDim:64]]
[2019.02.02-23.22.02:443][  0]LogConfig: Setting CVar [[r.RefractionQuality:2]]
[2019.02.02-23.22.02:443][  0]LogConfig: Setting CVar [[r.SSR.Quality:3]]
[2019.02.02-23.22.02:444][  0]LogConfig: Setting CVar [[r.SceneColorFormat:4]]
[2019.02.02-23.22.02:444][  0]LogConfig: Setting CVar [[r.DetailMode:2]]
[2019.02.02-23.22.02:444][  0]LogConfig: Setting CVar [[r.TranslucencyVolumeBlur:1]]
[2019.02.02-23.22.02:444][  0]LogConfig: Setting CVar [[r.MaterialQualityLevel:1 ; High quality]]
[2019.02.02-23.22.02:444][  0]LogConfig: Setting CVar [[r.SSS.Scale:1]]
[2019.02.02-23.22.02:444][  0]LogConfig: Setting CVar [[r.SSS.SampleSet:2]]
[2019.02.02-23.22.02:444][  0]LogConfig: Setting CVar [[r.SSS.Quality:1]]
[2019.02.02-23.22.02:444][  0]LogConfig: Setting CVar [[r.SSS.HalfRes:1]]
[2019.02.02-23.22.02:444][  0]LogConfig: Setting CVar [[r.EmitterSpawnRateScale:1.0]]
[2019.02.02-23.22.02:445][  0]LogConfig: Setting CVar [[r.ParticleLightQuality:2]]
[2019.02.02-23.22.02:445][  0]LogConfig: Applying CVar settings from Section [FoliageQuality@3] File [C:/Users/Juan Pablo/Documents/Unreal Projects/AI/PathSearch/Saved/Config/Windows/Scalability.ini]
[2019.02.02-23.22.02:445][  0]LogConfig: Setting CVar [[foliage.DensityScale:1.0]]
[2019.02.02-23.22.02:445][  0]LogConfig: Setting CVar [[grass.DensityScale:1.0]]
[2019.02.02-23.22.02:445][  0]LogInit: Selected Device Profile: [Windows]
[2019.02.02-23.22.02:445][  0]LogInit: Applying CVar settings loaded from the selected device profile: [Windows]
[2019.02.02-23.22.02:459][  0]LogHAL: Display: Platform has ~ 12 GB [12744183808 / 17179869184 / 12], which maps to Larger [LargestMinGB=32, LargerMinGB=12, DefaultMinGB=8, SmallerMinGB=6, SmallestMinGB=0)
[2019.02.02-23.22.02:460][  0]LogConfig: Setting CVar [[r.Vulkan.UseRealUBs:1]]
[2019.02.02-23.22.02:460][  0]LogInit: Going up to parent DeviceProfile []
[2019.02.02-23.22.02:460][  0]LogConfig: Applying CVar settings from Section [ViewDistanceQuality@2] File [C:/Users/Juan Pablo/Documents/Unreal Projects/AI/PathSearch/Saved/Config/Windows/Scalability.ini]
[2019.02.02-23.22.02:460][  0]LogConfig: Setting CVar [[r.SkeletalMeshLODBias:0]]
[2019.02.02-23.22.02:460][  0]LogConfig: Setting CVar [[r.ViewDistanceScale:0.8]]
[2019.02.02-23.22.02:460][  0]LogConfig: Applying CVar settings from Section [AntiAliasingQuality@2] File [C:/Users/Juan Pablo/Documents/Unreal Projects/AI/PathSearch/Saved/Config/Windows/Scalability.ini]
[2019.02.02-23.22.02:460][  0]LogConfig: Setting CVar [[r.PostProcessAAQuality:3]]
[2019.02.02-23.22.02:460][  0]LogConfig: Applying CVar settings from Section [ShadowQuality@2] File [C:/Users/Juan Pablo/Documents/Unreal Projects/AI/PathSearch/Saved/Config/Windows/Scalability.ini]
[2019.02.02-23.22.02:460][  0]LogConfig: Setting CVar [[r.LightFunctionQuality:1]]
[2019.02.02-23.22.02:461][  0]LogConfig: Setting CVar [[r.ShadowQuality:5]]
[2019.02.02-23.22.02:461][  0]LogConfig: Setting CVar [[r.Shadow.CSM.MaxCascades:4]]
[2019.02.02-23.22.02:461][  0]LogConfig: Setting CVar [[r.Shadow.MaxResolution:1024]]
[2019.02.02-23.22.02:461][  0]LogConfig: Setting CVar [[r.Shadow.MaxCSMResolution:2048]]
[2019.02.02-23.22.02:461][  0]LogConfig: Setting CVar [[r.Shadow.RadiusThreshold:0.04]]
[2019.02.02-23.22.02:461][  0]LogConfig: Setting CVar [[r.Shadow.DistanceScale:0.85]]
[2019.02.02-23.22.02:461][  0]LogConfig: Setting CVar [[r.Shadow.CSM.TransitionScale:0.8]]
[2019.02.02-23.22.02:461][  0]LogConfig: Setting CVar [[r.Shadow.PreShadowResolutionFactor:0.5]]
[2019.02.02-23.22.02:461][  0]LogConfig: Setting CVar [[r.DistanceFieldShadowing:1]]
[2019.02.02-23.22.02:461][  0]LogConfig: Setting CVar [[r.DistanceFieldAO:1]]
[2019.02.02-23.22.02:461][  0]LogConfig: Setting CVar [[r.AOQuality:1]]
[2019.02.02-23.22.02:461][  0]LogConfig: Setting CVar [[r.VolumetricFog:1]]
[2019.02.02-23.22.02:461][  0]LogConfig: Setting CVar [[r.VolumetricFog.GridPixelSize:16]]
[2019.02.02-23.22.02:461][  0]LogConfig: Setting CVar [[r.VolumetricFog.GridSizeZ:64]]
[2019.02.02-23.22.02:462][  0]LogConfig: Setting CVar [[r.VolumetricFog.HistoryMissSupersampleCount:4]]
[2019.02.02-23.22.02:462][  0]LogConfig: Setting CVar [[r.LightMaxDrawDistanceScale:1]]
[2019.02.02-23.22.02:462][  0]LogConfig: Setting CVar [[r.CapsuleShadows:1]]
[2019.02.02-23.22.02:462][  0]LogConfig: Applying CVar settings from Section [PostProcessQuality@2] File [C:/Users/Juan Pablo/Documents/Unreal Projects/AI/PathSearch/Saved/Config/Windows/Scalability.ini]
[2019.02.02-23.22.02:462][  0]LogConfig: Setting CVar [[r.MotionBlurQuality:3]]
[2019.02.02-23.22.02:462][  0]LogConfig: Setting CVar [[r.AmbientOcclusionMipLevelFactor:0.6]]
[2019.02.02-23.22.02:462][  0]LogConfig: Setting CVar [[r.AmbientOcclusionMaxQuality:100]]
[2019.02.02-23.22.02:462][  0]LogConfig: Setting CVar [[r.AmbientOcclusionLevels:-1]]
[2019.02.02-23.22.02:463][  0]LogConfig: Setting CVar [[r.AmbientOcclusionRadiusScale:1.5]]
[2019.02.02-23.22.02:463][  0]LogConfig: Setting CVar [[r.DepthOfFieldQuality:2]]
[2019.02.02-23.22.02:463][  0]LogConfig: Setting CVar [[r.RenderTargetPoolMin:400]]
[2019.02.02-23.22.02:463][  0]LogConfig: Setting CVar [[r.LensFlareQuality:2]]
[2019.02.02-23.22.02:463][  0]LogConfig: Setting CVar [[r.SceneColorFringeQuality:1]]
[2019.02.02-23.22.02:463][  0]LogConfig: Setting CVar [[r.EyeAdaptationQuality:2]]
[2019.02.02-23.22.02:463][  0]LogConfig: Setting CVar [[r.BloomQuality:5]]
[2019.02.02-23.22.02:463][  0]LogConfig: Setting CVar [[r.FastBlurThreshold:3]]
[2019.02.02-23.22.02:463][  0]LogConfig: Setting CVar [[r.Upscale.Quality:2]]
[2019.02.02-23.22.02:463][  0]LogConfig: Setting CVar [[r.Tonemapper.GrainQuantization:1]]
[2019.02.02-23.22.02:463][  0]LogConfig: Setting CVar [[r.LightShaftQuality:1]]
[2019.02.02-23.22.02:463][  0]LogConfig: Setting CVar [[r.Filter.SizeScale:0.8]]
[2019.02.02-23.22.02:464][  0]LogConfig: Setting CVar [[r.Tonemapper.Quality:5]]
[2019.02.02-23.22.02:464][  0]LogConfig: Setting CVar [[r.DOF.Gather.AccumulatorQuality:0        ; lower gathering accumulator quality]]
[2019.02.02-23.22.02:464][  0]LogConfig: Setting CVar [[r.DOF.Gather.PostfilterMethod:2          ; Max3x3 postfilering method]]
[2019.02.02-23.22.02:464][  0]LogConfig: Setting CVar [[r.DOF.Gather.EnableBokehSettings:0       ; no bokeh simulation when gathering]]
[2019.02.02-23.22.02:464][  0]LogConfig: Setting CVar [[r.DOF.Gather.RingCount:4                 ; medium number of samples when gathering]]
[2019.02.02-23.22.02:464][  0]LogConfig: Setting CVar [[r.DOF.Scatter.ForegroundCompositing:1    ; additive foreground scattering]]
[2019.02.02-23.22.02:464][  0]LogConfig: Setting CVar [[r.DOF.Scatter.BackgroundCompositing:1    ; no background occlusion]]
[2019.02.02-23.22.02:464][  0]LogConfig: Setting CVar [[r.DOF.Scatter.EnableBokehSettings:0      ; no bokeh simulation when scattering]]
[2019.02.02-23.22.02:464][  0]LogConfig: Setting CVar [[r.DOF.Scatter.MaxSpriteRatio:0.04        ; only a maximum of 4% of scattered bokeh]]
[2019.02.02-23.22.02:464][  0]LogConfig: Setting CVar [[r.DOF.Recombine.Quality:0                ; no slight out of focus]]
[2019.02.02-23.22.02:464][  0]LogConfig: Setting CVar [[r.DOF.TemporalAAQuality:0                ; faster temporal accumulation]]
[2019.02.02-23.22.02:464][  0]LogConfig: Setting CVar [[r.DOF.Kernel.MaxForegroundRadius:0.012   ; required because of AccumulatorQuality=0]]
[2019.02.02-23.22.02:465][  0]LogConfig: Setting CVar [[r.DOF.Kernel.MaxBackgroundRadius:0.012   ; required because of AccumulatorQuality=0]]
[2019.02.02-23.22.02:465][  0]LogConfig: Applying CVar settings from Section [TextureQuality@2] File [C:/Users/Juan Pablo/Documents/Unreal Projects/AI/PathSearch/Saved/Config/Windows/Scalability.ini]
[2019.02.02-23.22.02:465][  0]LogConfig: Setting CVar [[r.Streaming.MipBias:0]]
[2019.02.02-23.22.02:465][  0]LogConfig: Setting CVar [[r.Streaming.AmortizeCPUToGPUCopy:0]]
[2019.02.02-23.22.02:465][  0]LogConfig: Setting CVar [[r.Streaming.MaxNumTexturesToStreamPerFrame:0]]
[2019.02.02-23.22.02:465][  0]LogConfig: Setting CVar [[r.Streaming.Boost:1]]
[2019.02.02-23.22.02:465][  0]LogConfig: Setting CVar [[r.MaxAnisotropy:4]]
[2019.02.02-23.22.02:465][  0]LogConfig: Setting CVar [[r.Streaming.LimitPoolSizeToVRAM:1]]
[2019.02.02-23.22.02:465][  0]LogConfig: Setting CVar [[r.Streaming.PoolSize:800]]
[2019.02.02-23.22.02:465][  0]LogConfig: Setting CVar [[r.Streaming.MaxEffectiveScreenSize:0]]
[2019.02.02-23.22.02:466][  0]LogConfig: Applying CVar settings from Section [EffectsQuality@2] File [C:/Users/Juan Pablo/Documents/Unreal Projects/AI/PathSearch/Saved/Config/Windows/Scalability.ini]
[2019.02.02-23.22.02:466][  0]LogConfig: Setting CVar [[r.TranslucencyLightingVolumeDim:48]]
[2019.02.02-23.22.02:466][  0]LogConfig: Setting CVar [[r.RefractionQuality:2]]
[2019.02.02-23.22.02:466][  0]LogConfig: Setting CVar [[r.SSR.Quality:2]]
[2019.02.02-23.22.02:466][  0]LogConfig: Setting CVar [[r.SceneColorFormat:3]]
[2019.02.02-23.22.02:466][  0]LogConfig: Setting CVar [[r.DetailMode:1]]
[2019.02.02-23.22.02:466][  0]LogConfig: Setting CVar [[r.TranslucencyVolumeBlur:1]]
[2019.02.02-23.22.02:466][  0]LogConfig: Setting CVar [[r.MaterialQualityLevel:1 ; High quality]]
[2019.02.02-23.22.02:466][  0]LogConfig: Setting CVar [[r.SSS.Scale:1]]
[2019.02.02-23.22.02:466][  0]LogConfig: Setting CVar [[r.SSS.SampleSet:1]]
[2019.02.02-23.22.02:467][  0]LogConfig: Setting CVar [[r.SSS.Quality:-1]]
[2019.02.02-23.22.02:467][  0]LogConfig: Setting CVar [[r.SSS.HalfRes:1]]
[2019.02.02-23.22.02:467][  0]LogConfig: Setting CVar [[r.EmitterSpawnRateScale:0.5]]
[2019.02.02-23.22.02:467][  0]LogConfig: Setting CVar [[r.ParticleLightQuality:1]]
[2019.02.02-23.22.02:467][  0]LogConfig: Applying CVar settings from Section [FoliageQuality@2] File [C:/Users/Juan Pablo/Documents/Unreal Projects/AI/PathSearch/Saved/Config/Windows/Scalability.ini]
[2019.02.02-23.22.02:467][  0]LogConfig: Setting CVar [[foliage.DensityScale:0.8]]
[2019.02.02-23.22.02:467][  0]LogConfig: Setting CVar [[grass.DensityScale:0.8]]
[2019.02.02-23.22.02:467][  0]LogConfig: Applying CVar settings from Section [Startup] File [../../../Engine/Config/ConsoleVariables.ini]
[2019.02.02-23.22.02:468][  0]LogConfig: Setting CVar [[net.UseAdaptiveNetUpdateFrequency:0]]
[2019.02.02-23.22.02:468][  0]LogConfig: Applying CVar settings from Section [ConsoleVariables] File [C:/Users/Juan Pablo/Documents/Unreal Projects/AI/PathSearch/Saved/Config/Windows/Engine.ini]
[2019.02.02-23.22.02:469][  0]LogInit: Computer: DESKTOP-1MK8LI7
[2019.02.02-23.22.02:469][  0]LogInit: User: JuanPablo
[2019.02.02-23.22.02:469][  0]LogInit: CPU Page size=4096, Cores=4
[2019.02.02-23.22.02:469][  0]LogInit: High frequency timer resolution =2.531254 MHz
[2019.02.02-23.22.02:469][  0]LogMemory: Memory total: Physical=11.9GB (12GB approx)
[2019.02.02-23.22.02:470][  0]LogMemory: Platform Memory Stats for Windows
[2019.02.02-23.22.02:470][  0]LogMemory: Process Physical Memory: 103.21 MB used, 103.21 MB peak
[2019.02.02-23.22.02:470][  0]LogMemory: Process Virtual Memory: 90.25 MB used, 90.25 MB peak
[2019.02.02-23.22.02:470][  0]LogMemory: Physical Memory: 8223.12 MB used,  3930.68 MB free, 12153.80 MB total
[2019.02.02-23.22.02:470][  0]LogMemory: Virtual Memory: 4652.17 MB used,  134213072.00 MB free, 134217728.00 MB total
[2019.02.02-23.22.02:649][  0]LogInit: Overriding language with editor language configuration option (en).
[2019.02.02-23.22.02:649][  0]LogInit: Overriding locale with editor culture configuration option ().
[2019.02.02-23.22.02:649][  0]LogInit: Using OS detected locale (es-MX).
[2019.02.02-23.22.03:117][  0]LogStreaming: Display: Took  0.468s to InitEngineTextLocalization.
[2019.02.02-23.22.03:118][  0]LogInit: Setting process to per monitor DPI aware
[2019.02.02-23.22.03:231][  0]LogSlate: New Slate User Created.  User Index 0, Is Virtual User: 0
[2019.02.02-23.22.03:231][  0]LogSlate: Slate User Registered.  User Index 0, Is Virtual User: 0
[2019.02.02-23.22.03:777][  0]LogHMD: Failed to initialize OpenVR with code 110
[2019.02.02-23.22.03:777][  0]LogD3D11RHI: D3D11 adapters:
[2019.02.02-23.22.03:905][  0]LogD3D11RHI:    0. 'NVIDIA GeForce GTX 970M' (Feature Level 11_0)
[2019.02.02-23.22.03:906][  0]LogD3D11RHI:       3029/0/6076 MB DedicatedVideo/DedicatedSystem/SharedSystem, Outputs:2, VendorId:0x10de
[2019.02.02-23.22.03:954][  0]LogD3D11RHI:    1. 'Intel(R) HD Graphics 530' (Feature Level 11_0)
[2019.02.02-23.22.03:954][  0]LogD3D11RHI:       128/0/6076 MB DedicatedVideo/DedicatedSystem/SharedSystem, Outputs:0, VendorId:0x8086
[2019.02.02-23.22.03:969][  0]LogD3D11RHI:    2. 'Microsoft Basic Render Driver' (Feature Level 11_0)
[2019.02.02-23.22.03:969][  0]LogD3D11RHI:       0/0/6076 MB DedicatedVideo/DedicatedSystem/SharedSystem, Outputs:0, VendorId:0x1414
[2019.02.02-23.22.03:969][  0]LogD3D11RHI: Chosen D3D11 Adapter: 0
[2019.02.02-23.22.04:023][  0]LogD3D11RHI: Creating new Direct3DDevice
[2019.02.02-23.22.04:023][  0]LogD3D11RHI:     GPU DeviceId: 0x13d8 (for the marketing name, search the web for "GPU Device Id")
[2019.02.02-23.22.04:023][  0]LogWindows: EnumDisplayDevices:
[2019.02.02-23.22.04:024][  0]LogWindows:    0. 'Intel(R) HD Graphics 530' (P:1 D:1)
[2019.02.02-23.22.04:024][  0]LogWindows:    1. 'Intel(R) HD Graphics 530' (P:0 D:0)
[2019.02.02-23.22.04:025][  0]LogWindows:    2. 'Intel(R) HD Graphics 530' (P:0 D:0)
[2019.02.02-23.22.04:026][  0]LogWindows:    3. 'NVIDIA GeForce GTX 970M' (P:0 D:1)
[2019.02.02-23.22.04:026][  0]LogWindows: DebugString: PrimaryIsNotTheChoosenAdapter PrimaryIsNotTheChoosenAdapter PrimaryIsNotTheChoosenAdapter 
[2019.02.02-23.22.04:026][  0]LogD3D11RHI:     Adapter Name: NVIDIA GeForce GTX 970M
[2019.02.02-23.22.04:026][  0]LogD3D11RHI:   Driver Version: 417.35 (internal:25.21.14.1735, unified:417.35)
[2019.02.02-23.22.04:026][  0]LogD3D11RHI:      Driver Date: 12-11-2018
[2019.02.02-23.22.04:026][  0]LogRHI: Texture pool is 2120 MB (70% of 3029 MB)
[2019.02.02-23.22.04:093][  0]LogD3D11RHI: Async texture creation enabled
[2019.02.02-23.22.04:112][  0]LogD3D11RHI: GPU Timing Frequency: 1000.000000 (Debug: 2 2)
[2019.02.02-23.22.04:626][  0]LogTemp: Display: Loaded TP AllDesktopTargetPlatform
[2019.02.02-23.22.04:650][  0]LogTemp: Display: Loaded TP MacClientTargetPlatform
[2019.02.02-23.22.04:675][  0]LogTemp: Display: Loaded TP MacNoEditorTargetPlatform
[2019.02.02-23.22.04:699][  0]LogTemp: Display: Loaded TP MacServerTargetPlatform
[2019.02.02-23.22.04:729][  0]LogTemp: Display: Loaded TP MacTargetPlatform
[2019.02.02-23.22.04:755][  0]LogTemp: Display: Loaded TP WindowsClientTargetPlatform
[2019.02.02-23.22.04:786][  0]LogTemp: Display: Loaded TP WindowsNoEditorTargetPlatform
[2019.02.02-23.22.04:813][  0]LogTemp: Display: Loaded TP WindowsServerTargetPlatform
[2019.02.02-23.22.04:828][  0]LogTemp: Display: Loaded TP WindowsTargetPlatform
[2019.02.02-23.22.04:948][  0]LogTemp: Display: Loaded TP AndroidTargetPlatform
[2019.02.02-23.22.04:948][  0]LogTemp: Display: Loaded TP AndroidTargetPlatform
[2019.02.02-23.22.04:949][  0]LogTemp: Display: Loaded TP AndroidTargetPlatform
[2019.02.02-23.22.04:949][  0]LogTemp: Display: Loaded TP AndroidTargetPlatform
[2019.02.02-23.22.04:949][  0]LogTemp: Display: Loaded TP AndroidTargetPlatform
[2019.02.02-23.22.04:949][  0]LogTemp: Display: Loaded TP AndroidTargetPlatform
[2019.02.02-23.22.04:949][  0]LogTemp: Display: Loaded TP AndroidTargetPlatform
[2019.02.02-23.22.04:949][  0]LogTemp: Display: Loaded TP AndroidTargetPlatform
[2019.02.02-23.22.04:949][  0]LogTemp: Display: Loaded TP AndroidTargetPlatform
[2019.02.02-23.22.04:949][  0]LogTemp: Display: Loaded TP AndroidTargetPlatform
[2019.02.02-23.22.04:949][  0]LogTemp: Display: Loaded TP AndroidTargetPlatform
[2019.02.02-23.22.04:949][  0]LogTemp: Display: Loaded TP AndroidTargetPlatform
[2019.02.02-23.22.04:949][  0]LogTemp: Display: Loaded TP AndroidTargetPlatform
[2019.02.02-23.22.04:949][  0]LogTemp: Display: Loaded TP AndroidTargetPlatform
[2019.02.02-23.22.04:950][  0]LogTemp: Display: Loaded TP AndroidTargetPlatform
[2019.02.02-23.22.04:950][  0]LogTemp: Display: Loaded TP AndroidTargetPlatform
[2019.02.02-23.22.04:950][  0]LogTemp: Display: Loaded TP AndroidTargetPlatform
[2019.02.02-23.22.04:950][  0]LogTemp: Display: Loaded TP AndroidTargetPlatform
[2019.02.02-23.22.04:958][  0]LogTemp: Display: Loaded TP HTML5TargetPlatform
[2019.02.02-23.22.05:056][  0]LogTemp: Display: Loaded TP IOSTargetPlatform
[2019.02.02-23.22.05:057][  0]LogTemp: Display: Loaded TP IOSTargetPlatform
[2019.02.02-23.22.05:094][  0]LogTemp: Display: Loaded TP TVOSTargetPlatform
[2019.02.02-23.22.05:094][  0]LogTemp: Display: Loaded TP TVOSTargetPlatform
[2019.02.02-23.22.05:115][  0]LogTemp: Display: Loaded TP LinuxClientTargetPlatform
[2019.02.02-23.22.05:138][  0]LogTemp: Display: Loaded TP LinuxNoEditorTargetPlatform
[2019.02.02-23.22.05:164][  0]LogTemp: Display: Loaded TP LinuxServerTargetPlatform
[2019.02.02-23.22.05:187][  0]LogTemp: Display: Loaded TP LinuxTargetPlatform
[2019.02.02-23.22.05:257][  0]LogTemp: Display: Loaded TP LuminTargetPlatform
[2019.02.02-23.22.05:257][  0]LogTemp: Display: Loaded TP LuminTargetPlatform
[2019.02.02-23.22.05:257][  0]LogTargetPlatformManager: Display: Building Assets For Windows
[2019.02.02-23.22.05:498][  0]LogShaderCompilers: Guid format shader working directory is -24 characters bigger than the processId version (../../../../../../Users/Juan Pablo/Documents/Unreal Projects/AI/PathSearch/Intermediate/Shaders/WorkingDirectory/12884/).
[2019.02.02-23.22.05:499][  0]LogShaderCompilers: Cleaned the shader compiler working directory 'C:/Users/Juan Pablo/AppData/Local/Temp/UnrealShaderWorkingDir/510F9DC342FEBCA2A7430B83A82A10C8/'.
[2019.02.02-23.22.05:502][  0]LogXGEController: Cleaning working directory: C:/Users/Juan Pablo/AppData/Local/Temp/UnrealXGEWorkingDir/
[2019.02.02-23.22.05:503][  0]LogXGEController: Cannot use XGE Controller as Incredibuild is not installed on this machine.
[2019.02.02-23.22.05:503][  0]LogShaderCompilers: Cannot use XGE Shader Compiler as Incredibuild is not installed on this machine.
[2019.02.02-23.22.05:503][  0]LogShaderCompilers: Display: Using Local Shader Compiler.
[2019.02.02-23.22.06:436][  0]LogDerivedDataCache: Display: Max Cache Size: 512 MB
[2019.02.02-23.22.06:508][  0]LogDerivedDataCache: Loaded boot cache 0.07s 71MB C:/Users/Juan Pablo/AppData/Local/UnrealEngine/4.21/DerivedDataCache/Boot.ddc.
[2019.02.02-23.22.06:508][  0]LogDerivedDataCache: Display: Loaded Boot cache: C:/Users/Juan Pablo/AppData/Local/UnrealEngine/4.21/DerivedDataCache/Boot.ddc
[2019.02.02-23.22.06:509][  0]LogDerivedDataCache: FDerivedDataBackendGraph:  Pak pak cache file ../../../../../../Users/Juan Pablo/Documents/Unreal Projects/AI/PathSearch/DerivedDataCache/DDC.ddp not found, will not use a pak cache.
[2019.02.02-23.22.06:509][  0]LogDerivedDataCache: Unable to find inner node Pak for hierarchical cache Hierarchy.
[2019.02.02-23.22.06:509][  0]LogDerivedDataCache: FDerivedDataBackendGraph:  CompressedPak pak cache file ../../../../../../Users/Juan Pablo/Documents/Unreal Projects/AI/PathSearch/DerivedDataCache/Compressed.ddp not found, will not use a pak cache.
[2019.02.02-23.22.06:509][  0]LogDerivedDataCache: Unable to find inner node CompressedPak for hierarchical cache Hierarchy.
[2019.02.02-23.22.06:525][  0]LogDerivedDataCache: Display: Pak cache opened for reading ../../../Engine/DerivedDataCache/Compressed.ddp.
[2019.02.02-23.22.06:526][  0]LogDerivedDataCache: FDerivedDataBackendGraph:  EnterprisePak pak cache file ../../../Enterprise/DerivedDataCache/Compressed.ddp not found, will not use a pak cache.
[2019.02.02-23.22.06:526][  0]LogDerivedDataCache: Unable to find inner node EnterprisePak for hierarchical cache Hierarchy.
[2019.02.02-23.22.06:542][  0]LogDerivedDataCache: Using Local data cache path C:/Users/Juan Pablo/AppData/Local/UnrealEngine/Common/DerivedDataCache: Writable
[2019.02.02-23.22.06:542][  0]LogDerivedDataCache: Shared data cache path not found in *engine.ini, will not use an Shared cache.
[2019.02.02-23.22.06:542][  0]LogDerivedDataCache: Unable to find inner node Shared for hierarchical cache Hierarchy.
[2019.02.02-23.22.06:571][  0]LogMaterial: Verifying Global Shaders for PCD3D_SM5
[2019.02.02-23.22.06:573][  0]LogSlate: Using FreeType 2.6.0
[2019.02.02-23.22.06:577][  0]LogSlate: SlateFontServices - WITH_FREETYPE: 1, WITH_HARFBUZZ: 1
[2019.02.02-23.22.06:757][  0]LogAssetRegistry: FAssetRegistry took 0.0431 seconds to start up
[2019.02.02-23.22.07:200][  0]LogInit: Selected Device Profile: [Windows]
[2019.02.02-23.22.07:367][  0]LogSimplygon: Simplygon DLL not present - disabling.
[2019.02.02-23.22.07:384][  0]LogMeshReduction: Using SimplygonSwarm for distributed automatic mesh merging
[2019.02.02-23.22.07:385][  0]LogMeshReduction: Using ProxyLODMeshReduction for automatic mesh merging
[2019.02.02-23.22.07:385][  0]LogMeshReduction: Using QuadricMeshReduction for automatic static mesh reduction
[2019.02.02-23.22.07:385][  0]LogMeshReduction: No automatic skeletal mesh reduction module available
[2019.02.02-23.22.07:502][  0]LogNetVersion: PathSearch 1.0.0, NetCL: 4541578, EngineNetVer: 5, GameNetVer: 0 (Checksum: 4271065824)
[2019.02.02-23.22.08:190][  0]LogPackageLocalizationCache: Processed 11 localized package path(s) for 1 prioritized culture(s) in 0.058497 seconds
[2019.02.02-23.22.08:198][  0]LogUObjectArray: 39775 objects as part of root set at end of initial load.
[2019.02.02-23.22.08:199][  0]LogUObjectAllocator: 6914664 out of 0 bytes used by permanent object pool.
[2019.02.02-23.22.08:199][  0]LogUObjectArray: CloseDisregardForGC: 0/0 objects in disregard for GC pool
[2019.02.02-23.22.10:361][  0]LogTcpMessaging: Initializing TcpMessaging bridge
[2019.02.02-23.22.10:383][  0]LogUdpMessaging: Initializing bridge on interface 0.0.0.0:0 to multicast group 230.0.0.1:6666.
[2019.02.02-23.22.11:977][  0]SourceControl: Source control is disabled
[2019.02.02-23.22.11:978][  0]SourceControl: Source control is disabled
[2019.02.02-23.22.11:985][  0]SourceControl: Source control is disabled
[2019.02.02-23.22.11:993][  0]SourceControl: Source control is disabled
[2019.02.02-23.22.12:438][  0]LogAndroidPermission: UAndroidPermissionCallbackProxy::GetInstance
[2019.02.02-23.22.12:630][  0]LogOcInput: OculusInput pre-init called
[2019.02.02-23.22.12:829][  0]LogEngine: Initializing Engine...
[2019.02.02-23.22.12:830][  0]LogHMD: Failed to initialize OpenVR with code 110
[2019.02.02-23.22.12:833][  0]LogStats: UGameplayTagsManager::ConstructGameplayTagTree: ImportINI prefixes -  0.000 s
[2019.02.02-23.22.12:833][  0]LogStats: UGameplayTagsManager::ConstructGameplayTagTree: Construct from data asset -  0.000 s
[2019.02.02-23.22.12:833][  0]LogStats: UGameplayTagsManager::ConstructGameplayTagTree: ImportINI -  0.000 s
[2019.02.02-23.22.12:833][  0]LogStats: UGameplayTagsManager::ConstructGameplayTagTree: GameplayTagTreeChangedEvent.Broadcast -  0.000 s
[2019.02.02-23.22.13:145][  0]LogInit: Initializing FReadOnlyCVARCache
[2019.02.02-23.22.13:178][  0]LogAIModule: Creating AISystem for world Untitled
[2019.02.02-23.22.13:202][  0]LogInit: XAudio2 using 'Altavoces (Sound Blaster Recon3Di)' : 2 channels at 48 kHz using 32 bits per sample (channel mask 0x3)
[2019.02.02-23.22.13:236][  0]LogInit: FAudioDevice initialized.
[2019.02.02-23.22.13:237][  0]LogNetVersion: Set ProjectVersion to 1.0.0.0. Version Checksum will be recalculated on next use.
[2019.02.02-23.22.13:437][  0]LogDerivedDataCache: Saved boot cache 0.20s 71MB C:/Users/Juan Pablo/AppData/Local/UnrealEngine/4.21/DerivedDataCache/Boot.ddc.
[2019.02.02-23.22.13:445][  0]LogInit: Texture streaming: Enabled
[2019.02.02-23.22.13:507][  0]LogEngineSessionManager: EngineSessionManager initialized
[2019.02.02-23.22.13:508][  0]LogEngineSessionManager: EngineSessionManager sent abnormal shutdown report. Type=Debugger, SessionId={9C685E99-40DE-5CDE-6C22-36A6B3B5589A}
[2019.02.02-23.22.13:530][  0]LogInit: Transaction tracking system initialized
[2019.02.02-23.22.13:606][  0]BlueprintLog: New page: Editor Load
[2019.02.02-23.22.13:844][  0]LocalizationService: Localization service is disabled
[2019.02.02-23.22.14:956][  0]LogFileCache: Scanning file cache for directory 'C:/Users/Juan Pablo/Documents/Unreal Projects/AI/PathSearch/Content/' took 0.02s
[2019.02.02-23.22.14:957][  0]LogCook: Display: Max memory allowance for cook 16384mb min free memory 0mb
[2019.02.02-23.22.14:957][  0]LogCook: Display: Mobile HDR setting 1
[2019.02.02-23.22.14:957][  0]LogGameplayTags: Display: UGameplayTagsManager::DoneAddingNativeTags. DelegateIsBound: 0
[2019.02.02-23.22.14:957][  0]LogStats: UGameplayTagsManager::ConstructGameplayTagTree: ImportINI prefixes -  0.000 s
[2019.02.02-23.22.14:957][  0]LogStats: UGameplayTagsManager::ConstructGameplayTagTree: Construct from data asset -  0.000 s
[2019.02.02-23.22.14:957][  0]LogStats: UGameplayTagsManager::ConstructGameplayTagTree: ImportINI -  0.000 s
[2019.02.02-23.22.14:958][  0]LogStats: UGameplayTagsManager::ConstructGameplayTagTree: GameplayTagTreeChangedEvent.Broadcast -  0.000 s
[2019.02.02-23.22.15:345][  0]SourceControl: Source control is disabled
[2019.02.02-23.22.15:345][  0]Cmd: MAP LOAD FILE="../../../../../../Users/Juan Pablo/Documents/Unreal Projects/AI/PathSearch/Content/Levels/PathSearch.umap" TEMPLATE=0 SHOWPROGRESS=1 FEATURELEVEL=3
[2019.02.02-23.22.15:346][  0]LightingResults: New page: Lighting Build
[2019.02.02-23.22.15:352][  0]MapCheck: New page: Map Check
[2019.02.02-23.22.15:352][  0]LightingResults: New page: Lighting Build
[2019.02.02-23.22.15:604][  0]LogAIModule: Creating AISystem for world PathSearch
[2019.02.02-23.22.15:623][  0]LogEditorServer: Finished looking for orphan Actors (0.000 secs)
[2019.02.02-23.22.15:650][  0]Cmd: MAP CHECKDEP NOCLEARLOG
[2019.02.02-23.22.15:650][  0]MapCheck: Map check complete: 0 Error(s), 0 Warning(s), took 0.258ms to complete.
[2019.02.02-23.22.15:650][  0]LogFileHelpers: Loading map 'PathSearch' took 0.306
[2019.02.02-23.22.15:828][  0]LogSlate: Updating window title bar state: overlay mode, drag disabled, window buttons hidden, title bar hidden
[2019.02.02-23.22.15:837][  0]LogSlate: Updating window title bar state: overlay mode, drag disabled, window buttons hidden, title bar hidden
[2019.02.02-23.22.15:846][  0]LogSlate: Updating window title bar state: overlay mode, drag disabled, window buttons hidden, title bar hidden
[2019.02.02-23.22.15:856][  0]LogSlate: Updating window title bar state: overlay mode, drag disabled, window buttons hidden, title bar hidden
[2019.02.02-23.22.15:873][  0]LogCollectionManager: Loaded 0 collections in 0.003323 seconds
[2019.02.02-23.22.15:929][  0]LogFileCache: Scanning file cache for directory 'C:/Users/Juan Pablo/Documents/Unreal Projects/AI/PathSearch/Saved/Collections/' took 0.01s
[2019.02.02-23.22.15:929][  0]LogFileCache: Scanning file cache for directory 'C:/Users/Juan Pablo/Documents/Unreal Projects/AI/PathSearch/Content/Developers/JuanPablo/Collections/' took 0.02s
[2019.02.02-23.22.15:929][  0]LogFileCache: Scanning file cache for directory 'C:/Users/Juan Pablo/Documents/Unreal Projects/AI/PathSearch/Content/Collections/' took 0.02s
[2019.02.02-23.22.15:929][  0]LogCollectionManager: Rebuilt the GUID cache for 0 collections in 0.000000 seconds
[2019.02.02-23.22.15:943][  0]LogContentBrowser: Native class hierarchy populated in 0.0134 seconds. Added 2664 classes and 625 folders.
[2019.02.02-23.22.15:959][  0]LogContentBrowser: Native class hierarchy updated for 'WidgetCarousel' in 0.0004 seconds. Added 0 classes and 0 folders.
[2019.02.02-23.22.15:964][  0]LogPakFile: Registered encryption key '00000000000000000000000000000000': 0 pak files mounted, 0 remain pending
[2019.02.02-23.22.15:965][  0]LogPakFile: Registered encryption key '00000000000000000000000000000000': 0 pak files mounted, 0 remain pending
[2019.02.02-23.22.15:967][  0]LogPakFile: Registered encryption key '00000000000000000000000000000000': 0 pak files mounted, 0 remain pending
[2019.02.02-23.22.15:968][  0]LogPakFile: Registered encryption key '00000000000000000000000000000000': 0 pak files mounted, 0 remain pending
[2019.02.02-23.22.15:971][  0]LogPakFile: Registered encryption key '00000000000000000000000000000000': 0 pak files mounted, 0 remain pending
[2019.02.02-23.22.15:973][  0]LogPakFile: Registered encryption key '00000000000000000000000000000000': 0 pak files mounted, 0 remain pending
[2019.02.02-23.22.15:974][  0]LogPakFile: Registered encryption key '00000000000000000000000000000000': 0 pak files mounted, 0 remain pending
[2019.02.02-23.22.15:976][  0]LogPakFile: Registered encryption key '00000000000000000000000000000000': 0 pak files mounted, 0 remain pending
[2019.02.02-23.22.15:977][  0]LogPakFile: Registered encryption key '00000000000000000000000000000000': 0 pak files mounted, 0 remain pending
[2019.02.02-23.22.15:979][  0]LogPakFile: Registered encryption key '00000000000000000000000000000000': 0 pak files mounted, 0 remain pending
[2019.02.02-23.22.15:980][  0]LogPakFile: Registered encryption key '00000000000000000000000000000000': 0 pak files mounted, 0 remain pending
[2019.02.02-23.22.15:982][  0]LogPakFile: Registered encryption key '00000000000000000000000000000000': 0 pak files mounted, 0 remain pending
[2019.02.02-23.22.15:983][  0]LogPakFile: Registered encryption key '00000000000000000000000000000000': 0 pak files mounted, 0 remain pending
[2019.02.02-23.22.15:986][  0]LogPakFile: Registered encryption key '00000000000000000000000000000000': 0 pak files mounted, 0 remain pending
[2019.02.02-23.22.15:988][  0]LogPakFile: Registered encryption key '00000000000000000000000000000000': 0 pak files mounted, 0 remain pending
[2019.02.02-23.22.15:990][  0]LogPakFile: Registered encryption key '00000000000000000000000000000000': 0 pak files mounted, 0 remain pending
[2019.02.02-23.22.15:991][  0]LogPakFile: Registered encryption key '00000000000000000000000000000000': 0 pak files mounted, 0 remain pending
[2019.02.02-23.22.15:992][  0]LogPakFile: Registered encryption key '00000000000000000000000000000000': 0 pak files mounted, 0 remain pending
[2019.02.02-23.22.15:993][  0]LogPakFile: Registered encryption key '00000000000000000000000000000000': 0 pak files mounted, 0 remain pending
[2019.02.02-23.22.15:995][  0]LogPakFile: Registered encryption key '00000000000000000000000000000000': 0 pak files mounted, 0 remain pending
[2019.02.02-23.22.15:996][  0]LogPakFile: Registered encryption key '00000000000000000000000000000000': 0 pak files mounted, 0 remain pending
[2019.02.02-23.22.15:997][  0]LogPakFile: Registered encryption key '00000000000000000000000000000000': 0 pak files mounted, 0 remain pending
[2019.02.02-23.22.15:999][  0]LogPakFile: Registered encryption key '00000000000000000000000000000000': 0 pak files mounted, 0 remain pending
[2019.02.02-23.22.16:001][  0]LogPakFile: Registered encryption key '00000000000000000000000000000000': 0 pak files mounted, 0 remain pending
[2019.02.02-23.22.16:003][  0]LogPakFile: Registered encryption key '00000000000000000000000000000000': 0 pak files mounted, 0 remain pending
[2019.02.02-23.22.16:005][  0]LogPakFile: Registered encryption key '00000000000000000000000000000000': 0 pak files mounted, 0 remain pending
[2019.02.02-23.22.16:076][  0]LogContentBrowser: Native class hierarchy updated for 'AddContentDialog' in 0.0005 seconds. Added 0 classes and 0 folders.
[2019.02.02-23.22.16:160][  0]LogSlate: Took 0.001302 seconds to synchronously load lazily loaded font '../../../Engine/Content/Slate/Fonts/Roboto-Regular.ttf' (155K)
[2019.02.02-23.22.16:168][  0]LogSlate: Took 0.000454 seconds to synchronously load lazily loaded font '../../../Engine/Content/Slate/Fonts/Roboto-Bold.ttf' (160K)
[2019.02.02-23.22.16:173][  0]LogSlate: Took 0.001007 seconds to synchronously load lazily loaded font '../../../Engine/Content/Editor/Slate/Fonts/FontAwesome.ttf' (139K)
[2019.02.02-23.22.16:293][  0]LogRenderer: Reallocating scene render targets to support 1172x592 Format 9 NumSamples 1 (Frame:1).
[2019.02.02-23.22.16:375][  0]LogSlate: Took 0.000700 seconds to synchronously load lazily loaded font '../../../Engine/Content/Slate/Fonts/Roboto-Light.ttf' (167K)
[2019.02.02-23.22.16:550][  0]LogContentBrowser: Native class hierarchy updated for 'HierarchicalLODOutliner' in 0.0010 seconds. Added 0 classes and 0 folders.
[2019.02.02-23.22.16:551][  0]LogLoad: (Engine Initialization) Total time: 17.10 seconds
[2019.02.02-23.22.16:551][  0]LogLoad: (Engine Initialization) Total Blueprint compile time: 0.00 seconds
[2019.02.02-23.22.16:571][  0]LogWindowsTextInputMethodSystem: Display: IME system now deactivated.
[2019.02.02-23.22.16:625][  0]LogContentStreaming: Texture pool size now 800 MB
[2019.02.02-23.22.16:679][  1]LogAssetRegistry: Asset discovery search completed in 9.9524 seconds
[2019.02.02-23.22.16:683][  1]LogCollectionManager: Rebuilt the object cache for 0 collections in 0.000000 seconds (found 0 objects)
[2019.02.02-23.22.16:683][  1]LogCollectionManager: Fixed up redirectors for 0 collections in 0.000305 seconds (updated 0 objects)
[2019.02.02-23.22.21:035][258]LogSlate: FSceneViewport::OnFocusLost() reason 0
[2019.02.02-23.22.21:117][263]LogTemp: Repeating last play command: Selected Viewport
[2019.02.02-23.22.21:130][263]LogBlueprintUserMessages: Early PlayInEditor Detection: Level '/Game/Levels/PathSearch.PathSearch:PersistentLevel' has LevelScriptBlueprint '/Game/Levels/PathSearch.PathSearch:PersistentLevel.PathSearch' with GeneratedClass '/Game/Levels/PathSearch.PathSearch_C' with ClassGeneratedBy '/Game/Levels/PathSearch.PathSearch:PersistentLevel.PathSearch'
[2019.02.02-23.22.21:130][263]LogPlayLevel: PlayLevel: No blueprints needed recompiling
[2019.02.02-23.22.21:131][263]PIE: New page: PIE session: PathSearch (02/02/2019 11:22:21)
[2019.02.02-23.22.21:149][263]LogPlayLevel: Creating play world package: /Game/Levels/UEDPIE_0_PathSearch
[2019.02.02-23.22.21:155][263]LogPlayLevel: PIE: StaticDuplicateObject took: (0.005642s)
[2019.02.02-23.22.21:157][263]LogAIModule: Creating AISystem for world PathSearch
[2019.02.02-23.22.21:157][263]LogPlayLevel: PIE: World Init took: (0.001392s)
[2019.02.02-23.22.21:157][263]LogPlayLevel: PIE: Created PIE world by copying editor world from /Game/Levels/PathSearch.PathSearch to /Game/Levels/UEDPIE_0_PathSearch.PathSearch (0.008423s)
[2019.02.02-23.22.21:193][263]LogInit: XAudio2 using 'Altavoces (Sound Blaster Recon3Di)' : 2 channels at 48 kHz using 32 bits per sample (channel mask 0x3)
[2019.02.02-23.22.21:213][263]LogInit: FAudioDevice initialized.
[2019.02.02-23.22.21:269][263]LogLoad: Game class is 'BP_GameMode_C'
[2019.02.02-23.22.21:271][263]LogWorld: Bringing World /Game/Levels/UEDPIE_0_PathSearch.PathSearch up for play (max tick rate 60) at 2019.02.02-17.22.21
[2019.02.02-23.22.21:272][263]LogWorld: Bringing up level for play took: 0.000888
[2019.02.02-23.22.21:297][263]LogContentBrowser: Native class hierarchy updated for 'MovieSceneCapture' in 0.0005 seconds. Added 20 classes and 0 folders.
[2019.02.02-23.22.21:298][263]LogTemp: Warning: Init called
[2019.02.02-23.22.21:298][263]LogTemp: Warning: Couldn't find player
[2019.02.02-23.22.21:298][263]LogTemp: Warning: Init called
[2019.02.02-23.22.21:299][263]LogTemp: Warning: Couldn't find player
[2019.02.02-23.22.21:299][263]LogTemp: Warning: Init called
[2019.02.02-23.22.21:299][263]LogTemp: Warning: Couldn't find player
[2019.02.02-23.22.21:299][263]LogTemp: Warning: Init called
[2019.02.02-23.22.21:299][263]LogTemp: Warning: Couldn't find player
[2019.02.02-23.22.21:300][263]LogTemp: Warning: Init called
[2019.02.02-23.22.21:300][263]LogTemp: Warning: Couldn't find player
[2019.02.02-23.22.21:300][263]LogTemp: Warning: Init called
[2019.02.02-23.22.21:300][263]LogTemp: Warning: Couldn't find player
[2019.02.02-23.22.21:300][263]LogTemp: Warning: Init called
[2019.02.02-23.22.21:300][263]LogTemp: Warning: Couldn't find player
[2019.02.02-23.22.21:301][263]LogTemp: Warning: Init called
[2019.02.02-23.22.21:301][263]LogTemp: Warning: Couldn't find player
[2019.02.02-23.22.21:305][263]LogTemp: Warning: Prob: 8
[2019.02.02-23.22.21:305][263]LogTemp: Warning: Prob: 10
[2019.02.02-23.22.21:306][263]LogTemp: Warning: Prob: 7
[2019.02.02-23.22.21:306][263]LogTemp: Warning: Prob: 3
[2019.02.02-23.22.21:307][263]LogTemp: Warning: Prob: 8
[2019.02.02-23.22.21:308][263]LogTemp: Warning: Prob: 5
[2019.02.02-23.22.21:308][263]LogTemp: Warning: Prob: 6
[2019.02.02-23.22.21:309][263]LogTemp: Warning: Prob: 9
[2019.02.02-23.22.21:309][263]LogTemp: Warning: Prob: 10
[2019.02.02-23.22.21:310][263]LogTemp: Warning: Prob: 2
[2019.02.02-23.22.21:310][263]LogTemp: Warning: Prob: 2
[2019.02.02-23.22.21:311][263]LogTemp: Warning: Prob: 0
[2019.02.02-23.22.21:312][263]LogTemp: Warning: Prob: 7
[2019.02.02-23.22.21:313][263]LogTemp: Warning: Prob: 6
[2019.02.02-23.22.21:313][263]LogTemp: Warning: Prob: 9
[2019.02.02-23.22.21:314][263]LogTemp: Warning: Prob: 3
[2019.02.02-23.22.21:314][263]LogTemp: Warning: Prob: 4
[2019.02.02-23.22.21:315][263]LogTemp: Warning: Prob: 1
[2019.02.02-23.22.21:315][263]LogTemp: Warning: Prob: 3
[2019.02.02-23.22.21:316][263]LogTemp: Warning: Prob: 2
[2019.02.02-23.22.21:316][263]LogTemp: Warning: Prob: 10
[2019.02.02-23.22.21:317][263]LogTemp: Warning: Prob: 1
[2019.02.02-23.22.21:318][263]LogTemp: Warning: Prob: 0
[2019.02.02-23.22.21:318][263]LogTemp: Warning: Prob: 6
[2019.02.02-23.22.21:319][263]LogTemp: Warning: Prob: 10
[2019.02.02-23.22.21:319][263]LogTemp: Warning: Prob: 10
[2019.02.02-23.22.21:320][263]LogTemp: Warning: Prob: 8
[2019.02.02-23.22.21:321][263]LogTemp: Warning: Prob: 8
[2019.02.02-23.22.21:321][263]LogTemp: Warning: Prob: 9
[2019.02.02-23.22.21:322][263]LogTemp: Warning: Prob: 10
[2019.02.02-23.22.21:323][263]LogTemp: Warning: Prob: 6
[2019.02.02-23.22.21:324][263]LogTemp: Warning: Prob: 2
[2019.02.02-23.22.21:324][263]LogTemp: Warning: Prob: 10
[2019.02.02-23.22.21:325][263]LogTemp: Warning: Prob: 9
[2019.02.02-23.22.21:326][263]LogTemp: Warning: Prob: 1
[2019.02.02-23.22.21:326][263]LogTemp: Warning: Prob: 7
[2019.02.02-23.22.21:327][263]LogTemp: Warning: Prob: 9
[2019.02.02-23.22.21:328][263]LogTemp: Warning: Prob: 5
[2019.02.02-23.22.21:329][263]LogTemp: Warning: Prob: 3
[2019.02.02-23.22.21:329][263]LogTemp: Warning: Prob: 1
[2019.02.02-23.22.21:330][263]LogTemp: Warning: Prob: 3
[2019.02.02-23.22.21:330][263]LogTemp: Warning: Prob: 10
[2019.02.02-23.22.21:331][263]LogTemp: Warning: Prob: 1
[2019.02.02-23.22.21:332][263]LogTemp: Warning: Prob: 3
[2019.02.02-23.22.21:332][263]LogTemp: Warning: Prob: 3
[2019.02.02-23.22.21:333][263]LogTemp: Warning: Prob: 3
[2019.02.02-23.22.21:334][263]LogTemp: Warning: Prob: 0
[2019.02.02-23.22.21:334][263]LogTemp: Warning: Prob: 0
[2019.02.02-23.22.21:335][263]LogTemp: Warning: Prob: 10
[2019.02.02-23.22.21:336][263]LogTemp: Warning: Prob: 10
[2019.02.02-23.22.21:336][263]LogTemp: Warning: Prob: 0
[2019.02.02-23.22.21:337][263]LogTemp: Warning: Prob: 3
[2019.02.02-23.22.21:337][263]LogTemp: Warning: Prob: 7
[2019.02.02-23.22.21:338][263]LogTemp: Warning: Prob: 4
[2019.02.02-23.22.21:338][263]LogTemp: Warning: Prob: 9
[2019.02.02-23.22.21:339][263]LogTemp: Warning: Prob: 0
[2019.02.02-23.22.21:339][263]LogTemp: Warning: Prob: 5
[2019.02.02-23.22.21:340][263]LogTemp: Warning: Prob: 5
[2019.02.02-23.22.21:340][263]LogTemp: Warning: Prob: 2
[2019.02.02-23.22.21:340][263]LogTemp: Warning: Prob: 2
[2019.02.02-23.22.21:341][263]LogTemp: Warning: Prob: 1
[2019.02.02-23.22.21:341][263]LogTemp: Warning: Prob: 10
[2019.02.02-23.22.21:342][263]LogTemp: Warning: Prob: 10
[2019.02.02-23.22.21:342][263]LogTemp: Warning: Prob: 7
[2019.02.02-23.22.21:343][263]PIE: Play in editor start time for /Game/Levels/UEDPIE_0_PathSearch 0.797
[2019.02.02-23.22.21:343][263]LogBlueprintUserMessages: Late PlayInEditor Detection: Level '/Game/Levels/PathSearch.PathSearch:PersistentLevel' has LevelScriptBlueprint '/Game/Levels/PathSearch.PathSearch:PersistentLevel.PathSearch' with GeneratedClass '/Game/Levels/PathSearch.PathSearch_C' with ClassGeneratedBy '/Game/Levels/PathSearch.PathSearch:PersistentLevel.PathSearch'
[2019.02.02-23.22.25:146][486]LogBlueprintUserMessages: Early EndPlayMap Detection: Level '/Game/Levels/PathSearch.PathSearch:PersistentLevel' has LevelScriptBlueprint '/Game/Levels/PathSearch.PathSearch:PersistentLevel.PathSearch' with GeneratedClass '/Game/Levels/PathSearch.PathSearch_C' with ClassGeneratedBy '/Game/Levels/PathSearch.PathSearch:PersistentLevel.PathSearch'
[2019.02.02-23.22.25:147][486]LogSlate: Updating window title bar state: overlay mode, drag disabled, window buttons hidden, title bar hidden
[2019.02.02-23.22.25:188][486]LogPlayLevel: Display: Shutting down PIE online subsystems
[2019.02.02-23.22.25:188][486]LogBlueprintUserMessages: Late EndPlayMap Detection: Level '/Game/Levels/PathSearch.PathSearch:PersistentLevel' has LevelScriptBlueprint '/Game/Levels/PathSearch.PathSearch:PersistentLevel.PathSearch' with GeneratedClass '/Game/Levels/PathSearch.PathSearch_C' with ClassGeneratedBy '/Game/Levels/PathSearch.PathSearch:PersistentLevel.PathSearch'
[2019.02.02-23.22.25:233][486]LogSlate: Updating window title bar state: overlay mode, drag disabled, window buttons hidden, title bar hidden
[2019.02.02-23.22.25:248][487]LogPlayLevel: Display: Destroying online subsystem :Context_1
[2019.02.02-23.22.25:766][518]LogTemp: Repeating last play command: Selected Viewport
[2019.02.02-23.22.25:778][518]LogBlueprintUserMessages: Early PlayInEditor Detection: Level '/Game/Levels/PathSearch.PathSearch:PersistentLevel' has LevelScriptBlueprint '/Game/Levels/PathSearch.PathSearch:PersistentLevel.PathSearch' with GeneratedClass '/Game/Levels/PathSearch.PathSearch_C' with ClassGeneratedBy '/Game/Levels/PathSearch.PathSearch:PersistentLevel.PathSearch'
[2019.02.02-23.22.25:779][518]LogPlayLevel: PlayLevel: No blueprints needed recompiling
[2019.02.02-23.22.25:779][518]PIE: New page: PIE session: PathSearch (02/02/2019 11:22:25)
[2019.02.02-23.22.25:780][518]LogPlayLevel: Creating play world package: /Game/Levels/UEDPIE_0_PathSearch
[2019.02.02-23.22.25:787][518]LogPlayLevel: PIE: StaticDuplicateObject took: (0.006536s)
[2019.02.02-23.22.25:788][518]LogAIModule: Creating AISystem for world PathSearch
[2019.02.02-23.22.25:788][518]LogPlayLevel: PIE: World Init took: (0.001004s)
[2019.02.02-23.22.25:788][518]LogPlayLevel: PIE: Created PIE world by copying editor world from /Game/Levels/PathSearch.PathSearch to /Game/Levels/UEDPIE_0_PathSearch.PathSearch (0.008393s)
[2019.02.02-23.22.25:822][518]LogInit: XAudio2 using 'Altavoces (Sound Blaster Recon3Di)' : 2 channels at 48 kHz using 32 bits per sample (channel mask 0x3)
[2019.02.02-23.22.25:837][518]LogInit: FAudioDevice initialized.
[2019.02.02-23.22.25:877][518]LogLoad: Game class is 'BP_GameMode_C'
[2019.02.02-23.22.25:878][518]LogWorld: Bringing World /Game/Levels/UEDPIE_0_PathSearch.PathSearch up for play (max tick rate 60) at 2019.02.02-17.22.25
[2019.02.02-23.22.25:879][518]LogWorld: Bringing up level for play took: 0.000819
[2019.02.02-23.22.25:895][518]LogTemp: Warning: Init called
[2019.02.02-23.22.25:896][518]LogTemp: Warning: Couldn't find player
[2019.02.02-23.22.25:896][518]LogTemp: Warning: Init called
[2019.02.02-23.22.25:896][518]LogTemp: Warning: Couldn't find player
[2019.02.02-23.22.25:896][518]LogTemp: Warning: Init called
[2019.02.02-23.22.25:896][518]LogTemp: Warning: Couldn't find player
[2019.02.02-23.22.25:896][518]LogTemp: Warning: Init called
[2019.02.02-23.22.25:897][518]LogTemp: Warning: Couldn't find player
[2019.02.02-23.22.25:897][518]LogTemp: Warning: Init called
[2019.02.02-23.22.25:897][518]LogTemp: Warning: Couldn't find player
[2019.02.02-23.22.25:897][518]LogTemp: Warning: Init called
[2019.02.02-23.22.25:897][518]LogTemp: Warning: Couldn't find player
[2019.02.02-23.22.25:897][518]LogTemp: Warning: Init called
[2019.02.02-23.22.25:897][518]LogTemp: Warning: Couldn't find player
[2019.02.02-23.22.25:897][518]LogTemp: Warning: Init called
[2019.02.02-23.22.25:898][518]LogTemp: Warning: Couldn't find player
[2019.02.02-23.22.25:901][518]LogTemp: Warning: Prob: 6
[2019.02.02-23.22.25:902][518]LogTemp: Warning: Prob: 8
[2019.02.02-23.22.25:902][518]LogTemp: Warning: Prob: 7
[2019.02.02-23.22.25:903][518]LogTemp: Warning: Prob: 9
[2019.02.02-23.22.25:904][518]LogTemp: Warning: Prob: 7
[2019.02.02-23.22.25:905][518]LogTemp: Warning: Prob: 5
[2019.02.02-23.22.25:905][518]LogTemp: Warning: Prob: 8
[2019.02.02-23.22.25:906][518]LogTemp: Warning: Prob: 0
[2019.02.02-23.22.25:906][518]LogTemp: Warning: Prob: 3
[2019.02.02-23.22.25:907][518]LogTemp: Warning: Prob: 6
[2019.02.02-23.22.25:908][518]LogTemp: Warning: Prob: 5
[2019.02.02-23.22.25:908][518]LogTemp: Warning: Prob: 9
[2019.02.02-23.22.25:909][518]LogTemp: Warning: Prob: 8
[2019.02.02-23.22.25:909][518]LogTemp: Warning: Prob: 0
[2019.02.02-23.22.25:910][518]LogTemp: Warning: Prob: 6
[2019.02.02-23.22.25:911][518]LogTemp: Warning: Prob: 1
[2019.02.02-23.22.25:911][518]LogTemp: Warning: Prob: 9
[2019.02.02-23.22.25:912][518]LogTemp: Warning: Prob: 7
[2019.02.02-23.22.25:912][518]LogTemp: Warning: Prob: 7
[2019.02.02-23.22.25:913][518]LogTemp: Warning: Prob: 10
[2019.02.02-23.22.25:914][518]LogTemp: Warning: Prob: 7
[2019.02.02-23.22.25:914][518]LogTemp: Warning: Prob: 7
[2019.02.02-23.22.25:915][518]LogTemp: Warning: Prob: 7
[2019.02.02-23.22.25:915][518]LogTemp: Warning: Prob: 8
[2019.02.02-23.22.25:916][518]LogTemp: Warning: Prob: 9
[2019.02.02-23.22.25:916][518]LogTemp: Warning: Prob: 4
[2019.02.02-23.22.25:917][518]LogTemp: Warning: Prob: 9
[2019.02.02-23.22.25:918][518]LogTemp: Warning: Prob: 9
[2019.02.02-23.22.25:918][518]LogTemp: Warning: Prob: 1
[2019.02.02-23.22.25:919][518]LogTemp: Warning: Prob: 1
[2019.02.02-23.22.25:919][518]LogTemp: Warning: Prob: 7
[2019.02.02-23.22.25:920][518]LogTemp: Warning: Prob: 3
[2019.02.02-23.22.25:920][518]LogTemp: Warning: Prob: 5
[2019.02.02-23.22.25:921][518]LogTemp: Warning: Prob: 0
[2019.02.02-23.22.25:921][518]LogTemp: Warning: Prob: 9
[2019.02.02-23.22.25:922][518]LogTemp: Warning: Prob: 2
[2019.02.02-23.22.25:923][518]LogTemp: Warning: Prob: 5
[2019.02.02-23.22.25:923][518]LogTemp: Warning: Prob: 0
[2019.02.02-23.22.25:924][518]LogTemp: Warning: Prob: 1
[2019.02.02-23.22.25:924][518]LogTemp: Warning: Prob: 6
[2019.02.02-23.22.25:925][518]LogTemp: Warning: Prob: 6
[2019.02.02-23.22.25:926][518]LogTemp: Warning: Prob: 0
[2019.02.02-23.22.25:926][518]LogTemp: Warning: Prob: 7
[2019.02.02-23.22.25:927][518]LogTemp: Warning: Prob: 3
[2019.02.02-23.22.25:927][518]LogTemp: Warning: Prob: 9
[2019.02.02-23.22.25:928][518]LogTemp: Warning: Prob: 4
[2019.02.02-23.22.25:928][518]LogTemp: Warning: Prob: 4
[2019.02.02-23.22.25:929][518]LogTemp: Warning: Prob: 4
[2019.02.02-23.22.25:929][518]LogTemp: Warning: Prob: 2
[2019.02.02-23.22.25:930][518]LogTemp: Warning: Prob: 3
[2019.02.02-23.22.25:930][518]LogTemp: Warning: Prob: 10
[2019.02.02-23.22.25:931][518]LogTemp: Warning: Prob: 0
[2019.02.02-23.22.25:931][518]LogTemp: Warning: Prob: 8
[2019.02.02-23.22.25:932][518]LogTemp: Warning: Prob: 9
[2019.02.02-23.22.25:932][518]LogTemp: Warning: Prob: 1
[2019.02.02-23.22.25:933][518]LogTemp: Warning: Prob: 7
[2019.02.02-23.22.25:933][518]LogTemp: Warning: Prob: 10
[2019.02.02-23.22.25:934][518]LogTemp: Warning: Prob: 0
[2019.02.02-23.22.25:934][518]LogTemp: Warning: Prob: 7
[2019.02.02-23.22.25:935][518]LogTemp: Warning: Prob: 8
[2019.02.02-23.22.25:935][518]LogTemp: Warning: Prob: 0
[2019.02.02-23.22.25:936][518]LogTemp: Warning: Prob: 3
[2019.02.02-23.22.25:936][518]LogTemp: Warning: Prob: 7
[2019.02.02-23.22.25:937][518]LogTemp: Warning: Prob: 4
[2019.02.02-23.22.25:938][518]PIE: Play in editor start time for /Game/Levels/UEDPIE_0_PathSearch -0.608
[2019.02.02-23.22.25:938][518]LogBlueprintUserMessages: Late PlayInEditor Detection: Level '/Game/Levels/PathSearch.PathSearch:PersistentLevel' has LevelScriptBlueprint '/Game/Levels/PathSearch.PathSearch:PersistentLevel.PathSearch' with GeneratedClass '/Game/Levels/PathSearch.PathSearch_C' with ClassGeneratedBy '/Game/Levels/PathSearch.PathSearch:PersistentLevel.PathSearch'
[2019.02.02-23.22.29:249][714]LogTemp: Warning: Init called
