Log file open, 01/26/19 20:32:43
LogWindows: Failed to load 'aqProf.dll' (GetLastError=126)
LogWindows: File 'aqProf.dll' does not exist
LogWindows: Failed to load 'VtuneApi.dll' (GetLastError=126)
LogWindows: File 'VtuneApi.dll' does not exist
LogWindows: Failed to load 'VtuneApi32e.dll' (GetLastError=126)
LogWindows: File 'VtuneApi32e.dll' does not exist
LogConsoleResponse: Display: Failed to find resolution value strings in scalability ini. Falling back to default.
LogInit: Display: Running engine for game: PathSearch
LogPakFile: Registered encryption key '00000000000000000000000000000000': 0 pak files mounted, 0 remain pending
LogPlatformFile: Not using cached read wrapper
LogTaskGraph: Started task graph with 5 named threads and 23 total threads with 3 sets of task threads.
LogStats: Stats thread started at 0.491793
LogD3D11RHI: Loaded GFSDK_Aftermath_Lib.x64.dll
LogICUInternationalization: ICU TimeZone Detection - Raw Offset: -6:00, Platform Override: ''
LogPluginManager: Mounting plugin Paper2D
LogPluginManager: Mounting plugin AISupport
LogPluginManager: Mounting plugin LightPropagationVolume
LogPluginManager: Mounting plugin ActorLayerUtilities
LogPluginManager: Mounting plugin CLionSourceCodeAccess
LogPluginManager: Mounting plugin CodeLiteSourceCodeAccess
LogPluginManager: Mounting plugin GitSourceControl
LogPluginManager: Mounting plugin KDevelopSourceCodeAccess
LogPluginManager: Mounting plugin NullSourceCodeAccess
LogPluginManager: Mounting plugin PerforceSourceControl
LogPluginManager: Mounting plugin SubversionSourceControl
LogPluginManager: Mounting plugin UObjectPlugin
LogPluginManager: Mounting plugin VisualStudioCodeSourceCodeAccess
LogPluginManager: Mounting plugin VisualStudioSourceCodeAccess
LogPluginManager: Mounting plugin XCodeSourceCodeAccess
LogPluginManager: Mounting plugin AssetManagerEditor
LogPluginManager: Mounting plugin CryptoKeys
LogPluginManager: Mounting plugin DataValidation
LogPluginManager: Mounting plugin FacialAnimation
LogPluginManager: Mounting plugin GameplayTagsEditor
LogPluginManager: Mounting plugin MacGraphicsSwitching
LogPluginManager: Mounting plugin MeshEditor
LogPluginManager: Mounting plugin MobileLauncherProfileWizard
LogPluginManager: Mounting plugin PluginBrowser
LogPluginManager: Mounting plugin SpeedTreeImporter
LogPluginManager: Mounting plugin DatasmithContent
LogPluginManager: Mounting plugin VariantManagerContent
LogPluginManager: Mounting plugin AlembicImporter
LogPluginManager: Mounting plugin AppleImageUtils
LogPluginManager: Mounting plugin AppleVision
LogPluginManager: Mounting plugin BackChannel
LogPluginManager: Mounting plugin CharacterAI
LogPluginManager: Mounting plugin GeometryCache
LogPluginManager: Mounting plugin HTML5Networking
LogPluginManager: Mounting plugin ProxyLODPlugin
LogPluginManager: Mounting plugin MagicLeap
LogPluginManager: Mounting plugin MagicLeapMedia
LogPluginManager: Mounting plugin AndroidMedia
LogPluginManager: Mounting plugin AvfMedia
LogPluginManager: Mounting plugin ImgMedia
LogPluginManager: Mounting plugin LinearTimecode
LogPluginManager: Mounting plugin MediaCompositing
LogPluginManager: Mounting plugin MediaPlayerEditor
LogPluginManager: Mounting plugin WebMMedia
LogPluginManager: Mounting plugin WmfMedia
LogPluginManager: Mounting plugin TcpMessaging
LogPluginManager: Mounting plugin UdpMessaging
LogPluginManager: Mounting plugin ActorSequence
LogPluginManager: Mounting plugin LevelSequenceEditor
LogPluginManager: Mounting plugin MatineeToLevelSequence
LogPluginManager: Mounting plugin NetcodeUnitTest
LogPluginManager: Mounting plugin NUTUnrealEngine4
LogPluginManager: Mounting plugin OnlineSubsystemGooglePlay
LogPluginManager: Mounting plugin OnlineSubsystemIOS
LogPluginManager: Mounting plugin OnlineSubsystem
LogPluginManager: Mounting plugin OnlineSubsystemNull
LogPluginManager: Mounting plugin OnlineSubsystemUtils
LogPluginManager: Mounting plugin LauncherChunkInstaller
LogPluginManager: Mounting plugin AndroidDeviceProfileSelector
LogPluginManager: Mounting plugin AndroidMoviePlayer
LogPluginManager: Mounting plugin AndroidPermission
LogPluginManager: Mounting plugin AppleMoviePlayer
LogPluginManager: Mounting plugin ArchVisCharacter
LogPluginManager: Mounting plugin AudioCapture
LogPluginManager: Mounting plugin CableComponent
LogPluginManager: Mounting plugin CustomMeshComponent
LogPluginManager: Mounting plugin EditableMesh
LogPluginManager: Mounting plugin ExampleDeviceProfileSelector
LogPluginManager: Mounting plugin Firebase
LogPluginManager: Mounting plugin GoogleCloudMessaging
LogPluginManager: Mounting plugin IOSDeviceProfileSelector
LogPluginManager: Mounting plugin LinuxDeviceProfileSelector
LogPluginManager: Mounting plugin LocationServicesBPLibrary
LogPluginManager: Mounting plugin MobilePatchingUtils
LogPluginManager: Mounting plugin OculusVR
LogPluginManager: Mounting plugin PhysXVehicles
LogPluginManager: Mounting plugin ProceduralMeshComponent
LogPluginManager: Mounting plugin RuntimePhysXCooking
LogPluginManager: Mounting plugin SteamVR
LogPluginManager: Mounting plugin WebMMoviePlayer
LogPluginManager: Mounting plugin WindowsMoviePlayer
LogStreaming: Display: Took  0.194s to configure plugins.
LogInit: Using libcurl 7.55.1-DEV
LogInit:  - built for x86_64-pc-win32
LogInit:  - supports SSL with OpenSSL/1.0.2h
LogInit:  - supports HTTP deflate (compression) using libz 1.2.8
LogInit:  - other features:
LogInit:      CURL_VERSION_SSL
LogInit:      CURL_VERSION_LIBZ
LogInit:      CURL_VERSION_IPV6
LogInit:      CURL_VERSION_ASYNCHDNS
LogInit:      CURL_VERSION_LARGEFILE
LogInit:      CURL_VERSION_IDN
LogInit:  CurlRequestOptions (configurable via config and command line):
LogInit:  - bVerifyPeer = true  - Libcurl will verify peer certificate
LogInit:  - bUseHttpProxy = false  - Libcurl will NOT use HTTP proxy
LogInit:  - bDontReuseConnections = false  - Libcurl will reuse connections
LogInit:  - MaxHostConnections = 16  - Libcurl will limit the number of connections to a host
LogInit:  - LocalHostAddr = Default
LogInit:  - BufferSize = 65536
LogInit: WinSock: version 1.1 (2.2), MaxSocks=32767, MaxUdp=65467
LogInit: Build: ++UE4+Release-4.21-CL-4753647
LogInit: Engine Version: 4.21.2-4753647+++UE4+Release-4.21
LogInit: Compatible Engine Version: 4.21.0-4541578+++UE4+Release-4.21
LogInit: Net CL: 4541578
LogInit: OS: Windows 10 (), CPU: Intel(R) Core(TM) i7-6700HQ CPU @ 2.60GHz, GPU: Intel(R) HD Graphics 530
LogInit: Compiled (64-bit): Jan 19 2019 02:07:31
LogInit: Compiled with Visual C++: 19.13.26129.00
LogInit: Build Configuration: Development
LogInit: Branch Name: ++UE4+Release-4.21
LogInit: Command Line:  -skipcompile
LogInit: Base Directory: C:/Program Files/Epic Games/UE_4.21/Engine/Binaries/Win64/
LogInit: Installed Engine Build: 1
LogDevObjectVersion: Number of dev versions registered: 22
LogDevObjectVersion:   Dev-Blueprints (B0D832E4-1F89-4F0D-ACCF-7EB736FD4AA2): 10
LogDevObjectVersion:   Dev-Build (E1C64328-A22C-4D53-A36C-8E866417BD8C): 0
LogDevObjectVersion:   Dev-Core (375EC13C-06E4-48FB-B500-84F0262A717E): 2
LogDevObjectVersion:   Dev-Editor (E4B068ED-F494-42E9-A231-DA0B2E46BB41): 26
LogDevObjectVersion:   Dev-Framework (CFFC743F-43B0-4480-9391-14DF171D2073): 34
LogDevObjectVersion:   Dev-Mobile (B02B49B5-BB20-44E9-A304-32B752E40360): 2
LogDevObjectVersion:   Dev-Networking (A4E4105C-59A1-49B5-A7C5-40C4547EDFEE): 0
LogDevObjectVersion:   Dev-Online (39C831C9-5AE6-47DC-9A44-9C173E1C8E7C): 0
LogDevObjectVersion:   Dev-Physics (78F01B33-EBEA-4F98-B9B4-84EACCB95AA2): 0
LogDevObjectVersion:   Dev-Platform (6631380F-2D4D-43E0-8009-CF276956A95A): 0
LogDevObjectVersion:   Dev-Rendering (12F88B9F-8875-4AFC-A67C-D90C383ABD29): 27
LogDevObjectVersion:   Dev-Sequencer (7B5AE74C-D270-4C10-A958-57980B212A5A): 9
LogDevObjectVersion:   Dev-VR (D7296918-1DD6-4BDD-9DE2-64A83CC13884): 2
LogDevObjectVersion:   Dev-LoadTimes (C2A15278-BFE7-4AFE-6C17-90FF531DF755): 1
LogDevObjectVersion:   Private-Geometry (6EACA3D4-40EC-4CC1-B786-8BED09428FC5): 3
LogDevObjectVersion:   Dev-AnimPhys (29E575DD-E0A3-4627-9D10-D276232CDCEA): 17
LogDevObjectVersion:   Dev-Anim (AF43A65D-7FD3-4947-9873-3E8ED9C1BB05): 2
LogDevObjectVersion:   Dev-ReflectionCapture (6B266CEC-1EC7-4B8F-A30B-E4D90942FC07): 1
LogDevObjectVersion:   Dev-Automation (0DF73D61-A23F-47EA-B727-89E90C41499A): 1
LogDevObjectVersion:   FortniteMain (601D1886-AC64-4F84-AA16-D3DE0DEAC7D6): 17
LogDevObjectVersion:   Dev-Enterprise (9DFFBCD6-494F-0158-E221-12823C92A888): 4
LogDevObjectVersion:   Dev-Niagara (F2AED0AC-9AFE-416F-8664-AA7FFA26D6FC): 1
LogStreaming: Display: Took  0.008s to delete old logs.
LogInit: Presizing for max 8388607 objects, including 0 objects not considered by GC, pre-allocating 0 bytes for permanent pool.
LogInit: Object subsystem initialized
LogConfig: Setting CVar [[con.DebugEarlyDefault:1]]
LogConfig: Setting CVar [[r.setres:1280x720]]
[2019.01.27-02.32.44:519][  0]LogConfig: Setting CVar [[r.VSync:0]]
[2019.01.27-02.32.44:519][  0]LogConfig: Setting CVar [[r.RHICmdBypass:0]]
[2019.01.27-02.32.44:519][  0]LogConfig: Applying CVar settings from Section [/Script/Engine.RendererSettings] File [C:/Users/Juan Pablo/Documents/Unreal Projects/AI/PathSearch/Saved/Config/Windows/Engine.ini]
[2019.01.27-02.32.44:519][  0]LogConfig: Setting CVar [[r.GPUCrashDebugging:0]]
[2019.01.27-02.32.44:519][  0]LogConfig: Applying CVar settings from Section [/Script/Engine.RendererOverrideSettings] File [C:/Users/Juan Pablo/Documents/Unreal Projects/AI/PathSearch/Saved/Config/Windows/Engine.ini]
[2019.01.27-02.32.44:520][  0]LogConfig: Applying CVar settings from Section [/Script/Engine.StreamingSettings] File [C:/Users/Juan Pablo/Documents/Unreal Projects/AI/PathSearch/Saved/Config/Windows/Engine.ini]
[2019.01.27-02.32.44:520][  0]LogConfig: Setting CVar [[s.MinBulkDataSizeForAsyncLoading:131072]]
[2019.01.27-02.32.44:520][  0]LogConfig: Setting CVar [[s.AsyncLoadingThreadEnabled:0]]
[2019.01.27-02.32.44:520][  0]LogConfig: Setting CVar [[s.EventDrivenLoaderEnabled:1]]
[2019.01.27-02.32.44:520][  0]LogConfig: Setting CVar [[s.WarnIfTimeLimitExceeded:0]]
[2019.01.27-02.32.44:520][  0]LogConfig: Setting CVar [[s.TimeLimitExceededMultiplier:1.5]]
[2019.01.27-02.32.44:520][  0]LogConfig: Setting CVar [[s.TimeLimitExceededMinTime:0.005]]
[2019.01.27-02.32.44:520][  0]LogConfig: Setting CVar [[s.UseBackgroundLevelStreaming:1]]
[2019.01.27-02.32.44:520][  0]LogConfig: Setting CVar [[s.PriorityAsyncLoadingExtraTime:15.0]]
[2019.01.27-02.32.44:520][  0]LogConfig: Setting CVar [[s.LevelStreamingActorsUpdateTimeLimit:5.0]]
[2019.01.27-02.32.44:520][  0]LogConfig: Setting CVar [[s.PriorityLevelStreamingActorsUpdateExtraTime:5.0]]
[2019.01.27-02.32.44:520][  0]LogConfig: Setting CVar [[s.LevelStreamingComponentsRegistrationGranularity:10]]
[2019.01.27-02.32.44:520][  0]LogConfig: Setting CVar [[s.UnregisterComponentsTimeLimit:1.0]]
[2019.01.27-02.32.44:520][  0]LogConfig: Setting CVar [[s.LevelStreamingComponentsUnregistrationGranularity:5]]
[2019.01.27-02.32.44:521][  0]LogConfig: Applying CVar settings from Section [/Script/Engine.GarbageCollectionSettings] File [C:/Users/Juan Pablo/Documents/Unreal Projects/AI/PathSearch/Saved/Config/Windows/Engine.ini]
[2019.01.27-02.32.44:521][  0]LogConfig: Setting CVar [[gc.MaxObjectsNotConsideredByGC:1]]
[2019.01.27-02.32.44:521][  0]LogConfig: Setting CVar [[gc.SizeOfPermanentObjectPool:0]]
[2019.01.27-02.32.44:521][  0]LogConfig: Setting CVar [[gc.FlushStreamingOnGC:0]]
[2019.01.27-02.32.44:521][  0]LogConfig: Setting CVar [[gc.NumRetriesBeforeForcingGC:10]]
[2019.01.27-02.32.44:521][  0]LogConfig: Setting CVar [[gc.AllowParallelGC:1]]
[2019.01.27-02.32.44:521][  0]LogConfig: Setting CVar [[gc.TimeBetweenPurgingPendingKillObjects:61.1]]
[2019.01.27-02.32.44:521][  0]LogConfig: Setting CVar [[gc.MaxObjectsInEditor:8388607]]
[2019.01.27-02.32.44:521][  0]LogConfig: Setting CVar [[gc.IncrementalBeginDestroyEnabled:1]]
[2019.01.27-02.32.44:521][  0]LogConfig: Setting CVar [[gc.CreateGCClusters:1]]
[2019.01.27-02.32.44:521][  0]LogConfig: Setting CVar [[gc.MergeGCClusters:0]]
[2019.01.27-02.32.44:521][  0]LogConfig: Setting CVar [[gc.MinGCClusterSize:5]]
[2019.01.27-02.32.44:522][  0]LogConfig: Setting CVar [[gc.ActorClusteringEnabled:0]]
[2019.01.27-02.32.44:522][  0]LogConfig: Setting CVar [[gc.BlueprintClusteringEnabled:0]]
[2019.01.27-02.32.44:522][  0]LogConfig: Setting CVar [[gc.UseDisregardForGCOnDedicatedServers:0]]
[2019.01.27-02.32.44:522][  0]LogConfig: Applying CVar settings from Section [/Script/Engine.NetworkSettings] File [C:/Users/Juan Pablo/Documents/Unreal Projects/AI/PathSearch/Saved/Config/Windows/Engine.ini]
[2019.01.27-02.32.44:522][  0]LogConfig: Applying CVar settings from Section [/Script/UnrealEd.CookerSettings] File [C:/Users/Juan Pablo/Documents/Unreal Projects/AI/PathSearch/Saved/Config/Windows/Engine.ini]
[2019.01.27-02.32.44:535][  0]LogConfig: Applying CVar settings from Section [ViewDistanceQuality@3] File [C:/Users/Juan Pablo/Documents/Unreal Projects/AI/PathSearch/Saved/Config/Windows/Scalability.ini]
[2019.01.27-02.32.44:535][  0]LogConfig: Setting CVar [[r.SkeletalMeshLODBias:0]]
[2019.01.27-02.32.44:536][  0]LogConfig: Setting CVar [[r.ViewDistanceScale:1.0]]
[2019.01.27-02.32.44:536][  0]LogConfig: Applying CVar settings from Section [AntiAliasingQuality@3] File [C:/Users/Juan Pablo/Documents/Unreal Projects/AI/PathSearch/Saved/Config/Windows/Scalability.ini]
[2019.01.27-02.32.44:536][  0]LogConfig: Setting CVar [[r.PostProcessAAQuality:4]]
[2019.01.27-02.32.44:536][  0]LogConfig: Applying CVar settings from Section [ShadowQuality@3] File [C:/Users/Juan Pablo/Documents/Unreal Projects/AI/PathSearch/Saved/Config/Windows/Scalability.ini]
[2019.01.27-02.32.44:536][  0]LogConfig: Setting CVar [[r.LightFunctionQuality:1]]
[2019.01.27-02.32.44:536][  0]LogConfig: Setting CVar [[r.ShadowQuality:5]]
[2019.01.27-02.32.44:536][  0]LogConfig: Setting CVar [[r.Shadow.CSM.MaxCascades:10]]
[2019.01.27-02.32.44:536][  0]LogConfig: Setting CVar [[r.Shadow.MaxResolution:2048]]
[2019.01.27-02.32.44:537][  0]LogConfig: Setting CVar [[r.Shadow.MaxCSMResolution:2048]]
[2019.01.27-02.32.44:537][  0]LogConfig: Setting CVar [[r.Shadow.RadiusThreshold:0.01]]
[2019.01.27-02.32.44:537][  0]LogConfig: Setting CVar [[r.Shadow.DistanceScale:1.0]]
[2019.01.27-02.32.44:537][  0]LogConfig: Setting CVar [[r.Shadow.CSM.TransitionScale:1.0]]
[2019.01.27-02.32.44:537][  0]LogConfig: Setting CVar [[r.Shadow.PreShadowResolutionFactor:1.0]]
[2019.01.27-02.32.44:537][  0]LogConfig: Setting CVar [[r.DistanceFieldShadowing:1]]
[2019.01.27-02.32.44:537][  0]LogConfig: Setting CVar [[r.DistanceFieldAO:1]]
[2019.01.27-02.32.44:537][  0]LogConfig: Setting CVar [[r.AOQuality:2]]
[2019.01.27-02.32.44:537][  0]LogConfig: Setting CVar [[r.VolumetricFog:1]]
[2019.01.27-02.32.44:537][  0]LogConfig: Setting CVar [[r.VolumetricFog.GridPixelSize:8]]
[2019.01.27-02.32.44:538][  0]LogConfig: Setting CVar [[r.VolumetricFog.GridSizeZ:128]]
[2019.01.27-02.32.44:538][  0]LogConfig: Setting CVar [[r.VolumetricFog.HistoryMissSupersampleCount:4]]
[2019.01.27-02.32.44:538][  0]LogConfig: Setting CVar [[r.LightMaxDrawDistanceScale:1]]
[2019.01.27-02.32.44:538][  0]LogConfig: Setting CVar [[r.CapsuleShadows:1]]
[2019.01.27-02.32.44:538][  0]LogConfig: Applying CVar settings from Section [PostProcessQuality@3] File [C:/Users/Juan Pablo/Documents/Unreal Projects/AI/PathSearch/Saved/Config/Windows/Scalability.ini]
[2019.01.27-02.32.44:538][  0]LogConfig: Setting CVar [[r.MotionBlurQuality:4]]
[2019.01.27-02.32.44:538][  0]LogConfig: Setting CVar [[r.AmbientOcclusionMipLevelFactor:0.4]]
[2019.01.27-02.32.44:538][  0]LogConfig: Setting CVar [[r.AmbientOcclusionMaxQuality:100]]
[2019.01.27-02.32.44:538][  0]LogConfig: Setting CVar [[r.AmbientOcclusionLevels:-1]]
[2019.01.27-02.32.44:538][  0]LogConfig: Setting CVar [[r.AmbientOcclusionRadiusScale:1.0]]
[2019.01.27-02.32.44:538][  0]LogConfig: Setting CVar [[r.DepthOfFieldQuality:2]]
[2019.01.27-02.32.44:538][  0]LogConfig: Setting CVar [[r.RenderTargetPoolMin:400]]
[2019.01.27-02.32.44:539][  0]LogConfig: Setting CVar [[r.LensFlareQuality:2]]
[2019.01.27-02.32.44:539][  0]LogConfig: Setting CVar [[r.SceneColorFringeQuality:1]]
[2019.01.27-02.32.44:539][  0]LogConfig: Setting CVar [[r.EyeAdaptationQuality:2]]
[2019.01.27-02.32.44:539][  0]LogConfig: Setting CVar [[r.BloomQuality:5]]
[2019.01.27-02.32.44:539][  0]LogConfig: Setting CVar [[r.FastBlurThreshold:100]]
[2019.01.27-02.32.44:539][  0]LogConfig: Setting CVar [[r.Upscale.Quality:3]]
[2019.01.27-02.32.44:539][  0]LogConfig: Setting CVar [[r.Tonemapper.GrainQuantization:1]]
[2019.01.27-02.32.44:539][  0]LogConfig: Setting CVar [[r.LightShaftQuality:1]]
[2019.01.27-02.32.44:539][  0]LogConfig: Setting CVar [[r.Filter.SizeScale:1]]
[2019.01.27-02.32.44:539][  0]LogConfig: Setting CVar [[r.Tonemapper.Quality:5]]
[2019.01.27-02.32.44:539][  0]LogConfig: Setting CVar [[r.DOF.Gather.AccumulatorQuality:1        ; higher gathering accumulator quality]]
[2019.01.27-02.32.44:539][  0]LogConfig: Setting CVar [[r.DOF.Gather.PostfilterMethod:1          ; Median3x3 postfilering method]]
[2019.01.27-02.32.44:539][  0]LogConfig: Setting CVar [[r.DOF.Gather.EnableBokehSettings:0       ; no bokeh simulation when gathering]]
[2019.01.27-02.32.44:540][  0]LogConfig: Setting CVar [[r.DOF.Gather.RingCount:4                 ; medium number of samples when gathering]]
[2019.01.27-02.32.44:540][  0]LogConfig: Setting CVar [[r.DOF.Scatter.ForegroundCompositing:1    ; additive foreground scattering]]
[2019.01.27-02.32.44:540][  0]LogConfig: Setting CVar [[r.DOF.Scatter.BackgroundCompositing:2    ; additive background scattering]]
[2019.01.27-02.32.44:540][  0]LogConfig: Setting CVar [[r.DOF.Scatter.EnableBokehSettings:1      ; bokeh simulation when scattering]]
[2019.01.27-02.32.44:540][  0]LogConfig: Setting CVar [[r.DOF.Scatter.MaxSpriteRatio:0.1         ; only a maximum of 10% of scattered bokeh]]
[2019.01.27-02.32.44:540][  0]LogConfig: Setting CVar [[r.DOF.Recombine.Quality:1                ; cheap slight out of focus]]
[2019.01.27-02.32.44:540][  0]LogConfig: Setting CVar [[r.DOF.Recombine.EnableBokehSettings:0    ; no bokeh simulation on slight out of focus]]
[2019.01.27-02.32.44:540][  0]LogConfig: Setting CVar [[r.DOF.TemporalAAQuality:1                ; more stable temporal accumulation]]
[2019.01.27-02.32.44:540][  0]LogConfig: Setting CVar [[r.DOF.Kernel.MaxForegroundRadius:0.025]]
[2019.01.27-02.32.44:540][  0]LogConfig: Setting CVar [[r.DOF.Kernel.MaxBackgroundRadius:0.025]]
[2019.01.27-02.32.44:540][  0]LogConfig: Applying CVar settings from Section [TextureQuality@3] File [C:/Users/Juan Pablo/Documents/Unreal Projects/AI/PathSearch/Saved/Config/Windows/Scalability.ini]
[2019.01.27-02.32.44:540][  0]LogConfig: Setting CVar [[r.Streaming.MipBias:0]]
[2019.01.27-02.32.44:540][  0]LogConfig: Setting CVar [[r.Streaming.AmortizeCPUToGPUCopy:0]]
[2019.01.27-02.32.44:541][  0]LogConfig: Setting CVar [[r.Streaming.MaxNumTexturesToStreamPerFrame:0]]
[2019.01.27-02.32.44:541][  0]LogConfig: Setting CVar [[r.Streaming.Boost:1]]
[2019.01.27-02.32.44:541][  0]LogConfig: Setting CVar [[r.MaxAnisotropy:8]]
[2019.01.27-02.32.44:541][  0]LogConfig: Setting CVar [[r.Streaming.LimitPoolSizeToVRAM:0]]
[2019.01.27-02.32.44:541][  0]LogConfig: Setting CVar [[r.Streaming.PoolSize:1000]]
[2019.01.27-02.32.44:541][  0]LogConfig: Setting CVar [[r.Streaming.MaxEffectiveScreenSize:0]]
[2019.01.27-02.32.44:541][  0]LogConfig: Applying CVar settings from Section [EffectsQuality@3] File [C:/Users/Juan Pablo/Documents/Unreal Projects/AI/PathSearch/Saved/Config/Windows/Scalability.ini]
[2019.01.27-02.32.44:541][  0]LogConfig: Setting CVar [[r.TranslucencyLightingVolumeDim:64]]
[2019.01.27-02.32.44:541][  0]LogConfig: Setting CVar [[r.RefractionQuality:2]]
[2019.01.27-02.32.44:541][  0]LogConfig: Setting CVar [[r.SSR.Quality:3]]
[2019.01.27-02.32.44:541][  0]LogConfig: Setting CVar [[r.SceneColorFormat:4]]
[2019.01.27-02.32.44:541][  0]LogConfig: Setting CVar [[r.DetailMode:2]]
[2019.01.27-02.32.44:541][  0]LogConfig: Setting CVar [[r.TranslucencyVolumeBlur:1]]
[2019.01.27-02.32.44:541][  0]LogConfig: Setting CVar [[r.MaterialQualityLevel:1 ; High quality]]
[2019.01.27-02.32.44:542][  0]LogConfig: Setting CVar [[r.SSS.Scale:1]]
[2019.01.27-02.32.44:542][  0]LogConfig: Setting CVar [[r.SSS.SampleSet:2]]
[2019.01.27-02.32.44:542][  0]LogConfig: Setting CVar [[r.SSS.Quality:1]]
[2019.01.27-02.32.44:542][  0]LogConfig: Setting CVar [[r.SSS.HalfRes:1]]
[2019.01.27-02.32.44:542][  0]LogConfig: Setting CVar [[r.EmitterSpawnRateScale:1.0]]
[2019.01.27-02.32.44:542][  0]LogConfig: Setting CVar [[r.ParticleLightQuality:2]]
[2019.01.27-02.32.44:542][  0]LogConfig: Applying CVar settings from Section [FoliageQuality@3] File [C:/Users/Juan Pablo/Documents/Unreal Projects/AI/PathSearch/Saved/Config/Windows/Scalability.ini]
[2019.01.27-02.32.44:542][  0]LogConfig: Setting CVar [[foliage.DensityScale:1.0]]
[2019.01.27-02.32.44:542][  0]LogConfig: Setting CVar [[grass.DensityScale:1.0]]
[2019.01.27-02.32.44:542][  0]LogInit: Selected Device Profile: [Windows]
[2019.01.27-02.32.44:542][  0]LogInit: Applying CVar settings loaded from the selected device profile: [Windows]
[2019.01.27-02.32.44:556][  0]LogHAL: Display: Platform has ~ 12 GB [12744183808 / 17179869184 / 12], which maps to Larger [LargestMinGB=32, LargerMinGB=12, DefaultMinGB=8, SmallerMinGB=6, SmallestMinGB=0)
[2019.01.27-02.32.44:557][  0]LogConfig: Setting CVar [[r.Vulkan.UseRealUBs:1]]
[2019.01.27-02.32.44:557][  0]LogInit: Going up to parent DeviceProfile []
[2019.01.27-02.32.44:557][  0]LogConfig: Applying CVar settings from Section [ViewDistanceQuality@2] File [C:/Users/Juan Pablo/Documents/Unreal Projects/AI/PathSearch/Saved/Config/Windows/Scalability.ini]
[2019.01.27-02.32.44:557][  0]LogConfig: Setting CVar [[r.SkeletalMeshLODBias:0]]
[2019.01.27-02.32.44:557][  0]LogConfig: Setting CVar [[r.ViewDistanceScale:0.8]]
[2019.01.27-02.32.44:557][  0]LogConfig: Applying CVar settings from Section [AntiAliasingQuality@2] File [C:/Users/Juan Pablo/Documents/Unreal Projects/AI/PathSearch/Saved/Config/Windows/Scalability.ini]
[2019.01.27-02.32.44:557][  0]LogConfig: Setting CVar [[r.PostProcessAAQuality:3]]
[2019.01.27-02.32.44:557][  0]LogConfig: Applying CVar settings from Section [ShadowQuality@2] File [C:/Users/Juan Pablo/Documents/Unreal Projects/AI/PathSearch/Saved/Config/Windows/Scalability.ini]
[2019.01.27-02.32.44:558][  0]LogConfig: Setting CVar [[r.LightFunctionQuality:1]]
[2019.01.27-02.32.44:558][  0]LogConfig: Setting CVar [[r.ShadowQuality:5]]
[2019.01.27-02.32.44:558][  0]LogConfig: Setting CVar [[r.Shadow.CSM.MaxCascades:4]]
[2019.01.27-02.32.44:558][  0]LogConfig: Setting CVar [[r.Shadow.MaxResolution:1024]]
[2019.01.27-02.32.44:558][  0]LogConfig: Setting CVar [[r.Shadow.MaxCSMResolution:2048]]
[2019.01.27-02.32.44:558][  0]LogConfig: Setting CVar [[r.Shadow.RadiusThreshold:0.04]]
[2019.01.27-02.32.44:558][  0]LogConfig: Setting CVar [[r.Shadow.DistanceScale:0.85]]
[2019.01.27-02.32.44:558][  0]LogConfig: Setting CVar [[r.Shadow.CSM.TransitionScale:0.8]]
[2019.01.27-02.32.44:558][  0]LogConfig: Setting CVar [[r.Shadow.PreShadowResolutionFactor:0.5]]
[2019.01.27-02.32.44:558][  0]LogConfig: Setting CVar [[r.DistanceFieldShadowing:1]]
[2019.01.27-02.32.44:558][  0]LogConfig: Setting CVar [[r.DistanceFieldAO:1]]
[2019.01.27-02.32.44:559][  0]LogConfig: Setting CVar [[r.AOQuality:1]]
[2019.01.27-02.32.44:559][  0]LogConfig: Setting CVar [[r.VolumetricFog:1]]
[2019.01.27-02.32.44:559][  0]LogConfig: Setting CVar [[r.VolumetricFog.GridPixelSize:16]]
[2019.01.27-02.32.44:559][  0]LogConfig: Setting CVar [[r.VolumetricFog.GridSizeZ:64]]
[2019.01.27-02.32.44:559][  0]LogConfig: Setting CVar [[r.VolumetricFog.HistoryMissSupersampleCount:4]]
[2019.01.27-02.32.44:559][  0]LogConfig: Setting CVar [[r.LightMaxDrawDistanceScale:1]]
[2019.01.27-02.32.44:559][  0]LogConfig: Setting CVar [[r.CapsuleShadows:1]]
[2019.01.27-02.32.44:559][  0]LogConfig: Applying CVar settings from Section [PostProcessQuality@2] File [C:/Users/Juan Pablo/Documents/Unreal Projects/AI/PathSearch/Saved/Config/Windows/Scalability.ini]
[2019.01.27-02.32.44:559][  0]LogConfig: Setting CVar [[r.MotionBlurQuality:3]]
[2019.01.27-02.32.44:560][  0]LogConfig: Setting CVar [[r.AmbientOcclusionMipLevelFactor:0.6]]
[2019.01.27-02.32.44:560][  0]LogConfig: Setting CVar [[r.AmbientOcclusionMaxQuality:100]]
[2019.01.27-02.32.44:560][  0]LogConfig: Setting CVar [[r.AmbientOcclusionLevels:-1]]
[2019.01.27-02.32.44:560][  0]LogConfig: Setting CVar [[r.AmbientOcclusionRadiusScale:1.5]]
[2019.01.27-02.32.44:560][  0]LogConfig: Setting CVar [[r.DepthOfFieldQuality:2]]
[2019.01.27-02.32.44:560][  0]LogConfig: Setting CVar [[r.RenderTargetPoolMin:400]]
[2019.01.27-02.32.44:560][  0]LogConfig: Setting CVar [[r.LensFlareQuality:2]]
[2019.01.27-02.32.44:560][  0]LogConfig: Setting CVar [[r.SceneColorFringeQuality:1]]
[2019.01.27-02.32.44:560][  0]LogConfig: Setting CVar [[r.EyeAdaptationQuality:2]]
[2019.01.27-02.32.44:560][  0]LogConfig: Setting CVar [[r.BloomQuality:5]]
[2019.01.27-02.32.44:560][  0]LogConfig: Setting CVar [[r.FastBlurThreshold:3]]
[2019.01.27-02.32.44:560][  0]LogConfig: Setting CVar [[r.Upscale.Quality:2]]
[2019.01.27-02.32.44:561][  0]LogConfig: Setting CVar [[r.Tonemapper.GrainQuantization:1]]
[2019.01.27-02.32.44:561][  0]LogConfig: Setting CVar [[r.LightShaftQuality:1]]
[2019.01.27-02.32.44:561][  0]LogConfig: Setting CVar [[r.Filter.SizeScale:0.8]]
[2019.01.27-02.32.44:561][  0]LogConfig: Setting CVar [[r.Tonemapper.Quality:5]]
[2019.01.27-02.32.44:561][  0]LogConfig: Setting CVar [[r.DOF.Gather.AccumulatorQuality:0        ; lower gathering accumulator quality]]
[2019.01.27-02.32.44:561][  0]LogConfig: Setting CVar [[r.DOF.Gather.PostfilterMethod:2          ; Max3x3 postfilering method]]
[2019.01.27-02.32.44:561][  0]LogConfig: Setting CVar [[r.DOF.Gather.EnableBokehSettings:0       ; no bokeh simulation when gathering]]
[2019.01.27-02.32.44:561][  0]LogConfig: Setting CVar [[r.DOF.Gather.RingCount:4                 ; medium number of samples when gathering]]
[2019.01.27-02.32.44:561][  0]LogConfig: Setting CVar [[r.DOF.Scatter.ForegroundCompositing:1    ; additive foreground scattering]]
[2019.01.27-02.32.44:562][  0]LogConfig: Setting CVar [[r.DOF.Scatter.BackgroundCompositing:1    ; no background occlusion]]
[2019.01.27-02.32.44:562][  0]LogConfig: Setting CVar [[r.DOF.Scatter.EnableBokehSettings:0      ; no bokeh simulation when scattering]]
[2019.01.27-02.32.44:562][  0]LogConfig: Setting CVar [[r.DOF.Scatter.MaxSpriteRatio:0.04        ; only a maximum of 4% of scattered bokeh]]
[2019.01.27-02.32.44:562][  0]LogConfig: Setting CVar [[r.DOF.Recombine.Quality:0                ; no slight out of focus]]
[2019.01.27-02.32.44:562][  0]LogConfig: Setting CVar [[r.DOF.TemporalAAQuality:0                ; faster temporal accumulation]]
[2019.01.27-02.32.44:562][  0]LogConfig: Setting CVar [[r.DOF.Kernel.MaxForegroundRadius:0.012   ; required because of AccumulatorQuality=0]]
[2019.01.27-02.32.44:562][  0]LogConfig: Setting CVar [[r.DOF.Kernel.MaxBackgroundRadius:0.012   ; required because of AccumulatorQuality=0]]
[2019.01.27-02.32.44:562][  0]LogConfig: Applying CVar settings from Section [TextureQuality@2] File [C:/Users/Juan Pablo/Documents/Unreal Projects/AI/PathSearch/Saved/Config/Windows/Scalability.ini]
[2019.01.27-02.32.44:562][  0]LogConfig: Setting CVar [[r.Streaming.MipBias:0]]
[2019.01.27-02.32.44:563][  0]LogConfig: Setting CVar [[r.Streaming.AmortizeCPUToGPUCopy:0]]
[2019.01.27-02.32.44:563][  0]LogConfig: Setting CVar [[r.Streaming.MaxNumTexturesToStreamPerFrame:0]]
[2019.01.27-02.32.44:563][  0]LogConfig: Setting CVar [[r.Streaming.Boost:1]]
[2019.01.27-02.32.44:563][  0]LogConfig: Setting CVar [[r.MaxAnisotropy:4]]
[2019.01.27-02.32.44:563][  0]LogConfig: Setting CVar [[r.Streaming.LimitPoolSizeToVRAM:1]]
[2019.01.27-02.32.44:563][  0]LogConfig: Setting CVar [[r.Streaming.PoolSize:800]]
[2019.01.27-02.32.44:563][  0]LogConfig: Setting CVar [[r.Streaming.MaxEffectiveScreenSize:0]]
[2019.01.27-02.32.44:563][  0]LogConfig: Applying CVar settings from Section [EffectsQuality@2] File [C:/Users/Juan Pablo/Documents/Unreal Projects/AI/PathSearch/Saved/Config/Windows/Scalability.ini]
[2019.01.27-02.32.44:563][  0]LogConfig: Setting CVar [[r.TranslucencyLightingVolumeDim:48]]
[2019.01.27-02.32.44:563][  0]LogConfig: Setting CVar [[r.RefractionQuality:2]]
[2019.01.27-02.32.44:564][  0]LogConfig: Setting CVar [[r.SSR.Quality:2]]
[2019.01.27-02.32.44:564][  0]LogConfig: Setting CVar [[r.SceneColorFormat:3]]
[2019.01.27-02.32.44:564][  0]LogConfig: Setting CVar [[r.DetailMode:1]]
[2019.01.27-02.32.44:564][  0]LogConfig: Setting CVar [[r.TranslucencyVolumeBlur:1]]
[2019.01.27-02.32.44:564][  0]LogConfig: Setting CVar [[r.MaterialQualityLevel:1 ; High quality]]
[2019.01.27-02.32.44:564][  0]LogConfig: Setting CVar [[r.SSS.Scale:1]]
[2019.01.27-02.32.44:564][  0]LogConfig: Setting CVar [[r.SSS.SampleSet:1]]
[2019.01.27-02.32.44:564][  0]LogConfig: Setting CVar [[r.SSS.Quality:-1]]
[2019.01.27-02.32.44:564][  0]LogConfig: Setting CVar [[r.SSS.HalfRes:1]]
[2019.01.27-02.32.44:564][  0]LogConfig: Setting CVar [[r.EmitterSpawnRateScale:0.5]]
[2019.01.27-02.32.44:564][  0]LogConfig: Setting CVar [[r.ParticleLightQuality:1]]
[2019.01.27-02.32.44:564][  0]LogConfig: Applying CVar settings from Section [FoliageQuality@2] File [C:/Users/Juan Pablo/Documents/Unreal Projects/AI/PathSearch/Saved/Config/Windows/Scalability.ini]
[2019.01.27-02.32.44:565][  0]LogConfig: Setting CVar [[foliage.DensityScale:0.8]]
[2019.01.27-02.32.44:565][  0]LogConfig: Setting CVar [[grass.DensityScale:0.8]]
[2019.01.27-02.32.44:565][  0]LogConfig: Applying CVar settings from Section [Startup] File [../../../Engine/Config/ConsoleVariables.ini]
[2019.01.27-02.32.44:566][  0]LogConfig: Setting CVar [[net.UseAdaptiveNetUpdateFrequency:0]]
[2019.01.27-02.32.44:566][  0]LogConfig: Applying CVar settings from Section [ConsoleVariables] File [C:/Users/Juan Pablo/Documents/Unreal Projects/AI/PathSearch/Saved/Config/Windows/Engine.ini]
[2019.01.27-02.32.44:566][  0]LogInit: Computer: DESKTOP-1MK8LI7
[2019.01.27-02.32.44:566][  0]LogInit: User: JuanPablo
[2019.01.27-02.32.44:566][  0]LogInit: CPU Page size=4096, Cores=4
[2019.01.27-02.32.44:566][  0]LogInit: High frequency timer resolution =2.531254 MHz
[2019.01.27-02.32.44:567][  0]LogMemory: Memory total: Physical=11.9GB (12GB approx)
[2019.01.27-02.32.44:567][  0]LogMemory: Platform Memory Stats for Windows
[2019.01.27-02.32.44:567][  0]LogMemory: Process Physical Memory: 103.17 MB used, 103.17 MB peak
[2019.01.27-02.32.44:567][  0]LogMemory: Process Virtual Memory: 90.25 MB used, 90.25 MB peak
[2019.01.27-02.32.44:567][  0]LogMemory: Physical Memory: 7358.11 MB used,  4795.69 MB free, 12153.80 MB total
[2019.01.27-02.32.44:567][  0]LogMemory: Virtual Memory: 4652.17 MB used,  134213072.00 MB free, 134217728.00 MB total
[2019.01.27-02.32.44:761][  0]LogInit: Overriding language with editor language configuration option (en).
[2019.01.27-02.32.44:762][  0]LogInit: Overriding locale with editor culture configuration option ().
[2019.01.27-02.32.44:762][  0]LogInit: Using OS detected locale (es-MX).
[2019.01.27-02.32.45:240][  0]LogStreaming: Display: Took  0.479s to InitEngineTextLocalization.
[2019.01.27-02.32.45:241][  0]LogInit: Setting process to per monitor DPI aware
[2019.01.27-02.32.45:345][  0]LogSlate: New Slate User Created.  User Index 0, Is Virtual User: 0
[2019.01.27-02.32.45:345][  0]LogSlate: Slate User Registered.  User Index 0, Is Virtual User: 0
[2019.01.27-02.32.45:862][  0]LogHMD: Failed to initialize OpenVR with code 110
[2019.01.27-02.32.45:862][  0]LogD3D11RHI: D3D11 adapters:
[2019.01.27-02.32.45:984][  0]LogD3D11RHI:    0. 'NVIDIA GeForce GTX 970M' (Feature Level 11_0)
[2019.01.27-02.32.45:984][  0]LogD3D11RHI:       3029/0/6076 MB DedicatedVideo/DedicatedSystem/SharedSystem, Outputs:2, VendorId:0x10de
[2019.01.27-02.32.46:028][  0]LogD3D11RHI:    1. 'Intel(R) HD Graphics 530' (Feature Level 11_0)
[2019.01.27-02.32.46:029][  0]LogD3D11RHI:       128/0/6076 MB DedicatedVideo/DedicatedSystem/SharedSystem, Outputs:0, VendorId:0x8086
[2019.01.27-02.32.46:038][  0]LogD3D11RHI:    2. 'Microsoft Basic Render Driver' (Feature Level 11_0)
[2019.01.27-02.32.46:039][  0]LogD3D11RHI:       0/0/6076 MB DedicatedVideo/DedicatedSystem/SharedSystem, Outputs:0, VendorId:0x1414
[2019.01.27-02.32.46:039][  0]LogD3D11RHI: Chosen D3D11 Adapter: 0
[2019.01.27-02.32.46:087][  0]LogD3D11RHI: Creating new Direct3DDevice
[2019.01.27-02.32.46:089][  0]LogD3D11RHI:     GPU DeviceId: 0x13d8 (for the marketing name, search the web for "GPU Device Id")
[2019.01.27-02.32.46:089][  0]LogWindows: EnumDisplayDevices:
[2019.01.27-02.32.46:089][  0]LogWindows:    0. 'Intel(R) HD Graphics 530' (P:1 D:1)
[2019.01.27-02.32.46:089][  0]LogWindows:    1. 'Intel(R) HD Graphics 530' (P:0 D:0)
[2019.01.27-02.32.46:089][  0]LogWindows:    2. 'Intel(R) HD Graphics 530' (P:0 D:0)
[2019.01.27-02.32.46:090][  0]LogWindows:    3. 'NVIDIA GeForce GTX 970M' (P:0 D:1)
[2019.01.27-02.32.46:091][  0]LogWindows: DebugString: PrimaryIsNotTheChoosenAdapter PrimaryIsNotTheChoosenAdapter PrimaryIsNotTheChoosenAdapter 
[2019.01.27-02.32.46:091][  0]LogD3D11RHI:     Adapter Name: NVIDIA GeForce GTX 970M
[2019.01.27-02.32.46:091][  0]LogD3D11RHI:   Driver Version: 417.35 (internal:25.21.14.1735, unified:417.35)
[2019.01.27-02.32.46:091][  0]LogD3D11RHI:      Driver Date: 12-11-2018
[2019.01.27-02.32.46:091][  0]LogRHI: Texture pool is 2120 MB (70% of 3029 MB)
[2019.01.27-02.32.46:166][  0]LogD3D11RHI: Async texture creation enabled
[2019.01.27-02.32.46:185][  0]LogD3D11RHI: GPU Timing Frequency: 1000.000000 (Debug: 2 2)
[2019.01.27-02.32.46:674][  0]LogTemp: Display: Loaded TP AllDesktopTargetPlatform
[2019.01.27-02.32.46:697][  0]LogTemp: Display: Loaded TP MacClientTargetPlatform
[2019.01.27-02.32.46:718][  0]LogTemp: Display: Loaded TP MacNoEditorTargetPlatform
[2019.01.27-02.32.46:740][  0]LogTemp: Display: Loaded TP MacServerTargetPlatform
[2019.01.27-02.32.46:762][  0]LogTemp: Display: Loaded TP MacTargetPlatform
[2019.01.27-02.32.46:787][  0]LogTemp: Display: Loaded TP WindowsClientTargetPlatform
[2019.01.27-02.32.46:808][  0]LogTemp: Display: Loaded TP WindowsNoEditorTargetPlatform
[2019.01.27-02.32.46:836][  0]LogTemp: Display: Loaded TP WindowsServerTargetPlatform
[2019.01.27-02.32.46:851][  0]LogTemp: Display: Loaded TP WindowsTargetPlatform
[2019.01.27-02.32.46:957][  0]LogTemp: Display: Loaded TP AndroidTargetPlatform
[2019.01.27-02.32.46:957][  0]LogTemp: Display: Loaded TP AndroidTargetPlatform
[2019.01.27-02.32.46:957][  0]LogTemp: Display: Loaded TP AndroidTargetPlatform
[2019.01.27-02.32.46:957][  0]LogTemp: Display: Loaded TP AndroidTargetPlatform
[2019.01.27-02.32.46:958][  0]LogTemp: Display: Loaded TP AndroidTargetPlatform
[2019.01.27-02.32.46:958][  0]LogTemp: Display: Loaded TP AndroidTargetPlatform
[2019.01.27-02.32.46:958][  0]LogTemp: Display: Loaded TP AndroidTargetPlatform
[2019.01.27-02.32.46:958][  0]LogTemp: Display: Loaded TP AndroidTargetPlatform
[2019.01.27-02.32.46:958][  0]LogTemp: Display: Loaded TP AndroidTargetPlatform
[2019.01.27-02.32.46:958][  0]LogTemp: Display: Loaded TP AndroidTargetPlatform
[2019.01.27-02.32.46:958][  0]LogTemp: Display: Loaded TP AndroidTargetPlatform
[2019.01.27-02.32.46:959][  0]LogTemp: Display: Loaded TP AndroidTargetPlatform
[2019.01.27-02.32.46:959][  0]LogTemp: Display: Loaded TP AndroidTargetPlatform
[2019.01.27-02.32.46:959][  0]LogTemp: Display: Loaded TP AndroidTargetPlatform
[2019.01.27-02.32.46:959][  0]LogTemp: Display: Loaded TP AndroidTargetPlatform
[2019.01.27-02.32.46:959][  0]LogTemp: Display: Loaded TP AndroidTargetPlatform
[2019.01.27-02.32.46:959][  0]LogTemp: Display: Loaded TP AndroidTargetPlatform
[2019.01.27-02.32.46:959][  0]LogTemp: Display: Loaded TP AndroidTargetPlatform
[2019.01.27-02.32.46:966][  0]LogTemp: Display: Loaded TP HTML5TargetPlatform
[2019.01.27-02.32.47:062][  0]LogTemp: Display: Loaded TP IOSTargetPlatform
[2019.01.27-02.32.47:063][  0]LogTemp: Display: Loaded TP IOSTargetPlatform
[2019.01.27-02.32.47:098][  0]LogTemp: Display: Loaded TP TVOSTargetPlatform
[2019.01.27-02.32.47:098][  0]LogTemp: Display: Loaded TP TVOSTargetPlatform
[2019.01.27-02.32.47:122][  0]LogTemp: Display: Loaded TP LinuxClientTargetPlatform
[2019.01.27-02.32.47:143][  0]LogTemp: Display: Loaded TP LinuxNoEditorTargetPlatform
[2019.01.27-02.32.47:164][  0]LogTemp: Display: Loaded TP LinuxServerTargetPlatform
[2019.01.27-02.32.47:187][  0]LogTemp: Display: Loaded TP LinuxTargetPlatform
[2019.01.27-02.32.47:257][  0]LogTemp: Display: Loaded TP LuminTargetPlatform
[2019.01.27-02.32.47:258][  0]LogTemp: Display: Loaded TP LuminTargetPlatform
[2019.01.27-02.32.47:258][  0]LogTargetPlatformManager: Display: Building Assets For Windows
[2019.01.27-02.32.47:488][  0]LogShaderCompilers: Guid format shader working directory is -24 characters bigger than the processId version (../../../../../../Users/Juan Pablo/Documents/Unreal Projects/AI/PathSearch/Intermediate/Shaders/WorkingDirectory/19948/).
[2019.01.27-02.32.47:489][  0]LogShaderCompilers: Cleaned the shader compiler working directory 'C:/Users/Juan Pablo/AppData/Local/Temp/UnrealShaderWorkingDir/298A34C147965B6BEB9B2DAF55038095/'.
[2019.01.27-02.32.47:493][  0]LogXGEController: Cleaning working directory: C:/Users/Juan Pablo/AppData/Local/Temp/UnrealXGEWorkingDir/
[2019.01.27-02.32.47:494][  0]LogXGEController: Cannot use XGE Controller as Incredibuild is not installed on this machine.
[2019.01.27-02.32.47:494][  0]LogShaderCompilers: Cannot use XGE Shader Compiler as Incredibuild is not installed on this machine.
[2019.01.27-02.32.47:494][  0]LogShaderCompilers: Display: Using Local Shader Compiler.
[2019.01.27-02.32.48:205][  0]LogDerivedDataCache: Display: Max Cache Size: 512 MB
[2019.01.27-02.32.48:277][  0]LogDerivedDataCache: Loaded boot cache 0.07s 71MB C:/Users/Juan Pablo/AppData/Local/UnrealEngine/4.21/DerivedDataCache/Boot.ddc.
[2019.01.27-02.32.48:278][  0]LogDerivedDataCache: Display: Loaded Boot cache: C:/Users/Juan Pablo/AppData/Local/UnrealEngine/4.21/DerivedDataCache/Boot.ddc
[2019.01.27-02.32.48:278][  0]LogDerivedDataCache: FDerivedDataBackendGraph:  Pak pak cache file ../../../../../../Users/Juan Pablo/Documents/Unreal Projects/AI/PathSearch/DerivedDataCache/DDC.ddp not found, will not use a pak cache.
[2019.01.27-02.32.48:278][  0]LogDerivedDataCache: Unable to find inner node Pak for hierarchical cache Hierarchy.
[2019.01.27-02.32.48:278][  0]LogDerivedDataCache: FDerivedDataBackendGraph:  CompressedPak pak cache file ../../../../../../Users/Juan Pablo/Documents/Unreal Projects/AI/PathSearch/DerivedDataCache/Compressed.ddp not found, will not use a pak cache.
[2019.01.27-02.32.48:278][  0]LogDerivedDataCache: Unable to find inner node CompressedPak for hierarchical cache Hierarchy.
[2019.01.27-02.32.48:296][  0]LogDerivedDataCache: Display: Pak cache opened for reading ../../../Engine/DerivedDataCache/Compressed.ddp.
[2019.01.27-02.32.48:296][  0]LogDerivedDataCache: FDerivedDataBackendGraph:  EnterprisePak pak cache file ../../../Enterprise/DerivedDataCache/Compressed.ddp not found, will not use a pak cache.
[2019.01.27-02.32.48:297][  0]LogDerivedDataCache: Unable to find inner node EnterprisePak for hierarchical cache Hierarchy.
[2019.01.27-02.32.48:312][  0]LogDerivedDataCache: Using Local data cache path C:/Users/Juan Pablo/AppData/Local/UnrealEngine/Common/DerivedDataCache: Writable
[2019.01.27-02.32.48:313][  0]LogDerivedDataCache: Shared data cache path not found in *engine.ini, will not use an Shared cache.
[2019.01.27-02.32.48:313][  0]LogDerivedDataCache: Unable to find inner node Shared for hierarchical cache Hierarchy.
[2019.01.27-02.32.48:340][  0]LogMaterial: Verifying Global Shaders for PCD3D_SM5
[2019.01.27-02.32.48:343][  0]LogSlate: Using FreeType 2.6.0
[2019.01.27-02.32.48:345][  0]LogSlate: SlateFontServices - WITH_FREETYPE: 1, WITH_HARFBUZZ: 1
[2019.01.27-02.32.48:519][  0]LogAssetRegistry: FAssetRegistry took 0.0495 seconds to start up
[2019.01.27-02.32.48:989][  0]LogInit: Selected Device Profile: [Windows]
[2019.01.27-02.32.49:244][  0]LogSimplygon: Simplygon DLL not present - disabling.
[2019.01.27-02.32.49:260][  0]LogMeshReduction: Using SimplygonSwarm for distributed automatic mesh merging
[2019.01.27-02.32.49:260][  0]LogMeshReduction: Using ProxyLODMeshReduction for automatic mesh merging
[2019.01.27-02.32.49:260][  0]LogMeshReduction: Using QuadricMeshReduction for automatic static mesh reduction
[2019.01.27-02.32.49:261][  0]LogMeshReduction: No automatic skeletal mesh reduction module available
[2019.01.27-02.32.49:284][  0]LogNetVersion: PathSearch 1.0.0, NetCL: 4541578, EngineNetVer: 5, GameNetVer: 0 (Checksum: 4271065824)
[2019.01.27-02.32.49:954][  0]LogPackageLocalizationCache: Processed 11 localized package path(s) for 1 prioritized culture(s) in 0.074895 seconds
[2019.01.27-02.32.49:960][  0]LogUObjectArray: 39775 objects as part of root set at end of initial load.
[2019.01.27-02.32.49:961][  0]LogUObjectAllocator: 6914664 out of 0 bytes used by permanent object pool.
[2019.01.27-02.32.49:961][  0]LogUObjectArray: CloseDisregardForGC: 0/0 objects in disregard for GC pool
[2019.01.27-02.32.51:881][  0]LogTcpMessaging: Initializing TcpMessaging bridge
[2019.01.27-02.32.51:903][  0]LogUdpMessaging: Initializing bridge on interface 0.0.0.0:0 to multicast group 230.0.0.1:6666.
[2019.01.27-02.32.53:287][  0]SourceControl: Source control is disabled
[2019.01.27-02.32.53:287][  0]SourceControl: Source control is disabled
[2019.01.27-02.32.53:294][  0]SourceControl: Source control is disabled
[2019.01.27-02.32.53:302][  0]SourceControl: Source control is disabled
[2019.01.27-02.32.53:770][  0]LogAndroidPermission: UAndroidPermissionCallbackProxy::GetInstance
[2019.01.27-02.32.53:994][  0]LogOcInput: OculusInput pre-init called
[2019.01.27-02.32.54:222][  0]LogEngine: Initializing Engine...
[2019.01.27-02.32.54:223][  0]LogHMD: Failed to initialize OpenVR with code 110
[2019.01.27-02.32.54:225][  0]LogStats: UGameplayTagsManager::ConstructGameplayTagTree: ImportINI prefixes -  0.000 s
[2019.01.27-02.32.54:225][  0]LogStats: UGameplayTagsManager::ConstructGameplayTagTree: Construct from data asset -  0.000 s
[2019.01.27-02.32.54:225][  0]LogStats: UGameplayTagsManager::ConstructGameplayTagTree: ImportINI -  0.000 s
[2019.01.27-02.32.54:226][  0]LogStats: UGameplayTagsManager::ConstructGameplayTagTree: GameplayTagTreeChangedEvent.Broadcast -  0.000 s
[2019.01.27-02.32.54:538][  0]LogInit: Initializing FReadOnlyCVARCache
[2019.01.27-02.32.54:562][  0]LogAIModule: Creating AISystem for world Untitled
[2019.01.27-02.32.54:585][  0]LogInit: XAudio2 using 'Altavoces (Sound Blaster Recon3Di)' : 2 channels at 48 kHz using 32 bits per sample (channel mask 0x3)
[2019.01.27-02.32.54:833][  0]LogInit: FAudioDevice initialized.
[2019.01.27-02.32.54:833][  0]LogNetVersion: Set ProjectVersion to 1.0.0.0. Version Checksum will be recalculated on next use.
[2019.01.27-02.32.55:226][  0]LogDerivedDataCache: Saved boot cache 0.39s 71MB C:/Users/Juan Pablo/AppData/Local/UnrealEngine/4.21/DerivedDataCache/Boot.ddc.
[2019.01.27-02.32.55:227][  0]LogInit: Texture streaming: Enabled
[2019.01.27-02.32.55:304][  0]LogEngineSessionManager: EngineSessionManager initialized
[2019.01.27-02.32.55:304][  0]LogEngineSessionManager: EngineSessionManager sent abnormal shutdown report. Type=Debugger, SessionId={49C38110-4CCF-ABB8-9FE5-D69C7F1B4D6F}
[2019.01.27-02.32.55:304][  0]LogEngineSessionManager: EngineSessionManager sent abnormal shutdown report. Type=Debugger, SessionId={3B59C800-420C-ABFC-ADE9-EE8B96314E89}
[2019.01.27-02.32.55:327][  0]LogInit: Transaction tracking system initialized
[2019.01.27-02.32.55:397][  0]BlueprintLog: New page: Editor Load
[2019.01.27-02.32.55:634][  0]LocalizationService: Localization service is disabled
[2019.01.27-02.32.56:711][  0]LogFileCache: Scanning file cache for directory 'C:/Users/Juan Pablo/Documents/Unreal Projects/AI/PathSearch/Content/' took 0.01s
[2019.01.27-02.32.56:711][  0]LogCook: Display: Max memory allowance for cook 16384mb min free memory 0mb
[2019.01.27-02.32.56:711][  0]LogCook: Display: Mobile HDR setting 1
[2019.01.27-02.32.56:712][  0]LogGameplayTags: Display: UGameplayTagsManager::DoneAddingNativeTags. DelegateIsBound: 0
[2019.01.27-02.32.56:712][  0]LogStats: UGameplayTagsManager::ConstructGameplayTagTree: ImportINI prefixes -  0.000 s
[2019.01.27-02.32.56:712][  0]LogStats: UGameplayTagsManager::ConstructGameplayTagTree: Construct from data asset -  0.000 s
[2019.01.27-02.32.56:712][  0]LogStats: UGameplayTagsManager::ConstructGameplayTagTree: ImportINI -  0.000 s
[2019.01.27-02.32.56:713][  0]LogStats: UGameplayTagsManager::ConstructGameplayTagTree: GameplayTagTreeChangedEvent.Broadcast -  0.000 s
[2019.01.27-02.32.57:090][  0]SourceControl: Source control is disabled
[2019.01.27-02.32.57:090][  0]Cmd: MAP LOAD FILE="../../../../../../Users/Juan Pablo/Documents/Unreal Projects/AI/PathSearch/Content/Levels/PathSearch.umap" TEMPLATE=0 SHOWPROGRESS=1 FEATURELEVEL=3
[2019.01.27-02.32.57:091][  0]LightingResults: New page: Lighting Build
[2019.01.27-02.32.57:095][  0]MapCheck: New page: Map Check
[2019.01.27-02.32.57:096][  0]LightingResults: New page: Lighting Build
[2019.01.27-02.32.57:257][  0]LogAIModule: Creating AISystem for world PathSearch
[2019.01.27-02.32.57:277][  0]LogEditorServer: Finished looking for orphan Actors (0.000 secs)
[2019.01.27-02.32.57:304][  0]Cmd: MAP CHECKDEP NOCLEARLOG
[2019.01.27-02.32.57:305][  0]MapCheck: Map check complete: 0 Error(s), 0 Warning(s), took 0.471ms to complete.
[2019.01.27-02.32.57:305][  0]LogFileHelpers: Loading map 'PathSearch' took 0.216
[2019.01.27-02.32.57:462][  0]LogSlate: Updating window title bar state: overlay mode, drag disabled, window buttons hidden, title bar hidden
[2019.01.27-02.32.57:472][  0]LogSlate: Updating window title bar state: overlay mode, drag disabled, window buttons hidden, title bar hidden
[2019.01.27-02.32.57:479][  0]LogSlate: Updating window title bar state: overlay mode, drag disabled, window buttons hidden, title bar hidden
[2019.01.27-02.32.57:488][  0]LogSlate: Updating window title bar state: overlay mode, drag disabled, window buttons hidden, title bar hidden
[2019.01.27-02.32.57:502][  0]LogCollectionManager: Loaded 0 collections in 0.002544 seconds
[2019.01.27-02.32.57:557][  0]LogFileCache: Scanning file cache for directory 'C:/Users/Juan Pablo/Documents/Unreal Projects/AI/PathSearch/Saved/Collections/' took 0.01s
[2019.01.27-02.32.57:558][  0]LogFileCache: Scanning file cache for directory 'C:/Users/Juan Pablo/Documents/Unreal Projects/AI/PathSearch/Content/Developers/JuanPablo/Collections/' took 0.02s
[2019.01.27-02.32.57:558][  0]LogFileCache: Scanning file cache for directory 'C:/Users/Juan Pablo/Documents/Unreal Projects/AI/PathSearch/Content/Collections/' took 0.02s
[2019.01.27-02.32.57:558][  0]LogCollectionManager: Rebuilt the GUID cache for 0 collections in 0.000000 seconds
[2019.01.27-02.32.57:568][  0]LogContentBrowser: Native class hierarchy populated in 0.0101 seconds. Added 2657 classes and 625 folders.
[2019.01.27-02.32.57:579][  0]LogContentBrowser: Native class hierarchy updated for 'WidgetCarousel' in 0.0005 seconds. Added 0 classes and 0 folders.
[2019.01.27-02.32.57:583][  0]LogPakFile: Registered encryption key '00000000000000000000000000000000': 0 pak files mounted, 0 remain pending
[2019.01.27-02.32.57:585][  0]LogPakFile: Registered encryption key '00000000000000000000000000000000': 0 pak files mounted, 0 remain pending
[2019.01.27-02.32.57:587][  0]LogPakFile: Registered encryption key '00000000000000000000000000000000': 0 pak files mounted, 0 remain pending
[2019.01.27-02.32.57:588][  0]LogPakFile: Registered encryption key '00000000000000000000000000000000': 0 pak files mounted, 0 remain pending
[2019.01.27-02.32.57:589][  0]LogPakFile: Registered encryption key '00000000000000000000000000000000': 0 pak files mounted, 0 remain pending
[2019.01.27-02.32.57:591][  0]LogPakFile: Registered encryption key '00000000000000000000000000000000': 0 pak files mounted, 0 remain pending
[2019.01.27-02.32.57:592][  0]LogPakFile: Registered encryption key '00000000000000000000000000000000': 0 pak files mounted, 0 remain pending
[2019.01.27-02.32.57:594][  0]LogPakFile: Registered encryption key '00000000000000000000000000000000': 0 pak files mounted, 0 remain pending
[2019.01.27-02.32.57:595][  0]LogPakFile: Registered encryption key '00000000000000000000000000000000': 0 pak files mounted, 0 remain pending
[2019.01.27-02.32.57:596][  0]LogPakFile: Registered encryption key '00000000000000000000000000000000': 0 pak files mounted, 0 remain pending
[2019.01.27-02.32.57:597][  0]LogPakFile: Registered encryption key '00000000000000000000000000000000': 0 pak files mounted, 0 remain pending
[2019.01.27-02.32.57:599][  0]LogPakFile: Registered encryption key '00000000000000000000000000000000': 0 pak files mounted, 0 remain pending
[2019.01.27-02.32.57:600][  0]LogPakFile: Registered encryption key '00000000000000000000000000000000': 0 pak files mounted, 0 remain pending
[2019.01.27-02.32.57:601][  0]LogPakFile: Registered encryption key '00000000000000000000000000000000': 0 pak files mounted, 0 remain pending
[2019.01.27-02.32.57:603][  0]LogPakFile: Registered encryption key '00000000000000000000000000000000': 0 pak files mounted, 0 remain pending
[2019.01.27-02.32.57:604][  0]LogPakFile: Registered encryption key '00000000000000000000000000000000': 0 pak files mounted, 0 remain pending
[2019.01.27-02.32.57:605][  0]LogPakFile: Registered encryption key '00000000000000000000000000000000': 0 pak files mounted, 0 remain pending
[2019.01.27-02.32.57:607][  0]LogPakFile: Registered encryption key '00000000000000000000000000000000': 0 pak files mounted, 0 remain pending
[2019.01.27-02.32.57:608][  0]LogPakFile: Registered encryption key '00000000000000000000000000000000': 0 pak files mounted, 0 remain pending
[2019.01.27-02.32.57:609][  0]LogPakFile: Registered encryption key '00000000000000000000000000000000': 0 pak files mounted, 0 remain pending
[2019.01.27-02.32.57:611][  0]LogPakFile: Registered encryption key '00000000000000000000000000000000': 0 pak files mounted, 0 remain pending
[2019.01.27-02.32.57:613][  0]LogPakFile: Registered encryption key '00000000000000000000000000000000': 0 pak files mounted, 0 remain pending
[2019.01.27-02.32.57:614][  0]LogPakFile: Registered encryption key '00000000000000000000000000000000': 0 pak files mounted, 0 remain pending
[2019.01.27-02.32.57:617][  0]LogPakFile: Registered encryption key '00000000000000000000000000000000': 0 pak files mounted, 0 remain pending
[2019.01.27-02.32.57:619][  0]LogPakFile: Registered encryption key '00000000000000000000000000000000': 0 pak files mounted, 0 remain pending
[2019.01.27-02.32.57:620][  0]LogPakFile: Registered encryption key '00000000000000000000000000000000': 0 pak files mounted, 0 remain pending
[2019.01.27-02.32.57:684][  0]LogContentBrowser: Native class hierarchy updated for 'AddContentDialog' in 0.0004 seconds. Added 0 classes and 0 folders.
[2019.01.27-02.32.57:760][  0]LogSlate: Took 0.000552 seconds to synchronously load lazily loaded font '../../../Engine/Content/Slate/Fonts/Roboto-Regular.ttf' (155K)
[2019.01.27-02.32.57:766][  0]LogSlate: Took 0.000410 seconds to synchronously load lazily loaded font '../../../Engine/Content/Slate/Fonts/Roboto-Bold.ttf' (160K)
[2019.01.27-02.32.57:771][  0]LogSlate: Took 0.000786 seconds to synchronously load lazily loaded font '../../../Engine/Content/Editor/Slate/Fonts/FontAwesome.ttf' (139K)
[2019.01.27-02.32.57:871][  0]LogRenderer: Reallocating scene render targets to support 1172x592 Format 9 NumSamples 1 (Frame:1).
[2019.01.27-02.32.57:941][  0]LogSlate: Took 0.001007 seconds to synchronously load lazily loaded font '../../../Engine/Content/Slate/Fonts/Roboto-Light.ttf' (167K)
[2019.01.27-02.32.58:083][  0]LogContentBrowser: Native class hierarchy updated for 'HierarchicalLODOutliner' in 0.0004 seconds. Added 0 classes and 0 folders.
[2019.01.27-02.32.58:084][  0]LogLoad: (Engine Initialization) Total time: 16.45 seconds
[2019.01.27-02.32.58:084][  0]LogLoad: (Engine Initialization) Total Blueprint compile time: 0.00 seconds
[2019.01.27-02.32.58:102][  0]LogWindowsTextInputMethodSystem: Display: IME system now deactivated.
[2019.01.27-02.32.58:142][  0]LogAssetRegistry: Asset discovery search completed in 9.6519 seconds
[2019.01.27-02.32.58:145][  0]LogCollectionManager: Rebuilt the object cache for 0 collections in 0.000000 seconds (found 0 objects)
[2019.01.27-02.32.58:146][  0]LogCollectionManager: Fixed up redirectors for 0 collections in 0.000254 seconds (updated 0 objects)
[2019.01.27-02.32.58:148][  0]LogContentStreaming: Texture pool size now 800 MB
[2019.01.27-02.33.00:307][111]LogSlate: FSceneViewport::OnFocusLost() reason 0
[2019.01.27-02.33.00:390][116]LogTemp: Repeating last play command: Selected Viewport
[2019.01.27-02.33.00:402][116]LogBlueprintUserMessages: Early PlayInEditor Detection: Level '/Game/Levels/PathSearch.PathSearch:PersistentLevel' has LevelScriptBlueprint '/Game/Levels/PathSearch.PathSearch:PersistentLevel.PathSearch' with GeneratedClass '/Game/Levels/PathSearch.PathSearch_C' with ClassGeneratedBy '/Game/Levels/PathSearch.PathSearch:PersistentLevel.PathSearch'
[2019.01.27-02.33.00:403][116]LogPlayLevel: PlayLevel: No blueprints needed recompiling
[2019.01.27-02.33.00:403][116]PIE: New page: PIE session: PathSearch (26/01/2019 14:33:00)
[2019.01.27-02.33.00:421][116]LogPlayLevel: Creating play world package: /Game/Levels/UEDPIE_0_PathSearch
[2019.01.27-02.33.00:425][116]LogPlayLevel: PIE: StaticDuplicateObject took: (0.003537s)
[2019.01.27-02.33.00:426][116]LogAIModule: Creating AISystem for world PathSearch
[2019.01.27-02.33.00:427][116]LogPlayLevel: PIE: World Init took: (0.001398s)
[2019.01.27-02.33.00:427][116]LogPlayLevel: PIE: Created PIE world by copying editor world from /Game/Levels/PathSearch.PathSearch to /Game/Levels/UEDPIE_0_PathSearch.PathSearch (0.006100s)
[2019.01.27-02.33.00:458][116]LogInit: XAudio2 using 'Altavoces (Sound Blaster Recon3Di)' : 2 channels at 48 kHz using 32 bits per sample (channel mask 0x3)
[2019.01.27-02.33.00:475][116]LogInit: FAudioDevice initialized.
[2019.01.27-02.33.00:534][116]LogLoad: Game class is 'BP_GameMode_C'
[2019.01.27-02.33.00:537][116]LogWorld: Bringing World /Game/Levels/UEDPIE_0_PathSearch.PathSearch up for play (max tick rate 60) at 2019.01.26-20.33.00
[2019.01.27-02.33.00:537][116]LogWorld: Bringing up level for play took: 0.001091
[2019.01.27-02.33.00:561][116]LogContentBrowser: Native class hierarchy updated for 'MovieSceneCapture' in 0.0005 seconds. Added 20 classes and 0 folders.
[2019.01.27-02.33.00:563][116]LogTemp: Warning: Prob: 5
[2019.01.27-02.33.00:564][116]LogTemp: Warning: Prob: 5
[2019.01.27-02.33.00:564][116]LogTemp: Warning: Prob: 7
[2019.01.27-02.33.00:565][116]LogTemp: Warning: Prob: 7
[2019.01.27-02.33.00:566][116]LogTemp: Warning: Prob: 5
[2019.01.27-02.33.00:566][116]LogTemp: Warning: Prob: 6
[2019.01.27-02.33.00:567][116]LogTemp: Warning: Prob: 0
[2019.01.27-02.33.00:567][116]LogTemp: Warning: Prob: 4
[2019.01.27-02.33.00:568][116]LogTemp: Warning: Prob: 3
[2019.01.27-02.33.00:568][116]LogTemp: Warning: Prob: 7
[2019.01.27-02.33.00:569][116]LogTemp: Warning: Prob: 6
[2019.01.27-02.33.00:570][116]LogTemp: Warning: Prob: 3
[2019.01.27-02.33.00:570][116]LogTemp: Warning: Prob: 10
[2019.01.27-02.33.00:571][116]LogTemp: Warning: Prob: 9
[2019.01.27-02.33.00:571][116]LogTemp: Warning: Prob: 0
[2019.01.27-02.33.00:572][116]LogTemp: Warning: Prob: 2
[2019.01.27-02.33.00:572][116]LogTemp: Warning: Prob: 6
[2019.01.27-02.33.00:573][116]LogTemp: Warning: Prob: 5
[2019.01.27-02.33.00:573][116]LogTemp: Warning: Prob: 1
[2019.01.27-02.33.00:574][116]LogTemp: Warning: Prob: 3
[2019.01.27-02.33.00:574][116]LogTemp: Warning: Prob: 6
[2019.01.27-02.33.00:575][116]LogTemp: Warning: Prob: 4
[2019.01.27-02.33.00:576][116]LogTemp: Warning: Prob: 6
[2019.01.27-02.33.00:577][116]LogTemp: Warning: Prob: 10
[2019.01.27-02.33.00:577][116]LogTemp: Warning: Prob: 4
[2019.01.27-02.33.00:578][116]LogTemp: Warning: Prob: 0
[2019.01.27-02.33.00:578][116]LogTemp: Warning: Prob: 0
[2019.01.27-02.33.00:579][116]LogTemp: Warning: Prob: 9
[2019.01.27-02.33.00:579][116]LogTemp: Warning: Prob: 0
[2019.01.27-02.33.00:580][116]LogTemp: Warning: Prob: 3
[2019.01.27-02.33.00:580][116]LogTemp: Warning: Prob: 10
[2019.01.27-02.33.00:581][116]LogTemp: Warning: Prob: 1
[2019.01.27-02.33.00:581][116]LogTemp: Warning: Prob: 10
[2019.01.27-02.33.00:582][116]LogTemp: Warning: Prob: 6
[2019.01.27-02.33.00:582][116]LogTemp: Warning: Prob: 0
[2019.01.27-02.33.00:583][116]LogTemp: Warning: Prob: 9
[2019.01.27-02.33.00:584][116]LogTemp: Warning: Prob: 0
[2019.01.27-02.33.00:584][116]LogTemp: Warning: Prob: 9
[2019.01.27-02.33.00:585][116]LogTemp: Warning: Prob: 7
[2019.01.27-02.33.00:586][116]LogTemp: Warning: Prob: 7
[2019.01.27-02.33.00:586][116]LogTemp: Warning: Prob: 1
[2019.01.27-02.33.00:587][116]LogTemp: Warning: Prob: 1
[2019.01.27-02.33.00:587][116]LogTemp: Warning: Prob: 2
[2019.01.27-02.33.00:587][116]LogTemp: Warning: Prob: 1
[2019.01.27-02.33.00:588][116]LogTemp: Warning: Prob: 8
[2019.01.27-02.33.00:588][116]LogTemp: Warning: Prob: 0
[2019.01.27-02.33.00:588][116]LogTemp: Warning: Prob: 3
[2019.01.27-02.33.00:589][116]LogTemp: Warning: Prob: 0
[2019.01.27-02.33.00:589][116]LogTemp: Warning: Prob: 3
[2019.01.27-02.33.00:590][116]LogTemp: Warning: Prob: 2
[2019.01.27-02.33.00:590][116]LogTemp: Warning: Prob: 8
[2019.01.27-02.33.00:591][116]LogTemp: Warning: Prob: 7
[2019.01.27-02.33.00:591][116]LogTemp: Warning: Prob: 5
[2019.01.27-02.33.00:592][116]LogTemp: Warning: Prob: 1
[2019.01.27-02.33.00:592][116]LogTemp: Warning: Prob: 4
[2019.01.27-02.33.00:593][116]LogTemp: Warning: Prob: 5
[2019.01.27-02.33.00:593][116]LogTemp: Warning: Prob: 8
[2019.01.27-02.33.00:594][116]LogTemp: Warning: Prob: 6
[2019.01.27-02.33.00:594][116]LogTemp: Warning: Prob: 2
[2019.01.27-02.33.00:595][116]LogTemp: Warning: Prob: 6
[2019.01.27-02.33.00:595][116]LogTemp: Warning: Prob: 1
[2019.01.27-02.33.00:596][116]LogTemp: Warning: Prob: 9
[2019.01.27-02.33.00:596][116]LogTemp: Warning: Prob: 4
[2019.01.27-02.33.00:597][116]LogTemp: Warning: Prob: 4
[2019.01.27-02.33.00:598][116]PIE: Play in editor start time for /Game/Levels/UEDPIE_0_PathSearch -0.386
[2019.01.27-02.33.00:598][116]LogBlueprintUserMessages: Late PlayInEditor Detection: Level '/Game/Levels/PathSearch.PathSearch:PersistentLevel' has LevelScriptBlueprint '/Game/Levels/PathSearch.PathSearch:PersistentLevel.PathSearch' with GeneratedClass '/Game/Levels/PathSearch.PathSearch_C' with ClassGeneratedBy '/Game/Levels/PathSearch.PathSearch:PersistentLevel.PathSearch'
