Log file open, 01/27/19 12:17:40
LogWindows: Failed to load 'aqProf.dll' (GetLastError=126)
LogWindows: File 'aqProf.dll' does not exist
LogWindows: Failed to load 'VtuneApi.dll' (GetLastError=126)
LogWindows: File 'VtuneApi.dll' does not exist
LogWindows: Failed to load 'VtuneApi32e.dll' (GetLastError=126)
LogWindows: File 'VtuneApi32e.dll' does not exist
LogConsoleResponse: Display: Failed to find resolution value strings in scalability ini. Falling back to default.
LogInit: Display: Running engine for game: PathSearch
LogPakFile: Registered encryption key '00000000000000000000000000000000': 0 pak files mounted, 0 remain pending
LogPlatformFile: Not using cached read wrapper
LogTaskGraph: Started task graph with 5 named threads and 23 total threads with 3 sets of task threads.
LogStats: Stats thread started at 0.453224
LogD3D11RHI: Loaded GFSDK_Aftermath_Lib.x64.dll
LogICUInternationalization: ICU TimeZone Detection - Raw Offset: -6:00, Platform Override: ''
LogPluginManager: Mounting plugin Paper2D
LogPluginManager: Mounting plugin AISupport
LogPluginManager: Mounting plugin LightPropagationVolume
LogPluginManager: Mounting plugin ActorLayerUtilities
LogPluginManager: Mounting plugin CLionSourceCodeAccess
LogPluginManager: Mounting plugin CodeLiteSourceCodeAccess
LogPluginManager: Mounting plugin GitSourceControl
LogPluginManager: Mounting plugin KDevelopSourceCodeAccess
LogPluginManager: Mounting plugin NullSourceCodeAccess
LogPluginManager: Mounting plugin PerforceSourceControl
LogPluginManager: Mounting plugin SubversionSourceControl
LogPluginManager: Mounting plugin UObjectPlugin
LogPluginManager: Mounting plugin VisualStudioCodeSourceCodeAccess
LogPluginManager: Mounting plugin VisualStudioSourceCodeAccess
LogPluginManager: Mounting plugin XCodeSourceCodeAccess
LogPluginManager: Mounting plugin AssetManagerEditor
LogPluginManager: Mounting plugin CryptoKeys
LogPluginManager: Mounting plugin DataValidation
LogPluginManager: Mounting plugin FacialAnimation
LogPluginManager: Mounting plugin GameplayTagsEditor
LogPluginManager: Mounting plugin MacGraphicsSwitching
LogPluginManager: Mounting plugin MeshEditor
LogPluginManager: Mounting plugin MobileLauncherProfileWizard
LogPluginManager: Mounting plugin PluginBrowser
LogPluginManager: Mounting plugin SpeedTreeImporter
LogPluginManager: Mounting plugin DatasmithContent
LogPluginManager: Mounting plugin VariantManagerContent
LogPluginManager: Mounting plugin AlembicImporter
LogPluginManager: Mounting plugin AppleImageUtils
LogPluginManager: Mounting plugin AppleVision
LogPluginManager: Mounting plugin BackChannel
LogPluginManager: Mounting plugin CharacterAI
LogPluginManager: Mounting plugin GeometryCache
LogPluginManager: Mounting plugin HTML5Networking
LogPluginManager: Mounting plugin ProxyLODPlugin
LogPluginManager: Mounting plugin MagicLeap
LogPluginManager: Mounting plugin MagicLeapMedia
LogPluginManager: Mounting plugin AndroidMedia
LogPluginManager: Mounting plugin AvfMedia
LogPluginManager: Mounting plugin ImgMedia
LogPluginManager: Mounting plugin LinearTimecode
LogPluginManager: Mounting plugin MediaCompositing
LogPluginManager: Mounting plugin MediaPlayerEditor
LogPluginManager: Mounting plugin WebMMedia
LogPluginManager: Mounting plugin WmfMedia
LogPluginManager: Mounting plugin TcpMessaging
LogPluginManager: Mounting plugin UdpMessaging
LogPluginManager: Mounting plugin ActorSequence
LogPluginManager: Mounting plugin LevelSequenceEditor
LogPluginManager: Mounting plugin MatineeToLevelSequence
LogPluginManager: Mounting plugin NetcodeUnitTest
LogPluginManager: Mounting plugin NUTUnrealEngine4
LogPluginManager: Mounting plugin OnlineSubsystemGooglePlay
LogPluginManager: Mounting plugin OnlineSubsystemIOS
LogPluginManager: Mounting plugin OnlineSubsystem
LogPluginManager: Mounting plugin OnlineSubsystemNull
LogPluginManager: Mounting plugin OnlineSubsystemUtils
LogPluginManager: Mounting plugin LauncherChunkInstaller
LogPluginManager: Mounting plugin AndroidDeviceProfileSelector
LogPluginManager: Mounting plugin AndroidMoviePlayer
LogPluginManager: Mounting plugin AndroidPermission
LogPluginManager: Mounting plugin AppleMoviePlayer
LogPluginManager: Mounting plugin ArchVisCharacter
LogPluginManager: Mounting plugin AudioCapture
LogPluginManager: Mounting plugin CableComponent
LogPluginManager: Mounting plugin CustomMeshComponent
LogPluginManager: Mounting plugin EditableMesh
LogPluginManager: Mounting plugin ExampleDeviceProfileSelector
LogPluginManager: Mounting plugin Firebase
LogPluginManager: Mounting plugin GoogleCloudMessaging
LogPluginManager: Mounting plugin IOSDeviceProfileSelector
LogPluginManager: Mounting plugin LinuxDeviceProfileSelector
LogPluginManager: Mounting plugin LocationServicesBPLibrary
LogPluginManager: Mounting plugin MobilePatchingUtils
LogPluginManager: Mounting plugin OculusVR
LogPluginManager: Mounting plugin PhysXVehicles
LogPluginManager: Mounting plugin ProceduralMeshComponent
LogPluginManager: Mounting plugin RuntimePhysXCooking
LogPluginManager: Mounting plugin SteamVR
LogPluginManager: Mounting plugin WebMMoviePlayer
LogPluginManager: Mounting plugin WindowsMoviePlayer
LogStreaming: Display: Took  0.190s to configure plugins.
LogInit: Using libcurl 7.55.1-DEV
LogInit:  - built for x86_64-pc-win32
LogInit:  - supports SSL with OpenSSL/1.0.2h
LogInit:  - supports HTTP deflate (compression) using libz 1.2.8
LogInit:  - other features:
LogInit:      CURL_VERSION_SSL
LogInit:      CURL_VERSION_LIBZ
LogInit:      CURL_VERSION_IPV6
LogInit:      CURL_VERSION_ASYNCHDNS
LogInit:      CURL_VERSION_LARGEFILE
LogInit:      CURL_VERSION_IDN
LogInit:  CurlRequestOptions (configurable via config and command line):
LogInit:  - bVerifyPeer = true  - Libcurl will verify peer certificate
LogInit:  - bUseHttpProxy = false  - Libcurl will NOT use HTTP proxy
LogInit:  - bDontReuseConnections = false  - Libcurl will reuse connections
LogInit:  - MaxHostConnections = 16  - Libcurl will limit the number of connections to a host
LogInit:  - LocalHostAddr = Default
LogInit:  - BufferSize = 65536
LogInit: WinSock: version 1.1 (2.2), MaxSocks=32767, MaxUdp=65467
LogInit: Build: ++UE4+Release-4.21-CL-4753647
LogInit: Engine Version: 4.21.2-4753647+++UE4+Release-4.21
LogInit: Compatible Engine Version: 4.21.0-4541578+++UE4+Release-4.21
LogInit: Net CL: 4541578
LogInit: OS: Windows 10 (), CPU: Intel(R) Core(TM) i7-6700HQ CPU @ 2.60GHz, GPU: Intel(R) HD Graphics 530
LogInit: Compiled (64-bit): Jan 19 2019 02:07:31
LogInit: Compiled with Visual C++: 19.13.26129.00
LogInit: Build Configuration: Development
LogInit: Branch Name: ++UE4+Release-4.21
LogInit: Command Line:  -skipcompile
LogInit: Base Directory: C:/Program Files/Epic Games/UE_4.21/Engine/Binaries/Win64/
LogInit: Installed Engine Build: 1
LogDevObjectVersion: Number of dev versions registered: 22
LogDevObjectVersion:   Dev-Blueprints (B0D832E4-1F89-4F0D-ACCF-7EB736FD4AA2): 10
LogDevObjectVersion:   Dev-Build (E1C64328-A22C-4D53-A36C-8E866417BD8C): 0
LogDevObjectVersion:   Dev-Core (375EC13C-06E4-48FB-B500-84F0262A717E): 2
LogDevObjectVersion:   Dev-Editor (E4B068ED-F494-42E9-A231-DA0B2E46BB41): 26
LogDevObjectVersion:   Dev-Framework (CFFC743F-43B0-4480-9391-14DF171D2073): 34
LogDevObjectVersion:   Dev-Mobile (B02B49B5-BB20-44E9-A304-32B752E40360): 2
LogDevObjectVersion:   Dev-Networking (A4E4105C-59A1-49B5-A7C5-40C4547EDFEE): 0
LogDevObjectVersion:   Dev-Online (39C831C9-5AE6-47DC-9A44-9C173E1C8E7C): 0
LogDevObjectVersion:   Dev-Physics (78F01B33-EBEA-4F98-B9B4-84EACCB95AA2): 0
LogDevObjectVersion:   Dev-Platform (6631380F-2D4D-43E0-8009-CF276956A95A): 0
LogDevObjectVersion:   Dev-Rendering (12F88B9F-8875-4AFC-A67C-D90C383ABD29): 27
LogDevObjectVersion:   Dev-Sequencer (7B5AE74C-D270-4C10-A958-57980B212A5A): 9
LogDevObjectVersion:   Dev-VR (D7296918-1DD6-4BDD-9DE2-64A83CC13884): 2
LogDevObjectVersion:   Dev-LoadTimes (C2A15278-BFE7-4AFE-6C17-90FF531DF755): 1
LogDevObjectVersion:   Private-Geometry (6EACA3D4-40EC-4CC1-B786-8BED09428FC5): 3
LogDevObjectVersion:   Dev-AnimPhys (29E575DD-E0A3-4627-9D10-D276232CDCEA): 17
LogDevObjectVersion:   Dev-Anim (AF43A65D-7FD3-4947-9873-3E8ED9C1BB05): 2
LogDevObjectVersion:   Dev-ReflectionCapture (6B266CEC-1EC7-4B8F-A30B-E4D90942FC07): 1
LogDevObjectVersion:   Dev-Automation (0DF73D61-A23F-47EA-B727-89E90C41499A): 1
LogDevObjectVersion:   FortniteMain (601D1886-AC64-4F84-AA16-D3DE0DEAC7D6): 17
LogDevObjectVersion:   Dev-Enterprise (9DFFBCD6-494F-0158-E221-12823C92A888): 4
LogDevObjectVersion:   Dev-Niagara (F2AED0AC-9AFE-416F-8664-AA7FFA26D6FC): 1
LogStreaming: Display: Took  0.009s to delete old logs.
LogInit: Presizing for max 8388607 objects, including 0 objects not considered by GC, pre-allocating 0 bytes for permanent pool.
LogInit: Object subsystem initialized
LogConfig: Setting CVar [[con.DebugEarlyDefault:1]]
LogConfig: Setting CVar [[r.setres:1280x720]]
[2019.01.27-18.17.41:074][  0]LogConfig: Setting CVar [[r.VSync:0]]
[2019.01.27-18.17.41:074][  0]LogConfig: Setting CVar [[r.RHICmdBypass:0]]
[2019.01.27-18.17.41:074][  0]LogConfig: Applying CVar settings from Section [/Script/Engine.RendererSettings] File [C:/Users/Juan Pablo/Documents/Unreal Projects/AI/PathSearch/Saved/Config/Windows/Engine.ini]
[2019.01.27-18.17.41:074][  0]LogConfig: Setting CVar [[r.GPUCrashDebugging:0]]
[2019.01.27-18.17.41:074][  0]LogConfig: Applying CVar settings from Section [/Script/Engine.RendererOverrideSettings] File [C:/Users/Juan Pablo/Documents/Unreal Projects/AI/PathSearch/Saved/Config/Windows/Engine.ini]
[2019.01.27-18.17.41:074][  0]LogConfig: Applying CVar settings from Section [/Script/Engine.StreamingSettings] File [C:/Users/Juan Pablo/Documents/Unreal Projects/AI/PathSearch/Saved/Config/Windows/Engine.ini]
[2019.01.27-18.17.41:074][  0]LogConfig: Setting CVar [[s.MinBulkDataSizeForAsyncLoading:131072]]
[2019.01.27-18.17.41:074][  0]LogConfig: Setting CVar [[s.AsyncLoadingThreadEnabled:0]]
[2019.01.27-18.17.41:074][  0]LogConfig: Setting CVar [[s.EventDrivenLoaderEnabled:1]]
[2019.01.27-18.17.41:075][  0]LogConfig: Setting CVar [[s.WarnIfTimeLimitExceeded:0]]
[2019.01.27-18.17.41:075][  0]LogConfig: Setting CVar [[s.TimeLimitExceededMultiplier:1.5]]
[2019.01.27-18.17.41:075][  0]LogConfig: Setting CVar [[s.TimeLimitExceededMinTime:0.005]]
[2019.01.27-18.17.41:075][  0]LogConfig: Setting CVar [[s.UseBackgroundLevelStreaming:1]]
[2019.01.27-18.17.41:075][  0]LogConfig: Setting CVar [[s.PriorityAsyncLoadingExtraTime:15.0]]
[2019.01.27-18.17.41:075][  0]LogConfig: Setting CVar [[s.LevelStreamingActorsUpdateTimeLimit:5.0]]
[2019.01.27-18.17.41:075][  0]LogConfig: Setting CVar [[s.PriorityLevelStreamingActorsUpdateExtraTime:5.0]]
[2019.01.27-18.17.41:075][  0]LogConfig: Setting CVar [[s.LevelStreamingComponentsRegistrationGranularity:10]]
[2019.01.27-18.17.41:075][  0]LogConfig: Setting CVar [[s.UnregisterComponentsTimeLimit:1.0]]
[2019.01.27-18.17.41:075][  0]LogConfig: Setting CVar [[s.LevelStreamingComponentsUnregistrationGranularity:5]]
[2019.01.27-18.17.41:075][  0]LogConfig: Applying CVar settings from Section [/Script/Engine.GarbageCollectionSettings] File [C:/Users/Juan Pablo/Documents/Unreal Projects/AI/PathSearch/Saved/Config/Windows/Engine.ini]
[2019.01.27-18.17.41:076][  0]LogConfig: Setting CVar [[gc.MaxObjectsNotConsideredByGC:1]]
[2019.01.27-18.17.41:076][  0]LogConfig: Setting CVar [[gc.SizeOfPermanentObjectPool:0]]
[2019.01.27-18.17.41:076][  0]LogConfig: Setting CVar [[gc.FlushStreamingOnGC:0]]
[2019.01.27-18.17.41:076][  0]LogConfig: Setting CVar [[gc.NumRetriesBeforeForcingGC:10]]
[2019.01.27-18.17.41:076][  0]LogConfig: Setting CVar [[gc.AllowParallelGC:1]]
[2019.01.27-18.17.41:076][  0]LogConfig: Setting CVar [[gc.TimeBetweenPurgingPendingKillObjects:61.1]]
[2019.01.27-18.17.41:076][  0]LogConfig: Setting CVar [[gc.MaxObjectsInEditor:8388607]]
[2019.01.27-18.17.41:076][  0]LogConfig: Setting CVar [[gc.IncrementalBeginDestroyEnabled:1]]
[2019.01.27-18.17.41:076][  0]LogConfig: Setting CVar [[gc.CreateGCClusters:1]]
[2019.01.27-18.17.41:076][  0]LogConfig: Setting CVar [[gc.MergeGCClusters:0]]
[2019.01.27-18.17.41:076][  0]LogConfig: Setting CVar [[gc.MinGCClusterSize:5]]
[2019.01.27-18.17.41:076][  0]LogConfig: Setting CVar [[gc.ActorClusteringEnabled:0]]
[2019.01.27-18.17.41:076][  0]LogConfig: Setting CVar [[gc.BlueprintClusteringEnabled:0]]
[2019.01.27-18.17.41:077][  0]LogConfig: Setting CVar [[gc.UseDisregardForGCOnDedicatedServers:0]]
[2019.01.27-18.17.41:077][  0]LogConfig: Applying CVar settings from Section [/Script/Engine.NetworkSettings] File [C:/Users/Juan Pablo/Documents/Unreal Projects/AI/PathSearch/Saved/Config/Windows/Engine.ini]
[2019.01.27-18.17.41:077][  0]LogConfig: Applying CVar settings from Section [/Script/UnrealEd.CookerSettings] File [C:/Users/Juan Pablo/Documents/Unreal Projects/AI/PathSearch/Saved/Config/Windows/Engine.ini]
[2019.01.27-18.17.41:092][  0]LogConfig: Applying CVar settings from Section [ViewDistanceQuality@3] File [C:/Users/Juan Pablo/Documents/Unreal Projects/AI/PathSearch/Saved/Config/Windows/Scalability.ini]
[2019.01.27-18.17.41:092][  0]LogConfig: Setting CVar [[r.SkeletalMeshLODBias:0]]
[2019.01.27-18.17.41:092][  0]LogConfig: Setting CVar [[r.ViewDistanceScale:1.0]]
[2019.01.27-18.17.41:092][  0]LogConfig: Applying CVar settings from Section [AntiAliasingQuality@3] File [C:/Users/Juan Pablo/Documents/Unreal Projects/AI/PathSearch/Saved/Config/Windows/Scalability.ini]
[2019.01.27-18.17.41:092][  0]LogConfig: Setting CVar [[r.PostProcessAAQuality:4]]
[2019.01.27-18.17.41:092][  0]LogConfig: Applying CVar settings from Section [ShadowQuality@3] File [C:/Users/Juan Pablo/Documents/Unreal Projects/AI/PathSearch/Saved/Config/Windows/Scalability.ini]
[2019.01.27-18.17.41:092][  0]LogConfig: Setting CVar [[r.LightFunctionQuality:1]]
[2019.01.27-18.17.41:093][  0]LogConfig: Setting CVar [[r.ShadowQuality:5]]
[2019.01.27-18.17.41:093][  0]LogConfig: Setting CVar [[r.Shadow.CSM.MaxCascades:10]]
[2019.01.27-18.17.41:093][  0]LogConfig: Setting CVar [[r.Shadow.MaxResolution:2048]]
[2019.01.27-18.17.41:093][  0]LogConfig: Setting CVar [[r.Shadow.MaxCSMResolution:2048]]
[2019.01.27-18.17.41:093][  0]LogConfig: Setting CVar [[r.Shadow.RadiusThreshold:0.01]]
[2019.01.27-18.17.41:093][  0]LogConfig: Setting CVar [[r.Shadow.DistanceScale:1.0]]
[2019.01.27-18.17.41:093][  0]LogConfig: Setting CVar [[r.Shadow.CSM.TransitionScale:1.0]]
[2019.01.27-18.17.41:093][  0]LogConfig: Setting CVar [[r.Shadow.PreShadowResolutionFactor:1.0]]
[2019.01.27-18.17.41:094][  0]LogConfig: Setting CVar [[r.DistanceFieldShadowing:1]]
[2019.01.27-18.17.41:094][  0]LogConfig: Setting CVar [[r.DistanceFieldAO:1]]
[2019.01.27-18.17.41:094][  0]LogConfig: Setting CVar [[r.AOQuality:2]]
[2019.01.27-18.17.41:094][  0]LogConfig: Setting CVar [[r.VolumetricFog:1]]
[2019.01.27-18.17.41:094][  0]LogConfig: Setting CVar [[r.VolumetricFog.GridPixelSize:8]]
[2019.01.27-18.17.41:094][  0]LogConfig: Setting CVar [[r.VolumetricFog.GridSizeZ:128]]
[2019.01.27-18.17.41:094][  0]LogConfig: Setting CVar [[r.VolumetricFog.HistoryMissSupersampleCount:4]]
[2019.01.27-18.17.41:094][  0]LogConfig: Setting CVar [[r.LightMaxDrawDistanceScale:1]]
[2019.01.27-18.17.41:094][  0]LogConfig: Setting CVar [[r.CapsuleShadows:1]]
[2019.01.27-18.17.41:094][  0]LogConfig: Applying CVar settings from Section [PostProcessQuality@3] File [C:/Users/Juan Pablo/Documents/Unreal Projects/AI/PathSearch/Saved/Config/Windows/Scalability.ini]
[2019.01.27-18.17.41:095][  0]LogConfig: Setting CVar [[r.MotionBlurQuality:4]]
[2019.01.27-18.17.41:095][  0]LogConfig: Setting CVar [[r.AmbientOcclusionMipLevelFactor:0.4]]
[2019.01.27-18.17.41:095][  0]LogConfig: Setting CVar [[r.AmbientOcclusionMaxQuality:100]]
[2019.01.27-18.17.41:095][  0]LogConfig: Setting CVar [[r.AmbientOcclusionLevels:-1]]
[2019.01.27-18.17.41:095][  0]LogConfig: Setting CVar [[r.AmbientOcclusionRadiusScale:1.0]]
[2019.01.27-18.17.41:095][  0]LogConfig: Setting CVar [[r.DepthOfFieldQuality:2]]
[2019.01.27-18.17.41:095][  0]LogConfig: Setting CVar [[r.RenderTargetPoolMin:400]]
[2019.01.27-18.17.41:095][  0]LogConfig: Setting CVar [[r.LensFlareQuality:2]]
[2019.01.27-18.17.41:095][  0]LogConfig: Setting CVar [[r.SceneColorFringeQuality:1]]
[2019.01.27-18.17.41:095][  0]LogConfig: Setting CVar [[r.EyeAdaptationQuality:2]]
[2019.01.27-18.17.41:096][  0]LogConfig: Setting CVar [[r.BloomQuality:5]]
[2019.01.27-18.17.41:096][  0]LogConfig: Setting CVar [[r.FastBlurThreshold:100]]
[2019.01.27-18.17.41:096][  0]LogConfig: Setting CVar [[r.Upscale.Quality:3]]
[2019.01.27-18.17.41:096][  0]LogConfig: Setting CVar [[r.Tonemapper.GrainQuantization:1]]
[2019.01.27-18.17.41:096][  0]LogConfig: Setting CVar [[r.LightShaftQuality:1]]
[2019.01.27-18.17.41:096][  0]LogConfig: Setting CVar [[r.Filter.SizeScale:1]]
[2019.01.27-18.17.41:096][  0]LogConfig: Setting CVar [[r.Tonemapper.Quality:5]]
[2019.01.27-18.17.41:096][  0]LogConfig: Setting CVar [[r.DOF.Gather.AccumulatorQuality:1        ; higher gathering accumulator quality]]
[2019.01.27-18.17.41:096][  0]LogConfig: Setting CVar [[r.DOF.Gather.PostfilterMethod:1          ; Median3x3 postfilering method]]
[2019.01.27-18.17.41:096][  0]LogConfig: Setting CVar [[r.DOF.Gather.EnableBokehSettings:0       ; no bokeh simulation when gathering]]
[2019.01.27-18.17.41:097][  0]LogConfig: Setting CVar [[r.DOF.Gather.RingCount:4                 ; medium number of samples when gathering]]
[2019.01.27-18.17.41:097][  0]LogConfig: Setting CVar [[r.DOF.Scatter.ForegroundCompositing:1    ; additive foreground scattering]]
[2019.01.27-18.17.41:097][  0]LogConfig: Setting CVar [[r.DOF.Scatter.BackgroundCompositing:2    ; additive background scattering]]
[2019.01.27-18.17.41:097][  0]LogConfig: Setting CVar [[r.DOF.Scatter.EnableBokehSettings:1      ; bokeh simulation when scattering]]
[2019.01.27-18.17.41:097][  0]LogConfig: Setting CVar [[r.DOF.Scatter.MaxSpriteRatio:0.1         ; only a maximum of 10% of scattered bokeh]]
[2019.01.27-18.17.41:097][  0]LogConfig: Setting CVar [[r.DOF.Recombine.Quality:1                ; cheap slight out of focus]]
[2019.01.27-18.17.41:097][  0]LogConfig: Setting CVar [[r.DOF.Recombine.EnableBokehSettings:0    ; no bokeh simulation on slight out of focus]]
[2019.01.27-18.17.41:097][  0]LogConfig: Setting CVar [[r.DOF.TemporalAAQuality:1                ; more stable temporal accumulation]]
[2019.01.27-18.17.41:097][  0]LogConfig: Setting CVar [[r.DOF.Kernel.MaxForegroundRadius:0.025]]
[2019.01.27-18.17.41:097][  0]LogConfig: Setting CVar [[r.DOF.Kernel.MaxBackgroundRadius:0.025]]
[2019.01.27-18.17.41:098][  0]LogConfig: Applying CVar settings from Section [TextureQuality@3] File [C:/Users/Juan Pablo/Documents/Unreal Projects/AI/PathSearch/Saved/Config/Windows/Scalability.ini]
[2019.01.27-18.17.41:098][  0]LogConfig: Setting CVar [[r.Streaming.MipBias:0]]
[2019.01.27-18.17.41:098][  0]LogConfig: Setting CVar [[r.Streaming.AmortizeCPUToGPUCopy:0]]
[2019.01.27-18.17.41:098][  0]LogConfig: Setting CVar [[r.Streaming.MaxNumTexturesToStreamPerFrame:0]]
[2019.01.27-18.17.41:098][  0]LogConfig: Setting CVar [[r.Streaming.Boost:1]]
[2019.01.27-18.17.41:098][  0]LogConfig: Setting CVar [[r.MaxAnisotropy:8]]
[2019.01.27-18.17.41:098][  0]LogConfig: Setting CVar [[r.Streaming.LimitPoolSizeToVRAM:0]]
[2019.01.27-18.17.41:098][  0]LogConfig: Setting CVar [[r.Streaming.PoolSize:1000]]
[2019.01.27-18.17.41:098][  0]LogConfig: Setting CVar [[r.Streaming.MaxEffectiveScreenSize:0]]
[2019.01.27-18.17.41:099][  0]LogConfig: Applying CVar settings from Section [EffectsQuality@3] File [C:/Users/Juan Pablo/Documents/Unreal Projects/AI/PathSearch/Saved/Config/Windows/Scalability.ini]
[2019.01.27-18.17.41:099][  0]LogConfig: Setting CVar [[r.TranslucencyLightingVolumeDim:64]]
[2019.01.27-18.17.41:099][  0]LogConfig: Setting CVar [[r.RefractionQuality:2]]
[2019.01.27-18.17.41:099][  0]LogConfig: Setting CVar [[r.SSR.Quality:3]]
[2019.01.27-18.17.41:099][  0]LogConfig: Setting CVar [[r.SceneColorFormat:4]]
[2019.01.27-18.17.41:099][  0]LogConfig: Setting CVar [[r.DetailMode:2]]
[2019.01.27-18.17.41:099][  0]LogConfig: Setting CVar [[r.TranslucencyVolumeBlur:1]]
[2019.01.27-18.17.41:099][  0]LogConfig: Setting CVar [[r.MaterialQualityLevel:1 ; High quality]]
[2019.01.27-18.17.41:099][  0]LogConfig: Setting CVar [[r.SSS.Scale:1]]
[2019.01.27-18.17.41:099][  0]LogConfig: Setting CVar [[r.SSS.SampleSet:2]]
[2019.01.27-18.17.41:099][  0]LogConfig: Setting CVar [[r.SSS.Quality:1]]
[2019.01.27-18.17.41:100][  0]LogConfig: Setting CVar [[r.SSS.HalfRes:1]]
[2019.01.27-18.17.41:100][  0]LogConfig: Setting CVar [[r.EmitterSpawnRateScale:1.0]]
[2019.01.27-18.17.41:100][  0]LogConfig: Setting CVar [[r.ParticleLightQuality:2]]
[2019.01.27-18.17.41:100][  0]LogConfig: Applying CVar settings from Section [FoliageQuality@3] File [C:/Users/Juan Pablo/Documents/Unreal Projects/AI/PathSearch/Saved/Config/Windows/Scalability.ini]
[2019.01.27-18.17.41:100][  0]LogConfig: Setting CVar [[foliage.DensityScale:1.0]]
[2019.01.27-18.17.41:100][  0]LogConfig: Setting CVar [[grass.DensityScale:1.0]]
[2019.01.27-18.17.41:100][  0]LogInit: Selected Device Profile: [Windows]
[2019.01.27-18.17.41:100][  0]LogInit: Applying CVar settings loaded from the selected device profile: [Windows]
[2019.01.27-18.17.41:114][  0]LogHAL: Display: Platform has ~ 12 GB [12744183808 / 17179869184 / 12], which maps to Larger [LargestMinGB=32, LargerMinGB=12, DefaultMinGB=8, SmallerMinGB=6, SmallestMinGB=0)
[2019.01.27-18.17.41:115][  0]LogConfig: Setting CVar [[r.Vulkan.UseRealUBs:1]]
[2019.01.27-18.17.41:115][  0]LogInit: Going up to parent DeviceProfile []
[2019.01.27-18.17.41:115][  0]LogConfig: Applying CVar settings from Section [ViewDistanceQuality@2] File [C:/Users/Juan Pablo/Documents/Unreal Projects/AI/PathSearch/Saved/Config/Windows/Scalability.ini]
[2019.01.27-18.17.41:115][  0]LogConfig: Setting CVar [[r.SkeletalMeshLODBias:0]]
[2019.01.27-18.17.41:115][  0]LogConfig: Setting CVar [[r.ViewDistanceScale:0.8]]
[2019.01.27-18.17.41:115][  0]LogConfig: Applying CVar settings from Section [AntiAliasingQuality@2] File [C:/Users/Juan Pablo/Documents/Unreal Projects/AI/PathSearch/Saved/Config/Windows/Scalability.ini]
[2019.01.27-18.17.41:115][  0]LogConfig: Setting CVar [[r.PostProcessAAQuality:3]]
[2019.01.27-18.17.41:115][  0]LogConfig: Applying CVar settings from Section [ShadowQuality@2] File [C:/Users/Juan Pablo/Documents/Unreal Projects/AI/PathSearch/Saved/Config/Windows/Scalability.ini]
[2019.01.27-18.17.41:115][  0]LogConfig: Setting CVar [[r.LightFunctionQuality:1]]
[2019.01.27-18.17.41:116][  0]LogConfig: Setting CVar [[r.ShadowQuality:5]]
[2019.01.27-18.17.41:116][  0]LogConfig: Setting CVar [[r.Shadow.CSM.MaxCascades:4]]
[2019.01.27-18.17.41:116][  0]LogConfig: Setting CVar [[r.Shadow.MaxResolution:1024]]
[2019.01.27-18.17.41:116][  0]LogConfig: Setting CVar [[r.Shadow.MaxCSMResolution:2048]]
[2019.01.27-18.17.41:116][  0]LogConfig: Setting CVar [[r.Shadow.RadiusThreshold:0.04]]
[2019.01.27-18.17.41:116][  0]LogConfig: Setting CVar [[r.Shadow.DistanceScale:0.85]]
[2019.01.27-18.17.41:116][  0]LogConfig: Setting CVar [[r.Shadow.CSM.TransitionScale:0.8]]
[2019.01.27-18.17.41:116][  0]LogConfig: Setting CVar [[r.Shadow.PreShadowResolutionFactor:0.5]]
[2019.01.27-18.17.41:117][  0]LogConfig: Setting CVar [[r.DistanceFieldShadowing:1]]
[2019.01.27-18.17.41:117][  0]LogConfig: Setting CVar [[r.DistanceFieldAO:1]]
[2019.01.27-18.17.41:117][  0]LogConfig: Setting CVar [[r.AOQuality:1]]
[2019.01.27-18.17.41:117][  0]LogConfig: Setting CVar [[r.VolumetricFog:1]]
[2019.01.27-18.17.41:117][  0]LogConfig: Setting CVar [[r.VolumetricFog.GridPixelSize:16]]
[2019.01.27-18.17.41:117][  0]LogConfig: Setting CVar [[r.VolumetricFog.GridSizeZ:64]]
[2019.01.27-18.17.41:117][  0]LogConfig: Setting CVar [[r.VolumetricFog.HistoryMissSupersampleCount:4]]
[2019.01.27-18.17.41:117][  0]LogConfig: Setting CVar [[r.LightMaxDrawDistanceScale:1]]
[2019.01.27-18.17.41:117][  0]LogConfig: Setting CVar [[r.CapsuleShadows:1]]
[2019.01.27-18.17.41:117][  0]LogConfig: Applying CVar settings from Section [PostProcessQuality@2] File [C:/Users/Juan Pablo/Documents/Unreal Projects/AI/PathSearch/Saved/Config/Windows/Scalability.ini]
[2019.01.27-18.17.41:118][  0]LogConfig: Setting CVar [[r.MotionBlurQuality:3]]
[2019.01.27-18.17.41:118][  0]LogConfig: Setting CVar [[r.AmbientOcclusionMipLevelFactor:0.6]]
[2019.01.27-18.17.41:118][  0]LogConfig: Setting CVar [[r.AmbientOcclusionMaxQuality:100]]
[2019.01.27-18.17.41:118][  0]LogConfig: Setting CVar [[r.AmbientOcclusionLevels:-1]]
[2019.01.27-18.17.41:118][  0]LogConfig: Setting CVar [[r.AmbientOcclusionRadiusScale:1.5]]
[2019.01.27-18.17.41:118][  0]LogConfig: Setting CVar [[r.DepthOfFieldQuality:2]]
[2019.01.27-18.17.41:118][  0]LogConfig: Setting CVar [[r.RenderTargetPoolMin:400]]
[2019.01.27-18.17.41:118][  0]LogConfig: Setting CVar [[r.LensFlareQuality:2]]
[2019.01.27-18.17.41:118][  0]LogConfig: Setting CVar [[r.SceneColorFringeQuality:1]]
[2019.01.27-18.17.41:118][  0]LogConfig: Setting CVar [[r.EyeAdaptationQuality:2]]
[2019.01.27-18.17.41:119][  0]LogConfig: Setting CVar [[r.BloomQuality:5]]
[2019.01.27-18.17.41:119][  0]LogConfig: Setting CVar [[r.FastBlurThreshold:3]]
[2019.01.27-18.17.41:119][  0]LogConfig: Setting CVar [[r.Upscale.Quality:2]]
[2019.01.27-18.17.41:119][  0]LogConfig: Setting CVar [[r.Tonemapper.GrainQuantization:1]]
[2019.01.27-18.17.41:119][  0]LogConfig: Setting CVar [[r.LightShaftQuality:1]]
[2019.01.27-18.17.41:119][  0]LogConfig: Setting CVar [[r.Filter.SizeScale:0.8]]
[2019.01.27-18.17.41:119][  0]LogConfig: Setting CVar [[r.Tonemapper.Quality:5]]
[2019.01.27-18.17.41:119][  0]LogConfig: Setting CVar [[r.DOF.Gather.AccumulatorQuality:0        ; lower gathering accumulator quality]]
[2019.01.27-18.17.41:119][  0]LogConfig: Setting CVar [[r.DOF.Gather.PostfilterMethod:2          ; Max3x3 postfilering method]]
[2019.01.27-18.17.41:119][  0]LogConfig: Setting CVar [[r.DOF.Gather.EnableBokehSettings:0       ; no bokeh simulation when gathering]]
[2019.01.27-18.17.41:119][  0]LogConfig: Setting CVar [[r.DOF.Gather.RingCount:4                 ; medium number of samples when gathering]]
[2019.01.27-18.17.41:120][  0]LogConfig: Setting CVar [[r.DOF.Scatter.ForegroundCompositing:1    ; additive foreground scattering]]
[2019.01.27-18.17.41:120][  0]LogConfig: Setting CVar [[r.DOF.Scatter.BackgroundCompositing:1    ; no background occlusion]]
[2019.01.27-18.17.41:120][  0]LogConfig: Setting CVar [[r.DOF.Scatter.EnableBokehSettings:0      ; no bokeh simulation when scattering]]
[2019.01.27-18.17.41:120][  0]LogConfig: Setting CVar [[r.DOF.Scatter.MaxSpriteRatio:0.04        ; only a maximum of 4% of scattered bokeh]]
[2019.01.27-18.17.41:120][  0]LogConfig: Setting CVar [[r.DOF.Recombine.Quality:0                ; no slight out of focus]]
[2019.01.27-18.17.41:120][  0]LogConfig: Setting CVar [[r.DOF.TemporalAAQuality:0                ; faster temporal accumulation]]
[2019.01.27-18.17.41:120][  0]LogConfig: Setting CVar [[r.DOF.Kernel.MaxForegroundRadius:0.012   ; required because of AccumulatorQuality=0]]
[2019.01.27-18.17.41:120][  0]LogConfig: Setting CVar [[r.DOF.Kernel.MaxBackgroundRadius:0.012   ; required because of AccumulatorQuality=0]]
[2019.01.27-18.17.41:120][  0]LogConfig: Applying CVar settings from Section [TextureQuality@2] File [C:/Users/Juan Pablo/Documents/Unreal Projects/AI/PathSearch/Saved/Config/Windows/Scalability.ini]
[2019.01.27-18.17.41:120][  0]LogConfig: Setting CVar [[r.Streaming.MipBias:0]]
[2019.01.27-18.17.41:120][  0]LogConfig: Setting CVar [[r.Streaming.AmortizeCPUToGPUCopy:0]]
[2019.01.27-18.17.41:120][  0]LogConfig: Setting CVar [[r.Streaming.MaxNumTexturesToStreamPerFrame:0]]
[2019.01.27-18.17.41:120][  0]LogConfig: Setting CVar [[r.Streaming.Boost:1]]
[2019.01.27-18.17.41:120][  0]LogConfig: Setting CVar [[r.MaxAnisotropy:4]]
[2019.01.27-18.17.41:121][  0]LogConfig: Setting CVar [[r.Streaming.LimitPoolSizeToVRAM:1]]
[2019.01.27-18.17.41:121][  0]LogConfig: Setting CVar [[r.Streaming.PoolSize:800]]
[2019.01.27-18.17.41:121][  0]LogConfig: Setting CVar [[r.Streaming.MaxEffectiveScreenSize:0]]
[2019.01.27-18.17.41:121][  0]LogConfig: Applying CVar settings from Section [EffectsQuality@2] File [C:/Users/Juan Pablo/Documents/Unreal Projects/AI/PathSearch/Saved/Config/Windows/Scalability.ini]
[2019.01.27-18.17.41:121][  0]LogConfig: Setting CVar [[r.TranslucencyLightingVolumeDim:48]]
[2019.01.27-18.17.41:121][  0]LogConfig: Setting CVar [[r.RefractionQuality:2]]
[2019.01.27-18.17.41:121][  0]LogConfig: Setting CVar [[r.SSR.Quality:2]]
[2019.01.27-18.17.41:121][  0]LogConfig: Setting CVar [[r.SceneColorFormat:3]]
[2019.01.27-18.17.41:121][  0]LogConfig: Setting CVar [[r.DetailMode:1]]
[2019.01.27-18.17.41:121][  0]LogConfig: Setting CVar [[r.TranslucencyVolumeBlur:1]]
[2019.01.27-18.17.41:121][  0]LogConfig: Setting CVar [[r.MaterialQualityLevel:1 ; High quality]]
[2019.01.27-18.17.41:121][  0]LogConfig: Setting CVar [[r.SSS.Scale:1]]
[2019.01.27-18.17.41:122][  0]LogConfig: Setting CVar [[r.SSS.SampleSet:1]]
[2019.01.27-18.17.41:122][  0]LogConfig: Setting CVar [[r.SSS.Quality:-1]]
[2019.01.27-18.17.41:122][  0]LogConfig: Setting CVar [[r.SSS.HalfRes:1]]
[2019.01.27-18.17.41:122][  0]LogConfig: Setting CVar [[r.EmitterSpawnRateScale:0.5]]
[2019.01.27-18.17.41:122][  0]LogConfig: Setting CVar [[r.ParticleLightQuality:1]]
[2019.01.27-18.17.41:122][  0]LogConfig: Applying CVar settings from Section [FoliageQuality@2] File [C:/Users/Juan Pablo/Documents/Unreal Projects/AI/PathSearch/Saved/Config/Windows/Scalability.ini]
[2019.01.27-18.17.41:122][  0]LogConfig: Setting CVar [[foliage.DensityScale:0.8]]
[2019.01.27-18.17.41:122][  0]LogConfig: Setting CVar [[grass.DensityScale:0.8]]
[2019.01.27-18.17.41:122][  0]LogConfig: Applying CVar settings from Section [Startup] File [../../../Engine/Config/ConsoleVariables.ini]
[2019.01.27-18.17.41:123][  0]LogConfig: Setting CVar [[net.UseAdaptiveNetUpdateFrequency:0]]
[2019.01.27-18.17.41:123][  0]LogConfig: Applying CVar settings from Section [ConsoleVariables] File [C:/Users/Juan Pablo/Documents/Unreal Projects/AI/PathSearch/Saved/Config/Windows/Engine.ini]
[2019.01.27-18.17.41:123][  0]LogInit: Computer: DESKTOP-1MK8LI7
[2019.01.27-18.17.41:123][  0]LogInit: User: JuanPablo
[2019.01.27-18.17.41:123][  0]LogInit: CPU Page size=4096, Cores=4
[2019.01.27-18.17.41:123][  0]LogInit: High frequency timer resolution =2.531254 MHz
[2019.01.27-18.17.41:124][  0]LogMemory: Memory total: Physical=11.9GB (12GB approx)
[2019.01.27-18.17.41:124][  0]LogMemory: Platform Memory Stats for Windows
[2019.01.27-18.17.41:124][  0]LogMemory: Process Physical Memory: 103.15 MB used, 103.15 MB peak
[2019.01.27-18.17.41:124][  0]LogMemory: Process Virtual Memory: 90.19 MB used, 90.19 MB peak
[2019.01.27-18.17.41:124][  0]LogMemory: Physical Memory: 7335.22 MB used,  4818.58 MB free, 12153.80 MB total
[2019.01.27-18.17.41:124][  0]LogMemory: Virtual Memory: 4652.17 MB used,  134213072.00 MB free, 134217728.00 MB total
[2019.01.27-18.17.41:311][  0]LogInit: Overriding language with editor language configuration option (en).
[2019.01.27-18.17.41:311][  0]LogInit: Overriding locale with editor culture configuration option ().
[2019.01.27-18.17.41:311][  0]LogInit: Using OS detected locale (es-MX).
[2019.01.27-18.17.41:773][  0]LogStreaming: Display: Took  0.463s to InitEngineTextLocalization.
[2019.01.27-18.17.41:773][  0]LogInit: Setting process to per monitor DPI aware
[2019.01.27-18.17.41:866][  0]LogSlate: New Slate User Created.  User Index 0, Is Virtual User: 0
[2019.01.27-18.17.41:866][  0]LogSlate: Slate User Registered.  User Index 0, Is Virtual User: 0
[2019.01.27-18.17.42:320][  0]LogHMD: Failed to initialize OpenVR with code 110
[2019.01.27-18.17.42:320][  0]LogD3D11RHI: D3D11 adapters:
[2019.01.27-18.17.42:439][  0]LogD3D11RHI:    0. 'NVIDIA GeForce GTX 970M' (Feature Level 11_0)
[2019.01.27-18.17.42:439][  0]LogD3D11RHI:       3029/0/6076 MB DedicatedVideo/DedicatedSystem/SharedSystem, Outputs:2, VendorId:0x10de
[2019.01.27-18.17.42:483][  0]LogD3D11RHI:    1. 'Intel(R) HD Graphics 530' (Feature Level 11_0)
[2019.01.27-18.17.42:483][  0]LogD3D11RHI:       128/0/6076 MB DedicatedVideo/DedicatedSystem/SharedSystem, Outputs:0, VendorId:0x8086
[2019.01.27-18.17.42:493][  0]LogD3D11RHI:    2. 'Microsoft Basic Render Driver' (Feature Level 11_0)
[2019.01.27-18.17.42:494][  0]LogD3D11RHI:       0/0/6076 MB DedicatedVideo/DedicatedSystem/SharedSystem, Outputs:0, VendorId:0x1414
[2019.01.27-18.17.42:494][  0]LogD3D11RHI: Chosen D3D11 Adapter: 0
[2019.01.27-18.17.42:544][  0]LogD3D11RHI: Creating new Direct3DDevice
[2019.01.27-18.17.42:545][  0]LogD3D11RHI:     GPU DeviceId: 0x13d8 (for the marketing name, search the web for "GPU Device Id")
[2019.01.27-18.17.42:545][  0]LogWindows: EnumDisplayDevices:
[2019.01.27-18.17.42:545][  0]LogWindows:    0. 'Intel(R) HD Graphics 530' (P:1 D:1)
[2019.01.27-18.17.42:546][  0]LogWindows:    1. 'Intel(R) HD Graphics 530' (P:0 D:0)
[2019.01.27-18.17.42:546][  0]LogWindows:    2. 'Intel(R) HD Graphics 530' (P:0 D:0)
[2019.01.27-18.17.42:547][  0]LogWindows:    3. 'NVIDIA GeForce GTX 970M' (P:0 D:1)
[2019.01.27-18.17.42:547][  0]LogWindows: DebugString: PrimaryIsNotTheChoosenAdapter PrimaryIsNotTheChoosenAdapter PrimaryIsNotTheChoosenAdapter 
[2019.01.27-18.17.42:547][  0]LogD3D11RHI:     Adapter Name: NVIDIA GeForce GTX 970M
[2019.01.27-18.17.42:547][  0]LogD3D11RHI:   Driver Version: 417.35 (internal:25.21.14.1735, unified:417.35)
[2019.01.27-18.17.42:547][  0]LogD3D11RHI:      Driver Date: 12-11-2018
[2019.01.27-18.17.42:548][  0]LogRHI: Texture pool is 2120 MB (70% of 3029 MB)
[2019.01.27-18.17.42:616][  0]LogD3D11RHI: Async texture creation enabled
[2019.01.27-18.17.42:635][  0]LogD3D11RHI: GPU Timing Frequency: 1000.000000 (Debug: 2 2)
[2019.01.27-18.17.43:120][  0]LogTemp: Display: Loaded TP AllDesktopTargetPlatform
[2019.01.27-18.17.43:145][  0]LogTemp: Display: Loaded TP MacClientTargetPlatform
[2019.01.27-18.17.43:167][  0]LogTemp: Display: Loaded TP MacNoEditorTargetPlatform
[2019.01.27-18.17.43:187][  0]LogTemp: Display: Loaded TP MacServerTargetPlatform
[2019.01.27-18.17.43:209][  0]LogTemp: Display: Loaded TP MacTargetPlatform
[2019.01.27-18.17.43:230][  0]LogTemp: Display: Loaded TP WindowsClientTargetPlatform
[2019.01.27-18.17.43:253][  0]LogTemp: Display: Loaded TP WindowsNoEditorTargetPlatform
[2019.01.27-18.17.43:281][  0]LogTemp: Display: Loaded TP WindowsServerTargetPlatform
[2019.01.27-18.17.43:296][  0]LogTemp: Display: Loaded TP WindowsTargetPlatform
[2019.01.27-18.17.43:399][  0]LogTemp: Display: Loaded TP AndroidTargetPlatform
[2019.01.27-18.17.43:399][  0]LogTemp: Display: Loaded TP AndroidTargetPlatform
[2019.01.27-18.17.43:399][  0]LogTemp: Display: Loaded TP AndroidTargetPlatform
[2019.01.27-18.17.43:400][  0]LogTemp: Display: Loaded TP AndroidTargetPlatform
[2019.01.27-18.17.43:400][  0]LogTemp: Display: Loaded TP AndroidTargetPlatform
[2019.01.27-18.17.43:400][  0]LogTemp: Display: Loaded TP AndroidTargetPlatform
[2019.01.27-18.17.43:400][  0]LogTemp: Display: Loaded TP AndroidTargetPlatform
[2019.01.27-18.17.43:400][  0]LogTemp: Display: Loaded TP AndroidTargetPlatform
[2019.01.27-18.17.43:400][  0]LogTemp: Display: Loaded TP AndroidTargetPlatform
[2019.01.27-18.17.43:401][  0]LogTemp: Display: Loaded TP AndroidTargetPlatform
[2019.01.27-18.17.43:401][  0]LogTemp: Display: Loaded TP AndroidTargetPlatform
[2019.01.27-18.17.43:401][  0]LogTemp: Display: Loaded TP AndroidTargetPlatform
[2019.01.27-18.17.43:401][  0]LogTemp: Display: Loaded TP AndroidTargetPlatform
[2019.01.27-18.17.43:401][  0]LogTemp: Display: Loaded TP AndroidTargetPlatform
[2019.01.27-18.17.43:401][  0]LogTemp: Display: Loaded TP AndroidTargetPlatform
[2019.01.27-18.17.43:401][  0]LogTemp: Display: Loaded TP AndroidTargetPlatform
[2019.01.27-18.17.43:401][  0]LogTemp: Display: Loaded TP AndroidTargetPlatform
[2019.01.27-18.17.43:402][  0]LogTemp: Display: Loaded TP AndroidTargetPlatform
[2019.01.27-18.17.43:410][  0]LogTemp: Display: Loaded TP HTML5TargetPlatform
[2019.01.27-18.17.43:503][  0]LogTemp: Display: Loaded TP IOSTargetPlatform
[2019.01.27-18.17.43:503][  0]LogTemp: Display: Loaded TP IOSTargetPlatform
[2019.01.27-18.17.43:538][  0]LogTemp: Display: Loaded TP TVOSTargetPlatform
[2019.01.27-18.17.43:538][  0]LogTemp: Display: Loaded TP TVOSTargetPlatform
[2019.01.27-18.17.43:561][  0]LogTemp: Display: Loaded TP LinuxClientTargetPlatform
[2019.01.27-18.17.43:579][  0]LogTemp: Display: Loaded TP LinuxNoEditorTargetPlatform
[2019.01.27-18.17.43:599][  0]LogTemp: Display: Loaded TP LinuxServerTargetPlatform
[2019.01.27-18.17.43:626][  0]LogTemp: Display: Loaded TP LinuxTargetPlatform
[2019.01.27-18.17.43:702][  0]LogTemp: Display: Loaded TP LuminTargetPlatform
[2019.01.27-18.17.43:702][  0]LogTemp: Display: Loaded TP LuminTargetPlatform
[2019.01.27-18.17.43:703][  0]LogTargetPlatformManager: Display: Building Assets For Windows
[2019.01.27-18.17.43:948][  0]LogShaderCompilers: Guid format shader working directory is -24 characters bigger than the processId version (../../../../../../Users/Juan Pablo/Documents/Unreal Projects/AI/PathSearch/Intermediate/Shaders/WorkingDirectory/24480/).
[2019.01.27-18.17.43:948][  0]LogShaderCompilers: Cleaned the shader compiler working directory 'C:/Users/Juan Pablo/AppData/Local/Temp/UnrealShaderWorkingDir/5A0CBCFC47E59D3F0D6B9ABC31B0295D/'.
[2019.01.27-18.17.43:952][  0]LogXGEController: Cleaning working directory: C:/Users/Juan Pablo/AppData/Local/Temp/UnrealXGEWorkingDir/
[2019.01.27-18.17.43:953][  0]LogXGEController: Cannot use XGE Controller as Incredibuild is not installed on this machine.
[2019.01.27-18.17.43:953][  0]LogShaderCompilers: Cannot use XGE Shader Compiler as Incredibuild is not installed on this machine.
[2019.01.27-18.17.43:953][  0]LogShaderCompilers: Display: Using Local Shader Compiler.
[2019.01.27-18.17.44:649][  0]LogDerivedDataCache: Display: Max Cache Size: 512 MB
[2019.01.27-18.17.44:717][  0]LogDerivedDataCache: Loaded boot cache 0.07s 71MB C:/Users/Juan Pablo/AppData/Local/UnrealEngine/4.21/DerivedDataCache/Boot.ddc.
[2019.01.27-18.17.44:717][  0]LogDerivedDataCache: Display: Loaded Boot cache: C:/Users/Juan Pablo/AppData/Local/UnrealEngine/4.21/DerivedDataCache/Boot.ddc
[2019.01.27-18.17.44:718][  0]LogDerivedDataCache: FDerivedDataBackendGraph:  Pak pak cache file ../../../../../../Users/Juan Pablo/Documents/Unreal Projects/AI/PathSearch/DerivedDataCache/DDC.ddp not found, will not use a pak cache.
[2019.01.27-18.17.44:718][  0]LogDerivedDataCache: Unable to find inner node Pak for hierarchical cache Hierarchy.
[2019.01.27-18.17.44:718][  0]LogDerivedDataCache: FDerivedDataBackendGraph:  CompressedPak pak cache file ../../../../../../Users/Juan Pablo/Documents/Unreal Projects/AI/PathSearch/DerivedDataCache/Compressed.ddp not found, will not use a pak cache.
[2019.01.27-18.17.44:718][  0]LogDerivedDataCache: Unable to find inner node CompressedPak for hierarchical cache Hierarchy.
[2019.01.27-18.17.44:735][  0]LogDerivedDataCache: Display: Pak cache opened for reading ../../../Engine/DerivedDataCache/Compressed.ddp.
[2019.01.27-18.17.44:736][  0]LogDerivedDataCache: FDerivedDataBackendGraph:  EnterprisePak pak cache file ../../../Enterprise/DerivedDataCache/Compressed.ddp not found, will not use a pak cache.
[2019.01.27-18.17.44:736][  0]LogDerivedDataCache: Unable to find inner node EnterprisePak for hierarchical cache Hierarchy.
[2019.01.27-18.17.44:753][  0]LogDerivedDataCache: Using Local data cache path C:/Users/Juan Pablo/AppData/Local/UnrealEngine/Common/DerivedDataCache: Writable
[2019.01.27-18.17.44:753][  0]LogDerivedDataCache: Shared data cache path not found in *engine.ini, will not use an Shared cache.
[2019.01.27-18.17.44:754][  0]LogDerivedDataCache: Unable to find inner node Shared for hierarchical cache Hierarchy.
[2019.01.27-18.17.44:781][  0]LogMaterial: Verifying Global Shaders for PCD3D_SM5
[2019.01.27-18.17.44:783][  0]LogSlate: Using FreeType 2.6.0
[2019.01.27-18.17.44:785][  0]LogSlate: SlateFontServices - WITH_FREETYPE: 1, WITH_HARFBUZZ: 1
[2019.01.27-18.17.44:947][  0]LogAssetRegistry: FAssetRegistry took 0.0435 seconds to start up
[2019.01.27-18.17.45:411][  0]LogInit: Selected Device Profile: [Windows]
[2019.01.27-18.17.45:662][  0]LogSimplygon: Simplygon DLL not present - disabling.
[2019.01.27-18.17.45:679][  0]LogMeshReduction: Using SimplygonSwarm for distributed automatic mesh merging
[2019.01.27-18.17.45:680][  0]LogMeshReduction: Using ProxyLODMeshReduction for automatic mesh merging
[2019.01.27-18.17.45:680][  0]LogMeshReduction: Using QuadricMeshReduction for automatic static mesh reduction
[2019.01.27-18.17.45:680][  0]LogMeshReduction: No automatic skeletal mesh reduction module available
[2019.01.27-18.17.45:698][  0]LogNetVersion: PathSearch 1.0.0, NetCL: 4541578, EngineNetVer: 5, GameNetVer: 0 (Checksum: 4271065824)
[2019.01.27-18.17.46:334][  0]LogPackageLocalizationCache: Processed 11 localized package path(s) for 1 prioritized culture(s) in 0.068159 seconds
[2019.01.27-18.17.46:344][  0]LogUObjectArray: 39775 objects as part of root set at end of initial load.
[2019.01.27-18.17.46:344][  0]LogUObjectAllocator: 6914656 out of 0 bytes used by permanent object pool.
[2019.01.27-18.17.46:344][  0]LogUObjectArray: CloseDisregardForGC: 0/0 objects in disregard for GC pool
[2019.01.27-18.17.48:199][  0]LogTcpMessaging: Initializing TcpMessaging bridge
[2019.01.27-18.17.48:222][  0]LogUdpMessaging: Initializing bridge on interface 0.0.0.0:0 to multicast group 230.0.0.1:6666.
[2019.01.27-18.17.49:662][  0]SourceControl: Source control is disabled
[2019.01.27-18.17.49:662][  0]SourceControl: Source control is disabled
[2019.01.27-18.17.49:669][  0]SourceControl: Source control is disabled
[2019.01.27-18.17.49:676][  0]SourceControl: Source control is disabled
[2019.01.27-18.17.50:091][  0]LogAndroidPermission: UAndroidPermissionCallbackProxy::GetInstance
[2019.01.27-18.17.50:289][  0]LogOcInput: OculusInput pre-init called
[2019.01.27-18.17.50:502][  0]LogEngine: Initializing Engine...
[2019.01.27-18.17.50:504][  0]LogHMD: Failed to initialize OpenVR with code 110
[2019.01.27-18.17.50:506][  0]LogStats: UGameplayTagsManager::ConstructGameplayTagTree: ImportINI prefixes -  0.000 s
[2019.01.27-18.17.50:506][  0]LogStats: UGameplayTagsManager::ConstructGameplayTagTree: Construct from data asset -  0.000 s
[2019.01.27-18.17.50:506][  0]LogStats: UGameplayTagsManager::ConstructGameplayTagTree: ImportINI -  0.000 s
[2019.01.27-18.17.50:506][  0]LogStats: UGameplayTagsManager::ConstructGameplayTagTree: GameplayTagTreeChangedEvent.Broadcast -  0.000 s
[2019.01.27-18.17.50:819][  0]LogInit: Initializing FReadOnlyCVARCache
[2019.01.27-18.17.50:849][  0]LogAIModule: Creating AISystem for world Untitled
[2019.01.27-18.17.50:880][  0]LogInit: XAudio2 using 'Altavoces (Sound Blaster Recon3Di)' : 2 channels at 48 kHz using 32 bits per sample (channel mask 0x3)
[2019.01.27-18.17.50:970][  0]LogInit: FAudioDevice initialized.
[2019.01.27-18.17.50:971][  0]LogNetVersion: Set ProjectVersion to 1.0.0.0. Version Checksum will be recalculated on next use.
[2019.01.27-18.17.51:131][  0]LogDerivedDataCache: Saved boot cache 0.16s 71MB C:/Users/Juan Pablo/AppData/Local/UnrealEngine/4.21/DerivedDataCache/Boot.ddc.
[2019.01.27-18.17.51:141][  0]LogInit: Texture streaming: Enabled
[2019.01.27-18.17.51:208][  0]LogEngineSessionManager: EngineSessionManager initialized
[2019.01.27-18.17.51:227][  0]LogInit: Transaction tracking system initialized
[2019.01.27-18.17.51:293][  0]BlueprintLog: New page: Editor Load
[2019.01.27-18.17.51:520][  0]LocalizationService: Localization service is disabled
[2019.01.27-18.17.52:587][  0]LogFileCache: Scanning file cache for directory 'C:/Users/Juan Pablo/Documents/Unreal Projects/AI/PathSearch/Content/' took 0.02s
[2019.01.27-18.17.52:588][  0]LogCook: Display: Max memory allowance for cook 16384mb min free memory 0mb
[2019.01.27-18.17.52:588][  0]LogCook: Display: Mobile HDR setting 1
[2019.01.27-18.17.52:588][  0]LogGameplayTags: Display: UGameplayTagsManager::DoneAddingNativeTags. DelegateIsBound: 0
[2019.01.27-18.17.52:588][  0]LogStats: UGameplayTagsManager::ConstructGameplayTagTree: ImportINI prefixes -  0.000 s
[2019.01.27-18.17.52:588][  0]LogStats: UGameplayTagsManager::ConstructGameplayTagTree: Construct from data asset -  0.000 s
[2019.01.27-18.17.52:589][  0]LogStats: UGameplayTagsManager::ConstructGameplayTagTree: ImportINI -  0.000 s
[2019.01.27-18.17.52:589][  0]LogStats: UGameplayTagsManager::ConstructGameplayTagTree: GameplayTagTreeChangedEvent.Broadcast -  0.000 s
[2019.01.27-18.17.52:967][  0]SourceControl: Source control is disabled
[2019.01.27-18.17.52:968][  0]Cmd: MAP LOAD FILE="../../../../../../Users/Juan Pablo/Documents/Unreal Projects/AI/PathSearch/Content/Levels/PathSearch.umap" TEMPLATE=0 SHOWPROGRESS=1 FEATURELEVEL=3
[2019.01.27-18.17.52:969][  0]LightingResults: New page: Lighting Build
[2019.01.27-18.17.52:976][  0]MapCheck: New page: Map Check
[2019.01.27-18.17.52:976][  0]LightingResults: New page: Lighting Build
[2019.01.27-18.17.53:192][  0]LogAIModule: Creating AISystem for world PathSearch
[2019.01.27-18.17.53:211][  0]LogEditorServer: Finished looking for orphan Actors (0.000 secs)
[2019.01.27-18.17.53:238][  0]Cmd: MAP CHECKDEP NOCLEARLOG
[2019.01.27-18.17.53:239][  0]MapCheck: Map check complete: 0 Error(s), 0 Warning(s), took 0.326ms to complete.
[2019.01.27-18.17.53:239][  0]LogFileHelpers: Loading map 'PathSearch' took 0.272
[2019.01.27-18.17.53:405][  0]LogSlate: Updating window title bar state: overlay mode, drag disabled, window buttons hidden, title bar hidden
[2019.01.27-18.17.53:414][  0]LogSlate: Updating window title bar state: overlay mode, drag disabled, window buttons hidden, title bar hidden
[2019.01.27-18.17.53:423][  0]LogSlate: Updating window title bar state: overlay mode, drag disabled, window buttons hidden, title bar hidden
[2019.01.27-18.17.53:432][  0]LogSlate: Updating window title bar state: overlay mode, drag disabled, window buttons hidden, title bar hidden
[2019.01.27-18.17.53:445][  0]LogCollectionManager: Loaded 0 collections in 0.002355 seconds
[2019.01.27-18.17.53:483][  0]LogFileCache: Scanning file cache for directory 'C:/Users/Juan Pablo/Documents/Unreal Projects/AI/PathSearch/Saved/Collections/' took 0.01s
[2019.01.27-18.17.53:483][  0]LogFileCache: Scanning file cache for directory 'C:/Users/Juan Pablo/Documents/Unreal Projects/AI/PathSearch/Content/Developers/JuanPablo/Collections/' took 0.01s
[2019.01.27-18.17.53:483][  0]LogFileCache: Scanning file cache for directory 'C:/Users/Juan Pablo/Documents/Unreal Projects/AI/PathSearch/Content/Collections/' took 0.00s
[2019.01.27-18.17.53:484][  0]LogCollectionManager: Rebuilt the GUID cache for 0 collections in 0.000000 seconds
[2019.01.27-18.17.53:497][  0]LogContentBrowser: Native class hierarchy populated in 0.0130 seconds. Added 2662 classes and 625 folders.
[2019.01.27-18.17.53:511][  0]LogContentBrowser: Native class hierarchy updated for 'WidgetCarousel' in 0.0004 seconds. Added 0 classes and 0 folders.
[2019.01.27-18.17.53:515][  0]LogPakFile: Registered encryption key '00000000000000000000000000000000': 0 pak files mounted, 0 remain pending
[2019.01.27-18.17.53:517][  0]LogPakFile: Registered encryption key '00000000000000000000000000000000': 0 pak files mounted, 0 remain pending
[2019.01.27-18.17.53:518][  0]LogPakFile: Registered encryption key '00000000000000000000000000000000': 0 pak files mounted, 0 remain pending
[2019.01.27-18.17.53:520][  0]LogPakFile: Registered encryption key '00000000000000000000000000000000': 0 pak files mounted, 0 remain pending
[2019.01.27-18.17.53:521][  0]LogPakFile: Registered encryption key '00000000000000000000000000000000': 0 pak files mounted, 0 remain pending
[2019.01.27-18.17.53:523][  0]LogPakFile: Registered encryption key '00000000000000000000000000000000': 0 pak files mounted, 0 remain pending
[2019.01.27-18.17.53:525][  0]LogPakFile: Registered encryption key '00000000000000000000000000000000': 0 pak files mounted, 0 remain pending
[2019.01.27-18.17.53:526][  0]LogPakFile: Registered encryption key '00000000000000000000000000000000': 0 pak files mounted, 0 remain pending
[2019.01.27-18.17.53:528][  0]LogPakFile: Registered encryption key '00000000000000000000000000000000': 0 pak files mounted, 0 remain pending
[2019.01.27-18.17.53:529][  0]LogPakFile: Registered encryption key '00000000000000000000000000000000': 0 pak files mounted, 0 remain pending
[2019.01.27-18.17.53:531][  0]LogPakFile: Registered encryption key '00000000000000000000000000000000': 0 pak files mounted, 0 remain pending
[2019.01.27-18.17.53:532][  0]LogPakFile: Registered encryption key '00000000000000000000000000000000': 0 pak files mounted, 0 remain pending
[2019.01.27-18.17.53:533][  0]LogPakFile: Registered encryption key '00000000000000000000000000000000': 0 pak files mounted, 0 remain pending
[2019.01.27-18.17.53:535][  0]LogPakFile: Registered encryption key '00000000000000000000000000000000': 0 pak files mounted, 0 remain pending
[2019.01.27-18.17.53:537][  0]LogPakFile: Registered encryption key '00000000000000000000000000000000': 0 pak files mounted, 0 remain pending
[2019.01.27-18.17.53:539][  0]LogPakFile: Registered encryption key '00000000000000000000000000000000': 0 pak files mounted, 0 remain pending
[2019.01.27-18.17.53:540][  0]LogPakFile: Registered encryption key '00000000000000000000000000000000': 0 pak files mounted, 0 remain pending
[2019.01.27-18.17.53:542][  0]LogPakFile: Registered encryption key '00000000000000000000000000000000': 0 pak files mounted, 0 remain pending
[2019.01.27-18.17.53:543][  0]LogPakFile: Registered encryption key '00000000000000000000000000000000': 0 pak files mounted, 0 remain pending
[2019.01.27-18.17.53:544][  0]LogPakFile: Registered encryption key '00000000000000000000000000000000': 0 pak files mounted, 0 remain pending
[2019.01.27-18.17.53:545][  0]LogPakFile: Registered encryption key '00000000000000000000000000000000': 0 pak files mounted, 0 remain pending
[2019.01.27-18.17.53:547][  0]LogPakFile: Registered encryption key '00000000000000000000000000000000': 0 pak files mounted, 0 remain pending
[2019.01.27-18.17.53:548][  0]LogPakFile: Registered encryption key '00000000000000000000000000000000': 0 pak files mounted, 0 remain pending
[2019.01.27-18.17.53:549][  0]LogPakFile: Registered encryption key '00000000000000000000000000000000': 0 pak files mounted, 0 remain pending
[2019.01.27-18.17.53:550][  0]LogPakFile: Registered encryption key '00000000000000000000000000000000': 0 pak files mounted, 0 remain pending
[2019.01.27-18.17.53:551][  0]LogPakFile: Registered encryption key '00000000000000000000000000000000': 0 pak files mounted, 0 remain pending
[2019.01.27-18.17.53:608][  0]LogContentBrowser: Native class hierarchy updated for 'AddContentDialog' in 0.0005 seconds. Added 0 classes and 0 folders.
[2019.01.27-18.17.53:691][  0]LogSlate: Took 0.000614 seconds to synchronously load lazily loaded font '../../../Engine/Content/Slate/Fonts/Roboto-Regular.ttf' (155K)
[2019.01.27-18.17.53:699][  0]LogSlate: Took 0.000354 seconds to synchronously load lazily loaded font '../../../Engine/Content/Slate/Fonts/Roboto-Bold.ttf' (160K)
[2019.01.27-18.17.53:704][  0]LogSlate: Took 0.000595 seconds to synchronously load lazily loaded font '../../../Engine/Content/Editor/Slate/Fonts/FontAwesome.ttf' (139K)
[2019.01.27-18.17.53:801][  0]LogRenderer: Reallocating scene render targets to support 1172x592 Format 9 NumSamples 1 (Frame:1).
[2019.01.27-18.17.53:871][  0]LogSlate: Took 0.000797 seconds to synchronously load lazily loaded font '../../../Engine/Content/Slate/Fonts/Roboto-Light.ttf' (167K)
[2019.01.27-18.17.54:033][  0]LogContentBrowser: Native class hierarchy updated for 'HierarchicalLODOutliner' in 0.0005 seconds. Added 0 classes and 0 folders.
[2019.01.27-18.17.54:033][  0]LogLoad: (Engine Initialization) Total time: 15.98 seconds
[2019.01.27-18.17.54:033][  0]LogLoad: (Engine Initialization) Total Blueprint compile time: 0.00 seconds
[2019.01.27-18.17.54:052][  0]LogWindowsTextInputMethodSystem: Display: IME system now deactivated.
[2019.01.27-18.17.54:097][  0]LogAssetRegistry: Asset discovery search completed in 9.1777 seconds
[2019.01.27-18.17.54:099][  0]LogCollectionManager: Rebuilt the object cache for 0 collections in 0.000000 seconds (found 0 objects)
[2019.01.27-18.17.54:100][  0]LogCollectionManager: Fixed up redirectors for 0 collections in 0.000305 seconds (updated 0 objects)
[2019.01.27-18.17.54:103][  0]LogContentStreaming: Texture pool size now 800 MB
[2019.01.27-18.17.57:123][175]LogSlate: FSceneViewport::OnFocusLost() reason 0
[2019.01.27-18.17.57:206][180]LogTemp: Repeating last play command: Selected Viewport
[2019.01.27-18.17.57:217][180]LogBlueprintUserMessages: Early PlayInEditor Detection: Level '/Game/Levels/PathSearch.PathSearch:PersistentLevel' has LevelScriptBlueprint '/Game/Levels/PathSearch.PathSearch:PersistentLevel.PathSearch' with GeneratedClass '/Game/Levels/PathSearch.PathSearch_C' with ClassGeneratedBy '/Game/Levels/PathSearch.PathSearch:PersistentLevel.PathSearch'
[2019.01.27-18.17.57:217][180]LogPlayLevel: PlayLevel: No blueprints needed recompiling
[2019.01.27-18.17.57:218][180]PIE: New page: PIE session: PathSearch (27/01/2019 06:17:57)
[2019.01.27-18.17.57:235][180]LogPlayLevel: Creating play world package: /Game/Levels/UEDPIE_0_PathSearch
[2019.01.27-18.17.57:240][180]LogPlayLevel: PIE: StaticDuplicateObject took: (0.004854s)
[2019.01.27-18.17.57:241][180]LogAIModule: Creating AISystem for world PathSearch
[2019.01.27-18.17.57:242][180]LogPlayLevel: PIE: World Init took: (0.001165s)
[2019.01.27-18.17.57:242][180]LogPlayLevel: PIE: Created PIE world by copying editor world from /Game/Levels/PathSearch.PathSearch to /Game/Levels/UEDPIE_0_PathSearch.PathSearch (0.007230s)
[2019.01.27-18.17.57:276][180]LogInit: XAudio2 using 'Altavoces (Sound Blaster Recon3Di)' : 2 channels at 48 kHz using 32 bits per sample (channel mask 0x3)
[2019.01.27-18.17.57:291][180]LogInit: FAudioDevice initialized.
[2019.01.27-18.17.57:345][180]LogLoad: Game class is 'BP_GameMode_C'
[2019.01.27-18.17.57:347][180]LogWorld: Bringing World /Game/Levels/UEDPIE_0_PathSearch.PathSearch up for play (max tick rate 60) at 2019.01.27-12.17.57
[2019.01.27-18.17.57:348][180]LogWorld: Bringing up level for play took: 0.001194
[2019.01.27-18.17.57:374][180]LogContentBrowser: Native class hierarchy updated for 'MovieSceneCapture' in 0.0005 seconds. Added 20 classes and 0 folders.
[2019.01.27-18.17.57:377][180]LogTemp: Warning: Prob: 1
[2019.01.27-18.17.57:378][180]LogTemp: Warning: Prob: 6
[2019.01.27-18.17.57:378][180]LogTemp: Warning: Prob: 8
[2019.01.27-18.17.57:379][180]LogTemp: Warning: Prob: 3
[2019.01.27-18.17.57:380][180]LogTemp: Warning: Prob: 10
[2019.01.27-18.17.57:380][180]LogTemp: Warning: Prob: 8
[2019.01.27-18.17.57:381][180]LogTemp: Warning: Prob: 9
[2019.01.27-18.17.57:381][180]LogTemp: Warning: Prob: 4
[2019.01.27-18.17.57:382][180]LogTemp: Warning: Prob: 8
[2019.01.27-18.17.57:382][180]LogTemp: Warning: Prob: 1
[2019.01.27-18.17.57:383][180]LogTemp: Warning: Prob: 4
[2019.01.27-18.17.57:383][180]LogTemp: Warning: Prob: 3
[2019.01.27-18.17.57:383][180]LogTemp: Warning: Prob: 0
[2019.01.27-18.17.57:384][180]LogTemp: Warning: Prob: 1
[2019.01.27-18.17.57:384][180]LogTemp: Warning: Prob: 2
[2019.01.27-18.17.57:385][180]LogTemp: Warning: Prob: 2
[2019.01.27-18.17.57:385][180]LogTemp: Warning: Prob: 0
[2019.01.27-18.17.57:386][180]LogTemp: Warning: Prob: 4
[2019.01.27-18.17.57:386][180]LogTemp: Warning: Prob: 5
[2019.01.27-18.17.57:387][180]LogTemp: Warning: Prob: 8
[2019.01.27-18.17.57:387][180]LogTemp: Warning: Prob: 0
[2019.01.27-18.17.57:387][180]LogTemp: Warning: Prob: 2
[2019.01.27-18.17.57:388][180]LogTemp: Warning: Prob: 10
[2019.01.27-18.17.57:388][180]LogTemp: Warning: Prob: 1
[2019.01.27-18.17.57:389][180]LogTemp: Warning: Prob: 5
[2019.01.27-18.17.57:389][180]LogTemp: Warning: Prob: 7
[2019.01.27-18.17.57:390][180]LogTemp: Warning: Prob: 0
[2019.01.27-18.17.57:390][180]LogTemp: Warning: Prob: 5
[2019.01.27-18.17.57:390][180]LogTemp: Warning: Prob: 1
[2019.01.27-18.17.57:391][180]LogTemp: Warning: Prob: 8
[2019.01.27-18.17.57:391][180]LogTemp: Warning: Prob: 8
[2019.01.27-18.17.57:392][180]LogTemp: Warning: Prob: 0
[2019.01.27-18.17.57:392][180]LogTemp: Warning: Prob: 5
[2019.01.27-18.17.57:393][180]LogTemp: Warning: Prob: 1
[2019.01.27-18.17.57:393][180]LogTemp: Warning: Prob: 8
[2019.01.27-18.17.57:393][180]LogTemp: Warning: Prob: 7
[2019.01.27-18.17.57:394][180]LogTemp: Warning: Prob: 10
[2019.01.27-18.17.57:394][180]LogTemp: Warning: Prob: 3
[2019.01.27-18.17.57:394][180]LogTemp: Warning: Prob: 6
[2019.01.27-18.17.57:395][180]LogTemp: Warning: Prob: 1
[2019.01.27-18.17.57:395][180]LogTemp: Warning: Prob: 5
[2019.01.27-18.17.57:396][180]LogTemp: Warning: Prob: 7
[2019.01.27-18.17.57:397][180]LogTemp: Warning: Prob: 1
[2019.01.27-18.17.57:397][180]LogTemp: Warning: Prob: 5
[2019.01.27-18.17.57:398][180]LogTemp: Warning: Prob: 0
[2019.01.27-18.17.57:399][180]LogTemp: Warning: Prob: 4
[2019.01.27-18.17.57:400][180]LogTemp: Warning: Prob: 2
[2019.01.27-18.17.57:400][180]LogTemp: Warning: Prob: 1
[2019.01.27-18.17.57:401][180]LogTemp: Warning: Prob: 6
[2019.01.27-18.17.57:402][180]LogTemp: Warning: Prob: 4
[2019.01.27-18.17.57:403][180]LogTemp: Warning: Prob: 5
[2019.01.27-18.17.57:403][180]LogTemp: Warning: Prob: 0
[2019.01.27-18.17.57:404][180]LogTemp: Warning: Prob: 7
[2019.01.27-18.17.57:405][180]LogTemp: Warning: Prob: 4
[2019.01.27-18.17.57:405][180]LogTemp: Warning: Prob: 10
[2019.01.27-18.17.57:406][180]LogTemp: Warning: Prob: 8
[2019.01.27-18.17.57:406][180]LogTemp: Warning: Prob: 3
[2019.01.27-18.17.57:407][180]LogTemp: Warning: Prob: 4
[2019.01.27-18.17.57:408][180]LogTemp: Warning: Prob: 8
[2019.01.27-18.17.57:408][180]LogTemp: Warning: Prob: 10
[2019.01.27-18.17.57:409][180]LogTemp: Warning: Prob: 9
[2019.01.27-18.17.57:409][180]LogTemp: Warning: Prob: 4
[2019.01.27-18.17.57:410][180]LogTemp: Warning: Prob: 0
[2019.01.27-18.17.57:410][180]LogTemp: Warning: Prob: 9
[2019.01.27-18.17.57:411][180]PIE: Play in editor start time for /Game/Levels/UEDPIE_0_PathSearch -0.005
[2019.01.27-18.17.57:412][180]LogBlueprintUserMessages: Late PlayInEditor Detection: Level '/Game/Levels/PathSearch.PathSearch:PersistentLevel' has LevelScriptBlueprint '/Game/Levels/PathSearch.PathSearch:PersistentLevel.PathSearch' with GeneratedClass '/Game/Levels/PathSearch.PathSearch_C' with ClassGeneratedBy '/Game/Levels/PathSearch.PathSearch:PersistentLevel.PathSearch'
[2019.01.27-18.22.18:234][252]LogUnrealEdMisc: Warning: Heartbeat event firing too frequently (0.000 sec). This should never happen. Something is wrong with the timer delegate!
[2019.01.27-18.22.18:234][252]LogUnrealEdMisc: Warning: Heartbeat event firing too frequently (0.000 sec). This should never happen. Something is wrong with the timer delegate!
[2019.01.27-18.22.18:234][252]LogUnrealEdMisc: Warning: Heartbeat event firing too frequently (0.000 sec). This should never happen. Something is wrong with the timer delegate!
[2019.01.27-18.22.54:125][713]LogUnrealEdMisc: Warning: Heartbeat event firing too frequently (35.891 sec). This should never happen. Something is wrong with the timer delegate!
[2019.01.27-18.37.58:531][514]LogBlueprintUserMessages: Early EndPlayMap Detection: Level '/Game/Levels/PathSearch.PathSearch:PersistentLevel' has LevelScriptBlueprint '/Game/Levels/PathSearch.PathSearch:PersistentLevel.PathSearch' with GeneratedClass '/Game/Levels/PathSearch.PathSearch_C' with ClassGeneratedBy '/Game/Levels/PathSearch.PathSearch:PersistentLevel.PathSearch'
[2019.01.27-18.37.58:532][514]LogSlate: Updating window title bar state: overlay mode, drag disabled, window buttons hidden, title bar hidden
[2019.01.27-18.37.58:578][514]LogPlayLevel: Display: Shutting down PIE online subsystems
[2019.01.27-18.37.58:579][514]LogBlueprintUserMessages: Late EndPlayMap Detection: Level '/Game/Levels/PathSearch.PathSearch:PersistentLevel' has LevelScriptBlueprint '/Game/Levels/PathSearch.PathSearch:PersistentLevel.PathSearch' with GeneratedClass '/Game/Levels/PathSearch.PathSearch_C' with ClassGeneratedBy '/Game/Levels/PathSearch.PathSearch:PersistentLevel.PathSearch'
[2019.01.27-18.37.58:609][514]LogSlate: Updating window title bar state: overlay mode, drag disabled, window buttons hidden, title bar hidden
[2019.01.27-18.37.58:636][515]LogPlayLevel: Display: Destroying online subsystem :Context_1
[2019.01.27-18.42.54:644][535]Candidate modules for hot reload:
[2019.01.27-18.42.54:644][535]  PathSearch
[2019.01.27-18.42.54:644][535]Launching UnrealBuildTool... [C:/Program Files/Epic Games/UE_4.21/Engine/Binaries/DotNET/UnrealBuildTool.exe  -ModuleWithSuffix=PathSearch,5799 Win64 Development -TargetType=Editor -Project="../../../../../../Users/Juan Pablo/Documents/Unreal Projects/AI/PathSearch/PathSearch.uproject" -canskiplink "C:/Users/Juan Pablo/Documents/Unreal Projects/AI/PathSearch/PathSearch.uproject" ]
[2019.01.27-18.42.54:647][535]Warning: Starting HotReload took  0.1s.
[2019.01.27-18.43.21:142][731]CompilerResultsLog: New page: Compilation - 27/01/2019 06:43:21
[2019.01.27-18.43.21:143][731]CompilerResultsLog: Using 'git status' to determine working set for adaptive non-unity build (C:\Users\Juan Pablo\Documents\Unreal Projects\AI).
[2019.01.27-18.43.21:143][731]CompilerResultsLog: Creating makefile for hot reloading PathSearchEditor (source directory changed)
[2019.01.27-18.43.21:143][731]CompilerResultsLog: Compiling game modules for hot reload
[2019.01.27-18.43.21:143][731]CompilerResultsLog: Using Visual Studio 2017 14.16.27023 toolchain (C:\Program Files (x86)\Microsoft Visual Studio\2017\Community\VC\Tools\MSVC\14.16.27023) and Windows 10.0.16299.0 SDK (C:\Program Files (x86)\Windows Kits\10).
[2019.01.27-18.43.21:143][731]CompilerResultsLog: Parsing headers for PathSearchEditor
[2019.01.27-18.43.21:143][731]CompilerResultsLog:   Running UnrealHeaderTool "C:\Users\Juan Pablo\Documents\Unreal Projects\AI\PathSearch\PathSearch.uproject" "C:\Users\Juan Pablo\Documents\Unreal Projects\AI\PathSearch\Intermediate\Build\Win64\PathSearchEditor\Development\PathSearchEditor.uhtmanifest" -LogCmds="loginit warning, logexit warning, logdatabase error" -Unattended -WarningsAsErrors -installed
[2019.01.27-18.43.21:144][731]CompilerResultsLog: Reflection code generated for PathSearchEditor in 12.476608 seconds
[2019.01.27-18.43.21:144][731]CompilerResultsLog: Building 4 actions with 8 processes...
[2019.01.27-18.43.21:144][731]CompilerResultsLog:   [1/4] BranchAndBound.gen.cpp
[2019.01.27-18.43.21:144][731]CompilerResultsLog:   [2/4] BranchAndBound.cpp
[2019.01.27-18.43.21:144][731]CompilerResultsLog:   [3/4] UE4Editor-PathSearch-5799.lib
[2019.01.27-18.43.21:144][731]CompilerResultsLog:      Creating library C:\Users\Juan Pablo\Documents\Unreal Projects\AI\PathSearch\Intermediate\Build\Win64\UE4Editor\Development\PathSearch\UE4Editor-PathSearch-5799.lib and object C:\Users\Juan Pablo\Documents\Unreal Projects\AI\PathSearch\Intermediate\Build\Win64\UE4Editor\Development\PathSearch\UE4Editor-PathSearch-5799.exp
[2019.01.27-18.43.21:144][731]LogMainFrame: MainFrame: Module compiling took 26.504 seconds
[2019.01.27-18.43.21:145][731]Warning: HotReload failed, recompile failed
[2019.01.27-18.43.33:150][877]Candidate modules for hot reload:
[2019.01.27-18.43.33:150][877]  PathSearch
[2019.01.27-18.43.33:151][877]Launching UnrealBuildTool... [C:/Program Files/Epic Games/UE_4.21/Engine/Binaries/DotNET/UnrealBuildTool.exe  -ModuleWithSuffix=PathSearch,1456 Win64 Development -TargetType=Editor -Project="../../../../../../Users/Juan Pablo/Documents/Unreal Projects/AI/PathSearch/PathSearch.uproject" -canskiplink "C:/Users/Juan Pablo/Documents/Unreal Projects/AI/PathSearch/PathSearch.uproject" ]
[2019.01.27-18.43.33:153][877]Warning: Starting HotReload took  0.0s.
[2019.01.27-18.43.48:926][822]CompilerResultsLog: New page: Compilation - 27/01/2019 06:43:48
[2019.01.27-18.43.48:927][822]CompilerResultsLog: Using 'git status' to determine working set for adaptive non-unity build (C:\Users\Juan Pablo\Documents\Unreal Projects\AI).
[2019.01.27-18.43.48:927][822]CompilerResultsLog: Creating makefile for hot reloading PathSearchEditor (source directory changed)
[2019.01.27-18.43.48:927][822]CompilerResultsLog: Compiling game modules for hot reload
[2019.01.27-18.43.48:927][822]CompilerResultsLog: Performing full C++ include scan (no include cache file)
[2019.01.27-18.43.48:927][822]CompilerResultsLog: Using Visual Studio 2017 14.16.27023 toolchain (C:\Program Files (x86)\Microsoft Visual Studio\2017\Community\VC\Tools\MSVC\14.16.27023) and Windows 10.0.16299.0 SDK (C:\Program Files (x86)\Windows Kits\10).
[2019.01.27-18.43.48:927][822]CompilerResultsLog: Building 3 actions with 8 processes...
[2019.01.27-18.43.48:928][822]CompilerResultsLog:   [1/3] BranchAndBound.cpp
[2019.01.27-18.43.48:928][822]CompilerResultsLog:   [2/3] UE4Editor-PathSearch-1456.lib
[2019.01.27-18.43.48:928][822]CompilerResultsLog:      Creating library C:\Users\Juan Pablo\Documents\Unreal Projects\AI\PathSearch\Intermediate\Build\Win64\UE4Editor\Development\PathSearch\UE4Editor-PathSearch-1456.lib and object C:\Users\Juan Pablo\Documents\Unreal Projects\AI\PathSearch\Intermediate\Build\Win64\UE4Editor\Development\PathSearch\UE4Editor-PathSearch-1456.exp
[2019.01.27-18.43.48:928][822]CompilerResultsLog:   [3/3] UE4Editor-PathSearch-1456.dll
[2019.01.27-18.43.48:928][822]CompilerResultsLog:      Creating library C:\Users\Juan Pablo\Documents\Unreal Projects\AI\PathSearch\Intermediate\Build\Win64\UE4Editor\Development\PathSearch\UE4Editor-PathSearch-1456.suppressed.lib and object C:\Users\Juan Pablo\Documents\Unreal Projects\AI\PathSearch\Intermediate\Build\Win64\UE4Editor\Development\PathSearch\UE4Editor-PathSearch-1456.suppressed.exp
[2019.01.27-18.43.48:928][822]CompilerResultsLog: Total build time: 15.32 seconds (Parallel executor: 3.25 seconds)
[2019.01.27-18.43.48:928][822]LogMainFrame: MainFrame: Module compiling took 15.783 seconds
[2019.01.27-18.43.49:008][822]LogContentBrowser: Native class hierarchy updated for 'PathSearch' in 0.0005 seconds. Added 10 classes and 3 folders.
[2019.01.27-18.43.49:013][822]Display: HotReload successful (9 functions remapped  0 scriptstructs remapped)
[2019.01.27-18.43.49:181][822]LogContentBrowser: Native class hierarchy populated in 0.0111 seconds. Added 2662 classes and 625 folders.
[2019.01.27-18.43.49:182][822]Display: HotReload took 16.0s.
[2019.01.27-18.44.16:142][215]Candidate modules for hot reload:
[2019.01.27-18.44.16:143][215]  PathSearch
[2019.01.27-18.44.16:143][215]Launching UnrealBuildTool... [C:/Program Files/Epic Games/UE_4.21/Engine/Binaries/DotNET/UnrealBuildTool.exe  -ModuleWithSuffix=PathSearch,4932 Win64 Development -TargetType=Editor -Project="../../../../../../Users/Juan Pablo/Documents/Unreal Projects/AI/PathSearch/PathSearch.uproject" -canskiplink "C:/Users/Juan Pablo/Documents/Unreal Projects/AI/PathSearch/PathSearch.uproject" ]
[2019.01.27-18.44.16:146][215]Warning: Starting HotReload took  0.0s.
[2019.01.27-18.44.30:078][326]CompilerResultsLog: New page: Compilation - 27/01/2019 06:44:30
[2019.01.27-18.44.30:079][326]CompilerResultsLog: Using 'git status' to determine working set for adaptive non-unity build (C:\Users\Juan Pablo\Documents\Unreal Projects\AI).
[2019.01.27-18.44.30:079][326]CompilerResultsLog: Creating makefile for hot reloading PathSearchEditor (source directory changed)
[2019.01.27-18.44.30:079][326]CompilerResultsLog: Compiling game modules for hot reload
[2019.01.27-18.44.30:079][326]CompilerResultsLog: Using Visual Studio 2017 14.16.27023 toolchain (C:\Program Files (x86)\Microsoft Visual Studio\2017\Community\VC\Tools\MSVC\14.16.27023) and Windows 10.0.16299.0 SDK (C:\Program Files (x86)\Windows Kits\10).
[2019.01.27-18.44.30:080][326]CompilerResultsLog: Building 3 actions with 8 processes...
[2019.01.27-18.44.30:080][326]CompilerResultsLog:   [1/3] BranchAndBound.cpp
[2019.01.27-18.44.30:080][326]CompilerResultsLog:   [2/3] UE4Editor-PathSearch-4932.lib
[2019.01.27-18.44.30:080][326]CompilerResultsLog:      Creating library C:\Users\Juan Pablo\Documents\Unreal Projects\AI\PathSearch\Intermediate\Build\Win64\UE4Editor\Development\PathSearch\UE4Editor-PathSearch-4932.lib and object C:\Users\Juan Pablo\Documents\Unreal Projects\AI\PathSearch\Intermediate\Build\Win64\UE4Editor\Development\PathSearch\UE4Editor-PathSearch-4932.exp
[2019.01.27-18.44.30:081][326]CompilerResultsLog:   [3/3] UE4Editor-PathSearch-4932.dll
[2019.01.27-18.44.30:081][326]CompilerResultsLog:      Creating library C:\Users\Juan Pablo\Documents\Unreal Projects\AI\PathSearch\Intermediate\Build\Win64\UE4Editor\Development\PathSearch\UE4Editor-PathSearch-4932.suppressed.lib and object C:\Users\Juan Pablo\Documents\Unreal Projects\AI\PathSearch\Intermediate\Build\Win64\UE4Editor\Development\PathSearch\UE4Editor-PathSearch-4932.suppressed.exp
[2019.01.27-18.44.30:082][326]CompilerResultsLog: Total build time: 13.18 seconds (Parallel executor: 3.50 seconds)
[2019.01.27-18.44.30:082][326]LogMainFrame: MainFrame: Module compiling took 13.942 seconds
[2019.01.27-18.44.30:169][326]LogContentBrowser: Native class hierarchy updated for 'PathSearch' in 0.0005 seconds. Added 10 classes and 3 folders.
[2019.01.27-18.44.30:172][326]Display: HotReload successful (9 functions remapped  0 scriptstructs remapped)
[2019.01.27-18.44.30:242][326]LogContentBrowser: Native class hierarchy populated in 0.0111 seconds. Added 2662 classes and 625 folders.
[2019.01.27-18.44.30:243][326]Display: HotReload took 14.1s.
[2019.01.27-18.44.51:333][555]Candidate modules for hot reload:
[2019.01.27-18.44.51:333][555]  PathSearch
[2019.01.27-18.44.51:334][555]Launching UnrealBuildTool... [C:/Program Files/Epic Games/UE_4.21/Engine/Binaries/DotNET/UnrealBuildTool.exe  -ModuleWithSuffix=PathSearch,2333 Win64 Development -TargetType=Editor -Project="../../../../../../Users/Juan Pablo/Documents/Unreal Projects/AI/PathSearch/PathSearch.uproject" -canskiplink "C:/Users/Juan Pablo/Documents/Unreal Projects/AI/PathSearch/PathSearch.uproject" ]
[2019.01.27-18.44.51:335][555]Warning: Starting HotReload took  0.0s.
[2019.01.27-18.45.04:402][671]CompilerResultsLog: New page: Compilation - 27/01/2019 06:45:04
[2019.01.27-18.45.04:403][671]CompilerResultsLog: Using 'git status' to determine working set for adaptive non-unity build (C:\Users\Juan Pablo\Documents\Unreal Projects\AI).
[2019.01.27-18.45.04:403][671]CompilerResultsLog: Creating makefile for hot reloading PathSearchEditor (source directory changed)
[2019.01.27-18.45.04:404][671]CompilerResultsLog: Compiling game modules for hot reload
[2019.01.27-18.45.04:404][671]CompilerResultsLog: Using Visual Studio 2017 14.16.27023 toolchain (C:\Program Files (x86)\Microsoft Visual Studio\2017\Community\VC\Tools\MSVC\14.16.27023) and Windows 10.0.16299.0 SDK (C:\Program Files (x86)\Windows Kits\10).
[2019.01.27-18.45.04:405][671]CompilerResultsLog: Building 3 actions with 8 processes...
[2019.01.27-18.45.04:405][671]CompilerResultsLog:   [1/3] BranchAndBound.cpp
[2019.01.27-18.45.04:405][671]CompilerResultsLog:   [2/3] UE4Editor-PathSearch-2333.lib
[2019.01.27-18.45.04:406][671]CompilerResultsLog:      Creating library C:\Users\Juan Pablo\Documents\Unreal Projects\AI\PathSearch\Intermediate\Build\Win64\UE4Editor\Development\PathSearch\UE4Editor-PathSearch-2333.lib and object C:\Users\Juan Pablo\Documents\Unreal Projects\AI\PathSearch\Intermediate\Build\Win64\UE4Editor\Development\PathSearch\UE4Editor-PathSearch-2333.exp
[2019.01.27-18.45.04:406][671]CompilerResultsLog:   [3/3] UE4Editor-PathSearch-2333.dll
[2019.01.27-18.45.04:407][671]CompilerResultsLog:      Creating library C:\Users\Juan Pablo\Documents\Unreal Projects\AI\PathSearch\Intermediate\Build\Win64\UE4Editor\Development\PathSearch\UE4Editor-PathSearch-2333.suppressed.lib and object C:\Users\Juan Pablo\Documents\Unreal Projects\AI\PathSearch\Intermediate\Build\Win64\UE4Editor\Development\PathSearch\UE4Editor-PathSearch-2333.suppressed.exp
[2019.01.27-18.45.04:407][671]CompilerResultsLog: Total build time: 12.52 seconds (Parallel executor: 2.78 seconds)
[2019.01.27-18.45.04:408][671]LogMainFrame: MainFrame: Module compiling took 13.078 seconds
[2019.01.27-18.45.04:510][671]LogContentBrowser: Native class hierarchy updated for 'PathSearch' in 0.0005 seconds. Added 10 classes and 3 folders.
[2019.01.27-18.45.04:514][671]Display: HotReload successful (9 functions remapped  0 scriptstructs remapped)
[2019.01.27-18.45.04:579][671]LogContentBrowser: Native class hierarchy populated in 0.0091 seconds. Added 2662 classes and 625 folders.
[2019.01.27-18.45.04:579][671]Display: HotReload took 13.3s.
[2019.01.27-18.45.07:216][725]LogTemp: Repeating last play command: Selected Viewport
[2019.01.27-18.45.07:230][725]LogBlueprintUserMessages: Early PlayInEditor Detection: Level '/Game/Levels/PathSearch.PathSearch:PersistentLevel' has LevelScriptBlueprint '/Game/Levels/PathSearch.PathSearch:PersistentLevel.PathSearch' with GeneratedClass '/Game/Levels/PathSearch.PathSearch_C' with ClassGeneratedBy '/Game/Levels/PathSearch.PathSearch:PersistentLevel.PathSearch'
[2019.01.27-18.45.07:230][725]LogPlayLevel: PlayLevel: No blueprints needed recompiling
[2019.01.27-18.45.07:231][725]PIE: New page: PIE session: PathSearch (27/01/2019 06:45:07)
[2019.01.27-18.45.07:231][725]LogPlayLevel: Creating play world package: /Game/Levels/UEDPIE_0_PathSearch
[2019.01.27-18.45.07:235][725]LogPlayLevel: PIE: StaticDuplicateObject took: (0.004174s)
[2019.01.27-18.45.07:237][725]LogAIModule: Creating AISystem for world PathSearch
[2019.01.27-18.45.07:237][725]LogPlayLevel: PIE: World Init took: (0.001796s)
[2019.01.27-18.45.07:238][725]LogPlayLevel: PIE: Created PIE world by copying editor world from /Game/Levels/PathSearch.PathSearch to /Game/Levels/UEDPIE_0_PathSearch.PathSearch (0.006697s)
[2019.01.27-18.45.07:269][725]LogInit: XAudio2 using 'Altavoces (Sound Blaster Recon3Di)' : 2 channels at 48 kHz using 32 bits per sample (channel mask 0x3)
[2019.01.27-18.45.07:288][725]LogInit: FAudioDevice initialized.
[2019.01.27-18.45.07:328][725]LogLoad: Game class is 'BP_GameMode_C'
[2019.01.27-18.45.07:330][725]LogWorld: Bringing World /Game/Levels/UEDPIE_0_PathSearch.PathSearch up for play (max tick rate 60) at 2019.01.27-12.45.07
[2019.01.27-18.45.07:331][725]LogWorld: Bringing up level for play took: 0.001002
[2019.01.27-18.45.07:353][725]LogTemp: Warning: Prob: 7
[2019.01.27-18.45.07:354][725]LogTemp: Warning: Prob: 0
[2019.01.27-18.45.07:355][725]LogTemp: Warning: Prob: 3
[2019.01.27-18.45.07:355][725]LogTemp: Warning: Prob: 6
[2019.01.27-18.45.07:355][725]LogTemp: Warning: Prob: 9
[2019.01.27-18.45.07:356][725]LogTemp: Warning: Prob: 0
[2019.01.27-18.45.07:357][725]LogTemp: Warning: Prob: 3
[2019.01.27-18.45.07:357][725]LogTemp: Warning: Prob: 5
[2019.01.27-18.45.07:357][725]LogTemp: Warning: Prob: 0
[2019.01.27-18.45.07:358][725]LogTemp: Warning: Prob: 8
[2019.01.27-18.45.07:359][725]LogTemp: Warning: Prob: 1
[2019.01.27-18.45.07:359][725]LogTemp: Warning: Prob: 5
[2019.01.27-18.45.07:360][725]LogTemp: Warning: Prob: 0
[2019.01.27-18.45.07:361][725]LogTemp: Warning: Prob: 6
[2019.01.27-18.45.07:361][725]LogTemp: Warning: Prob: 7
[2019.01.27-18.45.07:362][725]LogTemp: Warning: Prob: 5
[2019.01.27-18.45.07:363][725]LogTemp: Warning: Prob: 6
[2019.01.27-18.45.07:364][725]LogTemp: Warning: Prob: 0
[2019.01.27-18.45.07:365][725]LogTemp: Warning: Prob: 5
[2019.01.27-18.45.07:365][725]LogTemp: Warning: Prob: 0
[2019.01.27-18.45.07:366][725]LogTemp: Warning: Prob: 7
[2019.01.27-18.45.07:367][725]LogTemp: Warning: Prob: 5
[2019.01.27-18.45.07:367][725]LogTemp: Warning: Prob: 0
[2019.01.27-18.45.07:368][725]LogTemp: Warning: Prob: 2
[2019.01.27-18.45.07:368][725]LogTemp: Warning: Prob: 6
[2019.01.27-18.45.07:369][725]LogTemp: Warning: Prob: 4
[2019.01.27-18.45.07:370][725]LogTemp: Warning: Prob: 6
[2019.01.27-18.45.07:370][725]LogTemp: Warning: Prob: 0
[2019.01.27-18.45.07:371][725]LogTemp: Warning: Prob: 0
[2019.01.27-18.45.07:371][725]LogTemp: Warning: Prob: 8
[2019.01.27-18.45.07:372][725]LogTemp: Warning: Prob: 0
[2019.01.27-18.45.07:373][725]LogTemp: Warning: Prob: 7
[2019.01.27-18.45.07:373][725]LogTemp: Warning: Prob: 0
[2019.01.27-18.45.07:374][725]LogTemp: Warning: Prob: 2
[2019.01.27-18.45.07:374][725]LogTemp: Warning: Prob: 8
[2019.01.27-18.45.07:375][725]LogTemp: Warning: Prob: 0
[2019.01.27-18.45.07:375][725]LogTemp: Warning: Prob: 7
[2019.01.27-18.45.07:376][725]LogTemp: Warning: Prob: 8
[2019.01.27-18.45.07:376][725]LogTemp: Warning: Prob: 8
[2019.01.27-18.45.07:377][725]LogTemp: Warning: Prob: 3
[2019.01.27-18.45.07:377][725]LogTemp: Warning: Prob: 10
[2019.01.27-18.45.07:378][725]LogTemp: Warning: Prob: 0
[2019.01.27-18.45.07:378][725]LogTemp: Warning: Prob: 5
[2019.01.27-18.45.07:379][725]LogTemp: Warning: Prob: 6
[2019.01.27-18.45.07:379][725]LogTemp: Warning: Prob: 1
[2019.01.27-18.45.07:380][725]LogTemp: Warning: Prob: 4
[2019.01.27-18.45.07:380][725]LogTemp: Warning: Prob: 7
[2019.01.27-18.45.07:381][725]LogTemp: Warning: Prob: 7
[2019.01.27-18.45.07:381][725]LogTemp: Warning: Prob: 8
[2019.01.27-18.45.07:382][725]LogTemp: Warning: Prob: 7
[2019.01.27-18.45.07:382][725]LogTemp: Warning: Prob: 2
[2019.01.27-18.45.07:383][725]LogTemp: Warning: Prob: 5
[2019.01.27-18.45.07:383][725]LogTemp: Warning: Prob: 5
[2019.01.27-18.45.07:384][725]LogTemp: Warning: Prob: 8
[2019.01.27-18.45.07:384][725]LogTemp: Warning: Prob: 6
[2019.01.27-18.45.07:385][725]LogTemp: Warning: Prob: 8
[2019.01.27-18.45.07:385][725]LogTemp: Warning: Prob: 6
[2019.01.27-18.45.07:386][725]LogTemp: Warning: Prob: 4
[2019.01.27-18.45.07:386][725]LogTemp: Warning: Prob: 2
[2019.01.27-18.45.07:387][725]LogTemp: Warning: Prob: 3
[2019.01.27-18.45.07:387][725]LogTemp: Warning: Prob: 5
[2019.01.27-18.45.07:388][725]LogTemp: Warning: Prob: 9
[2019.01.27-18.45.07:389][725]LogTemp: Warning: Prob: 4
[2019.01.27-18.45.07:389][725]LogTemp: Warning: Prob: 2
[2019.01.27-18.45.07:390][725]PIE: Play in editor start time for /Game/Levels/UEDPIE_0_PathSearch -0.026
[2019.01.27-18.45.07:390][725]LogBlueprintUserMessages: Late PlayInEditor Detection: Level '/Game/Levels/PathSearch.PathSearch:PersistentLevel' has LevelScriptBlueprint '/Game/Levels/PathSearch.PathSearch:PersistentLevel.PathSearch' with GeneratedClass '/Game/Levels/PathSearch.PathSearch_C' with ClassGeneratedBy '/Game/Levels/PathSearch.PathSearch:PersistentLevel.PathSearch'
[2019.01.27-18.45.08:245][774]LogTemp: Warning: Parents do not contain goal
[2019.01.27-18.45.10:638][917]LogTemp: Warning: Parents do not contain goal
[2019.01.27-18.45.17:994][ 69]LogTemp: Warning: Parents do not contain goal
[2019.01.27-18.45.18:761][115]LogBlueprintUserMessages: Early EndPlayMap Detection: Level '/Game/Levels/PathSearch.PathSearch:PersistentLevel' has LevelScriptBlueprint '/Game/Levels/PathSearch.PathSearch:PersistentLevel.PathSearch' with GeneratedClass '/Game/Levels/PathSearch.PathSearch_C' with ClassGeneratedBy '/Game/Levels/PathSearch.PathSearch:PersistentLevel.PathSearch'
[2019.01.27-18.45.18:763][115]LogSlate: Updating window title bar state: overlay mode, drag disabled, window buttons hidden, title bar hidden
[2019.01.27-18.45.18:812][115]LogPlayLevel: Display: Shutting down PIE online subsystems
[2019.01.27-18.45.18:813][115]LogBlueprintUserMessages: Late EndPlayMap Detection: Level '/Game/Levels/PathSearch.PathSearch:PersistentLevel' has LevelScriptBlueprint '/Game/Levels/PathSearch.PathSearch:PersistentLevel.PathSearch' with GeneratedClass '/Game/Levels/PathSearch.PathSearch_C' with ClassGeneratedBy '/Game/Levels/PathSearch.PathSearch:PersistentLevel.PathSearch'
[2019.01.27-18.45.18:838][115]LogSlate: Updating window title bar state: overlay mode, drag disabled, window buttons hidden, title bar hidden
[2019.01.27-18.45.18:872][117]LogPlayLevel: Display: Destroying online subsystem :Context_2
[2019.01.27-18.45.19:481][153]LogTemp: Repeating last play command: Selected Viewport
[2019.01.27-18.45.19:494][153]LogBlueprintUserMessages: Early PlayInEditor Detection: Level '/Game/Levels/PathSearch.PathSearch:PersistentLevel' has LevelScriptBlueprint '/Game/Levels/PathSearch.PathSearch:PersistentLevel.PathSearch' with GeneratedClass '/Game/Levels/PathSearch.PathSearch_C' with ClassGeneratedBy '/Game/Levels/PathSearch.PathSearch:PersistentLevel.PathSearch'
[2019.01.27-18.45.19:494][153]LogPlayLevel: PlayLevel: No blueprints needed recompiling
[2019.01.27-18.45.19:494][153]PIE: New page: PIE session: PathSearch (27/01/2019 06:45:19)
[2019.01.27-18.45.19:494][153]LogPlayLevel: Creating play world package: /Game/Levels/UEDPIE_0_PathSearch
[2019.01.27-18.45.19:499][153]LogPlayLevel: PIE: StaticDuplicateObject took: (0.004350s)
[2019.01.27-18.45.19:500][153]LogAIModule: Creating AISystem for world PathSearch
[2019.01.27-18.45.19:500][153]LogPlayLevel: PIE: World Init took: (0.001028s)
[2019.01.27-18.45.19:500][153]LogPlayLevel: PIE: Created PIE world by copying editor world from /Game/Levels/PathSearch.PathSearch to /Game/Levels/UEDPIE_0_PathSearch.PathSearch (0.005950s)
[2019.01.27-18.45.19:533][153]LogInit: XAudio2 using 'Altavoces (Sound Blaster Recon3Di)' : 2 channels at 48 kHz using 32 bits per sample (channel mask 0x3)
[2019.01.27-18.45.19:549][153]LogInit: FAudioDevice initialized.
[2019.01.27-18.45.19:595][153]LogLoad: Game class is 'BP_GameMode_C'
[2019.01.27-18.45.19:597][153]LogWorld: Bringing World /Game/Levels/UEDPIE_0_PathSearch.PathSearch up for play (max tick rate 60) at 2019.01.27-12.45.19
[2019.01.27-18.45.19:598][153]LogWorld: Bringing up level for play took: 0.001034
[2019.01.27-18.45.19:617][153]LogTemp: Warning: Prob: 9
[2019.01.27-18.45.19:617][153]LogTemp: Warning: Prob: 6
[2019.01.27-18.45.19:618][153]LogTemp: Warning: Prob: 4
[2019.01.27-18.45.19:618][153]LogTemp: Warning: Prob: 1
[2019.01.27-18.45.19:619][153]LogTemp: Warning: Prob: 8
[2019.01.27-18.45.19:619][153]LogTemp: Warning: Prob: 10
[2019.01.27-18.45.19:620][153]LogTemp: Warning: Prob: 0
[2019.01.27-18.45.19:620][153]LogTemp: Warning: Prob: 8
[2019.01.27-18.45.19:621][153]LogTemp: Warning: Prob: 5
[2019.01.27-18.45.19:621][153]LogTemp: Warning: Prob: 4
[2019.01.27-18.45.19:622][153]LogTemp: Warning: Prob: 1
[2019.01.27-18.45.19:623][153]LogTemp: Warning: Prob: 0
[2019.01.27-18.45.19:623][153]LogTemp: Warning: Prob: 7
[2019.01.27-18.45.19:624][153]LogTemp: Warning: Prob: 3
[2019.01.27-18.45.19:624][153]LogTemp: Warning: Prob: 8
[2019.01.27-18.45.19:625][153]LogTemp: Warning: Prob: 2
[2019.01.27-18.45.19:626][153]LogTemp: Warning: Prob: 10
[2019.01.27-18.45.19:626][153]LogTemp: Warning: Prob: 0
[2019.01.27-18.45.19:626][153]LogTemp: Warning: Prob: 9
[2019.01.27-18.45.19:627][153]LogTemp: Warning: Prob: 0
[2019.01.27-18.45.19:628][153]LogTemp: Warning: Prob: 9
[2019.01.27-18.45.19:628][153]LogTemp: Warning: Prob: 8
[2019.01.27-18.45.19:629][153]LogTemp: Warning: Prob: 5
[2019.01.27-18.45.19:629][153]LogTemp: Warning: Prob: 8
[2019.01.27-18.45.19:630][153]LogTemp: Warning: Prob: 10
[2019.01.27-18.45.19:631][153]LogTemp: Warning: Prob: 1
[2019.01.27-18.45.19:631][153]LogTemp: Warning: Prob: 7
[2019.01.27-18.45.19:632][153]LogTemp: Warning: Prob: 4
[2019.01.27-18.45.19:633][153]LogTemp: Warning: Prob: 0
[2019.01.27-18.45.19:633][153]LogTemp: Warning: Prob: 2
[2019.01.27-18.45.19:634][153]LogTemp: Warning: Prob: 9
[2019.01.27-18.45.19:635][153]LogTemp: Warning: Prob: 1
[2019.01.27-18.45.19:635][153]LogTemp: Warning: Prob: 0
[2019.01.27-18.45.19:636][153]LogTemp: Warning: Prob: 2
[2019.01.27-18.45.19:636][153]LogTemp: Warning: Prob: 3
[2019.01.27-18.45.19:637][153]LogTemp: Warning: Prob: 3
[2019.01.27-18.45.19:638][153]LogTemp: Warning: Prob: 6
[2019.01.27-18.45.19:638][153]LogTemp: Warning: Prob: 7
[2019.01.27-18.45.19:639][153]LogTemp: Warning: Prob: 1
[2019.01.27-18.45.19:639][153]LogTemp: Warning: Prob: 7
[2019.01.27-18.45.19:640][153]LogTemp: Warning: Prob: 2
[2019.01.27-18.45.19:640][153]LogTemp: Warning: Prob: 3
[2019.01.27-18.45.19:641][153]LogTemp: Warning: Prob: 1
[2019.01.27-18.45.19:642][153]LogTemp: Warning: Prob: 2
[2019.01.27-18.45.19:642][153]LogTemp: Warning: Prob: 1
[2019.01.27-18.45.19:643][153]LogTemp: Warning: Prob: 4
[2019.01.27-18.45.19:643][153]LogTemp: Warning: Prob: 9
[2019.01.27-18.45.19:644][153]LogTemp: Warning: Prob: 4
[2019.01.27-18.45.19:644][153]LogTemp: Warning: Prob: 9
[2019.01.27-18.45.19:645][153]LogTemp: Warning: Prob: 4
[2019.01.27-18.45.19:646][153]LogTemp: Warning: Prob: 4
[2019.01.27-18.45.19:647][153]LogTemp: Warning: Prob: 4
[2019.01.27-18.45.19:647][153]LogTemp: Warning: Prob: 5
[2019.01.27-18.45.19:648][153]LogTemp: Warning: Prob: 1
[2019.01.27-18.45.19:648][153]LogTemp: Warning: Prob: 10
[2019.01.27-18.45.19:649][153]LogTemp: Warning: Prob: 7
[2019.01.27-18.45.19:649][153]LogTemp: Warning: Prob: 8
[2019.01.27-18.45.19:650][153]LogTemp: Warning: Prob: 8
[2019.01.27-18.45.19:650][153]LogTemp: Warning: Prob: 1
[2019.01.27-18.45.19:651][153]LogTemp: Warning: Prob: 3
[2019.01.27-18.45.19:651][153]LogTemp: Warning: Prob: 8
[2019.01.27-18.45.19:651][153]LogTemp: Warning: Prob: 9
[2019.01.27-18.45.19:652][153]LogTemp: Warning: Prob: 7
[2019.01.27-18.45.19:653][153]LogTemp: Warning: Prob: 10
[2019.01.27-18.45.19:653][153]PIE: Play in editor start time for /Game/Levels/UEDPIE_0_PathSearch 0.237
[2019.01.27-18.45.19:654][153]LogBlueprintUserMessages: Late PlayInEditor Detection: Level '/Game/Levels/PathSearch.PathSearch:PersistentLevel' has LevelScriptBlueprint '/Game/Levels/PathSearch.PathSearch:PersistentLevel.PathSearch' with GeneratedClass '/Game/Levels/PathSearch.PathSearch_C' with ClassGeneratedBy '/Game/Levels/PathSearch.PathSearch:PersistentLevel.PathSearch'
[2019.01.27-18.45.21:661][271]LogBlueprintUserMessages: Early EndPlayMap Detection: Level '/Game/Levels/PathSearch.PathSearch:PersistentLevel' has LevelScriptBlueprint '/Game/Levels/PathSearch.PathSearch:PersistentLevel.PathSearch' with GeneratedClass '/Game/Levels/PathSearch.PathSearch_C' with ClassGeneratedBy '/Game/Levels/PathSearch.PathSearch:PersistentLevel.PathSearch'
[2019.01.27-18.45.21:662][271]LogSlate: Updating window title bar state: overlay mode, drag disabled, window buttons hidden, title bar hidden
[2019.01.27-18.45.21:706][271]LogPlayLevel: Display: Shutting down PIE online subsystems
[2019.01.27-18.45.21:706][271]LogBlueprintUserMessages: Late EndPlayMap Detection: Level '/Game/Levels/PathSearch.PathSearch:PersistentLevel' has LevelScriptBlueprint '/Game/Levels/PathSearch.PathSearch:PersistentLevel.PathSearch' with GeneratedClass '/Game/Levels/PathSearch.PathSearch_C' with ClassGeneratedBy '/Game/Levels/PathSearch.PathSearch:PersistentLevel.PathSearch'
[2019.01.27-18.45.21:735][271]LogSlate: Updating window title bar state: overlay mode, drag disabled, window buttons hidden, title bar hidden
[2019.01.27-18.45.21:771][273]LogPlayLevel: Display: Destroying online subsystem :Context_3
[2019.01.27-18.45.22:237][301]LogTemp: Repeating last play command: Selected Viewport
[2019.01.27-18.45.22:249][301]LogBlueprintUserMessages: Early PlayInEditor Detection: Level '/Game/Levels/PathSearch.PathSearch:PersistentLevel' has LevelScriptBlueprint '/Game/Levels/PathSearch.PathSearch:PersistentLevel.PathSearch' with GeneratedClass '/Game/Levels/PathSearch.PathSearch_C' with ClassGeneratedBy '/Game/Levels/PathSearch.PathSearch:PersistentLevel.PathSearch'
[2019.01.27-18.45.22:250][301]LogPlayLevel: PlayLevel: No blueprints needed recompiling
[2019.01.27-18.45.22:250][301]PIE: New page: PIE session: PathSearch (27/01/2019 06:45:22)
[2019.01.27-18.45.22:251][301]LogPlayLevel: Creating play world package: /Game/Levels/UEDPIE_0_PathSearch
[2019.01.27-18.45.22:258][301]LogPlayLevel: PIE: StaticDuplicateObject took: (0.006625s)
[2019.01.27-18.45.22:259][301]LogAIModule: Creating AISystem for world PathSearch
[2019.01.27-18.45.22:259][301]LogPlayLevel: PIE: World Init took: (0.001010s)
[2019.01.27-18.45.22:259][301]LogPlayLevel: PIE: Created PIE world by copying editor world from /Game/Levels/PathSearch.PathSearch to /Game/Levels/UEDPIE_0_PathSearch.PathSearch (0.008657s)
[2019.01.27-18.45.22:291][301]LogInit: XAudio2 using 'Altavoces (Sound Blaster Recon3Di)' : 2 channels at 48 kHz using 32 bits per sample (channel mask 0x3)
[2019.01.27-18.45.22:310][301]LogInit: FAudioDevice initialized.
[2019.01.27-18.45.22:355][301]LogLoad: Game class is 'BP_GameMode_C'
[2019.01.27-18.45.22:357][301]LogWorld: Bringing World /Game/Levels/UEDPIE_0_PathSearch.PathSearch up for play (max tick rate 60) at 2019.01.27-12.45.22
[2019.01.27-18.45.22:358][301]LogWorld: Bringing up level for play took: 0.001081
[2019.01.27-18.45.22:376][301]LogTemp: Warning: Prob: 1
[2019.01.27-18.45.22:376][301]LogTemp: Warning: Prob: 3
[2019.01.27-18.45.22:377][301]LogTemp: Warning: Prob: 0
[2019.01.27-18.45.22:378][301]LogTemp: Warning: Prob: 2
[2019.01.27-18.45.22:378][301]LogTemp: Warning: Prob: 10
[2019.01.27-18.45.22:379][301]LogTemp: Warning: Prob: 9
[2019.01.27-18.45.22:379][301]LogTemp: Warning: Prob: 10
[2019.01.27-18.45.22:380][301]LogTemp: Warning: Prob: 10
[2019.01.27-18.45.22:381][301]LogTemp: Warning: Prob: 6
[2019.01.27-18.45.22:381][301]LogTemp: Warning: Prob: 3
[2019.01.27-18.45.22:382][301]LogTemp: Warning: Prob: 6
[2019.01.27-18.45.22:383][301]LogTemp: Warning: Prob: 9
[2019.01.27-18.45.22:383][301]LogTemp: Warning: Prob: 3
[2019.01.27-18.45.22:384][301]LogTemp: Warning: Prob: 5
[2019.01.27-18.45.22:384][301]LogTemp: Warning: Prob: 5
[2019.01.27-18.45.22:385][301]LogTemp: Warning: Prob: 9
[2019.01.27-18.45.22:385][301]LogTemp: Warning: Prob: 1
[2019.01.27-18.45.22:386][301]LogTemp: Warning: Prob: 0
[2019.01.27-18.45.22:387][301]LogTemp: Warning: Prob: 8
[2019.01.27-18.45.22:387][301]LogTemp: Warning: Prob: 5
[2019.01.27-18.45.22:388][301]LogTemp: Warning: Prob: 4
[2019.01.27-18.45.22:388][301]LogTemp: Warning: Prob: 0
[2019.01.27-18.45.22:389][301]LogTemp: Warning: Prob: 4
[2019.01.27-18.45.22:389][301]LogTemp: Warning: Prob: 0
[2019.01.27-18.45.22:390][301]LogTemp: Warning: Prob: 0
[2019.01.27-18.45.22:390][301]LogTemp: Warning: Prob: 4
[2019.01.27-18.45.22:391][301]LogTemp: Warning: Prob: 9
[2019.01.27-18.45.22:391][301]LogTemp: Warning: Prob: 6
[2019.01.27-18.45.22:392][301]LogTemp: Warning: Prob: 3
[2019.01.27-18.45.22:392][301]LogTemp: Warning: Prob: 6
[2019.01.27-18.45.22:393][301]LogTemp: Warning: Prob: 7
[2019.01.27-18.45.22:393][301]LogTemp: Warning: Prob: 2
[2019.01.27-18.45.22:394][301]LogTemp: Warning: Prob: 7
[2019.01.27-18.45.22:395][301]LogTemp: Warning: Prob: 4
[2019.01.27-18.45.22:395][301]LogTemp: Warning: Prob: 3
[2019.01.27-18.45.22:396][301]LogTemp: Warning: Prob: 3
[2019.01.27-18.45.22:396][301]LogTemp: Warning: Prob: 0
[2019.01.27-18.45.22:397][301]LogTemp: Warning: Prob: 0
[2019.01.27-18.45.22:397][301]LogTemp: Warning: Prob: 9
[2019.01.27-18.45.22:398][301]LogTemp: Warning: Prob: 6
[2019.01.27-18.45.22:399][301]LogTemp: Warning: Prob: 1
[2019.01.27-18.45.22:399][301]LogTemp: Warning: Prob: 6
[2019.01.27-18.45.22:400][301]LogTemp: Warning: Prob: 9
[2019.01.27-18.45.22:401][301]LogTemp: Warning: Prob: 5
[2019.01.27-18.45.22:401][301]LogTemp: Warning: Prob: 4
[2019.01.27-18.45.22:402][301]LogTemp: Warning: Prob: 3
[2019.01.27-18.45.22:402][301]LogTemp: Warning: Prob: 9
[2019.01.27-18.45.22:403][301]LogTemp: Warning: Prob: 2
[2019.01.27-18.45.22:403][301]LogTemp: Warning: Prob: 3
[2019.01.27-18.45.22:404][301]LogTemp: Warning: Prob: 7
[2019.01.27-18.45.22:404][301]LogTemp: Warning: Prob: 2
[2019.01.27-18.45.22:405][301]LogTemp: Warning: Prob: 0
[2019.01.27-18.45.22:405][301]LogTemp: Warning: Prob: 9
[2019.01.27-18.45.22:406][301]LogTemp: Warning: Prob: 3
[2019.01.27-18.45.22:406][301]LogTemp: Warning: Prob: 1
[2019.01.27-18.45.22:407][301]LogTemp: Warning: Prob: 1
[2019.01.27-18.45.22:407][301]LogTemp: Warning: Prob: 6
[2019.01.27-18.45.22:408][301]LogTemp: Warning: Prob: 10
[2019.01.27-18.45.22:408][301]LogTemp: Warning: Prob: 1
[2019.01.27-18.45.22:409][301]LogTemp: Warning: Prob: 4
[2019.01.27-18.45.22:409][301]LogTemp: Warning: Prob: 5
[2019.01.27-18.45.22:410][301]LogTemp: Warning: Prob: 9
[2019.01.27-18.45.22:410][301]LogTemp: Warning: Prob: 4
[2019.01.27-18.45.22:411][301]LogTemp: Warning: Prob: 5
[2019.01.27-18.45.22:411][301]PIE: Play in editor start time for /Game/Levels/UEDPIE_0_PathSearch 0.995
[2019.01.27-18.45.22:412][301]LogBlueprintUserMessages: Late PlayInEditor Detection: Level '/Game/Levels/PathSearch.PathSearch:PersistentLevel' has LevelScriptBlueprint '/Game/Levels/PathSearch.PathSearch:PersistentLevel.PathSearch' with GeneratedClass '/Game/Levels/PathSearch.PathSearch_C' with ClassGeneratedBy '/Game/Levels/PathSearch.PathSearch:PersistentLevel.PathSearch'
