Log file open, 01/27/19 11:38:52
LogWindows: Failed to load 'aqProf.dll' (GetLastError=126)
LogWindows: File 'aqProf.dll' does not exist
LogWindows: Failed to load 'VtuneApi.dll' (GetLastError=126)
LogWindows: File 'VtuneApi.dll' does not exist
LogWindows: Failed to load 'VtuneApi32e.dll' (GetLastError=126)
LogWindows: File 'VtuneApi32e.dll' does not exist
LogConsoleResponse: Display: Failed to find resolution value strings in scalability ini. Falling back to default.
LogInit: Display: Running engine for game: PathSearch
LogPakFile: Registered encryption key '00000000000000000000000000000000': 0 pak files mounted, 0 remain pending
LogPlatformFile: Not using cached read wrapper
LogTaskGraph: Started task graph with 5 named threads and 23 total threads with 3 sets of task threads.
LogStats: Stats thread started at 0.467934
LogD3D11RHI: Loaded GFSDK_Aftermath_Lib.x64.dll
LogICUInternationalization: ICU TimeZone Detection - Raw Offset: -6:00, Platform Override: ''
LogPluginManager: Mounting plugin Paper2D
LogPluginManager: Mounting plugin AISupport
LogPluginManager: Mounting plugin LightPropagationVolume
LogPluginManager: Mounting plugin ActorLayerUtilities
LogPluginManager: Mounting plugin CLionSourceCodeAccess
LogPluginManager: Mounting plugin CodeLiteSourceCodeAccess
LogPluginManager: Mounting plugin GitSourceControl
LogPluginManager: Mounting plugin KDevelopSourceCodeAccess
LogPluginManager: Mounting plugin NullSourceCodeAccess
LogPluginManager: Mounting plugin PerforceSourceControl
LogPluginManager: Mounting plugin SubversionSourceControl
LogPluginManager: Mounting plugin UObjectPlugin
LogPluginManager: Mounting plugin VisualStudioCodeSourceCodeAccess
LogPluginManager: Mounting plugin VisualStudioSourceCodeAccess
LogPluginManager: Mounting plugin XCodeSourceCodeAccess
LogPluginManager: Mounting plugin AssetManagerEditor
LogPluginManager: Mounting plugin CryptoKeys
LogPluginManager: Mounting plugin DataValidation
LogPluginManager: Mounting plugin FacialAnimation
LogPluginManager: Mounting plugin GameplayTagsEditor
LogPluginManager: Mounting plugin MacGraphicsSwitching
LogPluginManager: Mounting plugin MeshEditor
LogPluginManager: Mounting plugin MobileLauncherProfileWizard
LogPluginManager: Mounting plugin PluginBrowser
LogPluginManager: Mounting plugin SpeedTreeImporter
LogPluginManager: Mounting plugin DatasmithContent
LogPluginManager: Mounting plugin VariantManagerContent
LogPluginManager: Mounting plugin AlembicImporter
LogPluginManager: Mounting plugin AppleImageUtils
LogPluginManager: Mounting plugin AppleVision
LogPluginManager: Mounting plugin BackChannel
LogPluginManager: Mounting plugin CharacterAI
LogPluginManager: Mounting plugin GeometryCache
LogPluginManager: Mounting plugin HTML5Networking
LogPluginManager: Mounting plugin ProxyLODPlugin
LogPluginManager: Mounting plugin MagicLeap
LogPluginManager: Mounting plugin MagicLeapMedia
LogPluginManager: Mounting plugin AndroidMedia
LogPluginManager: Mounting plugin AvfMedia
LogPluginManager: Mounting plugin ImgMedia
LogPluginManager: Mounting plugin LinearTimecode
LogPluginManager: Mounting plugin MediaCompositing
LogPluginManager: Mounting plugin MediaPlayerEditor
LogPluginManager: Mounting plugin WebMMedia
LogPluginManager: Mounting plugin WmfMedia
LogPluginManager: Mounting plugin TcpMessaging
LogPluginManager: Mounting plugin UdpMessaging
LogPluginManager: Mounting plugin ActorSequence
LogPluginManager: Mounting plugin LevelSequenceEditor
LogPluginManager: Mounting plugin MatineeToLevelSequence
LogPluginManager: Mounting plugin NetcodeUnitTest
LogPluginManager: Mounting plugin NUTUnrealEngine4
LogPluginManager: Mounting plugin OnlineSubsystemGooglePlay
LogPluginManager: Mounting plugin OnlineSubsystemIOS
LogPluginManager: Mounting plugin OnlineSubsystem
LogPluginManager: Mounting plugin OnlineSubsystemNull
LogPluginManager: Mounting plugin OnlineSubsystemUtils
LogPluginManager: Mounting plugin LauncherChunkInstaller
LogPluginManager: Mounting plugin AndroidDeviceProfileSelector
LogPluginManager: Mounting plugin AndroidMoviePlayer
LogPluginManager: Mounting plugin AndroidPermission
LogPluginManager: Mounting plugin AppleMoviePlayer
LogPluginManager: Mounting plugin ArchVisCharacter
LogPluginManager: Mounting plugin AudioCapture
LogPluginManager: Mounting plugin CableComponent
LogPluginManager: Mounting plugin CustomMeshComponent
LogPluginManager: Mounting plugin EditableMesh
LogPluginManager: Mounting plugin ExampleDeviceProfileSelector
LogPluginManager: Mounting plugin Firebase
LogPluginManager: Mounting plugin GoogleCloudMessaging
LogPluginManager: Mounting plugin IOSDeviceProfileSelector
LogPluginManager: Mounting plugin LinuxDeviceProfileSelector
LogPluginManager: Mounting plugin LocationServicesBPLibrary
LogPluginManager: Mounting plugin MobilePatchingUtils
LogPluginManager: Mounting plugin OculusVR
LogPluginManager: Mounting plugin PhysXVehicles
LogPluginManager: Mounting plugin ProceduralMeshComponent
LogPluginManager: Mounting plugin RuntimePhysXCooking
LogPluginManager: Mounting plugin SteamVR
LogPluginManager: Mounting plugin WebMMoviePlayer
LogPluginManager: Mounting plugin WindowsMoviePlayer
LogStreaming: Display: Took  0.190s to configure plugins.
LogInit: Using libcurl 7.55.1-DEV
LogInit:  - built for x86_64-pc-win32
LogInit:  - supports SSL with OpenSSL/1.0.2h
LogInit:  - supports HTTP deflate (compression) using libz 1.2.8
LogInit:  - other features:
LogInit:      CURL_VERSION_SSL
LogInit:      CURL_VERSION_LIBZ
LogInit:      CURL_VERSION_IPV6
LogInit:      CURL_VERSION_ASYNCHDNS
LogInit:      CURL_VERSION_LARGEFILE
LogInit:      CURL_VERSION_IDN
LogInit:  CurlRequestOptions (configurable via config and command line):
LogInit:  - bVerifyPeer = true  - Libcurl will verify peer certificate
LogInit:  - bUseHttpProxy = false  - Libcurl will NOT use HTTP proxy
LogInit:  - bDontReuseConnections = false  - Libcurl will reuse connections
LogInit:  - MaxHostConnections = 16  - Libcurl will limit the number of connections to a host
LogInit:  - LocalHostAddr = Default
LogInit:  - BufferSize = 65536
LogInit: WinSock: version 1.1 (2.2), MaxSocks=32767, MaxUdp=65467
LogInit: Build: ++UE4+Release-4.21-CL-4753647
LogInit: Engine Version: 4.21.2-4753647+++UE4+Release-4.21
LogInit: Compatible Engine Version: 4.21.0-4541578+++UE4+Release-4.21
LogInit: Net CL: 4541578
LogInit: OS: Windows 10 (), CPU: Intel(R) Core(TM) i7-6700HQ CPU @ 2.60GHz, GPU: Intel(R) HD Graphics 530
LogInit: Compiled (64-bit): Jan 19 2019 02:07:31
LogInit: Compiled with Visual C++: 19.13.26129.00
LogInit: Build Configuration: Development
LogInit: Branch Name: ++UE4+Release-4.21
LogInit: Command Line:  -skipcompile
LogInit: Base Directory: C:/Program Files/Epic Games/UE_4.21/Engine/Binaries/Win64/
LogInit: Installed Engine Build: 1
LogDevObjectVersion: Number of dev versions registered: 22
LogDevObjectVersion:   Dev-Blueprints (B0D832E4-1F89-4F0D-ACCF-7EB736FD4AA2): 10
LogDevObjectVersion:   Dev-Build (E1C64328-A22C-4D53-A36C-8E866417BD8C): 0
LogDevObjectVersion:   Dev-Core (375EC13C-06E4-48FB-B500-84F0262A717E): 2
LogDevObjectVersion:   Dev-Editor (E4B068ED-F494-42E9-A231-DA0B2E46BB41): 26
LogDevObjectVersion:   Dev-Framework (CFFC743F-43B0-4480-9391-14DF171D2073): 34
LogDevObjectVersion:   Dev-Mobile (B02B49B5-BB20-44E9-A304-32B752E40360): 2
LogDevObjectVersion:   Dev-Networking (A4E4105C-59A1-49B5-A7C5-40C4547EDFEE): 0
LogDevObjectVersion:   Dev-Online (39C831C9-5AE6-47DC-9A44-9C173E1C8E7C): 0
LogDevObjectVersion:   Dev-Physics (78F01B33-EBEA-4F98-B9B4-84EACCB95AA2): 0
LogDevObjectVersion:   Dev-Platform (6631380F-2D4D-43E0-8009-CF276956A95A): 0
LogDevObjectVersion:   Dev-Rendering (12F88B9F-8875-4AFC-A67C-D90C383ABD29): 27
LogDevObjectVersion:   Dev-Sequencer (7B5AE74C-D270-4C10-A958-57980B212A5A): 9
LogDevObjectVersion:   Dev-VR (D7296918-1DD6-4BDD-9DE2-64A83CC13884): 2
LogDevObjectVersion:   Dev-LoadTimes (C2A15278-BFE7-4AFE-6C17-90FF531DF755): 1
LogDevObjectVersion:   Private-Geometry (6EACA3D4-40EC-4CC1-B786-8BED09428FC5): 3
LogDevObjectVersion:   Dev-AnimPhys (29E575DD-E0A3-4627-9D10-D276232CDCEA): 17
LogDevObjectVersion:   Dev-Anim (AF43A65D-7FD3-4947-9873-3E8ED9C1BB05): 2
LogDevObjectVersion:   Dev-ReflectionCapture (6B266CEC-1EC7-4B8F-A30B-E4D90942FC07): 1
LogDevObjectVersion:   Dev-Automation (0DF73D61-A23F-47EA-B727-89E90C41499A): 1
LogDevObjectVersion:   FortniteMain (601D1886-AC64-4F84-AA16-D3DE0DEAC7D6): 17
LogDevObjectVersion:   Dev-Enterprise (9DFFBCD6-494F-0158-E221-12823C92A888): 4
LogDevObjectVersion:   Dev-Niagara (F2AED0AC-9AFE-416F-8664-AA7FFA26D6FC): 1
LogStreaming: Display: Took  0.008s to delete old logs.
LogInit: Presizing for max 8388607 objects, including 0 objects not considered by GC, pre-allocating 0 bytes for permanent pool.
LogInit: Object subsystem initialized
LogConfig: Setting CVar [[con.DebugEarlyDefault:1]]
LogConfig: Setting CVar [[r.setres:1280x720]]
[2019.01.27-17.38.53:462][  0]LogConfig: Setting CVar [[r.VSync:0]]
[2019.01.27-17.38.53:462][  0]LogConfig: Setting CVar [[r.RHICmdBypass:0]]
[2019.01.27-17.38.53:463][  0]LogConfig: Applying CVar settings from Section [/Script/Engine.RendererSettings] File [C:/Users/Juan Pablo/Documents/Unreal Projects/AI/PathSearch/Saved/Config/Windows/Engine.ini]
[2019.01.27-17.38.53:463][  0]LogConfig: Setting CVar [[r.GPUCrashDebugging:0]]
[2019.01.27-17.38.53:463][  0]LogConfig: Applying CVar settings from Section [/Script/Engine.RendererOverrideSettings] File [C:/Users/Juan Pablo/Documents/Unreal Projects/AI/PathSearch/Saved/Config/Windows/Engine.ini]
[2019.01.27-17.38.53:463][  0]LogConfig: Applying CVar settings from Section [/Script/Engine.StreamingSettings] File [C:/Users/Juan Pablo/Documents/Unreal Projects/AI/PathSearch/Saved/Config/Windows/Engine.ini]
[2019.01.27-17.38.53:463][  0]LogConfig: Setting CVar [[s.MinBulkDataSizeForAsyncLoading:131072]]
[2019.01.27-17.38.53:463][  0]LogConfig: Setting CVar [[s.AsyncLoadingThreadEnabled:0]]
[2019.01.27-17.38.53:463][  0]LogConfig: Setting CVar [[s.EventDrivenLoaderEnabled:1]]
[2019.01.27-17.38.53:464][  0]LogConfig: Setting CVar [[s.WarnIfTimeLimitExceeded:0]]
[2019.01.27-17.38.53:464][  0]LogConfig: Setting CVar [[s.TimeLimitExceededMultiplier:1.5]]
[2019.01.27-17.38.53:464][  0]LogConfig: Setting CVar [[s.TimeLimitExceededMinTime:0.005]]
[2019.01.27-17.38.53:464][  0]LogConfig: Setting CVar [[s.UseBackgroundLevelStreaming:1]]
[2019.01.27-17.38.53:464][  0]LogConfig: Setting CVar [[s.PriorityAsyncLoadingExtraTime:15.0]]
[2019.01.27-17.38.53:464][  0]LogConfig: Setting CVar [[s.LevelStreamingActorsUpdateTimeLimit:5.0]]
[2019.01.27-17.38.53:464][  0]LogConfig: Setting CVar [[s.PriorityLevelStreamingActorsUpdateExtraTime:5.0]]
[2019.01.27-17.38.53:464][  0]LogConfig: Setting CVar [[s.LevelStreamingComponentsRegistrationGranularity:10]]
[2019.01.27-17.38.53:465][  0]LogConfig: Setting CVar [[s.UnregisterComponentsTimeLimit:1.0]]
[2019.01.27-17.38.53:465][  0]LogConfig: Setting CVar [[s.LevelStreamingComponentsUnregistrationGranularity:5]]
[2019.01.27-17.38.53:465][  0]LogConfig: Applying CVar settings from Section [/Script/Engine.GarbageCollectionSettings] File [C:/Users/Juan Pablo/Documents/Unreal Projects/AI/PathSearch/Saved/Config/Windows/Engine.ini]
[2019.01.27-17.38.53:465][  0]LogConfig: Setting CVar [[gc.MaxObjectsNotConsideredByGC:1]]
[2019.01.27-17.38.53:465][  0]LogConfig: Setting CVar [[gc.SizeOfPermanentObjectPool:0]]
[2019.01.27-17.38.53:465][  0]LogConfig: Setting CVar [[gc.FlushStreamingOnGC:0]]
[2019.01.27-17.38.53:465][  0]LogConfig: Setting CVar [[gc.NumRetriesBeforeForcingGC:10]]
[2019.01.27-17.38.53:466][  0]LogConfig: Setting CVar [[gc.AllowParallelGC:1]]
[2019.01.27-17.38.53:466][  0]LogConfig: Setting CVar [[gc.TimeBetweenPurgingPendingKillObjects:61.1]]
[2019.01.27-17.38.53:466][  0]LogConfig: Setting CVar [[gc.MaxObjectsInEditor:8388607]]
[2019.01.27-17.38.53:466][  0]LogConfig: Setting CVar [[gc.IncrementalBeginDestroyEnabled:1]]
[2019.01.27-17.38.53:466][  0]LogConfig: Setting CVar [[gc.CreateGCClusters:1]]
[2019.01.27-17.38.53:466][  0]LogConfig: Setting CVar [[gc.MergeGCClusters:0]]
[2019.01.27-17.38.53:466][  0]LogConfig: Setting CVar [[gc.MinGCClusterSize:5]]
[2019.01.27-17.38.53:466][  0]LogConfig: Setting CVar [[gc.ActorClusteringEnabled:0]]
[2019.01.27-17.38.53:466][  0]LogConfig: Setting CVar [[gc.BlueprintClusteringEnabled:0]]
[2019.01.27-17.38.53:466][  0]LogConfig: Setting CVar [[gc.UseDisregardForGCOnDedicatedServers:0]]
[2019.01.27-17.38.53:467][  0]LogConfig: Applying CVar settings from Section [/Script/Engine.NetworkSettings] File [C:/Users/Juan Pablo/Documents/Unreal Projects/AI/PathSearch/Saved/Config/Windows/Engine.ini]
[2019.01.27-17.38.53:467][  0]LogConfig: Applying CVar settings from Section [/Script/UnrealEd.CookerSettings] File [C:/Users/Juan Pablo/Documents/Unreal Projects/AI/PathSearch/Saved/Config/Windows/Engine.ini]
[2019.01.27-17.38.53:481][  0]LogConfig: Applying CVar settings from Section [ViewDistanceQuality@3] File [C:/Users/Juan Pablo/Documents/Unreal Projects/AI/PathSearch/Saved/Config/Windows/Scalability.ini]
[2019.01.27-17.38.53:481][  0]LogConfig: Setting CVar [[r.SkeletalMeshLODBias:0]]
[2019.01.27-17.38.53:481][  0]LogConfig: Setting CVar [[r.ViewDistanceScale:1.0]]
[2019.01.27-17.38.53:481][  0]LogConfig: Applying CVar settings from Section [AntiAliasingQuality@3] File [C:/Users/Juan Pablo/Documents/Unreal Projects/AI/PathSearch/Saved/Config/Windows/Scalability.ini]
[2019.01.27-17.38.53:481][  0]LogConfig: Setting CVar [[r.PostProcessAAQuality:4]]
[2019.01.27-17.38.53:482][  0]LogConfig: Applying CVar settings from Section [ShadowQuality@3] File [C:/Users/Juan Pablo/Documents/Unreal Projects/AI/PathSearch/Saved/Config/Windows/Scalability.ini]
[2019.01.27-17.38.53:482][  0]LogConfig: Setting CVar [[r.LightFunctionQuality:1]]
[2019.01.27-17.38.53:482][  0]LogConfig: Setting CVar [[r.ShadowQuality:5]]
[2019.01.27-17.38.53:482][  0]LogConfig: Setting CVar [[r.Shadow.CSM.MaxCascades:10]]
[2019.01.27-17.38.53:482][  0]LogConfig: Setting CVar [[r.Shadow.MaxResolution:2048]]
[2019.01.27-17.38.53:482][  0]LogConfig: Setting CVar [[r.Shadow.MaxCSMResolution:2048]]
[2019.01.27-17.38.53:482][  0]LogConfig: Setting CVar [[r.Shadow.RadiusThreshold:0.01]]
[2019.01.27-17.38.53:482][  0]LogConfig: Setting CVar [[r.Shadow.DistanceScale:1.0]]
[2019.01.27-17.38.53:482][  0]LogConfig: Setting CVar [[r.Shadow.CSM.TransitionScale:1.0]]
[2019.01.27-17.38.53:483][  0]LogConfig: Setting CVar [[r.Shadow.PreShadowResolutionFactor:1.0]]
[2019.01.27-17.38.53:483][  0]LogConfig: Setting CVar [[r.DistanceFieldShadowing:1]]
[2019.01.27-17.38.53:483][  0]LogConfig: Setting CVar [[r.DistanceFieldAO:1]]
[2019.01.27-17.38.53:483][  0]LogConfig: Setting CVar [[r.AOQuality:2]]
[2019.01.27-17.38.53:483][  0]LogConfig: Setting CVar [[r.VolumetricFog:1]]
[2019.01.27-17.38.53:483][  0]LogConfig: Setting CVar [[r.VolumetricFog.GridPixelSize:8]]
[2019.01.27-17.38.53:483][  0]LogConfig: Setting CVar [[r.VolumetricFog.GridSizeZ:128]]
[2019.01.27-17.38.53:483][  0]LogConfig: Setting CVar [[r.VolumetricFog.HistoryMissSupersampleCount:4]]
[2019.01.27-17.38.53:483][  0]LogConfig: Setting CVar [[r.LightMaxDrawDistanceScale:1]]
[2019.01.27-17.38.53:484][  0]LogConfig: Setting CVar [[r.CapsuleShadows:1]]
[2019.01.27-17.38.53:484][  0]LogConfig: Applying CVar settings from Section [PostProcessQuality@3] File [C:/Users/Juan Pablo/Documents/Unreal Projects/AI/PathSearch/Saved/Config/Windows/Scalability.ini]
[2019.01.27-17.38.53:484][  0]LogConfig: Setting CVar [[r.MotionBlurQuality:4]]
[2019.01.27-17.38.53:484][  0]LogConfig: Setting CVar [[r.AmbientOcclusionMipLevelFactor:0.4]]
[2019.01.27-17.38.53:484][  0]LogConfig: Setting CVar [[r.AmbientOcclusionMaxQuality:100]]
[2019.01.27-17.38.53:484][  0]LogConfig: Setting CVar [[r.AmbientOcclusionLevels:-1]]
[2019.01.27-17.38.53:484][  0]LogConfig: Setting CVar [[r.AmbientOcclusionRadiusScale:1.0]]
[2019.01.27-17.38.53:484][  0]LogConfig: Setting CVar [[r.DepthOfFieldQuality:2]]
[2019.01.27-17.38.53:485][  0]LogConfig: Setting CVar [[r.RenderTargetPoolMin:400]]
[2019.01.27-17.38.53:485][  0]LogConfig: Setting CVar [[r.LensFlareQuality:2]]
[2019.01.27-17.38.53:485][  0]LogConfig: Setting CVar [[r.SceneColorFringeQuality:1]]
[2019.01.27-17.38.53:485][  0]LogConfig: Setting CVar [[r.EyeAdaptationQuality:2]]
[2019.01.27-17.38.53:485][  0]LogConfig: Setting CVar [[r.BloomQuality:5]]
[2019.01.27-17.38.53:485][  0]LogConfig: Setting CVar [[r.FastBlurThreshold:100]]
[2019.01.27-17.38.53:485][  0]LogConfig: Setting CVar [[r.Upscale.Quality:3]]
[2019.01.27-17.38.53:485][  0]LogConfig: Setting CVar [[r.Tonemapper.GrainQuantization:1]]
[2019.01.27-17.38.53:485][  0]LogConfig: Setting CVar [[r.LightShaftQuality:1]]
[2019.01.27-17.38.53:485][  0]LogConfig: Setting CVar [[r.Filter.SizeScale:1]]
[2019.01.27-17.38.53:485][  0]LogConfig: Setting CVar [[r.Tonemapper.Quality:5]]
[2019.01.27-17.38.53:485][  0]LogConfig: Setting CVar [[r.DOF.Gather.AccumulatorQuality:1        ; higher gathering accumulator quality]]
[2019.01.27-17.38.53:486][  0]LogConfig: Setting CVar [[r.DOF.Gather.PostfilterMethod:1          ; Median3x3 postfilering method]]
[2019.01.27-17.38.53:486][  0]LogConfig: Setting CVar [[r.DOF.Gather.EnableBokehSettings:0       ; no bokeh simulation when gathering]]
[2019.01.27-17.38.53:486][  0]LogConfig: Setting CVar [[r.DOF.Gather.RingCount:4                 ; medium number of samples when gathering]]
[2019.01.27-17.38.53:486][  0]LogConfig: Setting CVar [[r.DOF.Scatter.ForegroundCompositing:1    ; additive foreground scattering]]
[2019.01.27-17.38.53:486][  0]LogConfig: Setting CVar [[r.DOF.Scatter.BackgroundCompositing:2    ; additive background scattering]]
[2019.01.27-17.38.53:486][  0]LogConfig: Setting CVar [[r.DOF.Scatter.EnableBokehSettings:1      ; bokeh simulation when scattering]]
[2019.01.27-17.38.53:486][  0]LogConfig: Setting CVar [[r.DOF.Scatter.MaxSpriteRatio:0.1         ; only a maximum of 10% of scattered bokeh]]
[2019.01.27-17.38.53:486][  0]LogConfig: Setting CVar [[r.DOF.Recombine.Quality:1                ; cheap slight out of focus]]
[2019.01.27-17.38.53:486][  0]LogConfig: Setting CVar [[r.DOF.Recombine.EnableBokehSettings:0    ; no bokeh simulation on slight out of focus]]
[2019.01.27-17.38.53:486][  0]LogConfig: Setting CVar [[r.DOF.TemporalAAQuality:1                ; more stable temporal accumulation]]
[2019.01.27-17.38.53:487][  0]LogConfig: Setting CVar [[r.DOF.Kernel.MaxForegroundRadius:0.025]]
[2019.01.27-17.38.53:487][  0]LogConfig: Setting CVar [[r.DOF.Kernel.MaxBackgroundRadius:0.025]]
[2019.01.27-17.38.53:487][  0]LogConfig: Applying CVar settings from Section [TextureQuality@3] File [C:/Users/Juan Pablo/Documents/Unreal Projects/AI/PathSearch/Saved/Config/Windows/Scalability.ini]
[2019.01.27-17.38.53:487][  0]LogConfig: Setting CVar [[r.Streaming.MipBias:0]]
[2019.01.27-17.38.53:487][  0]LogConfig: Setting CVar [[r.Streaming.AmortizeCPUToGPUCopy:0]]
[2019.01.27-17.38.53:487][  0]LogConfig: Setting CVar [[r.Streaming.MaxNumTexturesToStreamPerFrame:0]]
[2019.01.27-17.38.53:487][  0]LogConfig: Setting CVar [[r.Streaming.Boost:1]]
[2019.01.27-17.38.53:487][  0]LogConfig: Setting CVar [[r.MaxAnisotropy:8]]
[2019.01.27-17.38.53:487][  0]LogConfig: Setting CVar [[r.Streaming.LimitPoolSizeToVRAM:0]]
[2019.01.27-17.38.53:488][  0]LogConfig: Setting CVar [[r.Streaming.PoolSize:1000]]
[2019.01.27-17.38.53:488][  0]LogConfig: Setting CVar [[r.Streaming.MaxEffectiveScreenSize:0]]
[2019.01.27-17.38.53:488][  0]LogConfig: Applying CVar settings from Section [EffectsQuality@3] File [C:/Users/Juan Pablo/Documents/Unreal Projects/AI/PathSearch/Saved/Config/Windows/Scalability.ini]
[2019.01.27-17.38.53:488][  0]LogConfig: Setting CVar [[r.TranslucencyLightingVolumeDim:64]]
[2019.01.27-17.38.53:488][  0]LogConfig: Setting CVar [[r.RefractionQuality:2]]
[2019.01.27-17.38.53:488][  0]LogConfig: Setting CVar [[r.SSR.Quality:3]]
[2019.01.27-17.38.53:488][  0]LogConfig: Setting CVar [[r.SceneColorFormat:4]]
[2019.01.27-17.38.53:488][  0]LogConfig: Setting CVar [[r.DetailMode:2]]
[2019.01.27-17.38.53:488][  0]LogConfig: Setting CVar [[r.TranslucencyVolumeBlur:1]]
[2019.01.27-17.38.53:488][  0]LogConfig: Setting CVar [[r.MaterialQualityLevel:1 ; High quality]]
[2019.01.27-17.38.53:488][  0]LogConfig: Setting CVar [[r.SSS.Scale:1]]
[2019.01.27-17.38.53:488][  0]LogConfig: Setting CVar [[r.SSS.SampleSet:2]]
[2019.01.27-17.38.53:488][  0]LogConfig: Setting CVar [[r.SSS.Quality:1]]
[2019.01.27-17.38.53:489][  0]LogConfig: Setting CVar [[r.SSS.HalfRes:1]]
[2019.01.27-17.38.53:489][  0]LogConfig: Setting CVar [[r.EmitterSpawnRateScale:1.0]]
[2019.01.27-17.38.53:489][  0]LogConfig: Setting CVar [[r.ParticleLightQuality:2]]
[2019.01.27-17.38.53:489][  0]LogConfig: Applying CVar settings from Section [FoliageQuality@3] File [C:/Users/Juan Pablo/Documents/Unreal Projects/AI/PathSearch/Saved/Config/Windows/Scalability.ini]
[2019.01.27-17.38.53:489][  0]LogConfig: Setting CVar [[foliage.DensityScale:1.0]]
[2019.01.27-17.38.53:489][  0]LogConfig: Setting CVar [[grass.DensityScale:1.0]]
[2019.01.27-17.38.53:489][  0]LogInit: Selected Device Profile: [Windows]
[2019.01.27-17.38.53:489][  0]LogInit: Applying CVar settings loaded from the selected device profile: [Windows]
[2019.01.27-17.38.53:501][  0]LogHAL: Display: Platform has ~ 12 GB [12744183808 / 17179869184 / 12], which maps to Larger [LargestMinGB=32, LargerMinGB=12, DefaultMinGB=8, SmallerMinGB=6, SmallestMinGB=0)
[2019.01.27-17.38.53:502][  0]LogConfig: Setting CVar [[r.Vulkan.UseRealUBs:1]]
[2019.01.27-17.38.53:502][  0]LogInit: Going up to parent DeviceProfile []
[2019.01.27-17.38.53:502][  0]LogConfig: Applying CVar settings from Section [ViewDistanceQuality@2] File [C:/Users/Juan Pablo/Documents/Unreal Projects/AI/PathSearch/Saved/Config/Windows/Scalability.ini]
[2019.01.27-17.38.53:502][  0]LogConfig: Setting CVar [[r.SkeletalMeshLODBias:0]]
[2019.01.27-17.38.53:502][  0]LogConfig: Setting CVar [[r.ViewDistanceScale:0.8]]
[2019.01.27-17.38.53:503][  0]LogConfig: Applying CVar settings from Section [AntiAliasingQuality@2] File [C:/Users/Juan Pablo/Documents/Unreal Projects/AI/PathSearch/Saved/Config/Windows/Scalability.ini]
[2019.01.27-17.38.53:503][  0]LogConfig: Setting CVar [[r.PostProcessAAQuality:3]]
[2019.01.27-17.38.53:503][  0]LogConfig: Applying CVar settings from Section [ShadowQuality@2] File [C:/Users/Juan Pablo/Documents/Unreal Projects/AI/PathSearch/Saved/Config/Windows/Scalability.ini]
[2019.01.27-17.38.53:503][  0]LogConfig: Setting CVar [[r.LightFunctionQuality:1]]
[2019.01.27-17.38.53:503][  0]LogConfig: Setting CVar [[r.ShadowQuality:5]]
[2019.01.27-17.38.53:503][  0]LogConfig: Setting CVar [[r.Shadow.CSM.MaxCascades:4]]
[2019.01.27-17.38.53:503][  0]LogConfig: Setting CVar [[r.Shadow.MaxResolution:1024]]
[2019.01.27-17.38.53:503][  0]LogConfig: Setting CVar [[r.Shadow.MaxCSMResolution:2048]]
[2019.01.27-17.38.53:503][  0]LogConfig: Setting CVar [[r.Shadow.RadiusThreshold:0.04]]
[2019.01.27-17.38.53:503][  0]LogConfig: Setting CVar [[r.Shadow.DistanceScale:0.85]]
[2019.01.27-17.38.53:504][  0]LogConfig: Setting CVar [[r.Shadow.CSM.TransitionScale:0.8]]
[2019.01.27-17.38.53:504][  0]LogConfig: Setting CVar [[r.Shadow.PreShadowResolutionFactor:0.5]]
[2019.01.27-17.38.53:504][  0]LogConfig: Setting CVar [[r.DistanceFieldShadowing:1]]
[2019.01.27-17.38.53:504][  0]LogConfig: Setting CVar [[r.DistanceFieldAO:1]]
[2019.01.27-17.38.53:504][  0]LogConfig: Setting CVar [[r.AOQuality:1]]
[2019.01.27-17.38.53:504][  0]LogConfig: Setting CVar [[r.VolumetricFog:1]]
[2019.01.27-17.38.53:504][  0]LogConfig: Setting CVar [[r.VolumetricFog.GridPixelSize:16]]
[2019.01.27-17.38.53:504][  0]LogConfig: Setting CVar [[r.VolumetricFog.GridSizeZ:64]]
[2019.01.27-17.38.53:504][  0]LogConfig: Setting CVar [[r.VolumetricFog.HistoryMissSupersampleCount:4]]
[2019.01.27-17.38.53:504][  0]LogConfig: Setting CVar [[r.LightMaxDrawDistanceScale:1]]
[2019.01.27-17.38.53:504][  0]LogConfig: Setting CVar [[r.CapsuleShadows:1]]
[2019.01.27-17.38.53:504][  0]LogConfig: Applying CVar settings from Section [PostProcessQuality@2] File [C:/Users/Juan Pablo/Documents/Unreal Projects/AI/PathSearch/Saved/Config/Windows/Scalability.ini]
[2019.01.27-17.38.53:505][  0]LogConfig: Setting CVar [[r.MotionBlurQuality:3]]
[2019.01.27-17.38.53:505][  0]LogConfig: Setting CVar [[r.AmbientOcclusionMipLevelFactor:0.6]]
[2019.01.27-17.38.53:505][  0]LogConfig: Setting CVar [[r.AmbientOcclusionMaxQuality:100]]
[2019.01.27-17.38.53:505][  0]LogConfig: Setting CVar [[r.AmbientOcclusionLevels:-1]]
[2019.01.27-17.38.53:505][  0]LogConfig: Setting CVar [[r.AmbientOcclusionRadiusScale:1.5]]
[2019.01.27-17.38.53:505][  0]LogConfig: Setting CVar [[r.DepthOfFieldQuality:2]]
[2019.01.27-17.38.53:505][  0]LogConfig: Setting CVar [[r.RenderTargetPoolMin:400]]
[2019.01.27-17.38.53:505][  0]LogConfig: Setting CVar [[r.LensFlareQuality:2]]
[2019.01.27-17.38.53:505][  0]LogConfig: Setting CVar [[r.SceneColorFringeQuality:1]]
[2019.01.27-17.38.53:505][  0]LogConfig: Setting CVar [[r.EyeAdaptationQuality:2]]
[2019.01.27-17.38.53:505][  0]LogConfig: Setting CVar [[r.BloomQuality:5]]
[2019.01.27-17.38.53:505][  0]LogConfig: Setting CVar [[r.FastBlurThreshold:3]]
[2019.01.27-17.38.53:505][  0]LogConfig: Setting CVar [[r.Upscale.Quality:2]]
[2019.01.27-17.38.53:506][  0]LogConfig: Setting CVar [[r.Tonemapper.GrainQuantization:1]]
[2019.01.27-17.38.53:506][  0]LogConfig: Setting CVar [[r.LightShaftQuality:1]]
[2019.01.27-17.38.53:506][  0]LogConfig: Setting CVar [[r.Filter.SizeScale:0.8]]
[2019.01.27-17.38.53:506][  0]LogConfig: Setting CVar [[r.Tonemapper.Quality:5]]
[2019.01.27-17.38.53:506][  0]LogConfig: Setting CVar [[r.DOF.Gather.AccumulatorQuality:0        ; lower gathering accumulator quality]]
[2019.01.27-17.38.53:506][  0]LogConfig: Setting CVar [[r.DOF.Gather.PostfilterMethod:2          ; Max3x3 postfilering method]]
[2019.01.27-17.38.53:506][  0]LogConfig: Setting CVar [[r.DOF.Gather.EnableBokehSettings:0       ; no bokeh simulation when gathering]]
[2019.01.27-17.38.53:506][  0]LogConfig: Setting CVar [[r.DOF.Gather.RingCount:4                 ; medium number of samples when gathering]]
[2019.01.27-17.38.53:506][  0]LogConfig: Setting CVar [[r.DOF.Scatter.ForegroundCompositing:1    ; additive foreground scattering]]
[2019.01.27-17.38.53:506][  0]LogConfig: Setting CVar [[r.DOF.Scatter.BackgroundCompositing:1    ; no background occlusion]]
[2019.01.27-17.38.53:506][  0]LogConfig: Setting CVar [[r.DOF.Scatter.EnableBokehSettings:0      ; no bokeh simulation when scattering]]
[2019.01.27-17.38.53:506][  0]LogConfig: Setting CVar [[r.DOF.Scatter.MaxSpriteRatio:0.04        ; only a maximum of 4% of scattered bokeh]]
[2019.01.27-17.38.53:506][  0]LogConfig: Setting CVar [[r.DOF.Recombine.Quality:0                ; no slight out of focus]]
[2019.01.27-17.38.53:506][  0]LogConfig: Setting CVar [[r.DOF.TemporalAAQuality:0                ; faster temporal accumulation]]
[2019.01.27-17.38.53:506][  0]LogConfig: Setting CVar [[r.DOF.Kernel.MaxForegroundRadius:0.012   ; required because of AccumulatorQuality=0]]
[2019.01.27-17.38.53:506][  0]LogConfig: Setting CVar [[r.DOF.Kernel.MaxBackgroundRadius:0.012   ; required because of AccumulatorQuality=0]]
[2019.01.27-17.38.53:507][  0]LogConfig: Applying CVar settings from Section [TextureQuality@2] File [C:/Users/Juan Pablo/Documents/Unreal Projects/AI/PathSearch/Saved/Config/Windows/Scalability.ini]
[2019.01.27-17.38.53:507][  0]LogConfig: Setting CVar [[r.Streaming.MipBias:0]]
[2019.01.27-17.38.53:507][  0]LogConfig: Setting CVar [[r.Streaming.AmortizeCPUToGPUCopy:0]]
[2019.01.27-17.38.53:507][  0]LogConfig: Setting CVar [[r.Streaming.MaxNumTexturesToStreamPerFrame:0]]
[2019.01.27-17.38.53:507][  0]LogConfig: Setting CVar [[r.Streaming.Boost:1]]
[2019.01.27-17.38.53:507][  0]LogConfig: Setting CVar [[r.MaxAnisotropy:4]]
[2019.01.27-17.38.53:507][  0]LogConfig: Setting CVar [[r.Streaming.LimitPoolSizeToVRAM:1]]
[2019.01.27-17.38.53:507][  0]LogConfig: Setting CVar [[r.Streaming.PoolSize:800]]
[2019.01.27-17.38.53:507][  0]LogConfig: Setting CVar [[r.Streaming.MaxEffectiveScreenSize:0]]
[2019.01.27-17.38.53:507][  0]LogConfig: Applying CVar settings from Section [EffectsQuality@2] File [C:/Users/Juan Pablo/Documents/Unreal Projects/AI/PathSearch/Saved/Config/Windows/Scalability.ini]
[2019.01.27-17.38.53:507][  0]LogConfig: Setting CVar [[r.TranslucencyLightingVolumeDim:48]]
[2019.01.27-17.38.53:507][  0]LogConfig: Setting CVar [[r.RefractionQuality:2]]
[2019.01.27-17.38.53:508][  0]LogConfig: Setting CVar [[r.SSR.Quality:2]]
[2019.01.27-17.38.53:508][  0]LogConfig: Setting CVar [[r.SceneColorFormat:3]]
[2019.01.27-17.38.53:508][  0]LogConfig: Setting CVar [[r.DetailMode:1]]
[2019.01.27-17.38.53:508][  0]LogConfig: Setting CVar [[r.TranslucencyVolumeBlur:1]]
[2019.01.27-17.38.53:508][  0]LogConfig: Setting CVar [[r.MaterialQualityLevel:1 ; High quality]]
[2019.01.27-17.38.53:508][  0]LogConfig: Setting CVar [[r.SSS.Scale:1]]
[2019.01.27-17.38.53:508][  0]LogConfig: Setting CVar [[r.SSS.SampleSet:1]]
[2019.01.27-17.38.53:508][  0]LogConfig: Setting CVar [[r.SSS.Quality:-1]]
[2019.01.27-17.38.53:508][  0]LogConfig: Setting CVar [[r.SSS.HalfRes:1]]
[2019.01.27-17.38.53:508][  0]LogConfig: Setting CVar [[r.EmitterSpawnRateScale:0.5]]
[2019.01.27-17.38.53:508][  0]LogConfig: Setting CVar [[r.ParticleLightQuality:1]]
[2019.01.27-17.38.53:508][  0]LogConfig: Applying CVar settings from Section [FoliageQuality@2] File [C:/Users/Juan Pablo/Documents/Unreal Projects/AI/PathSearch/Saved/Config/Windows/Scalability.ini]
[2019.01.27-17.38.53:508][  0]LogConfig: Setting CVar [[foliage.DensityScale:0.8]]
[2019.01.27-17.38.53:509][  0]LogConfig: Setting CVar [[grass.DensityScale:0.8]]
[2019.01.27-17.38.53:509][  0]LogConfig: Applying CVar settings from Section [Startup] File [../../../Engine/Config/ConsoleVariables.ini]
[2019.01.27-17.38.53:509][  0]LogConfig: Setting CVar [[net.UseAdaptiveNetUpdateFrequency:0]]
[2019.01.27-17.38.53:509][  0]LogConfig: Applying CVar settings from Section [ConsoleVariables] File [C:/Users/Juan Pablo/Documents/Unreal Projects/AI/PathSearch/Saved/Config/Windows/Engine.ini]
[2019.01.27-17.38.53:510][  0]LogInit: Computer: DESKTOP-1MK8LI7
[2019.01.27-17.38.53:510][  0]LogInit: User: JuanPablo
[2019.01.27-17.38.53:510][  0]LogInit: CPU Page size=4096, Cores=4
[2019.01.27-17.38.53:510][  0]LogInit: High frequency timer resolution =2.531254 MHz
[2019.01.27-17.38.53:510][  0]LogMemory: Memory total: Physical=11.9GB (12GB approx)
[2019.01.27-17.38.53:510][  0]LogMemory: Platform Memory Stats for Windows
[2019.01.27-17.38.53:510][  0]LogMemory: Process Physical Memory: 103.25 MB used, 103.25 MB peak
[2019.01.27-17.38.53:511][  0]LogMemory: Process Virtual Memory: 90.20 MB used, 90.20 MB peak
[2019.01.27-17.38.53:511][  0]LogMemory: Physical Memory: 7419.91 MB used,  4733.89 MB free, 12153.80 MB total
[2019.01.27-17.38.53:511][  0]LogMemory: Virtual Memory: 4652.17 MB used,  134213072.00 MB free, 134217728.00 MB total
[2019.01.27-17.38.53:698][  0]LogInit: Overriding language with editor language configuration option (en).
[2019.01.27-17.38.53:698][  0]LogInit: Overriding locale with editor culture configuration option ().
[2019.01.27-17.38.53:698][  0]LogInit: Using OS detected locale (es-MX).
[2019.01.27-17.38.54:175][  0]LogStreaming: Display: Took  0.478s to InitEngineTextLocalization.
[2019.01.27-17.38.54:176][  0]LogInit: Setting process to per monitor DPI aware
[2019.01.27-17.38.54:265][  0]LogSlate: New Slate User Created.  User Index 0, Is Virtual User: 0
[2019.01.27-17.38.54:265][  0]LogSlate: Slate User Registered.  User Index 0, Is Virtual User: 0
[2019.01.27-17.38.54:752][  0]LogHMD: Failed to initialize OpenVR with code 110
[2019.01.27-17.38.54:753][  0]LogD3D11RHI: D3D11 adapters:
[2019.01.27-17.38.54:886][  0]LogD3D11RHI:    0. 'NVIDIA GeForce GTX 970M' (Feature Level 11_0)
[2019.01.27-17.38.54:886][  0]LogD3D11RHI:       3029/0/6076 MB DedicatedVideo/DedicatedSystem/SharedSystem, Outputs:2, VendorId:0x10de
[2019.01.27-17.38.54:928][  0]LogD3D11RHI:    1. 'Intel(R) HD Graphics 530' (Feature Level 11_0)
[2019.01.27-17.38.54:929][  0]LogD3D11RHI:       128/0/6076 MB DedicatedVideo/DedicatedSystem/SharedSystem, Outputs:0, VendorId:0x8086
[2019.01.27-17.38.54:941][  0]LogD3D11RHI:    2. 'Microsoft Basic Render Driver' (Feature Level 11_0)
[2019.01.27-17.38.54:941][  0]LogD3D11RHI:       0/0/6076 MB DedicatedVideo/DedicatedSystem/SharedSystem, Outputs:0, VendorId:0x1414
[2019.01.27-17.38.54:941][  0]LogD3D11RHI: Chosen D3D11 Adapter: 0
[2019.01.27-17.38.54:993][  0]LogD3D11RHI: Creating new Direct3DDevice
[2019.01.27-17.38.54:994][  0]LogD3D11RHI:     GPU DeviceId: 0x13d8 (for the marketing name, search the web for "GPU Device Id")
[2019.01.27-17.38.54:994][  0]LogWindows: EnumDisplayDevices:
[2019.01.27-17.38.54:994][  0]LogWindows:    0. 'Intel(R) HD Graphics 530' (P:1 D:1)
[2019.01.27-17.38.54:995][  0]LogWindows:    1. 'Intel(R) HD Graphics 530' (P:0 D:0)
[2019.01.27-17.38.54:995][  0]LogWindows:    2. 'Intel(R) HD Graphics 530' (P:0 D:0)
[2019.01.27-17.38.54:996][  0]LogWindows:    3. 'NVIDIA GeForce GTX 970M' (P:0 D:1)
[2019.01.27-17.38.54:996][  0]LogWindows: DebugString: PrimaryIsNotTheChoosenAdapter PrimaryIsNotTheChoosenAdapter PrimaryIsNotTheChoosenAdapter 
[2019.01.27-17.38.54:996][  0]LogD3D11RHI:     Adapter Name: NVIDIA GeForce GTX 970M
[2019.01.27-17.38.54:996][  0]LogD3D11RHI:   Driver Version: 417.35 (internal:25.21.14.1735, unified:417.35)
[2019.01.27-17.38.54:996][  0]LogD3D11RHI:      Driver Date: 12-11-2018
[2019.01.27-17.38.54:996][  0]LogRHI: Texture pool is 2120 MB (70% of 3029 MB)
[2019.01.27-17.38.55:075][  0]LogD3D11RHI: Async texture creation enabled
[2019.01.27-17.38.55:097][  0]LogD3D11RHI: GPU Timing Frequency: 1000.000000 (Debug: 2 2)
[2019.01.27-17.38.55:560][  0]LogTemp: Display: Loaded TP AllDesktopTargetPlatform
[2019.01.27-17.38.55:582][  0]LogTemp: Display: Loaded TP MacClientTargetPlatform
[2019.01.27-17.38.55:604][  0]LogTemp: Display: Loaded TP MacNoEditorTargetPlatform
[2019.01.27-17.38.55:627][  0]LogTemp: Display: Loaded TP MacServerTargetPlatform
[2019.01.27-17.38.55:650][  0]LogTemp: Display: Loaded TP MacTargetPlatform
[2019.01.27-17.38.55:671][  0]LogTemp: Display: Loaded TP WindowsClientTargetPlatform
[2019.01.27-17.38.55:694][  0]LogTemp: Display: Loaded TP WindowsNoEditorTargetPlatform
[2019.01.27-17.38.55:719][  0]LogTemp: Display: Loaded TP WindowsServerTargetPlatform
[2019.01.27-17.38.55:735][  0]LogTemp: Display: Loaded TP WindowsTargetPlatform
[2019.01.27-17.38.55:831][  0]LogTemp: Display: Loaded TP AndroidTargetPlatform
[2019.01.27-17.38.55:831][  0]LogTemp: Display: Loaded TP AndroidTargetPlatform
[2019.01.27-17.38.55:831][  0]LogTemp: Display: Loaded TP AndroidTargetPlatform
[2019.01.27-17.38.55:831][  0]LogTemp: Display: Loaded TP AndroidTargetPlatform
[2019.01.27-17.38.55:832][  0]LogTemp: Display: Loaded TP AndroidTargetPlatform
[2019.01.27-17.38.55:832][  0]LogTemp: Display: Loaded TP AndroidTargetPlatform
[2019.01.27-17.38.55:832][  0]LogTemp: Display: Loaded TP AndroidTargetPlatform
[2019.01.27-17.38.55:832][  0]LogTemp: Display: Loaded TP AndroidTargetPlatform
[2019.01.27-17.38.55:832][  0]LogTemp: Display: Loaded TP AndroidTargetPlatform
[2019.01.27-17.38.55:832][  0]LogTemp: Display: Loaded TP AndroidTargetPlatform
[2019.01.27-17.38.55:832][  0]LogTemp: Display: Loaded TP AndroidTargetPlatform
[2019.01.27-17.38.55:833][  0]LogTemp: Display: Loaded TP AndroidTargetPlatform
[2019.01.27-17.38.55:833][  0]LogTemp: Display: Loaded TP AndroidTargetPlatform
[2019.01.27-17.38.55:833][  0]LogTemp: Display: Loaded TP AndroidTargetPlatform
[2019.01.27-17.38.55:833][  0]LogTemp: Display: Loaded TP AndroidTargetPlatform
[2019.01.27-17.38.55:833][  0]LogTemp: Display: Loaded TP AndroidTargetPlatform
[2019.01.27-17.38.55:833][  0]LogTemp: Display: Loaded TP AndroidTargetPlatform
[2019.01.27-17.38.55:833][  0]LogTemp: Display: Loaded TP AndroidTargetPlatform
[2019.01.27-17.38.55:842][  0]LogTemp: Display: Loaded TP HTML5TargetPlatform
[2019.01.27-17.38.55:942][  0]LogTemp: Display: Loaded TP IOSTargetPlatform
[2019.01.27-17.38.55:943][  0]LogTemp: Display: Loaded TP IOSTargetPlatform
[2019.01.27-17.38.55:980][  0]LogTemp: Display: Loaded TP TVOSTargetPlatform
[2019.01.27-17.38.55:980][  0]LogTemp: Display: Loaded TP TVOSTargetPlatform
[2019.01.27-17.38.56:003][  0]LogTemp: Display: Loaded TP LinuxClientTargetPlatform
[2019.01.27-17.38.56:032][  0]LogTemp: Display: Loaded TP LinuxNoEditorTargetPlatform
[2019.01.27-17.38.56:053][  0]LogTemp: Display: Loaded TP LinuxServerTargetPlatform
[2019.01.27-17.38.56:076][  0]LogTemp: Display: Loaded TP LinuxTargetPlatform
[2019.01.27-17.38.56:145][  0]LogTemp: Display: Loaded TP LuminTargetPlatform
[2019.01.27-17.38.56:146][  0]LogTemp: Display: Loaded TP LuminTargetPlatform
[2019.01.27-17.38.56:146][  0]LogTargetPlatformManager: Display: Building Assets For Windows
[2019.01.27-17.38.56:380][  0]LogShaderCompilers: Guid format shader working directory is -24 characters bigger than the processId version (../../../../../../Users/Juan Pablo/Documents/Unreal Projects/AI/PathSearch/Intermediate/Shaders/WorkingDirectory/24404/).
[2019.01.27-17.38.56:381][  0]LogShaderCompilers: Cleaned the shader compiler working directory 'C:/Users/Juan Pablo/AppData/Local/Temp/UnrealShaderWorkingDir/2626B40741C9056B7EC4A9B7C6C1F8E0/'.
[2019.01.27-17.38.56:384][  0]LogXGEController: Cleaning working directory: C:/Users/Juan Pablo/AppData/Local/Temp/UnrealXGEWorkingDir/
[2019.01.27-17.38.56:385][  0]LogXGEController: Cannot use XGE Controller as Incredibuild is not installed on this machine.
[2019.01.27-17.38.56:385][  0]LogShaderCompilers: Cannot use XGE Shader Compiler as Incredibuild is not installed on this machine.
[2019.01.27-17.38.56:385][  0]LogShaderCompilers: Display: Using Local Shader Compiler.
[2019.01.27-17.38.57:064][  0]LogDerivedDataCache: Display: Max Cache Size: 512 MB
[2019.01.27-17.38.57:131][  0]LogDerivedDataCache: Loaded boot cache 0.07s 71MB C:/Users/Juan Pablo/AppData/Local/UnrealEngine/4.21/DerivedDataCache/Boot.ddc.
[2019.01.27-17.38.57:131][  0]LogDerivedDataCache: Display: Loaded Boot cache: C:/Users/Juan Pablo/AppData/Local/UnrealEngine/4.21/DerivedDataCache/Boot.ddc
[2019.01.27-17.38.57:131][  0]LogDerivedDataCache: FDerivedDataBackendGraph:  Pak pak cache file ../../../../../../Users/Juan Pablo/Documents/Unreal Projects/AI/PathSearch/DerivedDataCache/DDC.ddp not found, will not use a pak cache.
[2019.01.27-17.38.57:131][  0]LogDerivedDataCache: Unable to find inner node Pak for hierarchical cache Hierarchy.
[2019.01.27-17.38.57:132][  0]LogDerivedDataCache: FDerivedDataBackendGraph:  CompressedPak pak cache file ../../../../../../Users/Juan Pablo/Documents/Unreal Projects/AI/PathSearch/DerivedDataCache/Compressed.ddp not found, will not use a pak cache.
[2019.01.27-17.38.57:132][  0]LogDerivedDataCache: Unable to find inner node CompressedPak for hierarchical cache Hierarchy.
[2019.01.27-17.38.57:149][  0]LogDerivedDataCache: Display: Pak cache opened for reading ../../../Engine/DerivedDataCache/Compressed.ddp.
[2019.01.27-17.38.57:150][  0]LogDerivedDataCache: FDerivedDataBackendGraph:  EnterprisePak pak cache file ../../../Enterprise/DerivedDataCache/Compressed.ddp not found, will not use a pak cache.
[2019.01.27-17.38.57:150][  0]LogDerivedDataCache: Unable to find inner node EnterprisePak for hierarchical cache Hierarchy.
[2019.01.27-17.38.57:166][  0]LogDerivedDataCache: Using Local data cache path C:/Users/Juan Pablo/AppData/Local/UnrealEngine/Common/DerivedDataCache: Writable
[2019.01.27-17.38.57:166][  0]LogDerivedDataCache: Shared data cache path not found in *engine.ini, will not use an Shared cache.
[2019.01.27-17.38.57:166][  0]LogDerivedDataCache: Unable to find inner node Shared for hierarchical cache Hierarchy.
[2019.01.27-17.38.57:204][  0]LogMaterial: Verifying Global Shaders for PCD3D_SM5
[2019.01.27-17.38.57:206][  0]LogSlate: Using FreeType 2.6.0
[2019.01.27-17.38.57:208][  0]LogSlate: SlateFontServices - WITH_FREETYPE: 1, WITH_HARFBUZZ: 1
[2019.01.27-17.38.57:357][  0]LogAssetRegistry: FAssetRegistry took 0.0419 seconds to start up
[2019.01.27-17.38.57:811][  0]LogInit: Selected Device Profile: [Windows]
[2019.01.27-17.38.58:061][  0]LogSimplygon: Simplygon DLL not present - disabling.
[2019.01.27-17.38.58:080][  0]LogMeshReduction: Using SimplygonSwarm for distributed automatic mesh merging
[2019.01.27-17.38.58:080][  0]LogMeshReduction: Using ProxyLODMeshReduction for automatic mesh merging
[2019.01.27-17.38.58:080][  0]LogMeshReduction: Using QuadricMeshReduction for automatic static mesh reduction
[2019.01.27-17.38.58:080][  0]LogMeshReduction: No automatic skeletal mesh reduction module available
[2019.01.27-17.38.58:101][  0]LogNetVersion: PathSearch 1.0.0, NetCL: 4541578, EngineNetVer: 5, GameNetVer: 0 (Checksum: 4271065824)
[2019.01.27-17.38.58:764][  0]LogPackageLocalizationCache: Processed 11 localized package path(s) for 1 prioritized culture(s) in 0.067077 seconds
[2019.01.27-17.38.58:772][  0]LogUObjectArray: 39775 objects as part of root set at end of initial load.
[2019.01.27-17.38.58:772][  0]LogUObjectAllocator: 6914664 out of 0 bytes used by permanent object pool.
[2019.01.27-17.38.58:772][  0]LogUObjectArray: CloseDisregardForGC: 0/0 objects in disregard for GC pool
[2019.01.27-17.39.00:589][  0]LogTcpMessaging: Initializing TcpMessaging bridge
[2019.01.27-17.39.00:611][  0]LogUdpMessaging: Initializing bridge on interface 0.0.0.0:0 to multicast group 230.0.0.1:6666.
[2019.01.27-17.39.01:922][  0]SourceControl: Source control is disabled
[2019.01.27-17.39.01:922][  0]SourceControl: Source control is disabled
[2019.01.27-17.39.01:930][  0]SourceControl: Source control is disabled
[2019.01.27-17.39.01:937][  0]SourceControl: Source control is disabled
[2019.01.27-17.39.02:358][  0]LogAndroidPermission: UAndroidPermissionCallbackProxy::GetInstance
[2019.01.27-17.39.02:573][  0]LogOcInput: OculusInput pre-init called
[2019.01.27-17.39.02:786][  0]LogEngine: Initializing Engine...
[2019.01.27-17.39.02:787][  0]LogHMD: Failed to initialize OpenVR with code 110
[2019.01.27-17.39.02:789][  0]LogStats: UGameplayTagsManager::ConstructGameplayTagTree: ImportINI prefixes -  0.000 s
[2019.01.27-17.39.02:790][  0]LogStats: UGameplayTagsManager::ConstructGameplayTagTree: Construct from data asset -  0.000 s
[2019.01.27-17.39.02:790][  0]LogStats: UGameplayTagsManager::ConstructGameplayTagTree: ImportINI -  0.000 s
[2019.01.27-17.39.02:790][  0]LogStats: UGameplayTagsManager::ConstructGameplayTagTree: GameplayTagTreeChangedEvent.Broadcast -  0.000 s
[2019.01.27-17.39.03:143][  0]LogInit: Initializing FReadOnlyCVARCache
[2019.01.27-17.39.03:173][  0]LogAIModule: Creating AISystem for world Untitled
[2019.01.27-17.39.03:195][  0]LogInit: XAudio2 using 'Altavoces (Sound Blaster Recon3Di)' : 2 channels at 48 kHz using 32 bits per sample (channel mask 0x3)
[2019.01.27-17.39.03:290][  0]LogInit: FAudioDevice initialized.
[2019.01.27-17.39.03:290][  0]LogNetVersion: Set ProjectVersion to 1.0.0.0. Version Checksum will be recalculated on next use.
[2019.01.27-17.39.03:430][  0]LogDerivedDataCache: Saved boot cache 0.14s 71MB C:/Users/Juan Pablo/AppData/Local/UnrealEngine/4.21/DerivedDataCache/Boot.ddc.
[2019.01.27-17.39.03:432][  0]LogInit: Texture streaming: Enabled
[2019.01.27-17.39.03:480][  0]LogEngineSessionManager: EngineSessionManager initialized
[2019.01.27-17.39.03:480][  0]LogEngineSessionManager: EngineSessionManager sent abnormal shutdown report. Type=Debugger, SessionId={AFAB0968-460F-F7E4-D08A-1F972EE31AFB}
[2019.01.27-17.39.03:498][  0]LogInit: Transaction tracking system initialized
[2019.01.27-17.39.03:573][  0]BlueprintLog: New page: Editor Load
[2019.01.27-17.39.03:808][  0]LocalizationService: Localization service is disabled
[2019.01.27-17.39.04:898][  0]LogFileCache: Scanning file cache for directory 'C:/Users/Juan Pablo/Documents/Unreal Projects/AI/PathSearch/Content/' took 0.02s
[2019.01.27-17.39.04:898][  0]LogCook: Display: Max memory allowance for cook 16384mb min free memory 0mb
[2019.01.27-17.39.04:898][  0]LogCook: Display: Mobile HDR setting 1
[2019.01.27-17.39.04:898][  0]LogGameplayTags: Display: UGameplayTagsManager::DoneAddingNativeTags. DelegateIsBound: 0
[2019.01.27-17.39.04:898][  0]LogStats: UGameplayTagsManager::ConstructGameplayTagTree: ImportINI prefixes -  0.000 s
[2019.01.27-17.39.04:899][  0]LogStats: UGameplayTagsManager::ConstructGameplayTagTree: Construct from data asset -  0.000 s
[2019.01.27-17.39.04:899][  0]LogStats: UGameplayTagsManager::ConstructGameplayTagTree: ImportINI -  0.000 s
[2019.01.27-17.39.04:899][  0]LogStats: UGameplayTagsManager::ConstructGameplayTagTree: GameplayTagTreeChangedEvent.Broadcast -  0.000 s
[2019.01.27-17.39.05:257][  0]SourceControl: Source control is disabled
[2019.01.27-17.39.05:257][  0]Cmd: MAP LOAD FILE="../../../../../../Users/Juan Pablo/Documents/Unreal Projects/AI/PathSearch/Content/Levels/PathSearch.umap" TEMPLATE=0 SHOWPROGRESS=1 FEATURELEVEL=3
[2019.01.27-17.39.05:258][  0]LightingResults: New page: Lighting Build
[2019.01.27-17.39.05:262][  0]MapCheck: New page: Map Check
[2019.01.27-17.39.05:262][  0]LightingResults: New page: Lighting Build
[2019.01.27-17.39.05:451][  0]LogAIModule: Creating AISystem for world PathSearch
[2019.01.27-17.39.05:469][  0]LogEditorServer: Finished looking for orphan Actors (0.000 secs)
[2019.01.27-17.39.05:495][  0]Cmd: MAP CHECKDEP NOCLEARLOG
[2019.01.27-17.39.05:496][  0]MapCheck: Map check complete: 0 Error(s), 0 Warning(s), took 0.444ms to complete.
[2019.01.27-17.39.05:497][  0]LogFileHelpers: Loading map 'PathSearch' took 0.240
[2019.01.27-17.39.05:700][  0]LogSlate: Updating window title bar state: overlay mode, drag disabled, window buttons hidden, title bar hidden
[2019.01.27-17.39.05:709][  0]LogSlate: Updating window title bar state: overlay mode, drag disabled, window buttons hidden, title bar hidden
[2019.01.27-17.39.05:721][  0]LogSlate: Updating window title bar state: overlay mode, drag disabled, window buttons hidden, title bar hidden
[2019.01.27-17.39.05:730][  0]LogSlate: Updating window title bar state: overlay mode, drag disabled, window buttons hidden, title bar hidden
[2019.01.27-17.39.05:743][  0]LogCollectionManager: Loaded 0 collections in 0.002291 seconds
[2019.01.27-17.39.05:782][  0]LogFileCache: Scanning file cache for directory 'C:/Users/Juan Pablo/Documents/Unreal Projects/AI/PathSearch/Saved/Collections/' took 0.01s
[2019.01.27-17.39.05:782][  0]LogFileCache: Scanning file cache for directory 'C:/Users/Juan Pablo/Documents/Unreal Projects/AI/PathSearch/Content/Developers/JuanPablo/Collections/' took 0.02s
[2019.01.27-17.39.05:782][  0]LogFileCache: Scanning file cache for directory 'C:/Users/Juan Pablo/Documents/Unreal Projects/AI/PathSearch/Content/Collections/' took 0.00s
[2019.01.27-17.39.05:782][  0]LogCollectionManager: Rebuilt the GUID cache for 0 collections in 0.000000 seconds
[2019.01.27-17.39.05:793][  0]LogContentBrowser: Native class hierarchy populated in 0.0103 seconds. Added 2662 classes and 625 folders.
[2019.01.27-17.39.05:806][  0]LogContentBrowser: Native class hierarchy updated for 'WidgetCarousel' in 0.0008 seconds. Added 0 classes and 0 folders.
[2019.01.27-17.39.05:811][  0]LogPakFile: Registered encryption key '00000000000000000000000000000000': 0 pak files mounted, 0 remain pending
[2019.01.27-17.39.05:813][  0]LogPakFile: Registered encryption key '00000000000000000000000000000000': 0 pak files mounted, 0 remain pending
[2019.01.27-17.39.05:815][  0]LogPakFile: Registered encryption key '00000000000000000000000000000000': 0 pak files mounted, 0 remain pending
[2019.01.27-17.39.05:817][  0]LogPakFile: Registered encryption key '00000000000000000000000000000000': 0 pak files mounted, 0 remain pending
[2019.01.27-17.39.05:818][  0]LogPakFile: Registered encryption key '00000000000000000000000000000000': 0 pak files mounted, 0 remain pending
[2019.01.27-17.39.05:820][  0]LogPakFile: Registered encryption key '00000000000000000000000000000000': 0 pak files mounted, 0 remain pending
[2019.01.27-17.39.05:821][  0]LogPakFile: Registered encryption key '00000000000000000000000000000000': 0 pak files mounted, 0 remain pending
[2019.01.27-17.39.05:823][  0]LogPakFile: Registered encryption key '00000000000000000000000000000000': 0 pak files mounted, 0 remain pending
[2019.01.27-17.39.05:824][  0]LogPakFile: Registered encryption key '00000000000000000000000000000000': 0 pak files mounted, 0 remain pending
[2019.01.27-17.39.05:825][  0]LogPakFile: Registered encryption key '00000000000000000000000000000000': 0 pak files mounted, 0 remain pending
[2019.01.27-17.39.05:827][  0]LogPakFile: Registered encryption key '00000000000000000000000000000000': 0 pak files mounted, 0 remain pending
[2019.01.27-17.39.05:828][  0]LogPakFile: Registered encryption key '00000000000000000000000000000000': 0 pak files mounted, 0 remain pending
[2019.01.27-17.39.05:829][  0]LogPakFile: Registered encryption key '00000000000000000000000000000000': 0 pak files mounted, 0 remain pending
[2019.01.27-17.39.05:831][  0]LogPakFile: Registered encryption key '00000000000000000000000000000000': 0 pak files mounted, 0 remain pending
[2019.01.27-17.39.05:832][  0]LogPakFile: Registered encryption key '00000000000000000000000000000000': 0 pak files mounted, 0 remain pending
[2019.01.27-17.39.05:833][  0]LogPakFile: Registered encryption key '00000000000000000000000000000000': 0 pak files mounted, 0 remain pending
[2019.01.27-17.39.05:834][  0]LogPakFile: Registered encryption key '00000000000000000000000000000000': 0 pak files mounted, 0 remain pending
[2019.01.27-17.39.05:835][  0]LogPakFile: Registered encryption key '00000000000000000000000000000000': 0 pak files mounted, 0 remain pending
[2019.01.27-17.39.05:836][  0]LogPakFile: Registered encryption key '00000000000000000000000000000000': 0 pak files mounted, 0 remain pending
[2019.01.27-17.39.05:837][  0]LogPakFile: Registered encryption key '00000000000000000000000000000000': 0 pak files mounted, 0 remain pending
[2019.01.27-17.39.05:839][  0]LogPakFile: Registered encryption key '00000000000000000000000000000000': 0 pak files mounted, 0 remain pending
[2019.01.27-17.39.05:840][  0]LogPakFile: Registered encryption key '00000000000000000000000000000000': 0 pak files mounted, 0 remain pending
[2019.01.27-17.39.05:842][  0]LogPakFile: Registered encryption key '00000000000000000000000000000000': 0 pak files mounted, 0 remain pending
[2019.01.27-17.39.05:843][  0]LogPakFile: Registered encryption key '00000000000000000000000000000000': 0 pak files mounted, 0 remain pending
[2019.01.27-17.39.05:844][  0]LogPakFile: Registered encryption key '00000000000000000000000000000000': 0 pak files mounted, 0 remain pending
[2019.01.27-17.39.05:846][  0]LogPakFile: Registered encryption key '00000000000000000000000000000000': 0 pak files mounted, 0 remain pending
[2019.01.27-17.39.05:899][  0]LogContentBrowser: Native class hierarchy updated for 'AddContentDialog' in 0.0004 seconds. Added 0 classes and 0 folders.
[2019.01.27-17.39.05:972][  0]LogSlate: Took 0.000678 seconds to synchronously load lazily loaded font '../../../Engine/Content/Slate/Fonts/Roboto-Regular.ttf' (155K)
[2019.01.27-17.39.05:983][  0]LogSlate: Took 0.000406 seconds to synchronously load lazily loaded font '../../../Engine/Content/Slate/Fonts/Roboto-Bold.ttf' (160K)
[2019.01.27-17.39.05:987][  0]LogSlate: Took 0.000486 seconds to synchronously load lazily loaded font '../../../Engine/Content/Editor/Slate/Fonts/FontAwesome.ttf' (139K)
[2019.01.27-17.39.06:143][  0]LogRenderer: Reallocating scene render targets to support 1172x592 Format 9 NumSamples 1 (Frame:1).
[2019.01.27-17.39.06:205][  0]LogSlate: Took 0.000651 seconds to synchronously load lazily loaded font '../../../Engine/Content/Slate/Fonts/Roboto-Light.ttf' (167K)
[2019.01.27-17.39.06:370][  0]LogContentBrowser: Native class hierarchy updated for 'HierarchicalLODOutliner' in 0.0006 seconds. Added 0 classes and 0 folders.
[2019.01.27-17.39.06:371][  0]LogLoad: (Engine Initialization) Total time: 15.71 seconds
[2019.01.27-17.39.06:371][  0]LogLoad: (Engine Initialization) Total Blueprint compile time: 0.00 seconds
[2019.01.27-17.39.06:392][  0]LogWindowsTextInputMethodSystem: Display: IME system now deactivated.
[2019.01.27-17.39.06:446][  0]LogContentStreaming: Texture pool size now 800 MB
[2019.01.27-17.39.06:490][  1]LogAssetRegistry: Asset discovery search completed in 9.1614 seconds
[2019.01.27-17.39.06:493][  1]LogCollectionManager: Rebuilt the object cache for 0 collections in 0.000000 seconds (found 0 objects)
[2019.01.27-17.39.06:493][  1]LogCollectionManager: Fixed up redirectors for 0 collections in 0.000221 seconds (updated 0 objects)
[2019.01.27-17.39.17:835][434]LogSlate: FSceneViewport::OnFocusLost() reason 0
[2019.01.27-17.39.17:988][443]LogSlate: Took 0.000360 seconds to synchronously load lazily loaded font '../../../Engine/Content/Slate/Fonts/Roboto-Light.ttf' (167K)
[2019.01.27-17.39.18:000][443]LogAssetEditorManager: Opening Asset editor for Class /Script/PathSearch.BeamSearch
[2019.01.27-17.39.28:161][517]Candidate modules for hot reload:
[2019.01.27-17.39.28:161][517]  PathSearch
[2019.01.27-17.39.28:161][517]Launching UnrealBuildTool... [C:/Program Files/Epic Games/UE_4.21/Engine/Binaries/DotNET/UnrealBuildTool.exe  -ModuleWithSuffix=PathSearch,2668 Win64 Development -TargetType=Editor -Project="../../../../../../Users/Juan Pablo/Documents/Unreal Projects/AI/PathSearch/PathSearch.uproject" -canskiplink "C:/Users/Juan Pablo/Documents/Unreal Projects/AI/PathSearch/PathSearch.uproject" ]
[2019.01.27-17.39.28:163][517]Warning: Starting HotReload took  0.0s.
[2019.01.27-17.39.35:760][966]LogSlate: Took 0.000343 seconds to synchronously load lazily loaded font '../../../Engine/Content/Slate/Fonts/Roboto-BoldCondensed.ttf' (158K)
[2019.01.27-17.39.42:068][342]LogAssetEditorManager: Opening Asset editor for Blueprint /Game/BP/BP_BranchAndBound.BP_BranchAndBound
[2019.01.27-17.39.42:954][342]LogContentBrowser: Native class hierarchy updated for 'BlueprintGraph' in 0.0007 seconds. Added 117 classes and 0 folders.
[2019.01.27-17.39.43:945][342]LogSlate: Window 'Add Blueprint Class' being destroyed
[2019.01.27-17.39.44:081][343]CompilerResultsLog: New page: Compilation - 27/01/2019 05:39:44
[2019.01.27-17.39.44:081][343]CompilerResultsLog: Using 'git status' to determine working set for adaptive non-unity build (C:\Users\Juan Pablo\Documents\Unreal Projects\AI).
[2019.01.27-17.39.44:081][343]CompilerResultsLog: Creating makefile for hot reloading PathSearchEditor (source directory changed)
[2019.01.27-17.39.44:081][343]CompilerResultsLog: Compiling game modules for hot reload
[2019.01.27-17.39.44:082][343]CompilerResultsLog: Using Visual Studio 2017 14.16.27023 toolchain (C:\Program Files (x86)\Microsoft Visual Studio\2017\Community\VC\Tools\MSVC\14.16.27023) and Windows 10.0.16299.0 SDK (C:\Program Files (x86)\Windows Kits\10).
[2019.01.27-17.39.44:082][343]CompilerResultsLog: Building 3 actions with 8 processes...
[2019.01.27-17.39.44:082][343]CompilerResultsLog:   [1/3] BeamSearch.cpp
[2019.01.27-17.39.44:082][343]CompilerResultsLog:   [2/3] UE4Editor-PathSearch-2668.lib
[2019.01.27-17.39.44:083][343]CompilerResultsLog:      Creating library C:\Users\Juan Pablo\Documents\Unreal Projects\AI\PathSearch\Intermediate\Build\Win64\UE4Editor\Development\PathSearch\UE4Editor-PathSearch-2668.lib and object C:\Users\Juan Pablo\Documents\Unreal Projects\AI\PathSearch\Intermediate\Build\Win64\UE4Editor\Development\PathSearch\UE4Editor-PathSearch-2668.exp
[2019.01.27-17.39.44:083][343]CompilerResultsLog:   [3/3] UE4Editor-PathSearch-2668.dll
[2019.01.27-17.39.44:083][343]CompilerResultsLog:      Creating library C:\Users\Juan Pablo\Documents\Unreal Projects\AI\PathSearch\Intermediate\Build\Win64\UE4Editor\Development\PathSearch\UE4Editor-PathSearch-2668.suppressed.lib and object C:\Users\Juan Pablo\Documents\Unreal Projects\AI\PathSearch\Intermediate\Build\Win64\UE4Editor\Development\PathSearch\UE4Editor-PathSearch-2668.suppressed.exp
[2019.01.27-17.39.44:084][343]CompilerResultsLog: Total build time: 15.12 seconds (Parallel executor: 3.58 seconds)
[2019.01.27-17.39.44:084][343]LogMainFrame: MainFrame: Module compiling took 15.926 seconds
[2019.01.27-17.39.44:183][343]LogContentBrowser: Native class hierarchy updated for 'PathSearch' in 0.0005 seconds. Added 10 classes and 3 folders.
[2019.01.27-17.39.44:186][343]Display: HotReload successful (9 functions remapped  0 scriptstructs remapped)
[2019.01.27-17.39.44:704][343]LogContentBrowser: Native class hierarchy populated in 0.0100 seconds. Added 2662 classes and 625 folders.
[2019.01.27-17.39.44:704][343]Display: HotReload took 16.6s.
[2019.01.27-17.39.47:308][491]LogSlate: Prevented a slow task dialog from being summoned while a context menu was open
[2019.01.27-17.40.06:095][592]BlueprintLog: New page: Compile BP_BranchAndBound
[2019.01.27-17.40.06:969][620]Cmd: OBJ SAVEPACKAGE PACKAGE="/Game/BP/BP_BranchAndBound" FILE="../../../../../../Users/Juan Pablo/Documents/Unreal Projects/AI/PathSearch/Content/BP/BP_BranchAndBound.uasset" SILENT=true
[2019.01.27-17.40.06:980][620]LogSavePackage: Moving '../../../../../../Users/Juan Pablo/Documents/Unreal Projects/AI/PathSearch/Saved/BP_BranchAndBound778CEF2A4AB528B975662F9DA4E04CFC.tmp' to '../../../../../../Users/Juan Pablo/Documents/Unreal Projects/AI/PathSearch/Content/BP/BP_BranchAndBound.uasset'
[2019.01.27-17.40.10:682][838]LogSlate: Window 'BP_BranchAndBound' being destroyed
[2019.01.27-17.40.12:869][961]LogSlate: Took 0.000534 seconds to synchronously load lazily loaded font '../../../Engine/Content/Slate/Fonts/Roboto-Italic.ttf' (157K)
[2019.01.27-17.40.13:704][ 10]LogSlate: FSceneViewport::OnFocusLost() reason 0
[2019.01.27-17.40.18:242][280]LogAssetEditorManager: Opening Asset editor for WidgetBlueprint /Game/BP/WBP_Menu.WBP_Menu
[2019.01.27-17.40.20:717][387]LogSlate: Window 'WBP_Menu' being destroyed
[2019.01.27-17.40.27:000][757]LogUObjectHash: Warning: Ambiguous search, could be CanvasPanel /Game/BP/WBP_Menu.WBP_Menu:WidgetTree.CanvasPanel_0 or CanvasPanel /Game/BP/WBP_Menu.WBP_Menu_C:WidgetTree.CanvasPanel_0
[2019.01.27-17.40.27:000][757]LogUObjectHash: Warning: Ambiguous search, could be CanvasPanel /Game/BP/WBP_Menu.WBP_Menu:WidgetTree.CanvasPanel_0 or CanvasPanel /Engine/Transient.World_7:WBP_Menu_C_0.WidgetTree_0.CanvasPanel_0
[2019.01.27-17.40.27:000][757]LogUObjectHash: Warning: Ambiguous search, could be CanvasPanel /Game/BP/WBP_Menu.WBP_Menu:WidgetTree.CanvasPanel_0 or CanvasPanel /Engine/Transient.World_7:WBP_Menu_C_1.WidgetTree_0.CanvasPanel_0
[2019.01.27-17.40.27:000][757]LogProperty: Warning: Illegal TEXT reference to a private object in external package (CanvasPanelSlot /Game/BP/WBP_Menu.WBP_Menu:WidgetTree.CanvasPanel_0.CanvasPanelSlot_7) from referencer (Button /Engine/UMG/Editor/Transient.BeamSearch).  Import failed...
[2019.01.27-17.40.27:001][757]LogProperty: Warning: ObjectProperty /Script/UMG.Widget:Slot: unresolved reference to 'CanvasPanelSlot'"CanvasPanel_0.CanvasPanelSlot_7"''
[2019.01.27-17.40.54:183][214]BlueprintLog: New page: Compile WBP_Menu
[2019.01.27-17.40.54:836][237]Cmd: OBJ SAVEPACKAGE PACKAGE="/Game/BP/WBP_Menu" FILE="../../../../../../Users/Juan Pablo/Documents/Unreal Projects/AI/PathSearch/Content/BP/WBP_Menu.uasset" SILENT=true
[2019.01.27-17.40.54:863][237]LogSavePackage: Moving '../../../../../../Users/Juan Pablo/Documents/Unreal Projects/AI/PathSearch/Saved/WBP_MenuBCB8312E4A2B3E7D4378A48021CA51CB.tmp' to '../../../../../../Users/Juan Pablo/Documents/Unreal Projects/AI/PathSearch/Content/BP/WBP_Menu.uasset'
[2019.01.27-17.40.59:956][512]LogAssetEditorManager: Opening Asset editor for LevelScriptBlueprint /Game/Levels/PathSearch.PathSearch:PersistentLevel.PathSearch
[2019.01.27-17.41.44:304][ 89]BlueprintLog: New page: Compile PathSearch
[2019.01.27-17.41.45:247][112]LogSavePackage: Moving '../../../../../../Users/Juan Pablo/Documents/Unreal Projects/AI/PathSearch/Saved/PathSearch22D49A294A538D8FACA8408F4FA274E7.tmp' to '../../../../../../Users/Juan Pablo/Documents/Unreal Projects/AI/PathSearch/Content/Levels/PathSearch.umap'
[2019.01.27-17.41.45:275][112]LogFileHelpers: Saving map 'PathSearch' took 0.312
[2019.01.27-17.41.47:154][222]LogTemp: Repeating last play command: Selected Viewport
[2019.01.27-17.41.47:169][222]LogBlueprintUserMessages: Early PlayInEditor Detection: Level '/Game/Levels/PathSearch.PathSearch:PersistentLevel' has LevelScriptBlueprint '/Game/Levels/PathSearch.PathSearch:PersistentLevel.PathSearch' with GeneratedClass '/Game/Levels/PathSearch.PathSearch_C' with ClassGeneratedBy '/Game/Levels/PathSearch.PathSearch:PersistentLevel.PathSearch'
[2019.01.27-17.41.47:170][222]LogPlayLevel: PlayLevel: No blueprints needed recompiling
[2019.01.27-17.41.47:170][222]PIE: New page: PIE session: PathSearch (27/01/2019 05:41:47)
[2019.01.27-17.41.47:189][222]LogPlayLevel: Creating play world package: /Game/Levels/UEDPIE_0_PathSearch
[2019.01.27-17.41.47:193][222]LogPlayLevel: PIE: StaticDuplicateObject took: (0.004112s)
[2019.01.27-17.41.47:194][222]LogAIModule: Creating AISystem for world PathSearch
[2019.01.27-17.41.47:195][222]LogPlayLevel: PIE: World Init took: (0.001286s)
[2019.01.27-17.41.47:195][222]LogPlayLevel: PIE: Created PIE world by copying editor world from /Game/Levels/PathSearch.PathSearch to /Game/Levels/UEDPIE_0_PathSearch.PathSearch (0.006682s)
[2019.01.27-17.41.47:238][222]LogInit: XAudio2 using 'Altavoces (Sound Blaster Recon3Di)' : 2 channels at 48 kHz using 32 bits per sample (channel mask 0x3)
[2019.01.27-17.41.47:255][222]LogInit: FAudioDevice initialized.
[2019.01.27-17.41.47:314][222]LogLoad: Game class is 'BP_GameMode_C'
[2019.01.27-17.41.47:316][222]LogWorld: Bringing World /Game/Levels/UEDPIE_0_PathSearch.PathSearch up for play (max tick rate 60) at 2019.01.27-11.41.47
[2019.01.27-17.41.47:316][222]LogWorld: Bringing up level for play took: 0.000732
[2019.01.27-17.41.47:345][222]LogContentBrowser: Native class hierarchy updated for 'MovieSceneCapture' in 0.0005 seconds. Added 20 classes and 0 folders.
[2019.01.27-17.41.47:347][222]LogTemp: Warning: Prob: 6
[2019.01.27-17.41.47:347][222]LogTemp: Warning: Prob: 7
[2019.01.27-17.41.47:348][222]LogTemp: Warning: Prob: 0
[2019.01.27-17.41.47:348][222]LogTemp: Warning: Prob: 0
[2019.01.27-17.41.47:349][222]LogTemp: Warning: Prob: 0
[2019.01.27-17.41.47:349][222]LogTemp: Warning: Prob: 8
[2019.01.27-17.41.47:350][222]LogTemp: Warning: Prob: 3
[2019.01.27-17.41.47:350][222]LogTemp: Warning: Prob: 0
[2019.01.27-17.41.47:351][222]LogTemp: Warning: Prob: 9
[2019.01.27-17.41.47:351][222]LogTemp: Warning: Prob: 3
[2019.01.27-17.41.47:352][222]LogTemp: Warning: Prob: 7
[2019.01.27-17.41.47:352][222]LogTemp: Warning: Prob: 7
[2019.01.27-17.41.47:353][222]LogTemp: Warning: Prob: 9
[2019.01.27-17.41.47:353][222]LogTemp: Warning: Prob: 6
[2019.01.27-17.41.47:354][222]LogTemp: Warning: Prob: 1
[2019.01.27-17.41.47:354][222]LogTemp: Warning: Prob: 4
[2019.01.27-17.41.47:355][222]LogTemp: Warning: Prob: 6
[2019.01.27-17.41.47:356][222]LogTemp: Warning: Prob: 7
[2019.01.27-17.41.47:356][222]LogTemp: Warning: Prob: 7
[2019.01.27-17.41.47:356][222]LogTemp: Warning: Prob: 10
[2019.01.27-17.41.47:357][222]LogTemp: Warning: Prob: 0
[2019.01.27-17.41.47:357][222]LogTemp: Warning: Prob: 1
[2019.01.27-17.41.47:358][222]LogTemp: Warning: Prob: 10
[2019.01.27-17.41.47:358][222]LogTemp: Warning: Prob: 1
[2019.01.27-17.41.47:359][222]LogTemp: Warning: Prob: 10
[2019.01.27-17.41.47:359][222]LogTemp: Warning: Prob: 8
[2019.01.27-17.41.47:359][222]LogTemp: Warning: Prob: 8
[2019.01.27-17.41.47:360][222]LogTemp: Warning: Prob: 9
[2019.01.27-17.41.47:360][222]LogTemp: Warning: Prob: 3
[2019.01.27-17.41.47:361][222]LogTemp: Warning: Prob: 9
[2019.01.27-17.41.47:361][222]LogTemp: Warning: Prob: 9
[2019.01.27-17.41.47:361][222]LogTemp: Warning: Prob: 3
[2019.01.27-17.41.47:362][222]LogTemp: Warning: Prob: 3
[2019.01.27-17.41.47:362][222]LogTemp: Warning: Prob: 0
[2019.01.27-17.41.47:362][222]LogTemp: Warning: Prob: 8
[2019.01.27-17.41.47:363][222]LogTemp: Warning: Prob: 5
[2019.01.27-17.41.47:363][222]LogTemp: Warning: Prob: 9
[2019.01.27-17.41.47:364][222]LogTemp: Warning: Prob: 3
[2019.01.27-17.41.47:364][222]LogTemp: Warning: Prob: 6
[2019.01.27-17.41.47:365][222]LogTemp: Warning: Prob: 4
[2019.01.27-17.41.47:365][222]LogTemp: Warning: Prob: 9
[2019.01.27-17.41.47:366][222]LogTemp: Warning: Prob: 8
[2019.01.27-17.41.47:366][222]LogTemp: Warning: Prob: 6
[2019.01.27-17.41.47:367][222]LogTemp: Warning: Prob: 3
[2019.01.27-17.41.47:367][222]LogTemp: Warning: Prob: 5
[2019.01.27-17.41.47:367][222]LogTemp: Warning: Prob: 6
[2019.01.27-17.41.47:368][222]LogTemp: Warning: Prob: 6
[2019.01.27-17.41.47:368][222]LogTemp: Warning: Prob: 10
[2019.01.27-17.41.47:369][222]LogTemp: Warning: Prob: 1
[2019.01.27-17.41.47:369][222]LogTemp: Warning: Prob: 10
[2019.01.27-17.41.47:370][222]LogTemp: Warning: Prob: 9
[2019.01.27-17.41.47:370][222]LogTemp: Warning: Prob: 5
[2019.01.27-17.41.47:370][222]LogTemp: Warning: Prob: 6
[2019.01.27-17.41.47:371][222]LogTemp: Warning: Prob: 1
[2019.01.27-17.41.47:371][222]LogTemp: Warning: Prob: 0
[2019.01.27-17.41.47:372][222]LogTemp: Warning: Prob: 8
[2019.01.27-17.41.47:372][222]LogTemp: Warning: Prob: 1
[2019.01.27-17.41.47:372][222]LogTemp: Warning: Prob: 10
[2019.01.27-17.41.47:373][222]LogTemp: Warning: Prob: 5
[2019.01.27-17.41.47:373][222]LogTemp: Warning: Prob: 4
[2019.01.27-17.41.47:374][222]LogTemp: Warning: Prob: 3
[2019.01.27-17.41.47:374][222]LogTemp: Warning: Prob: 10
[2019.01.27-17.41.47:375][222]LogTemp: Warning: Prob: 6
[2019.01.27-17.41.47:375][222]LogTemp: Warning: Prob: 3
[2019.01.27-17.41.47:375][222]PIE: Play in editor start time for /Game/Levels/UEDPIE_0_PathSearch -0.04
[2019.01.27-17.41.47:376][222]LogBlueprintUserMessages: Late PlayInEditor Detection: Level '/Game/Levels/PathSearch.PathSearch:PersistentLevel' has LevelScriptBlueprint '/Game/Levels/PathSearch.PathSearch:PersistentLevel.PathSearch' with GeneratedClass '/Game/Levels/PathSearch.PathSearch_C' with ClassGeneratedBy '/Game/Levels/PathSearch.PathSearch:PersistentLevel.PathSearch'
[2019.01.27-17.41.51:642][474]LogSlate: Took 0.000512 seconds to synchronously load lazily loaded font '../../../Engine/Content/Slate/Fonts/DroidSansMono.ttf' (77K)
[2019.01.27-17.42.02:362][112]LogBlueprintUserMessages: Early EndPlayMap Detection: Level '/Game/Levels/PathSearch.PathSearch:PersistentLevel' has LevelScriptBlueprint '/Game/Levels/PathSearch.PathSearch:PersistentLevel.PathSearch' with GeneratedClass '/Game/Levels/PathSearch.PathSearch_C' with ClassGeneratedBy '/Game/Levels/PathSearch.PathSearch:PersistentLevel.PathSearch'
[2019.01.27-17.42.02:363][112]LogSlate: Updating window title bar state: overlay mode, drag disabled, window buttons hidden, title bar hidden
[2019.01.27-17.42.02:418][112]LogPlayLevel: Display: Shutting down PIE online subsystems
[2019.01.27-17.42.02:419][112]LogBlueprintUserMessages: Late EndPlayMap Detection: Level '/Game/Levels/PathSearch.PathSearch:PersistentLevel' has LevelScriptBlueprint '/Game/Levels/PathSearch.PathSearch:PersistentLevel.PathSearch' with GeneratedClass '/Game/Levels/PathSearch.PathSearch_C' with ClassGeneratedBy '/Game/Levels/PathSearch.PathSearch:PersistentLevel.PathSearch'
[2019.01.27-17.42.02:459][112]LogSlate: Updating window title bar state: overlay mode, drag disabled, window buttons hidden, title bar hidden
[2019.01.27-17.42.02:482][113]LogPlayLevel: Display: Destroying online subsystem :Context_10
[2019.01.27-17.42.09:613][530]BlueprintLog: New page: Compile PathSearch
[2019.01.27-17.42.10:618][556]LogSavePackage: Moving '../../../../../../Users/Juan Pablo/Documents/Unreal Projects/AI/PathSearch/Saved/PathSearch58B38F2E40B082FB6982678298BD3EE1.tmp' to '../../../../../../Users/Juan Pablo/Documents/Unreal Projects/AI/PathSearch/Content/Levels/PathSearch.umap'
[2019.01.27-17.42.10:641][556]LogFileHelpers: Saving map 'PathSearch' took 0.302
[2019.01.27-17.42.12:142][641]LogTemp: Repeating last play command: Selected Viewport
[2019.01.27-17.42.12:154][641]LogBlueprintUserMessages: Early PlayInEditor Detection: Level '/Game/Levels/PathSearch.PathSearch:PersistentLevel' has LevelScriptBlueprint '/Game/Levels/PathSearch.PathSearch:PersistentLevel.PathSearch' with GeneratedClass '/Game/Levels/PathSearch.PathSearch_C' with ClassGeneratedBy '/Game/Levels/PathSearch.PathSearch:PersistentLevel.PathSearch'
[2019.01.27-17.42.12:155][641]LogPlayLevel: PlayLevel: No blueprints needed recompiling
[2019.01.27-17.42.12:156][641]PIE: New page: PIE session: PathSearch (27/01/2019 05:42:12)
[2019.01.27-17.42.12:156][641]LogPlayLevel: Creating play world package: /Game/Levels/UEDPIE_0_PathSearch
[2019.01.27-17.42.12:162][641]LogPlayLevel: PIE: StaticDuplicateObject took: (0.005913s)
[2019.01.27-17.42.12:164][641]LogAIModule: Creating AISystem for world PathSearch
[2019.01.27-17.42.12:165][641]LogPlayLevel: PIE: World Init took: (0.001786s)
[2019.01.27-17.42.12:165][641]LogPlayLevel: PIE: Created PIE world by copying editor world from /Game/Levels/PathSearch.PathSearch to /Game/Levels/UEDPIE_0_PathSearch.PathSearch (0.008893s)
[2019.01.27-17.42.12:206][641]LogInit: XAudio2 using 'Altavoces (Sound Blaster Recon3Di)' : 2 channels at 48 kHz using 32 bits per sample (channel mask 0x3)
[2019.01.27-17.42.12:222][641]LogInit: FAudioDevice initialized.
[2019.01.27-17.42.12:266][641]LogLoad: Game class is 'BP_GameMode_C'
[2019.01.27-17.42.12:269][641]LogWorld: Bringing World /Game/Levels/UEDPIE_0_PathSearch.PathSearch up for play (max tick rate 60) at 2019.01.27-11.42.12
[2019.01.27-17.42.12:270][641]LogWorld: Bringing up level for play took: 0.001654
[2019.01.27-17.42.12:293][641]LogTemp: Warning: Prob: 10
[2019.01.27-17.42.12:293][641]LogTemp: Warning: Prob: 4
[2019.01.27-17.42.12:294][641]LogTemp: Warning: Prob: 2
[2019.01.27-17.42.12:295][641]LogTemp: Warning: Prob: 4
[2019.01.27-17.42.12:296][641]LogTemp: Warning: Prob: 4
[2019.01.27-17.42.12:297][641]LogTemp: Warning: Prob: 7
[2019.01.27-17.42.12:298][641]LogTemp: Warning: Prob: 3
[2019.01.27-17.42.12:299][641]LogTemp: Warning: Prob: 0
[2019.01.27-17.42.12:300][641]LogTemp: Warning: Prob: 9
[2019.01.27-17.42.12:300][641]LogTemp: Warning: Prob: 4
[2019.01.27-17.42.12:301][641]LogTemp: Warning: Prob: 2
[2019.01.27-17.42.12:302][641]LogTemp: Warning: Prob: 8
[2019.01.27-17.42.12:303][641]LogTemp: Warning: Prob: 3
[2019.01.27-17.42.12:304][641]LogTemp: Warning: Prob: 9
[2019.01.27-17.42.12:305][641]LogTemp: Warning: Prob: 5
[2019.01.27-17.42.12:306][641]LogTemp: Warning: Prob: 9
[2019.01.27-17.42.12:307][641]LogTemp: Warning: Prob: 10
[2019.01.27-17.42.12:307][641]LogTemp: Warning: Prob: 7
[2019.01.27-17.42.12:308][641]LogTemp: Warning: Prob: 2
[2019.01.27-17.42.12:309][641]LogTemp: Warning: Prob: 0
[2019.01.27-17.42.12:310][641]LogTemp: Warning: Prob: 10
[2019.01.27-17.42.12:311][641]LogTemp: Warning: Prob: 2
[2019.01.27-17.42.12:312][641]LogTemp: Warning: Prob: 8
[2019.01.27-17.42.12:313][641]LogTemp: Warning: Prob: 10
[2019.01.27-17.42.12:314][641]LogTemp: Warning: Prob: 7
[2019.01.27-17.42.12:315][641]LogTemp: Warning: Prob: 6
[2019.01.27-17.42.12:316][641]LogTemp: Warning: Prob: 7
[2019.01.27-17.42.12:317][641]LogTemp: Warning: Prob: 8
[2019.01.27-17.42.12:318][641]LogTemp: Warning: Prob: 0
[2019.01.27-17.42.12:319][641]LogTemp: Warning: Prob: 8
[2019.01.27-17.42.12:320][641]LogTemp: Warning: Prob: 2
[2019.01.27-17.42.12:321][641]LogTemp: Warning: Prob: 3
[2019.01.27-17.42.12:322][641]LogTemp: Warning: Prob: 1
[2019.01.27-17.42.12:323][641]LogTemp: Warning: Prob: 0
[2019.01.27-17.42.12:324][641]LogTemp: Warning: Prob: 0
[2019.01.27-17.42.12:325][641]LogTemp: Warning: Prob: 3
[2019.01.27-17.42.12:326][641]LogTemp: Warning: Prob: 0
[2019.01.27-17.42.12:327][641]LogTemp: Warning: Prob: 4
[2019.01.27-17.42.12:328][641]LogTemp: Warning: Prob: 4
[2019.01.27-17.42.12:329][641]LogTemp: Warning: Prob: 9
[2019.01.27-17.42.12:330][641]LogTemp: Warning: Prob: 10
[2019.01.27-17.42.12:331][641]LogTemp: Warning: Prob: 6
[2019.01.27-17.42.12:332][641]LogTemp: Warning: Prob: 6
[2019.01.27-17.42.12:333][641]LogTemp: Warning: Prob: 10
[2019.01.27-17.42.12:334][641]LogTemp: Warning: Prob: 0
[2019.01.27-17.42.12:334][641]LogTemp: Warning: Prob: 8
[2019.01.27-17.42.12:335][641]LogTemp: Warning: Prob: 5
[2019.01.27-17.42.12:336][641]LogTemp: Warning: Prob: 1
[2019.01.27-17.42.12:336][641]LogTemp: Warning: Prob: 3
[2019.01.27-17.42.12:337][641]LogTemp: Warning: Prob: 4
[2019.01.27-17.42.12:337][641]LogTemp: Warning: Prob: 10
[2019.01.27-17.42.12:338][641]LogTemp: Warning: Prob: 8
[2019.01.27-17.42.12:338][641]LogTemp: Warning: Prob: 5
[2019.01.27-17.42.12:339][641]LogTemp: Warning: Prob: 6
[2019.01.27-17.42.12:340][641]LogTemp: Warning: Prob: 10
[2019.01.27-17.42.12:340][641]LogTemp: Warning: Prob: 9
[2019.01.27-17.42.12:341][641]LogTemp: Warning: Prob: 9
[2019.01.27-17.42.12:341][641]LogTemp: Warning: Prob: 0
[2019.01.27-17.42.12:342][641]LogTemp: Warning: Prob: 2
[2019.01.27-17.42.12:342][641]LogTemp: Warning: Prob: 10
[2019.01.27-17.42.12:343][641]LogTemp: Warning: Prob: 8
[2019.01.27-17.42.12:343][641]LogTemp: Warning: Prob: 7
[2019.01.27-17.42.12:344][641]LogTemp: Warning: Prob: 6
[2019.01.27-17.42.12:344][641]LogTemp: Warning: Prob: 9
[2019.01.27-17.42.12:345][641]PIE: Play in editor start time for /Game/Levels/UEDPIE_0_PathSearch 0.929
[2019.01.27-17.42.12:345][641]LogBlueprintUserMessages: Late PlayInEditor Detection: Level '/Game/Levels/PathSearch.PathSearch:PersistentLevel' has LevelScriptBlueprint '/Game/Levels/PathSearch.PathSearch:PersistentLevel.PathSearch' with GeneratedClass '/Game/Levels/PathSearch.PathSearch_C' with ClassGeneratedBy '/Game/Levels/PathSearch.PathSearch:PersistentLevel.PathSearch'
