Log file open, 02/02/19 11:29:09
LogWindows: Failed to load 'aqProf.dll' (GetLastError=126)
LogWindows: File 'aqProf.dll' does not exist
LogWindows: Failed to load 'VtuneApi.dll' (GetLastError=126)
LogWindows: File 'VtuneApi.dll' does not exist
LogWindows: Failed to load 'VtuneApi32e.dll' (GetLastError=126)
LogWindows: File 'VtuneApi32e.dll' does not exist
LogConsoleResponse: Display: Failed to find resolution value strings in scalability ini. Falling back to default.
LogInit: Display: Running engine for game: PathSearch
LogPakFile: Registered encryption key '00000000000000000000000000000000': 0 pak files mounted, 0 remain pending
LogPlatformFile: Not using cached read wrapper
LogTaskGraph: Started task graph with 5 named threads and 23 total threads with 3 sets of task threads.
LogStats: Stats thread started at 0.506374
LogD3D11RHI: Loaded GFSDK_Aftermath_Lib.x64.dll
LogICUInternationalization: ICU TimeZone Detection - Raw Offset: -6:00, Platform Override: ''
LogPluginManager: Mounting plugin Paper2D
LogPluginManager: Mounting plugin AISupport
LogPluginManager: Mounting plugin LightPropagationVolume
LogPluginManager: Mounting plugin ActorLayerUtilities
LogPluginManager: Mounting plugin CLionSourceCodeAccess
LogPluginManager: Mounting plugin CodeLiteSourceCodeAccess
LogPluginManager: Mounting plugin GitSourceControl
LogPluginManager: Mounting plugin KDevelopSourceCodeAccess
LogPluginManager: Mounting plugin NullSourceCodeAccess
LogPluginManager: Mounting plugin PerforceSourceControl
LogPluginManager: Mounting plugin SubversionSourceControl
LogPluginManager: Mounting plugin UObjectPlugin
LogPluginManager: Mounting plugin VisualStudioCodeSourceCodeAccess
LogPluginManager: Mounting plugin VisualStudioSourceCodeAccess
LogPluginManager: Mounting plugin XCodeSourceCodeAccess
LogPluginManager: Mounting plugin AssetManagerEditor
LogPluginManager: Mounting plugin CryptoKeys
LogPluginManager: Mounting plugin DataValidation
LogPluginManager: Mounting plugin FacialAnimation
LogPluginManager: Mounting plugin GameplayTagsEditor
LogPluginManager: Mounting plugin MacGraphicsSwitching
LogPluginManager: Mounting plugin MeshEditor
LogPluginManager: Mounting plugin MobileLauncherProfileWizard
LogPluginManager: Mounting plugin PluginBrowser
LogPluginManager: Mounting plugin SpeedTreeImporter
LogPluginManager: Mounting plugin DatasmithContent
LogPluginManager: Mounting plugin VariantManagerContent
LogPluginManager: Mounting plugin AlembicImporter
LogPluginManager: Mounting plugin AppleImageUtils
LogPluginManager: Mounting plugin AppleVision
LogPluginManager: Mounting plugin BackChannel
LogPluginManager: Mounting plugin CharacterAI
LogPluginManager: Mounting plugin GeometryCache
LogPluginManager: Mounting plugin HTML5Networking
LogPluginManager: Mounting plugin ProxyLODPlugin
LogPluginManager: Mounting plugin MagicLeap
LogPluginManager: Mounting plugin MagicLeapMedia
LogPluginManager: Mounting plugin AndroidMedia
LogPluginManager: Mounting plugin AvfMedia
LogPluginManager: Mounting plugin ImgMedia
LogPluginManager: Mounting plugin LinearTimecode
LogPluginManager: Mounting plugin MediaCompositing
LogPluginManager: Mounting plugin MediaPlayerEditor
LogPluginManager: Mounting plugin WebMMedia
LogPluginManager: Mounting plugin WmfMedia
LogPluginManager: Mounting plugin TcpMessaging
LogPluginManager: Mounting plugin UdpMessaging
LogPluginManager: Mounting plugin ActorSequence
LogPluginManager: Mounting plugin LevelSequenceEditor
LogPluginManager: Mounting plugin MatineeToLevelSequence
LogPluginManager: Mounting plugin NetcodeUnitTest
LogPluginManager: Mounting plugin NUTUnrealEngine4
LogPluginManager: Mounting plugin OnlineSubsystemGooglePlay
LogPluginManager: Mounting plugin OnlineSubsystemIOS
LogPluginManager: Mounting plugin OnlineSubsystem
LogPluginManager: Mounting plugin OnlineSubsystemNull
LogPluginManager: Mounting plugin OnlineSubsystemUtils
LogPluginManager: Mounting plugin LauncherChunkInstaller
LogPluginManager: Mounting plugin AndroidDeviceProfileSelector
LogPluginManager: Mounting plugin AndroidMoviePlayer
LogPluginManager: Mounting plugin AndroidPermission
LogPluginManager: Mounting plugin AppleMoviePlayer
LogPluginManager: Mounting plugin ArchVisCharacter
LogPluginManager: Mounting plugin AudioCapture
LogPluginManager: Mounting plugin CableComponent
LogPluginManager: Mounting plugin CustomMeshComponent
LogPluginManager: Mounting plugin EditableMesh
LogPluginManager: Mounting plugin ExampleDeviceProfileSelector
LogPluginManager: Mounting plugin Firebase
LogPluginManager: Mounting plugin GoogleCloudMessaging
LogPluginManager: Mounting plugin IOSDeviceProfileSelector
LogPluginManager: Mounting plugin LinuxDeviceProfileSelector
LogPluginManager: Mounting plugin LocationServicesBPLibrary
LogPluginManager: Mounting plugin MobilePatchingUtils
LogPluginManager: Mounting plugin OculusVR
LogPluginManager: Mounting plugin PhysXVehicles
LogPluginManager: Mounting plugin ProceduralMeshComponent
LogPluginManager: Mounting plugin RuntimePhysXCooking
LogPluginManager: Mounting plugin SteamVR
LogPluginManager: Mounting plugin WebMMoviePlayer
LogPluginManager: Mounting plugin WindowsMoviePlayer
LogStreaming: Display: Took  0.221s to configure plugins.
LogInit: Using libcurl 7.55.1-DEV
LogInit:  - built for x86_64-pc-win32
LogInit:  - supports SSL with OpenSSL/1.0.2h
LogInit:  - supports HTTP deflate (compression) using libz 1.2.8
LogInit:  - other features:
LogInit:      CURL_VERSION_SSL
LogInit:      CURL_VERSION_LIBZ
LogInit:      CURL_VERSION_IPV6
LogInit:      CURL_VERSION_ASYNCHDNS
LogInit:      CURL_VERSION_LARGEFILE
LogInit:      CURL_VERSION_IDN
LogInit:  CurlRequestOptions (configurable via config and command line):
LogInit:  - bVerifyPeer = true  - Libcurl will verify peer certificate
LogInit:  - bUseHttpProxy = false  - Libcurl will NOT use HTTP proxy
LogInit:  - bDontReuseConnections = false  - Libcurl will reuse connections
LogInit:  - MaxHostConnections = 16  - Libcurl will limit the number of connections to a host
LogInit:  - LocalHostAddr = Default
LogInit:  - BufferSize = 65536
LogInit: WinSock: version 1.1 (2.2), MaxSocks=32767, MaxUdp=65467
LogInit: Build: ++UE4+Release-4.21-CL-4753647
LogInit: Engine Version: 4.21.2-4753647+++UE4+Release-4.21
LogInit: Compatible Engine Version: 4.21.0-4541578+++UE4+Release-4.21
LogInit: Net CL: 4541578
LogInit: OS: Windows 10 (), CPU: Intel(R) Core(TM) i7-6700HQ CPU @ 2.60GHz, GPU: Intel(R) HD Graphics 530
LogInit: Compiled (64-bit): Jan 19 2019 02:07:31
LogInit: Compiled with Visual C++: 19.13.26129.00
LogInit: Build Configuration: Development
LogInit: Branch Name: ++UE4+Release-4.21
LogInit: Command Line:  -skipcompile
LogInit: Base Directory: C:/Program Files/Epic Games/UE_4.21/Engine/Binaries/Win64/
LogInit: Installed Engine Build: 1
LogDevObjectVersion: Number of dev versions registered: 22
LogDevObjectVersion:   Dev-Blueprints (B0D832E4-1F89-4F0D-ACCF-7EB736FD4AA2): 10
LogDevObjectVersion:   Dev-Build (E1C64328-A22C-4D53-A36C-8E866417BD8C): 0
LogDevObjectVersion:   Dev-Core (375EC13C-06E4-48FB-B500-84F0262A717E): 2
LogDevObjectVersion:   Dev-Editor (E4B068ED-F494-42E9-A231-DA0B2E46BB41): 26
LogDevObjectVersion:   Dev-Framework (CFFC743F-43B0-4480-9391-14DF171D2073): 34
LogDevObjectVersion:   Dev-Mobile (B02B49B5-BB20-44E9-A304-32B752E40360): 2
LogDevObjectVersion:   Dev-Networking (A4E4105C-59A1-49B5-A7C5-40C4547EDFEE): 0
LogDevObjectVersion:   Dev-Online (39C831C9-5AE6-47DC-9A44-9C173E1C8E7C): 0
LogDevObjectVersion:   Dev-Physics (78F01B33-EBEA-4F98-B9B4-84EACCB95AA2): 0
LogDevObjectVersion:   Dev-Platform (6631380F-2D4D-43E0-8009-CF276956A95A): 0
LogDevObjectVersion:   Dev-Rendering (12F88B9F-8875-4AFC-A67C-D90C383ABD29): 27
LogDevObjectVersion:   Dev-Sequencer (7B5AE74C-D270-4C10-A958-57980B212A5A): 9
LogDevObjectVersion:   Dev-VR (D7296918-1DD6-4BDD-9DE2-64A83CC13884): 2
LogDevObjectVersion:   Dev-LoadTimes (C2A15278-BFE7-4AFE-6C17-90FF531DF755): 1
LogDevObjectVersion:   Private-Geometry (6EACA3D4-40EC-4CC1-B786-8BED09428FC5): 3
LogDevObjectVersion:   Dev-AnimPhys (29E575DD-E0A3-4627-9D10-D276232CDCEA): 17
LogDevObjectVersion:   Dev-Anim (AF43A65D-7FD3-4947-9873-3E8ED9C1BB05): 2
LogDevObjectVersion:   Dev-ReflectionCapture (6B266CEC-1EC7-4B8F-A30B-E4D90942FC07): 1
LogDevObjectVersion:   Dev-Automation (0DF73D61-A23F-47EA-B727-89E90C41499A): 1
LogDevObjectVersion:   FortniteMain (601D1886-AC64-4F84-AA16-D3DE0DEAC7D6): 17
LogDevObjectVersion:   Dev-Enterprise (9DFFBCD6-494F-0158-E221-12823C92A888): 4
LogDevObjectVersion:   Dev-Niagara (F2AED0AC-9AFE-416F-8664-AA7FFA26D6FC): 1
LogStreaming: Display: Took  0.009s to delete old logs.
LogInit: Presizing for max 8388607 objects, including 0 objects not considered by GC, pre-allocating 0 bytes for permanent pool.
LogInit: Object subsystem initialized
LogConfig: Setting CVar [[con.DebugEarlyDefault:1]]
LogConfig: Setting CVar [[r.setres:1280x720]]
[2019.02.02-17.29.09:839][  0]LogConfig: Setting CVar [[r.VSync:0]]
[2019.02.02-17.29.09:839][  0]LogConfig: Setting CVar [[r.RHICmdBypass:0]]
[2019.02.02-17.29.09:839][  0]LogConfig: Applying CVar settings from Section [/Script/Engine.RendererSettings] File [C:/Users/Juan Pablo/Documents/Unreal Projects/AI/PathSearch/Saved/Config/Windows/Engine.ini]
[2019.02.02-17.29.09:839][  0]LogConfig: Setting CVar [[r.GPUCrashDebugging:0]]
[2019.02.02-17.29.09:839][  0]LogConfig: Applying CVar settings from Section [/Script/Engine.RendererOverrideSettings] File [C:/Users/Juan Pablo/Documents/Unreal Projects/AI/PathSearch/Saved/Config/Windows/Engine.ini]
[2019.02.02-17.29.09:839][  0]LogConfig: Applying CVar settings from Section [/Script/Engine.StreamingSettings] File [C:/Users/Juan Pablo/Documents/Unreal Projects/AI/PathSearch/Saved/Config/Windows/Engine.ini]
[2019.02.02-17.29.09:839][  0]LogConfig: Setting CVar [[s.MinBulkDataSizeForAsyncLoading:131072]]
[2019.02.02-17.29.09:839][  0]LogConfig: Setting CVar [[s.AsyncLoadingThreadEnabled:0]]
[2019.02.02-17.29.09:839][  0]LogConfig: Setting CVar [[s.EventDrivenLoaderEnabled:1]]
[2019.02.02-17.29.09:839][  0]LogConfig: Setting CVar [[s.WarnIfTimeLimitExceeded:0]]
[2019.02.02-17.29.09:839][  0]LogConfig: Setting CVar [[s.TimeLimitExceededMultiplier:1.5]]
[2019.02.02-17.29.09:839][  0]LogConfig: Setting CVar [[s.TimeLimitExceededMinTime:0.005]]
[2019.02.02-17.29.09:839][  0]LogConfig: Setting CVar [[s.UseBackgroundLevelStreaming:1]]
[2019.02.02-17.29.09:839][  0]LogConfig: Setting CVar [[s.PriorityAsyncLoadingExtraTime:15.0]]
[2019.02.02-17.29.09:840][  0]LogConfig: Setting CVar [[s.LevelStreamingActorsUpdateTimeLimit:5.0]]
[2019.02.02-17.29.09:840][  0]LogConfig: Setting CVar [[s.PriorityLevelStreamingActorsUpdateExtraTime:5.0]]
[2019.02.02-17.29.09:840][  0]LogConfig: Setting CVar [[s.LevelStreamingComponentsRegistrationGranularity:10]]
[2019.02.02-17.29.09:840][  0]LogConfig: Setting CVar [[s.UnregisterComponentsTimeLimit:1.0]]
[2019.02.02-17.29.09:840][  0]LogConfig: Setting CVar [[s.LevelStreamingComponentsUnregistrationGranularity:5]]
[2019.02.02-17.29.09:840][  0]LogConfig: Applying CVar settings from Section [/Script/Engine.GarbageCollectionSettings] File [C:/Users/Juan Pablo/Documents/Unreal Projects/AI/PathSearch/Saved/Config/Windows/Engine.ini]
[2019.02.02-17.29.09:840][  0]LogConfig: Setting CVar [[gc.MaxObjectsNotConsideredByGC:1]]
[2019.02.02-17.29.09:840][  0]LogConfig: Setting CVar [[gc.SizeOfPermanentObjectPool:0]]
[2019.02.02-17.29.09:840][  0]LogConfig: Setting CVar [[gc.FlushStreamingOnGC:0]]
[2019.02.02-17.29.09:840][  0]LogConfig: Setting CVar [[gc.NumRetriesBeforeForcingGC:10]]
[2019.02.02-17.29.09:840][  0]LogConfig: Setting CVar [[gc.AllowParallelGC:1]]
[2019.02.02-17.29.09:840][  0]LogConfig: Setting CVar [[gc.TimeBetweenPurgingPendingKillObjects:61.1]]
[2019.02.02-17.29.09:840][  0]LogConfig: Setting CVar [[gc.MaxObjectsInEditor:8388607]]
[2019.02.02-17.29.09:840][  0]LogConfig: Setting CVar [[gc.IncrementalBeginDestroyEnabled:1]]
[2019.02.02-17.29.09:840][  0]LogConfig: Setting CVar [[gc.CreateGCClusters:1]]
[2019.02.02-17.29.09:841][  0]LogConfig: Setting CVar [[gc.MergeGCClusters:0]]
[2019.02.02-17.29.09:841][  0]LogConfig: Setting CVar [[gc.MinGCClusterSize:5]]
[2019.02.02-17.29.09:841][  0]LogConfig: Setting CVar [[gc.ActorClusteringEnabled:0]]
[2019.02.02-17.29.09:841][  0]LogConfig: Setting CVar [[gc.BlueprintClusteringEnabled:0]]
[2019.02.02-17.29.09:841][  0]LogConfig: Setting CVar [[gc.UseDisregardForGCOnDedicatedServers:0]]
[2019.02.02-17.29.09:841][  0]LogConfig: Applying CVar settings from Section [/Script/Engine.NetworkSettings] File [C:/Users/Juan Pablo/Documents/Unreal Projects/AI/PathSearch/Saved/Config/Windows/Engine.ini]
[2019.02.02-17.29.09:841][  0]LogConfig: Applying CVar settings from Section [/Script/UnrealEd.CookerSettings] File [C:/Users/Juan Pablo/Documents/Unreal Projects/AI/PathSearch/Saved/Config/Windows/Engine.ini]
[2019.02.02-17.29.09:856][  0]LogConfig: Applying CVar settings from Section [ViewDistanceQuality@3] File [C:/Users/Juan Pablo/Documents/Unreal Projects/AI/PathSearch/Saved/Config/Windows/Scalability.ini]
[2019.02.02-17.29.09:857][  0]LogConfig: Setting CVar [[r.SkeletalMeshLODBias:0]]
[2019.02.02-17.29.09:857][  0]LogConfig: Setting CVar [[r.ViewDistanceScale:1.0]]
[2019.02.02-17.29.09:857][  0]LogConfig: Applying CVar settings from Section [AntiAliasingQuality@3] File [C:/Users/Juan Pablo/Documents/Unreal Projects/AI/PathSearch/Saved/Config/Windows/Scalability.ini]
[2019.02.02-17.29.09:857][  0]LogConfig: Setting CVar [[r.PostProcessAAQuality:4]]
[2019.02.02-17.29.09:857][  0]LogConfig: Applying CVar settings from Section [ShadowQuality@3] File [C:/Users/Juan Pablo/Documents/Unreal Projects/AI/PathSearch/Saved/Config/Windows/Scalability.ini]
[2019.02.02-17.29.09:857][  0]LogConfig: Setting CVar [[r.LightFunctionQuality:1]]
[2019.02.02-17.29.09:857][  0]LogConfig: Setting CVar [[r.ShadowQuality:5]]
[2019.02.02-17.29.09:857][  0]LogConfig: Setting CVar [[r.Shadow.CSM.MaxCascades:10]]
[2019.02.02-17.29.09:858][  0]LogConfig: Setting CVar [[r.Shadow.MaxResolution:2048]]
[2019.02.02-17.29.09:858][  0]LogConfig: Setting CVar [[r.Shadow.MaxCSMResolution:2048]]
[2019.02.02-17.29.09:858][  0]LogConfig: Setting CVar [[r.Shadow.RadiusThreshold:0.01]]
[2019.02.02-17.29.09:858][  0]LogConfig: Setting CVar [[r.Shadow.DistanceScale:1.0]]
[2019.02.02-17.29.09:858][  0]LogConfig: Setting CVar [[r.Shadow.CSM.TransitionScale:1.0]]
[2019.02.02-17.29.09:858][  0]LogConfig: Setting CVar [[r.Shadow.PreShadowResolutionFactor:1.0]]
[2019.02.02-17.29.09:858][  0]LogConfig: Setting CVar [[r.DistanceFieldShadowing:1]]
[2019.02.02-17.29.09:858][  0]LogConfig: Setting CVar [[r.DistanceFieldAO:1]]
[2019.02.02-17.29.09:858][  0]LogConfig: Setting CVar [[r.AOQuality:2]]
[2019.02.02-17.29.09:858][  0]LogConfig: Setting CVar [[r.VolumetricFog:1]]
[2019.02.02-17.29.09:858][  0]LogConfig: Setting CVar [[r.VolumetricFog.GridPixelSize:8]]
[2019.02.02-17.29.09:858][  0]LogConfig: Setting CVar [[r.VolumetricFog.GridSizeZ:128]]
[2019.02.02-17.29.09:859][  0]LogConfig: Setting CVar [[r.VolumetricFog.HistoryMissSupersampleCount:4]]
[2019.02.02-17.29.09:859][  0]LogConfig: Setting CVar [[r.LightMaxDrawDistanceScale:1]]
[2019.02.02-17.29.09:859][  0]LogConfig: Setting CVar [[r.CapsuleShadows:1]]
[2019.02.02-17.29.09:859][  0]LogConfig: Applying CVar settings from Section [PostProcessQuality@3] File [C:/Users/Juan Pablo/Documents/Unreal Projects/AI/PathSearch/Saved/Config/Windows/Scalability.ini]
[2019.02.02-17.29.09:859][  0]LogConfig: Setting CVar [[r.MotionBlurQuality:4]]
[2019.02.02-17.29.09:859][  0]LogConfig: Setting CVar [[r.AmbientOcclusionMipLevelFactor:0.4]]
[2019.02.02-17.29.09:859][  0]LogConfig: Setting CVar [[r.AmbientOcclusionMaxQuality:100]]
[2019.02.02-17.29.09:859][  0]LogConfig: Setting CVar [[r.AmbientOcclusionLevels:-1]]
[2019.02.02-17.29.09:859][  0]LogConfig: Setting CVar [[r.AmbientOcclusionRadiusScale:1.0]]
[2019.02.02-17.29.09:860][  0]LogConfig: Setting CVar [[r.DepthOfFieldQuality:2]]
[2019.02.02-17.29.09:860][  0]LogConfig: Setting CVar [[r.RenderTargetPoolMin:400]]
[2019.02.02-17.29.09:860][  0]LogConfig: Setting CVar [[r.LensFlareQuality:2]]
[2019.02.02-17.29.09:860][  0]LogConfig: Setting CVar [[r.SceneColorFringeQuality:1]]
[2019.02.02-17.29.09:860][  0]LogConfig: Setting CVar [[r.EyeAdaptationQuality:2]]
[2019.02.02-17.29.09:860][  0]LogConfig: Setting CVar [[r.BloomQuality:5]]
[2019.02.02-17.29.09:860][  0]LogConfig: Setting CVar [[r.FastBlurThreshold:100]]
[2019.02.02-17.29.09:860][  0]LogConfig: Setting CVar [[r.Upscale.Quality:3]]
[2019.02.02-17.29.09:860][  0]LogConfig: Setting CVar [[r.Tonemapper.GrainQuantization:1]]
[2019.02.02-17.29.09:860][  0]LogConfig: Setting CVar [[r.LightShaftQuality:1]]
[2019.02.02-17.29.09:860][  0]LogConfig: Setting CVar [[r.Filter.SizeScale:1]]
[2019.02.02-17.29.09:860][  0]LogConfig: Setting CVar [[r.Tonemapper.Quality:5]]
[2019.02.02-17.29.09:860][  0]LogConfig: Setting CVar [[r.DOF.Gather.AccumulatorQuality:1        ; higher gathering accumulator quality]]
[2019.02.02-17.29.09:861][  0]LogConfig: Setting CVar [[r.DOF.Gather.PostfilterMethod:1          ; Median3x3 postfilering method]]
[2019.02.02-17.29.09:861][  0]LogConfig: Setting CVar [[r.DOF.Gather.EnableBokehSettings:0       ; no bokeh simulation when gathering]]
[2019.02.02-17.29.09:861][  0]LogConfig: Setting CVar [[r.DOF.Gather.RingCount:4                 ; medium number of samples when gathering]]
[2019.02.02-17.29.09:861][  0]LogConfig: Setting CVar [[r.DOF.Scatter.ForegroundCompositing:1    ; additive foreground scattering]]
[2019.02.02-17.29.09:861][  0]LogConfig: Setting CVar [[r.DOF.Scatter.BackgroundCompositing:2    ; additive background scattering]]
[2019.02.02-17.29.09:861][  0]LogConfig: Setting CVar [[r.DOF.Scatter.EnableBokehSettings:1      ; bokeh simulation when scattering]]
[2019.02.02-17.29.09:861][  0]LogConfig: Setting CVar [[r.DOF.Scatter.MaxSpriteRatio:0.1         ; only a maximum of 10% of scattered bokeh]]
[2019.02.02-17.29.09:861][  0]LogConfig: Setting CVar [[r.DOF.Recombine.Quality:1                ; cheap slight out of focus]]
[2019.02.02-17.29.09:861][  0]LogConfig: Setting CVar [[r.DOF.Recombine.EnableBokehSettings:0    ; no bokeh simulation on slight out of focus]]
[2019.02.02-17.29.09:861][  0]LogConfig: Setting CVar [[r.DOF.TemporalAAQuality:1                ; more stable temporal accumulation]]
[2019.02.02-17.29.09:861][  0]LogConfig: Setting CVar [[r.DOF.Kernel.MaxForegroundRadius:0.025]]
[2019.02.02-17.29.09:861][  0]LogConfig: Setting CVar [[r.DOF.Kernel.MaxBackgroundRadius:0.025]]
[2019.02.02-17.29.09:862][  0]LogConfig: Applying CVar settings from Section [TextureQuality@3] File [C:/Users/Juan Pablo/Documents/Unreal Projects/AI/PathSearch/Saved/Config/Windows/Scalability.ini]
[2019.02.02-17.29.09:862][  0]LogConfig: Setting CVar [[r.Streaming.MipBias:0]]
[2019.02.02-17.29.09:862][  0]LogConfig: Setting CVar [[r.Streaming.AmortizeCPUToGPUCopy:0]]
[2019.02.02-17.29.09:862][  0]LogConfig: Setting CVar [[r.Streaming.MaxNumTexturesToStreamPerFrame:0]]
[2019.02.02-17.29.09:862][  0]LogConfig: Setting CVar [[r.Streaming.Boost:1]]
[2019.02.02-17.29.09:862][  0]LogConfig: Setting CVar [[r.MaxAnisotropy:8]]
[2019.02.02-17.29.09:862][  0]LogConfig: Setting CVar [[r.Streaming.LimitPoolSizeToVRAM:0]]
[2019.02.02-17.29.09:862][  0]LogConfig: Setting CVar [[r.Streaming.PoolSize:1000]]
[2019.02.02-17.29.09:862][  0]LogConfig: Setting CVar [[r.Streaming.MaxEffectiveScreenSize:0]]
[2019.02.02-17.29.09:862][  0]LogConfig: Applying CVar settings from Section [EffectsQuality@3] File [C:/Users/Juan Pablo/Documents/Unreal Projects/AI/PathSearch/Saved/Config/Windows/Scalability.ini]
[2019.02.02-17.29.09:862][  0]LogConfig: Setting CVar [[r.TranslucencyLightingVolumeDim:64]]
[2019.02.02-17.29.09:863][  0]LogConfig: Setting CVar [[r.RefractionQuality:2]]
[2019.02.02-17.29.09:863][  0]LogConfig: Setting CVar [[r.SSR.Quality:3]]
[2019.02.02-17.29.09:863][  0]LogConfig: Setting CVar [[r.SceneColorFormat:4]]
[2019.02.02-17.29.09:863][  0]LogConfig: Setting CVar [[r.DetailMode:2]]
[2019.02.02-17.29.09:863][  0]LogConfig: Setting CVar [[r.TranslucencyVolumeBlur:1]]
[2019.02.02-17.29.09:863][  0]LogConfig: Setting CVar [[r.MaterialQualityLevel:1 ; High quality]]
[2019.02.02-17.29.09:863][  0]LogConfig: Setting CVar [[r.SSS.Scale:1]]
[2019.02.02-17.29.09:863][  0]LogConfig: Setting CVar [[r.SSS.SampleSet:2]]
[2019.02.02-17.29.09:863][  0]LogConfig: Setting CVar [[r.SSS.Quality:1]]
[2019.02.02-17.29.09:864][  0]LogConfig: Setting CVar [[r.SSS.HalfRes:1]]
[2019.02.02-17.29.09:864][  0]LogConfig: Setting CVar [[r.EmitterSpawnRateScale:1.0]]
[2019.02.02-17.29.09:864][  0]LogConfig: Setting CVar [[r.ParticleLightQuality:2]]
[2019.02.02-17.29.09:864][  0]LogConfig: Applying CVar settings from Section [FoliageQuality@3] File [C:/Users/Juan Pablo/Documents/Unreal Projects/AI/PathSearch/Saved/Config/Windows/Scalability.ini]
[2019.02.02-17.29.09:864][  0]LogConfig: Setting CVar [[foliage.DensityScale:1.0]]
[2019.02.02-17.29.09:864][  0]LogConfig: Setting CVar [[grass.DensityScale:1.0]]
[2019.02.02-17.29.09:864][  0]LogInit: Selected Device Profile: [Windows]
[2019.02.02-17.29.09:864][  0]LogInit: Applying CVar settings loaded from the selected device profile: [Windows]
[2019.02.02-17.29.09:879][  0]LogHAL: Display: Platform has ~ 12 GB [12744183808 / 17179869184 / 12], which maps to Larger [LargestMinGB=32, LargerMinGB=12, DefaultMinGB=8, SmallerMinGB=6, SmallestMinGB=0)
[2019.02.02-17.29.09:879][  0]LogConfig: Setting CVar [[r.Vulkan.UseRealUBs:1]]
[2019.02.02-17.29.09:879][  0]LogInit: Going up to parent DeviceProfile []
[2019.02.02-17.29.09:879][  0]LogConfig: Applying CVar settings from Section [ViewDistanceQuality@2] File [C:/Users/Juan Pablo/Documents/Unreal Projects/AI/PathSearch/Saved/Config/Windows/Scalability.ini]
[2019.02.02-17.29.09:879][  0]LogConfig: Setting CVar [[r.SkeletalMeshLODBias:0]]
[2019.02.02-17.29.09:879][  0]LogConfig: Setting CVar [[r.ViewDistanceScale:0.8]]
[2019.02.02-17.29.09:879][  0]LogConfig: Applying CVar settings from Section [AntiAliasingQuality@2] File [C:/Users/Juan Pablo/Documents/Unreal Projects/AI/PathSearch/Saved/Config/Windows/Scalability.ini]
[2019.02.02-17.29.09:879][  0]LogConfig: Setting CVar [[r.PostProcessAAQuality:3]]
[2019.02.02-17.29.09:879][  0]LogConfig: Applying CVar settings from Section [ShadowQuality@2] File [C:/Users/Juan Pablo/Documents/Unreal Projects/AI/PathSearch/Saved/Config/Windows/Scalability.ini]
[2019.02.02-17.29.09:879][  0]LogConfig: Setting CVar [[r.LightFunctionQuality:1]]
[2019.02.02-17.29.09:879][  0]LogConfig: Setting CVar [[r.ShadowQuality:5]]
[2019.02.02-17.29.09:879][  0]LogConfig: Setting CVar [[r.Shadow.CSM.MaxCascades:4]]
[2019.02.02-17.29.09:879][  0]LogConfig: Setting CVar [[r.Shadow.MaxResolution:1024]]
[2019.02.02-17.29.09:879][  0]LogConfig: Setting CVar [[r.Shadow.MaxCSMResolution:2048]]
[2019.02.02-17.29.09:879][  0]LogConfig: Setting CVar [[r.Shadow.RadiusThreshold:0.04]]
[2019.02.02-17.29.09:879][  0]LogConfig: Setting CVar [[r.Shadow.DistanceScale:0.85]]
[2019.02.02-17.29.09:879][  0]LogConfig: Setting CVar [[r.Shadow.CSM.TransitionScale:0.8]]
[2019.02.02-17.29.09:879][  0]LogConfig: Setting CVar [[r.Shadow.PreShadowResolutionFactor:0.5]]
[2019.02.02-17.29.09:879][  0]LogConfig: Setting CVar [[r.DistanceFieldShadowing:1]]
[2019.02.02-17.29.09:879][  0]LogConfig: Setting CVar [[r.DistanceFieldAO:1]]
[2019.02.02-17.29.09:879][  0]LogConfig: Setting CVar [[r.AOQuality:1]]
[2019.02.02-17.29.09:879][  0]LogConfig: Setting CVar [[r.VolumetricFog:1]]
[2019.02.02-17.29.09:880][  0]LogConfig: Setting CVar [[r.VolumetricFog.GridPixelSize:16]]
[2019.02.02-17.29.09:880][  0]LogConfig: Setting CVar [[r.VolumetricFog.GridSizeZ:64]]
[2019.02.02-17.29.09:880][  0]LogConfig: Setting CVar [[r.VolumetricFog.HistoryMissSupersampleCount:4]]
[2019.02.02-17.29.09:880][  0]LogConfig: Setting CVar [[r.LightMaxDrawDistanceScale:1]]
[2019.02.02-17.29.09:880][  0]LogConfig: Setting CVar [[r.CapsuleShadows:1]]
[2019.02.02-17.29.09:880][  0]LogConfig: Applying CVar settings from Section [PostProcessQuality@2] File [C:/Users/Juan Pablo/Documents/Unreal Projects/AI/PathSearch/Saved/Config/Windows/Scalability.ini]
[2019.02.02-17.29.09:880][  0]LogConfig: Setting CVar [[r.MotionBlurQuality:3]]
[2019.02.02-17.29.09:880][  0]LogConfig: Setting CVar [[r.AmbientOcclusionMipLevelFactor:0.6]]
[2019.02.02-17.29.09:880][  0]LogConfig: Setting CVar [[r.AmbientOcclusionMaxQuality:100]]
[2019.02.02-17.29.09:880][  0]LogConfig: Setting CVar [[r.AmbientOcclusionLevels:-1]]
[2019.02.02-17.29.09:880][  0]LogConfig: Setting CVar [[r.AmbientOcclusionRadiusScale:1.5]]
[2019.02.02-17.29.09:880][  0]LogConfig: Setting CVar [[r.DepthOfFieldQuality:2]]
[2019.02.02-17.29.09:881][  0]LogConfig: Setting CVar [[r.RenderTargetPoolMin:400]]
[2019.02.02-17.29.09:881][  0]LogConfig: Setting CVar [[r.LensFlareQuality:2]]
[2019.02.02-17.29.09:881][  0]LogConfig: Setting CVar [[r.SceneColorFringeQuality:1]]
[2019.02.02-17.29.09:881][  0]LogConfig: Setting CVar [[r.EyeAdaptationQuality:2]]
[2019.02.02-17.29.09:881][  0]LogConfig: Setting CVar [[r.BloomQuality:5]]
[2019.02.02-17.29.09:881][  0]LogConfig: Setting CVar [[r.FastBlurThreshold:3]]
[2019.02.02-17.29.09:881][  0]LogConfig: Setting CVar [[r.Upscale.Quality:2]]
[2019.02.02-17.29.09:881][  0]LogConfig: Setting CVar [[r.Tonemapper.GrainQuantization:1]]
[2019.02.02-17.29.09:881][  0]LogConfig: Setting CVar [[r.LightShaftQuality:1]]
[2019.02.02-17.29.09:882][  0]LogConfig: Setting CVar [[r.Filter.SizeScale:0.8]]
[2019.02.02-17.29.09:882][  0]LogConfig: Setting CVar [[r.Tonemapper.Quality:5]]
[2019.02.02-17.29.09:882][  0]LogConfig: Setting CVar [[r.DOF.Gather.AccumulatorQuality:0        ; lower gathering accumulator quality]]
[2019.02.02-17.29.09:882][  0]LogConfig: Setting CVar [[r.DOF.Gather.PostfilterMethod:2          ; Max3x3 postfilering method]]
[2019.02.02-17.29.09:882][  0]LogConfig: Setting CVar [[r.DOF.Gather.EnableBokehSettings:0       ; no bokeh simulation when gathering]]
[2019.02.02-17.29.09:882][  0]LogConfig: Setting CVar [[r.DOF.Gather.RingCount:4                 ; medium number of samples when gathering]]
[2019.02.02-17.29.09:882][  0]LogConfig: Setting CVar [[r.DOF.Scatter.ForegroundCompositing:1    ; additive foreground scattering]]
[2019.02.02-17.29.09:882][  0]LogConfig: Setting CVar [[r.DOF.Scatter.BackgroundCompositing:1    ; no background occlusion]]
[2019.02.02-17.29.09:882][  0]LogConfig: Setting CVar [[r.DOF.Scatter.EnableBokehSettings:0      ; no bokeh simulation when scattering]]
[2019.02.02-17.29.09:882][  0]LogConfig: Setting CVar [[r.DOF.Scatter.MaxSpriteRatio:0.04        ; only a maximum of 4% of scattered bokeh]]
[2019.02.02-17.29.09:882][  0]LogConfig: Setting CVar [[r.DOF.Recombine.Quality:0                ; no slight out of focus]]
[2019.02.02-17.29.09:882][  0]LogConfig: Setting CVar [[r.DOF.TemporalAAQuality:0                ; faster temporal accumulation]]
[2019.02.02-17.29.09:882][  0]LogConfig: Setting CVar [[r.DOF.Kernel.MaxForegroundRadius:0.012   ; required because of AccumulatorQuality=0]]
[2019.02.02-17.29.09:883][  0]LogConfig: Setting CVar [[r.DOF.Kernel.MaxBackgroundRadius:0.012   ; required because of AccumulatorQuality=0]]
[2019.02.02-17.29.09:883][  0]LogConfig: Applying CVar settings from Section [TextureQuality@2] File [C:/Users/Juan Pablo/Documents/Unreal Projects/AI/PathSearch/Saved/Config/Windows/Scalability.ini]
[2019.02.02-17.29.09:883][  0]LogConfig: Setting CVar [[r.Streaming.MipBias:0]]
[2019.02.02-17.29.09:883][  0]LogConfig: Setting CVar [[r.Streaming.AmortizeCPUToGPUCopy:0]]
[2019.02.02-17.29.09:883][  0]LogConfig: Setting CVar [[r.Streaming.MaxNumTexturesToStreamPerFrame:0]]
[2019.02.02-17.29.09:883][  0]LogConfig: Setting CVar [[r.Streaming.Boost:1]]
[2019.02.02-17.29.09:883][  0]LogConfig: Setting CVar [[r.MaxAnisotropy:4]]
[2019.02.02-17.29.09:883][  0]LogConfig: Setting CVar [[r.Streaming.LimitPoolSizeToVRAM:1]]
[2019.02.02-17.29.09:883][  0]LogConfig: Setting CVar [[r.Streaming.PoolSize:800]]
[2019.02.02-17.29.09:883][  0]LogConfig: Setting CVar [[r.Streaming.MaxEffectiveScreenSize:0]]
[2019.02.02-17.29.09:883][  0]LogConfig: Applying CVar settings from Section [EffectsQuality@2] File [C:/Users/Juan Pablo/Documents/Unreal Projects/AI/PathSearch/Saved/Config/Windows/Scalability.ini]
[2019.02.02-17.29.09:883][  0]LogConfig: Setting CVar [[r.TranslucencyLightingVolumeDim:48]]
[2019.02.02-17.29.09:883][  0]LogConfig: Setting CVar [[r.RefractionQuality:2]]
[2019.02.02-17.29.09:883][  0]LogConfig: Setting CVar [[r.SSR.Quality:2]]
[2019.02.02-17.29.09:884][  0]LogConfig: Setting CVar [[r.SceneColorFormat:3]]
[2019.02.02-17.29.09:884][  0]LogConfig: Setting CVar [[r.DetailMode:1]]
[2019.02.02-17.29.09:884][  0]LogConfig: Setting CVar [[r.TranslucencyVolumeBlur:1]]
[2019.02.02-17.29.09:884][  0]LogConfig: Setting CVar [[r.MaterialQualityLevel:1 ; High quality]]
[2019.02.02-17.29.09:884][  0]LogConfig: Setting CVar [[r.SSS.Scale:1]]
[2019.02.02-17.29.09:884][  0]LogConfig: Setting CVar [[r.SSS.SampleSet:1]]
[2019.02.02-17.29.09:884][  0]LogConfig: Setting CVar [[r.SSS.Quality:-1]]
[2019.02.02-17.29.09:884][  0]LogConfig: Setting CVar [[r.SSS.HalfRes:1]]
[2019.02.02-17.29.09:884][  0]LogConfig: Setting CVar [[r.EmitterSpawnRateScale:0.5]]
[2019.02.02-17.29.09:884][  0]LogConfig: Setting CVar [[r.ParticleLightQuality:1]]
[2019.02.02-17.29.09:884][  0]LogConfig: Applying CVar settings from Section [FoliageQuality@2] File [C:/Users/Juan Pablo/Documents/Unreal Projects/AI/PathSearch/Saved/Config/Windows/Scalability.ini]
[2019.02.02-17.29.09:884][  0]LogConfig: Setting CVar [[foliage.DensityScale:0.8]]
[2019.02.02-17.29.09:884][  0]LogConfig: Setting CVar [[grass.DensityScale:0.8]]
[2019.02.02-17.29.09:884][  0]LogConfig: Applying CVar settings from Section [Startup] File [../../../Engine/Config/ConsoleVariables.ini]
[2019.02.02-17.29.09:886][  0]LogConfig: Setting CVar [[net.UseAdaptiveNetUpdateFrequency:0]]
[2019.02.02-17.29.09:886][  0]LogConfig: Applying CVar settings from Section [ConsoleVariables] File [C:/Users/Juan Pablo/Documents/Unreal Projects/AI/PathSearch/Saved/Config/Windows/Engine.ini]
[2019.02.02-17.29.09:886][  0]LogInit: Computer: DESKTOP-1MK8LI7
[2019.02.02-17.29.09:887][  0]LogInit: User: JuanPablo
[2019.02.02-17.29.09:887][  0]LogInit: CPU Page size=4096, Cores=4
[2019.02.02-17.29.09:887][  0]LogInit: High frequency timer resolution =2.531254 MHz
[2019.02.02-17.29.09:887][  0]LogMemory: Memory total: Physical=11.9GB (12GB approx)
[2019.02.02-17.29.09:887][  0]LogMemory: Platform Memory Stats for Windows
[2019.02.02-17.29.09:887][  0]LogMemory: Process Physical Memory: 103.15 MB used, 103.15 MB peak
[2019.02.02-17.29.09:887][  0]LogMemory: Process Virtual Memory: 90.16 MB used, 90.16 MB peak
[2019.02.02-17.29.09:887][  0]LogMemory: Physical Memory: 7632.72 MB used,  4521.08 MB free, 12153.80 MB total
[2019.02.02-17.29.09:888][  0]LogMemory: Virtual Memory: 4652.17 MB used,  134213072.00 MB free, 134217728.00 MB total
[2019.02.02-17.29.10:086][  0]LogInit: Overriding language with editor language configuration option (en).
[2019.02.02-17.29.10:086][  0]LogInit: Overriding locale with editor culture configuration option ().
[2019.02.02-17.29.10:086][  0]LogInit: Using OS detected locale (es-MX).
[2019.02.02-17.29.10:592][  0]LogStreaming: Display: Took  0.506s to InitEngineTextLocalization.
[2019.02.02-17.29.10:592][  0]LogInit: Setting process to per monitor DPI aware
[2019.02.02-17.29.10:730][  0]LogSlate: New Slate User Created.  User Index 0, Is Virtual User: 0
[2019.02.02-17.29.10:731][  0]LogSlate: Slate User Registered.  User Index 0, Is Virtual User: 0
[2019.02.02-17.29.11:294][  0]LogHMD: Failed to initialize OpenVR with code 110
[2019.02.02-17.29.11:294][  0]LogD3D11RHI: D3D11 adapters:
[2019.02.02-17.29.11:433][  0]LogD3D11RHI:    0. 'NVIDIA GeForce GTX 970M' (Feature Level 11_0)
[2019.02.02-17.29.11:433][  0]LogD3D11RHI:       3029/0/6076 MB DedicatedVideo/DedicatedSystem/SharedSystem, Outputs:2, VendorId:0x10de
[2019.02.02-17.29.11:475][  0]LogD3D11RHI:    1. 'Intel(R) HD Graphics 530' (Feature Level 11_0)
[2019.02.02-17.29.11:475][  0]LogD3D11RHI:       128/0/6076 MB DedicatedVideo/DedicatedSystem/SharedSystem, Outputs:0, VendorId:0x8086
[2019.02.02-17.29.11:487][  0]LogD3D11RHI:    2. 'Microsoft Basic Render Driver' (Feature Level 11_0)
[2019.02.02-17.29.11:487][  0]LogD3D11RHI:       0/0/6076 MB DedicatedVideo/DedicatedSystem/SharedSystem, Outputs:0, VendorId:0x1414
[2019.02.02-17.29.11:487][  0]LogD3D11RHI: Chosen D3D11 Adapter: 0
[2019.02.02-17.29.11:543][  0]LogD3D11RHI: Creating new Direct3DDevice
[2019.02.02-17.29.11:544][  0]LogD3D11RHI:     GPU DeviceId: 0x13d8 (for the marketing name, search the web for "GPU Device Id")
[2019.02.02-17.29.11:544][  0]LogWindows: EnumDisplayDevices:
[2019.02.02-17.29.11:544][  0]LogWindows:    0. 'Intel(R) HD Graphics 530' (P:1 D:1)
[2019.02.02-17.29.11:545][  0]LogWindows:    1. 'Intel(R) HD Graphics 530' (P:0 D:0)
[2019.02.02-17.29.11:545][  0]LogWindows:    2. 'Intel(R) HD Graphics 530' (P:0 D:0)
[2019.02.02-17.29.11:546][  0]LogWindows:    3. 'NVIDIA GeForce GTX 970M' (P:0 D:1)
[2019.02.02-17.29.11:546][  0]LogWindows: DebugString: PrimaryIsNotTheChoosenAdapter PrimaryIsNotTheChoosenAdapter PrimaryIsNotTheChoosenAdapter 
[2019.02.02-17.29.11:546][  0]LogD3D11RHI:     Adapter Name: NVIDIA GeForce GTX 970M
[2019.02.02-17.29.11:546][  0]LogD3D11RHI:   Driver Version: 417.35 (internal:25.21.14.1735, unified:417.35)
[2019.02.02-17.29.11:546][  0]LogD3D11RHI:      Driver Date: 12-11-2018
[2019.02.02-17.29.11:547][  0]LogRHI: Texture pool is 2120 MB (70% of 3029 MB)
[2019.02.02-17.29.11:622][  0]LogD3D11RHI: Async texture creation enabled
[2019.02.02-17.29.11:640][  0]LogD3D11RHI: GPU Timing Frequency: 1000.000000 (Debug: 2 2)
[2019.02.02-17.29.12:167][  0]LogTemp: Display: Loaded TP AllDesktopTargetPlatform
[2019.02.02-17.29.12:195][  0]LogTemp: Display: Loaded TP MacClientTargetPlatform
[2019.02.02-17.29.12:219][  0]LogTemp: Display: Loaded TP MacNoEditorTargetPlatform
[2019.02.02-17.29.12:243][  0]LogTemp: Display: Loaded TP MacServerTargetPlatform
[2019.02.02-17.29.12:268][  0]LogTemp: Display: Loaded TP MacTargetPlatform
[2019.02.02-17.29.12:289][  0]LogTemp: Display: Loaded TP WindowsClientTargetPlatform
[2019.02.02-17.29.12:316][  0]LogTemp: Display: Loaded TP WindowsNoEditorTargetPlatform
[2019.02.02-17.29.12:345][  0]LogTemp: Display: Loaded TP WindowsServerTargetPlatform
[2019.02.02-17.29.12:359][  0]LogTemp: Display: Loaded TP WindowsTargetPlatform
[2019.02.02-17.29.12:473][  0]LogTemp: Display: Loaded TP AndroidTargetPlatform
[2019.02.02-17.29.12:473][  0]LogTemp: Display: Loaded TP AndroidTargetPlatform
[2019.02.02-17.29.12:473][  0]LogTemp: Display: Loaded TP AndroidTargetPlatform
[2019.02.02-17.29.12:473][  0]LogTemp: Display: Loaded TP AndroidTargetPlatform
[2019.02.02-17.29.12:473][  0]LogTemp: Display: Loaded TP AndroidTargetPlatform
[2019.02.02-17.29.12:474][  0]LogTemp: Display: Loaded TP AndroidTargetPlatform
[2019.02.02-17.29.12:474][  0]LogTemp: Display: Loaded TP AndroidTargetPlatform
[2019.02.02-17.29.12:474][  0]LogTemp: Display: Loaded TP AndroidTargetPlatform
[2019.02.02-17.29.12:474][  0]LogTemp: Display: Loaded TP AndroidTargetPlatform
[2019.02.02-17.29.12:474][  0]LogTemp: Display: Loaded TP AndroidTargetPlatform
[2019.02.02-17.29.12:474][  0]LogTemp: Display: Loaded TP AndroidTargetPlatform
[2019.02.02-17.29.12:474][  0]LogTemp: Display: Loaded TP AndroidTargetPlatform
[2019.02.02-17.29.12:474][  0]LogTemp: Display: Loaded TP AndroidTargetPlatform
[2019.02.02-17.29.12:474][  0]LogTemp: Display: Loaded TP AndroidTargetPlatform
[2019.02.02-17.29.12:474][  0]LogTemp: Display: Loaded TP AndroidTargetPlatform
[2019.02.02-17.29.12:475][  0]LogTemp: Display: Loaded TP AndroidTargetPlatform
[2019.02.02-17.29.12:475][  0]LogTemp: Display: Loaded TP AndroidTargetPlatform
[2019.02.02-17.29.12:475][  0]LogTemp: Display: Loaded TP AndroidTargetPlatform
[2019.02.02-17.29.12:483][  0]LogTemp: Display: Loaded TP HTML5TargetPlatform
[2019.02.02-17.29.12:587][  0]LogTemp: Display: Loaded TP IOSTargetPlatform
[2019.02.02-17.29.12:587][  0]LogTemp: Display: Loaded TP IOSTargetPlatform
[2019.02.02-17.29.12:621][  0]LogTemp: Display: Loaded TP TVOSTargetPlatform
[2019.02.02-17.29.12:621][  0]LogTemp: Display: Loaded TP TVOSTargetPlatform
[2019.02.02-17.29.12:639][  0]LogTemp: Display: Loaded TP LinuxClientTargetPlatform
[2019.02.02-17.29.12:659][  0]LogTemp: Display: Loaded TP LinuxNoEditorTargetPlatform
[2019.02.02-17.29.12:680][  0]LogTemp: Display: Loaded TP LinuxServerTargetPlatform
[2019.02.02-17.29.12:706][  0]LogTemp: Display: Loaded TP LinuxTargetPlatform
[2019.02.02-17.29.12:777][  0]LogTemp: Display: Loaded TP LuminTargetPlatform
[2019.02.02-17.29.12:777][  0]LogTemp: Display: Loaded TP LuminTargetPlatform
[2019.02.02-17.29.12:777][  0]LogTargetPlatformManager: Display: Building Assets For Windows
[2019.02.02-17.29.13:008][  0]LogShaderCompilers: Guid format shader working directory is -24 characters bigger than the processId version (../../../../../../Users/Juan Pablo/Documents/Unreal Projects/AI/PathSearch/Intermediate/Shaders/WorkingDirectory/19580/).
[2019.02.02-17.29.13:009][  0]LogShaderCompilers: Cleaned the shader compiler working directory 'C:/Users/Juan Pablo/AppData/Local/Temp/UnrealShaderWorkingDir/819BF895494D14D8A6C8B6B806BA361A/'.
[2019.02.02-17.29.13:012][  0]LogXGEController: Cleaning working directory: C:/Users/Juan Pablo/AppData/Local/Temp/UnrealXGEWorkingDir/
[2019.02.02-17.29.13:013][  0]LogXGEController: Cannot use XGE Controller as Incredibuild is not installed on this machine.
[2019.02.02-17.29.13:013][  0]LogShaderCompilers: Cannot use XGE Shader Compiler as Incredibuild is not installed on this machine.
[2019.02.02-17.29.13:013][  0]LogShaderCompilers: Display: Using Local Shader Compiler.
[2019.02.02-17.29.13:960][  0]LogDerivedDataCache: Display: Max Cache Size: 512 MB
[2019.02.02-17.29.14:026][  0]LogDerivedDataCache: Loaded boot cache 0.07s 71MB C:/Users/Juan Pablo/AppData/Local/UnrealEngine/4.21/DerivedDataCache/Boot.ddc.
[2019.02.02-17.29.14:026][  0]LogDerivedDataCache: Display: Loaded Boot cache: C:/Users/Juan Pablo/AppData/Local/UnrealEngine/4.21/DerivedDataCache/Boot.ddc
[2019.02.02-17.29.14:027][  0]LogDerivedDataCache: FDerivedDataBackendGraph:  Pak pak cache file ../../../../../../Users/Juan Pablo/Documents/Unreal Projects/AI/PathSearch/DerivedDataCache/DDC.ddp not found, will not use a pak cache.
[2019.02.02-17.29.14:027][  0]LogDerivedDataCache: Unable to find inner node Pak for hierarchical cache Hierarchy.
[2019.02.02-17.29.14:027][  0]LogDerivedDataCache: FDerivedDataBackendGraph:  CompressedPak pak cache file ../../../../../../Users/Juan Pablo/Documents/Unreal Projects/AI/PathSearch/DerivedDataCache/Compressed.ddp not found, will not use a pak cache.
[2019.02.02-17.29.14:027][  0]LogDerivedDataCache: Unable to find inner node CompressedPak for hierarchical cache Hierarchy.
[2019.02.02-17.29.14:043][  0]LogDerivedDataCache: Display: Pak cache opened for reading ../../../Engine/DerivedDataCache/Compressed.ddp.
[2019.02.02-17.29.14:043][  0]LogDerivedDataCache: FDerivedDataBackendGraph:  EnterprisePak pak cache file ../../../Enterprise/DerivedDataCache/Compressed.ddp not found, will not use a pak cache.
[2019.02.02-17.29.14:044][  0]LogDerivedDataCache: Unable to find inner node EnterprisePak for hierarchical cache Hierarchy.
[2019.02.02-17.29.14:060][  0]LogDerivedDataCache: Using Local data cache path C:/Users/Juan Pablo/AppData/Local/UnrealEngine/Common/DerivedDataCache: Writable
[2019.02.02-17.29.14:060][  0]LogDerivedDataCache: Shared data cache path not found in *engine.ini, will not use an Shared cache.
[2019.02.02-17.29.14:061][  0]LogDerivedDataCache: Unable to find inner node Shared for hierarchical cache Hierarchy.
[2019.02.02-17.29.14:088][  0]LogMaterial: Verifying Global Shaders for PCD3D_SM5
[2019.02.02-17.29.14:090][  0]LogSlate: Using FreeType 2.6.0
[2019.02.02-17.29.14:092][  0]LogSlate: SlateFontServices - WITH_FREETYPE: 1, WITH_HARFBUZZ: 1
[2019.02.02-17.29.14:281][  0]LogAssetRegistry: FAssetRegistry took 0.0456 seconds to start up
[2019.02.02-17.29.14:760][  0]LogInit: Selected Device Profile: [Windows]
[2019.02.02-17.29.14:933][  0]LogSimplygon: Simplygon DLL not present - disabling.
[2019.02.02-17.29.14:950][  0]LogMeshReduction: Using SimplygonSwarm for distributed automatic mesh merging
[2019.02.02-17.29.14:950][  0]LogMeshReduction: Using ProxyLODMeshReduction for automatic mesh merging
[2019.02.02-17.29.14:950][  0]LogMeshReduction: Using QuadricMeshReduction for automatic static mesh reduction
[2019.02.02-17.29.14:950][  0]LogMeshReduction: No automatic skeletal mesh reduction module available
[2019.02.02-17.29.15:078][  0]LogNetVersion: PathSearch 1.0.0, NetCL: 4541578, EngineNetVer: 5, GameNetVer: 0 (Checksum: 4271065824)
[2019.02.02-17.29.15:765][  0]LogPackageLocalizationCache: Processed 11 localized package path(s) for 1 prioritized culture(s) in 0.058225 seconds
[2019.02.02-17.29.15:773][  0]LogUObjectArray: 39775 objects as part of root set at end of initial load.
[2019.02.02-17.29.15:773][  0]LogUObjectAllocator: 6914656 out of 0 bytes used by permanent object pool.
[2019.02.02-17.29.15:773][  0]LogUObjectArray: CloseDisregardForGC: 0/0 objects in disregard for GC pool
[2019.02.02-17.29.17:884][  0]LogTcpMessaging: Initializing TcpMessaging bridge
[2019.02.02-17.29.17:906][  0]LogUdpMessaging: Initializing bridge on interface 0.0.0.0:0 to multicast group 230.0.0.1:6666.
[2019.02.02-17.29.19:518][  0]SourceControl: Source control is disabled
[2019.02.02-17.29.19:518][  0]SourceControl: Source control is disabled
[2019.02.02-17.29.19:527][  0]SourceControl: Source control is disabled
[2019.02.02-17.29.19:534][  0]SourceControl: Source control is disabled
[2019.02.02-17.29.19:959][  0]LogAndroidPermission: UAndroidPermissionCallbackProxy::GetInstance
[2019.02.02-17.29.20:156][  0]LogOcInput: OculusInput pre-init called
[2019.02.02-17.29.20:360][  0]LogEngine: Initializing Engine...
[2019.02.02-17.29.20:362][  0]LogHMD: Failed to initialize OpenVR with code 110
[2019.02.02-17.29.20:364][  0]LogStats: UGameplayTagsManager::ConstructGameplayTagTree: ImportINI prefixes -  0.000 s
[2019.02.02-17.29.20:364][  0]LogStats: UGameplayTagsManager::ConstructGameplayTagTree: Construct from data asset -  0.000 s
[2019.02.02-17.29.20:365][  0]LogStats: UGameplayTagsManager::ConstructGameplayTagTree: ImportINI -  0.000 s
[2019.02.02-17.29.20:365][  0]LogStats: UGameplayTagsManager::ConstructGameplayTagTree: GameplayTagTreeChangedEvent.Broadcast -  0.000 s
[2019.02.02-17.29.20:660][  0]LogInit: Initializing FReadOnlyCVARCache
[2019.02.02-17.29.20:695][  0]LogAIModule: Creating AISystem for world Untitled
[2019.02.02-17.29.20:723][  0]LogInit: XAudio2 using 'Altavoces (Sound Blaster Recon3Di)' : 2 channels at 48 kHz using 32 bits per sample (channel mask 0x3)
[2019.02.02-17.29.20:757][  0]LogInit: FAudioDevice initialized.
[2019.02.02-17.29.20:757][  0]LogNetVersion: Set ProjectVersion to 1.0.0.0. Version Checksum will be recalculated on next use.
[2019.02.02-17.29.21:110][  0]LogDerivedDataCache: Saved boot cache 0.35s 71MB C:/Users/Juan Pablo/AppData/Local/UnrealEngine/4.21/DerivedDataCache/Boot.ddc.
[2019.02.02-17.29.21:123][  0]LogInit: Texture streaming: Enabled
[2019.02.02-17.29.21:181][  0]LogEngineSessionManager: EngineSessionManager initialized
[2019.02.02-17.29.21:182][  0]LogEngineSessionManager: EngineSessionManager sent abnormal shutdown report. Type=Debugger, SessionId={A8EDA3C3-48E6-D24D-20E3-A088A25EE5A0}
[2019.02.02-17.29.21:202][  0]LogInit: Transaction tracking system initialized
[2019.02.02-17.29.21:272][  0]BlueprintLog: New page: Editor Load
[2019.02.02-17.29.21:523][  0]LocalizationService: Localization service is disabled
[2019.02.02-17.29.22:659][  0]LogFileCache: Scanning file cache for directory 'C:/Users/Juan Pablo/Documents/Unreal Projects/AI/PathSearch/Content/' took 0.02s
[2019.02.02-17.29.22:660][  0]LogCook: Display: Max memory allowance for cook 16384mb min free memory 0mb
[2019.02.02-17.29.22:660][  0]LogCook: Display: Mobile HDR setting 1
[2019.02.02-17.29.22:660][  0]LogGameplayTags: Display: UGameplayTagsManager::DoneAddingNativeTags. DelegateIsBound: 0
[2019.02.02-17.29.22:660][  0]LogStats: UGameplayTagsManager::ConstructGameplayTagTree: ImportINI prefixes -  0.000 s
[2019.02.02-17.29.22:660][  0]LogStats: UGameplayTagsManager::ConstructGameplayTagTree: Construct from data asset -  0.000 s
[2019.02.02-17.29.22:661][  0]LogStats: UGameplayTagsManager::ConstructGameplayTagTree: ImportINI -  0.000 s
[2019.02.02-17.29.22:661][  0]LogStats: UGameplayTagsManager::ConstructGameplayTagTree: GameplayTagTreeChangedEvent.Broadcast -  0.000 s
[2019.02.02-17.29.23:117][  0]SourceControl: Source control is disabled
[2019.02.02-17.29.23:117][  0]Cmd: MAP LOAD FILE="../../../../../../Users/Juan Pablo/Documents/Unreal Projects/AI/PathSearch/Content/Levels/PathSearch.umap" TEMPLATE=0 SHOWPROGRESS=1 FEATURELEVEL=3
[2019.02.02-17.29.23:119][  0]LightingResults: New page: Lighting Build
[2019.02.02-17.29.23:123][  0]MapCheck: New page: Map Check
[2019.02.02-17.29.23:123][  0]LightingResults: New page: Lighting Build
[2019.02.02-17.29.23:366][  0]LogAIModule: Creating AISystem for world PathSearch
[2019.02.02-17.29.23:388][  0]LogEditorServer: Finished looking for orphan Actors (0.000 secs)
[2019.02.02-17.29.23:418][  0]Cmd: MAP CHECKDEP NOCLEARLOG
[2019.02.02-17.29.23:418][  0]MapCheck: Map check complete: 0 Error(s), 0 Warning(s), took 0.366ms to complete.
[2019.02.02-17.29.23:419][  0]LogFileHelpers: Loading map 'PathSearch' took 0.301
[2019.02.02-17.29.23:579][  0]LogSlate: Updating window title bar state: overlay mode, drag disabled, window buttons hidden, title bar hidden
[2019.02.02-17.29.23:589][  0]LogSlate: Updating window title bar state: overlay mode, drag disabled, window buttons hidden, title bar hidden
[2019.02.02-17.29.23:599][  0]LogSlate: Updating window title bar state: overlay mode, drag disabled, window buttons hidden, title bar hidden
[2019.02.02-17.29.23:609][  0]LogSlate: Updating window title bar state: overlay mode, drag disabled, window buttons hidden, title bar hidden
[2019.02.02-17.29.23:626][  0]LogCollectionManager: Loaded 0 collections in 0.003189 seconds
[2019.02.02-17.29.23:680][  0]LogFileCache: Scanning file cache for directory 'C:/Users/Juan Pablo/Documents/Unreal Projects/AI/PathSearch/Saved/Collections/' took 0.01s
[2019.02.02-17.29.23:680][  0]LogFileCache: Scanning file cache for directory 'C:/Users/Juan Pablo/Documents/Unreal Projects/AI/PathSearch/Content/Developers/JuanPablo/Collections/' took 0.01s
[2019.02.02-17.29.23:680][  0]LogFileCache: Scanning file cache for directory 'C:/Users/Juan Pablo/Documents/Unreal Projects/AI/PathSearch/Content/Collections/' took 0.01s
[2019.02.02-17.29.23:680][  0]LogCollectionManager: Rebuilt the GUID cache for 0 collections in 0.000000 seconds
[2019.02.02-17.29.23:691][  0]LogContentBrowser: Native class hierarchy populated in 0.0099 seconds. Added 2663 classes and 625 folders.
[2019.02.02-17.29.23:701][  0]LogContentBrowser: Native class hierarchy updated for 'WidgetCarousel' in 0.0004 seconds. Added 0 classes and 0 folders.
[2019.02.02-17.29.23:706][  0]LogPakFile: Registered encryption key '00000000000000000000000000000000': 0 pak files mounted, 0 remain pending
[2019.02.02-17.29.23:707][  0]LogPakFile: Registered encryption key '00000000000000000000000000000000': 0 pak files mounted, 0 remain pending
[2019.02.02-17.29.23:709][  0]LogPakFile: Registered encryption key '00000000000000000000000000000000': 0 pak files mounted, 0 remain pending
[2019.02.02-17.29.23:712][  0]LogPakFile: Registered encryption key '00000000000000000000000000000000': 0 pak files mounted, 0 remain pending
[2019.02.02-17.29.23:713][  0]LogPakFile: Registered encryption key '00000000000000000000000000000000': 0 pak files mounted, 0 remain pending
[2019.02.02-17.29.23:715][  0]LogPakFile: Registered encryption key '00000000000000000000000000000000': 0 pak files mounted, 0 remain pending
[2019.02.02-17.29.23:716][  0]LogPakFile: Registered encryption key '00000000000000000000000000000000': 0 pak files mounted, 0 remain pending
[2019.02.02-17.29.23:718][  0]LogPakFile: Registered encryption key '00000000000000000000000000000000': 0 pak files mounted, 0 remain pending
[2019.02.02-17.29.23:719][  0]LogPakFile: Registered encryption key '00000000000000000000000000000000': 0 pak files mounted, 0 remain pending
[2019.02.02-17.29.23:720][  0]LogPakFile: Registered encryption key '00000000000000000000000000000000': 0 pak files mounted, 0 remain pending
[2019.02.02-17.29.23:722][  0]LogPakFile: Registered encryption key '00000000000000000000000000000000': 0 pak files mounted, 0 remain pending
[2019.02.02-17.29.23:723][  0]LogPakFile: Registered encryption key '00000000000000000000000000000000': 0 pak files mounted, 0 remain pending
[2019.02.02-17.29.23:724][  0]LogPakFile: Registered encryption key '00000000000000000000000000000000': 0 pak files mounted, 0 remain pending
[2019.02.02-17.29.23:725][  0]LogPakFile: Registered encryption key '00000000000000000000000000000000': 0 pak files mounted, 0 remain pending
[2019.02.02-17.29.23:727][  0]LogPakFile: Registered encryption key '00000000000000000000000000000000': 0 pak files mounted, 0 remain pending
[2019.02.02-17.29.23:728][  0]LogPakFile: Registered encryption key '00000000000000000000000000000000': 0 pak files mounted, 0 remain pending
[2019.02.02-17.29.23:729][  0]LogPakFile: Registered encryption key '00000000000000000000000000000000': 0 pak files mounted, 0 remain pending
[2019.02.02-17.29.23:731][  0]LogPakFile: Registered encryption key '00000000000000000000000000000000': 0 pak files mounted, 0 remain pending
[2019.02.02-17.29.23:732][  0]LogPakFile: Registered encryption key '00000000000000000000000000000000': 0 pak files mounted, 0 remain pending
[2019.02.02-17.29.23:733][  0]LogPakFile: Registered encryption key '00000000000000000000000000000000': 0 pak files mounted, 0 remain pending
[2019.02.02-17.29.23:734][  0]LogPakFile: Registered encryption key '00000000000000000000000000000000': 0 pak files mounted, 0 remain pending
[2019.02.02-17.29.23:736][  0]LogPakFile: Registered encryption key '00000000000000000000000000000000': 0 pak files mounted, 0 remain pending
[2019.02.02-17.29.23:737][  0]LogPakFile: Registered encryption key '00000000000000000000000000000000': 0 pak files mounted, 0 remain pending
[2019.02.02-17.29.23:739][  0]LogPakFile: Registered encryption key '00000000000000000000000000000000': 0 pak files mounted, 0 remain pending
[2019.02.02-17.29.23:741][  0]LogPakFile: Registered encryption key '00000000000000000000000000000000': 0 pak files mounted, 0 remain pending
[2019.02.02-17.29.23:742][  0]LogPakFile: Registered encryption key '00000000000000000000000000000000': 0 pak files mounted, 0 remain pending
[2019.02.02-17.29.23:807][  0]LogContentBrowser: Native class hierarchy updated for 'AddContentDialog' in 0.0005 seconds. Added 0 classes and 0 folders.
[2019.02.02-17.29.23:891][  0]LogSlate: Took 0.001254 seconds to synchronously load lazily loaded font '../../../Engine/Content/Slate/Fonts/Roboto-Regular.ttf' (155K)
[2019.02.02-17.29.23:898][  0]LogSlate: Took 0.000358 seconds to synchronously load lazily loaded font '../../../Engine/Content/Slate/Fonts/Roboto-Bold.ttf' (160K)
[2019.02.02-17.29.23:903][  0]LogSlate: Took 0.000977 seconds to synchronously load lazily loaded font '../../../Engine/Content/Editor/Slate/Fonts/FontAwesome.ttf' (139K)
[2019.02.02-17.29.24:011][  0]LogRenderer: Reallocating scene render targets to support 1172x592 Format 9 NumSamples 1 (Frame:1).
[2019.02.02-17.29.24:090][  0]LogSlate: Took 0.000724 seconds to synchronously load lazily loaded font '../../../Engine/Content/Slate/Fonts/Roboto-Light.ttf' (167K)
[2019.02.02-17.29.24:260][  0]LogContentBrowser: Native class hierarchy updated for 'HierarchicalLODOutliner' in 0.0008 seconds. Added 0 classes and 0 folders.
[2019.02.02-17.29.24:260][  0]LogLoad: (Engine Initialization) Total time: 17.42 seconds
[2019.02.02-17.29.24:260][  0]LogLoad: (Engine Initialization) Total Blueprint compile time: 0.00 seconds
[2019.02.02-17.29.24:280][  0]LogWindowsTextInputMethodSystem: Display: IME system now deactivated.
[2019.02.02-17.29.24:331][  0]LogContentStreaming: Texture pool size now 800 MB
[2019.02.02-17.29.24:374][  1]LogAssetRegistry: Asset discovery search completed in 10.1208 seconds
[2019.02.02-17.29.24:376][  1]LogCollectionManager: Rebuilt the object cache for 0 collections in 0.000000 seconds (found 0 objects)
[2019.02.02-17.29.24:376][  1]LogCollectionManager: Fixed up redirectors for 0 collections in 0.000280 seconds (updated 0 objects)
[2019.02.02-17.29.27:670][190]LogSlate: FSceneViewport::OnFocusLost() reason 0
[2019.02.02-17.29.27:754][195]LogTemp: Repeating last play command: Selected Viewport
[2019.02.02-17.29.27:766][195]LogBlueprintUserMessages: Early PlayInEditor Detection: Level '/Game/Levels/PathSearch.PathSearch:PersistentLevel' has LevelScriptBlueprint '/Game/Levels/PathSearch.PathSearch:PersistentLevel.PathSearch' with GeneratedClass '/Game/Levels/PathSearch.PathSearch_C' with ClassGeneratedBy '/Game/Levels/PathSearch.PathSearch:PersistentLevel.PathSearch'
[2019.02.02-17.29.27:766][195]LogPlayLevel: PlayLevel: No blueprints needed recompiling
[2019.02.02-17.29.27:768][195]PIE: New page: PIE session: PathSearch (02/02/2019 05:29:27)
[2019.02.02-17.29.27:785][195]LogPlayLevel: Creating play world package: /Game/Levels/UEDPIE_0_PathSearch
[2019.02.02-17.29.27:792][195]LogPlayLevel: PIE: StaticDuplicateObject took: (0.005908s)
[2019.02.02-17.29.27:793][195]LogAIModule: Creating AISystem for world PathSearch
[2019.02.02-17.29.27:794][195]LogPlayLevel: PIE: World Init took: (0.001270s)
[2019.02.02-17.29.27:794][195]LogPlayLevel: PIE: Created PIE world by copying editor world from /Game/Levels/PathSearch.PathSearch to /Game/Levels/UEDPIE_0_PathSearch.PathSearch (0.008463s)
[2019.02.02-17.29.27:826][195]LogInit: XAudio2 using 'Altavoces (Sound Blaster Recon3Di)' : 2 channels at 48 kHz using 32 bits per sample (channel mask 0x3)
[2019.02.02-17.29.27:842][195]LogInit: FAudioDevice initialized.
[2019.02.02-17.29.27:895][195]LogLoad: Game class is 'BP_GameMode_C'
[2019.02.02-17.29.27:898][195]LogWorld: Bringing World /Game/Levels/UEDPIE_0_PathSearch.PathSearch up for play (max tick rate 60) at 2019.02.02-11.29.27
[2019.02.02-17.29.27:898][195]LogWorld: Bringing up level for play took: 0.000782
[2019.02.02-17.29.27:922][195]LogContentBrowser: Native class hierarchy updated for 'MovieSceneCapture' in 0.0007 seconds. Added 20 classes and 0 folders.
[2019.02.02-17.29.27:926][195]LogTemp: Warning: Prob: 4
[2019.02.02-17.29.27:927][195]LogTemp: Warning: Prob: 3
[2019.02.02-17.29.27:927][195]LogTemp: Warning: Prob: 9
[2019.02.02-17.29.27:928][195]LogTemp: Warning: Prob: 4
[2019.02.02-17.29.27:929][195]LogTemp: Warning: Prob: 1
[2019.02.02-17.29.27:929][195]LogTemp: Warning: Prob: 4
[2019.02.02-17.29.27:930][195]LogTemp: Warning: Prob: 10
[2019.02.02-17.29.27:931][195]LogTemp: Warning: Prob: 10
[2019.02.02-17.29.27:931][195]LogTemp: Warning: Prob: 10
[2019.02.02-17.29.27:932][195]LogTemp: Warning: Prob: 3
[2019.02.02-17.29.27:932][195]LogTemp: Warning: Prob: 9
[2019.02.02-17.29.27:933][195]LogTemp: Warning: Prob: 10
[2019.02.02-17.29.27:934][195]LogTemp: Warning: Prob: 5
[2019.02.02-17.29.27:934][195]LogTemp: Warning: Prob: 0
[2019.02.02-17.29.27:935][195]LogTemp: Warning: Prob: 4
[2019.02.02-17.29.27:935][195]LogTemp: Warning: Prob: 4
[2019.02.02-17.29.27:936][195]LogTemp: Warning: Prob: 7
[2019.02.02-17.29.27:936][195]LogTemp: Warning: Prob: 2
[2019.02.02-17.29.27:937][195]LogTemp: Warning: Prob: 3
[2019.02.02-17.29.27:938][195]LogTemp: Warning: Prob: 3
[2019.02.02-17.29.27:938][195]LogTemp: Warning: Prob: 4
[2019.02.02-17.29.27:939][195]LogTemp: Warning: Prob: 4
[2019.02.02-17.29.27:939][195]LogTemp: Warning: Prob: 3
[2019.02.02-17.29.27:940][195]LogTemp: Warning: Prob: 6
[2019.02.02-17.29.27:940][195]LogTemp: Warning: Prob: 10
[2019.02.02-17.29.27:941][195]LogTemp: Warning: Prob: 9
[2019.02.02-17.29.27:942][195]LogTemp: Warning: Prob: 6
[2019.02.02-17.29.27:942][195]LogTemp: Warning: Prob: 9
[2019.02.02-17.29.27:943][195]LogTemp: Warning: Prob: 1
[2019.02.02-17.29.27:943][195]LogTemp: Warning: Prob: 2
[2019.02.02-17.29.27:944][195]LogTemp: Warning: Prob: 2
[2019.02.02-17.29.27:944][195]LogTemp: Warning: Prob: 4
[2019.02.02-17.29.27:945][195]LogTemp: Warning: Prob: 6
[2019.02.02-17.29.27:946][195]LogTemp: Warning: Prob: 2
[2019.02.02-17.29.27:947][195]LogTemp: Warning: Prob: 3
[2019.02.02-17.29.27:947][195]LogTemp: Warning: Prob: 2
[2019.02.02-17.29.27:948][195]LogTemp: Warning: Prob: 9
[2019.02.02-17.29.27:949][195]LogTemp: Warning: Prob: 7
[2019.02.02-17.29.27:949][195]LogTemp: Warning: Prob: 3
[2019.02.02-17.29.27:950][195]LogTemp: Warning: Prob: 5
[2019.02.02-17.29.27:951][195]LogTemp: Warning: Prob: 2
[2019.02.02-17.29.27:951][195]LogTemp: Warning: Prob: 2
[2019.02.02-17.29.27:952][195]LogTemp: Warning: Prob: 7
[2019.02.02-17.29.27:952][195]LogTemp: Warning: Prob: 9
[2019.02.02-17.29.27:953][195]LogTemp: Warning: Prob: 0
[2019.02.02-17.29.27:954][195]LogTemp: Warning: Prob: 0
[2019.02.02-17.29.27:954][195]LogTemp: Warning: Prob: 1
[2019.02.02-17.29.27:955][195]LogTemp: Warning: Prob: 4
[2019.02.02-17.29.27:955][195]LogTemp: Warning: Prob: 3
[2019.02.02-17.29.27:956][195]LogTemp: Warning: Prob: 0
[2019.02.02-17.29.27:956][195]LogTemp: Warning: Prob: 10
[2019.02.02-17.29.27:957][195]LogTemp: Warning: Prob: 3
[2019.02.02-17.29.27:957][195]LogTemp: Warning: Prob: 10
[2019.02.02-17.29.27:958][195]LogTemp: Warning: Prob: 9
[2019.02.02-17.29.27:958][195]LogTemp: Warning: Prob: 1
[2019.02.02-17.29.27:959][195]LogTemp: Warning: Prob: 5
[2019.02.02-17.29.27:959][195]LogTemp: Warning: Prob: 0
[2019.02.02-17.29.27:960][195]LogTemp: Warning: Prob: 4
[2019.02.02-17.29.27:960][195]LogTemp: Warning: Prob: 9
[2019.02.02-17.29.27:960][195]LogTemp: Warning: Prob: 0
[2019.02.02-17.29.27:961][195]LogTemp: Warning: Prob: 4
[2019.02.02-17.29.27:961][195]LogTemp: Warning: Prob: 10
[2019.02.02-17.29.27:962][195]LogTemp: Warning: Prob: 4
[2019.02.02-17.29.27:962][195]LogTemp: Warning: Prob: 0
[2019.02.02-17.29.27:962][195]PIE: Play in editor start time for /Game/Levels/UEDPIE_0_PathSearch -0.59
[2019.02.02-17.29.27:963][195]LogBlueprintUserMessages: Late PlayInEditor Detection: Level '/Game/Levels/PathSearch.PathSearch:PersistentLevel' has LevelScriptBlueprint '/Game/Levels/PathSearch.PathSearch:PersistentLevel.PathSearch' with GeneratedClass '/Game/Levels/PathSearch.PathSearch_C' with ClassGeneratedBy '/Game/Levels/PathSearch.PathSearch:PersistentLevel.PathSearch'
[2019.02.02-17.29.56:925][924]LogBlueprintUserMessages: Early EndPlayMap Detection: Level '/Game/Levels/PathSearch.PathSearch:PersistentLevel' has LevelScriptBlueprint '/Game/Levels/PathSearch.PathSearch:PersistentLevel.PathSearch' with GeneratedClass '/Game/Levels/PathSearch.PathSearch_C' with ClassGeneratedBy '/Game/Levels/PathSearch.PathSearch:PersistentLevel.PathSearch'
[2019.02.02-17.29.56:925][924]LogSlate: Updating window title bar state: overlay mode, drag disabled, window buttons hidden, title bar hidden
[2019.02.02-17.29.56:970][924]LogPlayLevel: Display: Shutting down PIE online subsystems
[2019.02.02-17.29.56:971][924]LogBlueprintUserMessages: Late EndPlayMap Detection: Level '/Game/Levels/PathSearch.PathSearch:PersistentLevel' has LevelScriptBlueprint '/Game/Levels/PathSearch.PathSearch:PersistentLevel.PathSearch' with GeneratedClass '/Game/Levels/PathSearch.PathSearch_C' with ClassGeneratedBy '/Game/Levels/PathSearch.PathSearch:PersistentLevel.PathSearch'
[2019.02.02-17.29.57:002][924]LogSlate: Updating window title bar state: overlay mode, drag disabled, window buttons hidden, title bar hidden
[2019.02.02-17.29.57:037][926]LogPlayLevel: Display: Destroying online subsystem :Context_1
[2019.02.02-17.30.02:585][257]LogSlate: Took 0.000364 seconds to synchronously load lazily loaded font '../../../Engine/Content/Slate/Fonts/Roboto-Light.ttf' (167K)
[2019.02.02-17.30.02:597][257]LogAssetEditorManager: Opening Asset editor for MaterialInstanceConstant /Game/Materials/M_Goal.M_Goal
[2019.02.02-17.30.03:078][257]LogRenderer: Reallocating scene render targets to support 1172x924 Format 9 NumSamples 1 (Frame:1).
[2019.02.02-17.30.10:351][681]LogSlate: Window 'Color Picker' being destroyed
[2019.02.02-17.30.11:557][750]Cmd: OBJ SAVEPACKAGE PACKAGE="/Game/Materials/M_Goal" FILE="../../../../../../Users/Juan Pablo/Documents/Unreal Projects/AI/PathSearch/Content/Materials/M_Goal.uasset" SILENT=true
[2019.02.02-17.30.11:596][750]LogMaterial: Display: Missing cached shader map for material FDebugViewModeMaterialProxy M_Goal, compiling. 
[2019.02.02-17.30.12:101][750]LogShaderCompilers: Display: Shaders left to compile 1
[2019.02.02-17.30.12:103][750]TextureStreamingBuild: Display: Compiling optional shaders took 0.517 seconds.
[2019.02.02-17.30.12:150][750]LogSavePackage: Moving '../../../../../../Users/Juan Pablo/Documents/Unreal Projects/AI/PathSearch/Saved/M_Goal44E6A8514AA9FF69B8A9819E9A82EC28.tmp' to '../../../../../../Users/Juan Pablo/Documents/Unreal Projects/AI/PathSearch/Content/Materials/M_Goal.uasset'
[2019.02.02-17.30.13:474][827]LogTemp: Repeating last play command: Selected Viewport
[2019.02.02-17.30.13:489][827]LogBlueprintUserMessages: Early PlayInEditor Detection: Level '/Game/Levels/PathSearch.PathSearch:PersistentLevel' has LevelScriptBlueprint '/Game/Levels/PathSearch.PathSearch:PersistentLevel.PathSearch' with GeneratedClass '/Game/Levels/PathSearch.PathSearch_C' with ClassGeneratedBy '/Game/Levels/PathSearch.PathSearch:PersistentLevel.PathSearch'
[2019.02.02-17.30.13:489][827]LogPlayLevel: PlayLevel: No blueprints needed recompiling
[2019.02.02-17.30.13:489][827]PIE: New page: PIE session: PathSearch (02/02/2019 05:30:13)
[2019.02.02-17.30.13:490][827]LogPlayLevel: Creating play world package: /Game/Levels/UEDPIE_0_PathSearch
[2019.02.02-17.30.13:496][827]LogPlayLevel: PIE: StaticDuplicateObject took: (0.006144s)
[2019.02.02-17.30.13:497][827]LogAIModule: Creating AISystem for world PathSearch
[2019.02.02-17.30.13:498][827]LogPlayLevel: PIE: World Init took: (0.001272s)
[2019.02.02-17.30.13:498][827]LogPlayLevel: PIE: Created PIE world by copying editor world from /Game/Levels/PathSearch.PathSearch to /Game/Levels/UEDPIE_0_PathSearch.PathSearch (0.008301s)
[2019.02.02-17.30.13:530][827]LogInit: XAudio2 using 'Altavoces (Sound Blaster Recon3Di)' : 2 channels at 48 kHz using 32 bits per sample (channel mask 0x3)
[2019.02.02-17.30.13:545][827]LogInit: FAudioDevice initialized.
[2019.02.02-17.30.13:584][827]LogLoad: Game class is 'BP_GameMode_C'
[2019.02.02-17.30.13:585][827]LogWorld: Bringing World /Game/Levels/UEDPIE_0_PathSearch.PathSearch up for play (max tick rate 60) at 2019.02.02-11.30.13
[2019.02.02-17.30.13:586][827]LogWorld: Bringing up level for play took: 0.000792
[2019.02.02-17.30.13:603][827]LogTemp: Warning: Prob: 4
[2019.02.02-17.30.13:604][827]LogTemp: Warning: Prob: 4
[2019.02.02-17.30.13:604][827]LogTemp: Warning: Prob: 9
[2019.02.02-17.30.13:604][827]LogTemp: Warning: Prob: 1
[2019.02.02-17.30.13:605][827]LogTemp: Warning: Prob: 6
[2019.02.02-17.30.13:605][827]LogTemp: Warning: Prob: 8
[2019.02.02-17.30.13:605][827]LogTemp: Warning: Prob: 8
[2019.02.02-17.30.13:606][827]LogTemp: Warning: Prob: 1
[2019.02.02-17.30.13:606][827]LogTemp: Warning: Prob: 1
[2019.02.02-17.30.13:606][827]LogTemp: Warning: Prob: 5
[2019.02.02-17.30.13:607][827]LogTemp: Warning: Prob: 1
[2019.02.02-17.30.13:607][827]LogTemp: Warning: Prob: 1
[2019.02.02-17.30.13:608][827]LogTemp: Warning: Prob: 3
[2019.02.02-17.30.13:608][827]LogTemp: Warning: Prob: 10
[2019.02.02-17.30.13:608][827]LogTemp: Warning: Prob: 4
[2019.02.02-17.30.13:608][827]LogTemp: Warning: Prob: 4
[2019.02.02-17.30.13:608][827]LogTemp: Warning: Prob: 9
[2019.02.02-17.30.13:609][827]LogTemp: Warning: Prob: 7
[2019.02.02-17.30.13:609][827]LogTemp: Warning: Prob: 6
[2019.02.02-17.30.13:609][827]LogTemp: Warning: Prob: 6
[2019.02.02-17.30.13:610][827]LogTemp: Warning: Prob: 0
[2019.02.02-17.30.13:610][827]LogTemp: Warning: Prob: 8
[2019.02.02-17.30.13:611][827]LogTemp: Warning: Prob: 1
[2019.02.02-17.30.13:611][827]LogTemp: Warning: Prob: 9
[2019.02.02-17.30.13:612][827]LogTemp: Warning: Prob: 7
[2019.02.02-17.30.13:612][827]LogTemp: Warning: Prob: 0
[2019.02.02-17.30.13:613][827]LogTemp: Warning: Prob: 1
[2019.02.02-17.30.13:613][827]LogTemp: Warning: Prob: 4
[2019.02.02-17.30.13:614][827]LogTemp: Warning: Prob: 10
[2019.02.02-17.30.13:614][827]LogTemp: Warning: Prob: 8
[2019.02.02-17.30.13:615][827]LogTemp: Warning: Prob: 1
[2019.02.02-17.30.13:615][827]LogTemp: Warning: Prob: 4
[2019.02.02-17.30.13:616][827]LogTemp: Warning: Prob: 5
[2019.02.02-17.30.13:616][827]LogTemp: Warning: Prob: 6
[2019.02.02-17.30.13:617][827]LogTemp: Warning: Prob: 4
[2019.02.02-17.30.13:617][827]LogTemp: Warning: Prob: 10
[2019.02.02-17.30.13:618][827]LogTemp: Warning: Prob: 5
[2019.02.02-17.30.13:618][827]LogTemp: Warning: Prob: 1
[2019.02.02-17.30.13:619][827]LogTemp: Warning: Prob: 3
[2019.02.02-17.30.13:619][827]LogTemp: Warning: Prob: 6
[2019.02.02-17.30.13:620][827]LogTemp: Warning: Prob: 8
[2019.02.02-17.30.13:620][827]LogTemp: Warning: Prob: 4
[2019.02.02-17.30.13:621][827]LogTemp: Warning: Prob: 6
[2019.02.02-17.30.13:621][827]LogTemp: Warning: Prob: 9
[2019.02.02-17.30.13:622][827]LogTemp: Warning: Prob: 8
[2019.02.02-17.30.13:622][827]LogTemp: Warning: Prob: 9
[2019.02.02-17.30.13:623][827]LogTemp: Warning: Prob: 3
[2019.02.02-17.30.13:623][827]LogTemp: Warning: Prob: 7
[2019.02.02-17.30.13:624][827]LogTemp: Warning: Prob: 0
[2019.02.02-17.30.13:625][827]LogTemp: Warning: Prob: 0
[2019.02.02-17.30.13:625][827]LogTemp: Warning: Prob: 8
[2019.02.02-17.30.13:626][827]LogTemp: Warning: Prob: 1
[2019.02.02-17.30.13:626][827]LogTemp: Warning: Prob: 1
[2019.02.02-17.30.13:627][827]LogTemp: Warning: Prob: 3
[2019.02.02-17.30.13:627][827]LogTemp: Warning: Prob: 7
[2019.02.02-17.30.13:628][827]LogTemp: Warning: Prob: 0
[2019.02.02-17.30.13:628][827]LogTemp: Warning: Prob: 10
[2019.02.02-17.30.13:629][827]LogTemp: Warning: Prob: 10
[2019.02.02-17.30.13:629][827]LogTemp: Warning: Prob: 5
[2019.02.02-17.30.13:630][827]LogTemp: Warning: Prob: 10
[2019.02.02-17.30.13:630][827]LogTemp: Warning: Prob: 7
[2019.02.02-17.30.13:631][827]LogTemp: Warning: Prob: 10
[2019.02.02-17.30.13:631][827]LogTemp: Warning: Prob: 8
[2019.02.02-17.30.13:631][827]LogTemp: Warning: Prob: 10
[2019.02.02-17.30.13:632][827]PIE: Play in editor start time for /Game/Levels/UEDPIE_0_PathSearch 1.081
[2019.02.02-17.30.13:632][827]LogBlueprintUserMessages: Late PlayInEditor Detection: Level '/Game/Levels/PathSearch.PathSearch:PersistentLevel' has LevelScriptBlueprint '/Game/Levels/PathSearch.PathSearch:PersistentLevel.PathSearch' with GeneratedClass '/Game/Levels/PathSearch.PathSearch_C' with ClassGeneratedBy '/Game/Levels/PathSearch.PathSearch:PersistentLevel.PathSearch'
[2019.02.02-17.30.27:484][652]LogBlueprintUserMessages: Early EndPlayMap Detection: Level '/Game/Levels/PathSearch.PathSearch:PersistentLevel' has LevelScriptBlueprint '/Game/Levels/PathSearch.PathSearch:PersistentLevel.PathSearch' with GeneratedClass '/Game/Levels/PathSearch.PathSearch_C' with ClassGeneratedBy '/Game/Levels/PathSearch.PathSearch:PersistentLevel.PathSearch'
[2019.02.02-17.30.27:485][652]LogSlate: Updating window title bar state: overlay mode, drag disabled, window buttons hidden, title bar hidden
[2019.02.02-17.30.27:535][652]LogPlayLevel: Display: Shutting down PIE online subsystems
[2019.02.02-17.30.27:535][652]LogBlueprintUserMessages: Late EndPlayMap Detection: Level '/Game/Levels/PathSearch.PathSearch:PersistentLevel' has LevelScriptBlueprint '/Game/Levels/PathSearch.PathSearch:PersistentLevel.PathSearch' with GeneratedClass '/Game/Levels/PathSearch.PathSearch_C' with ClassGeneratedBy '/Game/Levels/PathSearch.PathSearch:PersistentLevel.PathSearch'
[2019.02.02-17.30.27:569][652]LogSlate: Updating window title bar state: overlay mode, drag disabled, window buttons hidden, title bar hidden
[2019.02.02-17.30.27:587][653]LogPlayLevel: Display: Destroying online subsystem :Context_4
[2019.02.02-17.30.28:078][682]LogTemp: Repeating last play command: Selected Viewport
[2019.02.02-17.30.28:089][682]LogBlueprintUserMessages: Early PlayInEditor Detection: Level '/Game/Levels/PathSearch.PathSearch:PersistentLevel' has LevelScriptBlueprint '/Game/Levels/PathSearch.PathSearch:PersistentLevel.PathSearch' with GeneratedClass '/Game/Levels/PathSearch.PathSearch_C' with ClassGeneratedBy '/Game/Levels/PathSearch.PathSearch:PersistentLevel.PathSearch'
[2019.02.02-17.30.28:089][682]LogPlayLevel: PlayLevel: No blueprints needed recompiling
[2019.02.02-17.30.28:090][682]PIE: New page: PIE session: PathSearch (02/02/2019 05:30:28)
[2019.02.02-17.30.28:090][682]LogPlayLevel: Creating play world package: /Game/Levels/UEDPIE_0_PathSearch
[2019.02.02-17.30.28:096][682]LogPlayLevel: PIE: StaticDuplicateObject took: (0.006033s)
[2019.02.02-17.30.28:097][682]LogAIModule: Creating AISystem for world PathSearch
[2019.02.02-17.30.28:098][682]LogPlayLevel: PIE: World Init took: (0.001001s)
[2019.02.02-17.30.28:098][682]LogPlayLevel: PIE: Created PIE world by copying editor world from /Game/Levels/PathSearch.PathSearch to /Game/Levels/UEDPIE_0_PathSearch.PathSearch (0.007808s)
[2019.02.02-17.30.28:129][682]LogInit: XAudio2 using 'Altavoces (Sound Blaster Recon3Di)' : 2 channels at 48 kHz using 32 bits per sample (channel mask 0x3)
[2019.02.02-17.30.28:147][682]LogInit: FAudioDevice initialized.
[2019.02.02-17.30.28:189][682]LogLoad: Game class is 'BP_GameMode_C'
[2019.02.02-17.30.28:191][682]LogWorld: Bringing World /Game/Levels/UEDPIE_0_PathSearch.PathSearch up for play (max tick rate 60) at 2019.02.02-11.30.28
[2019.02.02-17.30.28:192][682]LogWorld: Bringing up level for play took: 0.000967
[2019.02.02-17.30.28:209][682]LogTemp: Warning: Prob: 2
[2019.02.02-17.30.28:209][682]LogTemp: Warning: Prob: 6
[2019.02.02-17.30.28:210][682]LogTemp: Warning: Prob: 6
[2019.02.02-17.30.28:210][682]LogTemp: Warning: Prob: 8
[2019.02.02-17.30.28:211][682]LogTemp: Warning: Prob: 5
[2019.02.02-17.30.28:211][682]LogTemp: Warning: Prob: 4
[2019.02.02-17.30.28:211][682]LogTemp: Warning: Prob: 9
[2019.02.02-17.30.28:212][682]LogTemp: Warning: Prob: 3
[2019.02.02-17.30.28:212][682]LogTemp: Warning: Prob: 3
[2019.02.02-17.30.28:213][682]LogTemp: Warning: Prob: 10
[2019.02.02-17.30.28:213][682]LogTemp: Warning: Prob: 3
[2019.02.02-17.30.28:214][682]LogTemp: Warning: Prob: 0
[2019.02.02-17.30.28:214][682]LogTemp: Warning: Prob: 0
[2019.02.02-17.30.28:215][682]LogTemp: Warning: Prob: 0
[2019.02.02-17.30.28:215][682]LogTemp: Warning: Prob: 3
[2019.02.02-17.30.28:216][682]LogTemp: Warning: Prob: 1
[2019.02.02-17.30.28:216][682]LogTemp: Warning: Prob: 7
[2019.02.02-17.30.28:217][682]LogTemp: Warning: Prob: 3
[2019.02.02-17.30.28:218][682]LogTemp: Warning: Prob: 4
[2019.02.02-17.30.28:218][682]LogTemp: Warning: Prob: 5
[2019.02.02-17.30.28:219][682]LogTemp: Warning: Prob: 9
[2019.02.02-17.30.28:219][682]LogTemp: Warning: Prob: 4
[2019.02.02-17.30.28:220][682]LogTemp: Warning: Prob: 1
[2019.02.02-17.30.28:220][682]LogTemp: Warning: Prob: 7
[2019.02.02-17.30.28:221][682]LogTemp: Warning: Prob: 1
[2019.02.02-17.30.28:221][682]LogTemp: Warning: Prob: 8
[2019.02.02-17.30.28:222][682]LogTemp: Warning: Prob: 0
[2019.02.02-17.30.28:222][682]LogTemp: Warning: Prob: 3
[2019.02.02-17.30.28:222][682]LogTemp: Warning: Prob: 7
[2019.02.02-17.30.28:223][682]LogTemp: Warning: Prob: 5
[2019.02.02-17.30.28:223][682]LogTemp: Warning: Prob: 0
[2019.02.02-17.30.28:224][682]LogTemp: Warning: Prob: 5
[2019.02.02-17.30.28:225][682]LogTemp: Warning: Prob: 2
[2019.02.02-17.30.28:225][682]LogTemp: Warning: Prob: 3
[2019.02.02-17.30.28:226][682]LogTemp: Warning: Prob: 2
[2019.02.02-17.30.28:227][682]LogTemp: Warning: Prob: 7
[2019.02.02-17.30.28:227][682]LogTemp: Warning: Prob: 4
[2019.02.02-17.30.28:228][682]LogTemp: Warning: Prob: 0
[2019.02.02-17.30.28:228][682]LogTemp: Warning: Prob: 7
[2019.02.02-17.30.28:229][682]LogTemp: Warning: Prob: 9
[2019.02.02-17.30.28:229][682]LogTemp: Warning: Prob: 8
[2019.02.02-17.30.28:230][682]LogTemp: Warning: Prob: 2
[2019.02.02-17.30.28:231][682]LogTemp: Warning: Prob: 0
[2019.02.02-17.30.28:231][682]LogTemp: Warning: Prob: 5
[2019.02.02-17.30.28:232][682]LogTemp: Warning: Prob: 0
[2019.02.02-17.30.28:232][682]LogTemp: Warning: Prob: 10
[2019.02.02-17.30.28:233][682]LogTemp: Warning: Prob: 2
[2019.02.02-17.30.28:233][682]LogTemp: Warning: Prob: 9
[2019.02.02-17.30.28:234][682]LogTemp: Warning: Prob: 8
[2019.02.02-17.30.28:234][682]LogTemp: Warning: Prob: 9
[2019.02.02-17.30.28:235][682]LogTemp: Warning: Prob: 0
[2019.02.02-17.30.28:236][682]LogTemp: Warning: Prob: 2
[2019.02.02-17.30.28:236][682]LogTemp: Warning: Prob: 9
[2019.02.02-17.30.28:237][682]LogTemp: Warning: Prob: 7
[2019.02.02-17.30.28:238][682]LogTemp: Warning: Prob: 7
[2019.02.02-17.30.28:238][682]LogTemp: Warning: Prob: 3
[2019.02.02-17.30.28:239][682]LogTemp: Warning: Prob: 1
[2019.02.02-17.30.28:239][682]LogTemp: Warning: Prob: 8
[2019.02.02-17.30.28:240][682]LogTemp: Warning: Prob: 4
[2019.02.02-17.30.28:240][682]LogTemp: Warning: Prob: 8
[2019.02.02-17.30.28:241][682]LogTemp: Warning: Prob: 8
[2019.02.02-17.30.28:242][682]LogTemp: Warning: Prob: 3
[2019.02.02-17.30.28:242][682]LogTemp: Warning: Prob: 7
[2019.02.02-17.30.28:243][682]LogTemp: Warning: Prob: 10
[2019.02.02-17.30.28:243][682]PIE: Play in editor start time for /Game/Levels/UEDPIE_0_PathSearch -0.308
[2019.02.02-17.30.28:244][682]LogBlueprintUserMessages: Late PlayInEditor Detection: Level '/Game/Levels/PathSearch.PathSearch:PersistentLevel' has LevelScriptBlueprint '/Game/Levels/PathSearch.PathSearch:PersistentLevel.PathSearch' with GeneratedClass '/Game/Levels/PathSearch.PathSearch_C' with ClassGeneratedBy '/Game/Levels/PathSearch.PathSearch:PersistentLevel.PathSearch'
[2019.02.02-17.31.10:225][190]LogBlueprintUserMessages: Early EndPlayMap Detection: Level '/Game/Levels/PathSearch.PathSearch:PersistentLevel' has LevelScriptBlueprint '/Game/Levels/PathSearch.PathSearch:PersistentLevel.PathSearch' with GeneratedClass '/Game/Levels/PathSearch.PathSearch_C' with ClassGeneratedBy '/Game/Levels/PathSearch.PathSearch:PersistentLevel.PathSearch'
[2019.02.02-17.31.10:226][190]LogSlate: Updating window title bar state: overlay mode, drag disabled, window buttons hidden, title bar hidden
[2019.02.02-17.31.10:272][190]LogPlayLevel: Display: Shutting down PIE online subsystems
[2019.02.02-17.31.10:272][190]LogBlueprintUserMessages: Late EndPlayMap Detection: Level '/Game/Levels/PathSearch.PathSearch:PersistentLevel' has LevelScriptBlueprint '/Game/Levels/PathSearch.PathSearch:PersistentLevel.PathSearch' with GeneratedClass '/Game/Levels/PathSearch.PathSearch_C' with ClassGeneratedBy '/Game/Levels/PathSearch.PathSearch:PersistentLevel.PathSearch'
[2019.02.02-17.31.10:302][190]LogSlate: Updating window title bar state: overlay mode, drag disabled, window buttons hidden, title bar hidden
[2019.02.02-17.31.10:324][191]LogPlayLevel: Display: Destroying online subsystem :Context_5
